ERROR - 2022-08-13 07:51:20 --> Cannot add or update a child row: a foreign key constraint fails (`trp`.`bilty`, CONSTRAINT `bilty_ibfk_2` FOREIGN KEY (`consignee`) REFERENCES `consignee` (`nee_id`))
CRITICAL - 2022-08-13 07:51:20 --> Cannot add or update a child row: a foreign key constraint fails (`trp`.`bilty`, CONSTRAINT `bilty_ibfk_2` FOREIGN KEY (`consignee`) REFERENCES `consignee` (`nee_id`))
#0 C:\xampp\htdocs\trp\system\Database\MySQLi\Connection.php(292): mysqli->query('INSERT INTO `bi...', 0)
#1 C:\xampp\htdocs\trp\system\Database\BaseConnection.php(670): CodeIgniter\Database\MySQLi\Connection->execute('INSERT INTO `bi...')
#2 C:\xampp\htdocs\trp\system\Database\BaseConnection.php(598): CodeIgniter\Database\BaseConnection->simpleQuery('INSERT INTO `bi...')
#3 C:\xampp\htdocs\trp\system\Database\BaseBuilder.php(1771): CodeIgniter\Database\BaseConnection->query('INSERT INTO `bi...', Array, false)
#4 C:\xampp\htdocs\trp\app\Models\dashboardmodel.php(123): CodeIgniter\Database\BaseBuilder->insert(Array)
#5 C:\xampp\htdocs\trp\app\Controllers\trpadmin\trpadmin.php(358): App\Models\dashboardmodel->addBilty(Array)
#6 C:\xampp\htdocs\trp\system\CodeIgniter.php(825): App\Controllers\trpadmin\trpadmin->addBilty()
#7 C:\xampp\htdocs\trp\system\CodeIgniter.php(412): CodeIgniter\CodeIgniter->runController(Object(App\Controllers\trpadmin\trpadmin))
#8 C:\xampp\htdocs\trp\system\CodeIgniter.php(320): CodeIgniter\CodeIgniter->handleRequest(NULL, Object(Config\Cache), false)
#9 C:\xampp\htdocs\trp\public\index.php(37): CodeIgniter\CodeIgniter->run()
#10 {main}
ERROR - 2022-08-13 07:54:27 --> Cannot add or update a child row: a foreign key constraint fails (`trp`.`biltydetails`, CONSTRAINT `biltydetails_ibfk_1` FOREIGN KEY (`bilty_id`) REFERENCES `bilty` (`id`))
CRITICAL - 2022-08-13 07:54:27 --> Cannot add or update a child row: a foreign key constraint fails (`trp`.`biltydetails`, CONSTRAINT `biltydetails_ibfk_1` FOREIGN KEY (`bilty_id`) REFERENCES `bilty` (`id`))
#0 C:\xampp\htdocs\trp\system\Database\MySQLi\Connection.php(292): mysqli->query('INSERT INTO `bi...', 0)
#1 C:\xampp\htdocs\trp\system\Database\BaseConnection.php(670): CodeIgniter\Database\MySQLi\Connection->execute('INSERT INTO `bi...')
#2 C:\xampp\htdocs\trp\system\Database\BaseConnection.php(598): CodeIgniter\Database\BaseConnection->simpleQuery('INSERT INTO `bi...')
#3 C:\xampp\htdocs\trp\system\Database\BaseBuilder.php(1771): CodeIgniter\Database\BaseConnection->query('INSERT INTO `bi...', Array, false)
#4 C:\xampp\htdocs\trp\app\Models\dashboardmodel.php(135): CodeIgniter\Database\BaseBuilder->insert(Array)
#5 C:\xampp\htdocs\trp\app\Controllers\trpadmin\trpadmin.php(376): App\Models\dashboardmodel->addBiltyDetails(Array)
#6 C:\xampp\htdocs\trp\system\CodeIgniter.php(825): App\Controllers\trpadmin\trpadmin->addBilty()
#7 C:\xampp\htdocs\trp\system\CodeIgniter.php(412): CodeIgniter\CodeIgniter->runController(Object(App\Controllers\trpadmin\trpadmin))
#8 C:\xampp\htdocs\trp\system\CodeIgniter.php(320): CodeIgniter\CodeIgniter->handleRequest(NULL, Object(Config\Cache), false)
#9 C:\xampp\htdocs\trp\public\index.php(37): CodeIgniter\CodeIgniter->run()
#10 {main}
ERROR - 2022-08-13 08:02:41 --> Cannot add or update a child row: a foreign key constraint fails (`trp`.`bilty`, CONSTRAINT `bilty_ibfk_2` FOREIGN KEY (`consignee`) REFERENCES `consignee` (`nee_id`))
CRITICAL - 2022-08-13 08:02:41 --> Cannot add or update a child row: a foreign key constraint fails (`trp`.`bilty`, CONSTRAINT `bilty_ibfk_2` FOREIGN KEY (`consignee`) REFERENCES `consignee` (`nee_id`))
#0 C:\xampp\htdocs\trp\system\Database\MySQLi\Connection.php(292): mysqli->query('INSERT INTO `bi...', 0)
#1 C:\xampp\htdocs\trp\system\Database\BaseConnection.php(670): CodeIgniter\Database\MySQLi\Connection->execute('INSERT INTO `bi...')
#2 C:\xampp\htdocs\trp\system\Database\BaseConnection.php(598): CodeIgniter\Database\BaseConnection->simpleQuery('INSERT INTO `bi...')
#3 C:\xampp\htdocs\trp\system\Database\BaseBuilder.php(1771): CodeIgniter\Database\BaseConnection->query('INSERT INTO `bi...', Array, false)
#4 C:\xampp\htdocs\trp\app\Models\dashboardmodel.php(123): CodeIgniter\Database\BaseBuilder->insert(Array)
#5 C:\xampp\htdocs\trp\app\Controllers\trpadmin\trpadmin.php(358): App\Models\dashboardmodel->addBilty(Array)
#6 C:\xampp\htdocs\trp\system\CodeIgniter.php(825): App\Controllers\trpadmin\trpadmin->addBilty()
#7 C:\xampp\htdocs\trp\system\CodeIgniter.php(412): CodeIgniter\CodeIgniter->runController(Object(App\Controllers\trpadmin\trpadmin))
#8 C:\xampp\htdocs\trp\system\CodeIgniter.php(320): CodeIgniter\CodeIgniter->handleRequest(NULL, Object(Config\Cache), false)
#9 C:\xampp\htdocs\trp\public\index.php(37): CodeIgniter\CodeIgniter->run()
#10 {main}
CRITICAL - 2022-08-13 08:07:36 --> Trying to access array offset on value of type null
#0 C:\xampp\htdocs\trp\app\Controllers\trpadmin\trpadmin.php(369): CodeIgniter\Debug\Exceptions->errorHandler(2, 'Trying to acces...', 'C:\\xampp\\htdocs...', 369)
#1 C:\xampp\htdocs\trp\system\CodeIgniter.php(825): App\Controllers\trpadmin\trpadmin->addBilty()
#2 C:\xampp\htdocs\trp\system\CodeIgniter.php(412): CodeIgniter\CodeIgniter->runController(Object(App\Controllers\trpadmin\trpadmin))
#3 C:\xampp\htdocs\trp\system\CodeIgniter.php(320): CodeIgniter\CodeIgniter->handleRequest(NULL, Object(Config\Cache), false)
#4 C:\xampp\htdocs\trp\public\index.php(37): CodeIgniter\CodeIgniter->run()
#5 {main}
ERROR - 2022-08-13 08:08:42 --> Cannot add or update a child row: a foreign key constraint fails (`trp`.`biltydetails`, CONSTRAINT `biltydetails_ibfk_1` FOREIGN KEY (`bilty_id`) REFERENCES `bilty` (`id`))
CRITICAL - 2022-08-13 08:08:42 --> Cannot add or update a child row: a foreign key constraint fails (`trp`.`biltydetails`, CONSTRAINT `biltydetails_ibfk_1` FOREIGN KEY (`bilty_id`) REFERENCES `bilty` (`id`))
#0 C:\xampp\htdocs\trp\system\Database\MySQLi\Connection.php(292): mysqli->query('INSERT INTO `bi...', 0)
#1 C:\xampp\htdocs\trp\system\Database\BaseConnection.php(670): CodeIgniter\Database\MySQLi\Connection->execute('INSERT INTO `bi...')
#2 C:\xampp\htdocs\trp\system\Database\BaseConnection.php(598): CodeIgniter\Database\BaseConnection->simpleQuery('INSERT INTO `bi...')
#3 C:\xampp\htdocs\trp\system\Database\BaseBuilder.php(1771): CodeIgniter\Database\BaseConnection->query('INSERT INTO `bi...', Array, false)
#4 C:\xampp\htdocs\trp\app\Models\dashboardmodel.php(135): CodeIgniter\Database\BaseBuilder->insert(Array)
#5 C:\xampp\htdocs\trp\app\Controllers\trpadmin\trpadmin.php(376): App\Models\dashboardmodel->addBiltyDetails(Array)
#6 C:\xampp\htdocs\trp\system\CodeIgniter.php(825): App\Controllers\trpadmin\trpadmin->addBilty()
#7 C:\xampp\htdocs\trp\system\CodeIgniter.php(412): CodeIgniter\CodeIgniter->runController(Object(App\Controllers\trpadmin\trpadmin))
#8 C:\xampp\htdocs\trp\system\CodeIgniter.php(320): CodeIgniter\CodeIgniter->handleRequest(NULL, Object(Config\Cache), false)
#9 C:\xampp\htdocs\trp\public\index.php(37): CodeIgniter\CodeIgniter->run()
#10 {main}
CRITICAL - 2022-08-13 08:18:50 --> count(): Argument #1 ($value) must be of type Countable|array, null given
#0 C:\xampp\htdocs\trp\app\Controllers\trpadmin\trpadmin.php(364): count(NULL)
#1 C:\xampp\htdocs\trp\system\CodeIgniter.php(825): App\Controllers\trpadmin\trpadmin->addBilty()
#2 C:\xampp\htdocs\trp\system\CodeIgniter.php(412): CodeIgniter\CodeIgniter->runController(Object(App\Controllers\trpadmin\trpadmin))
#3 C:\xampp\htdocs\trp\system\CodeIgniter.php(320): CodeIgniter\CodeIgniter->handleRequest(NULL, Object(Config\Cache), false)
#4 C:\xampp\htdocs\trp\public\index.php(37): CodeIgniter\CodeIgniter->run()
#5 {main}
CRITICAL - 2022-08-13 08:22:59 --> count(): Argument #1 ($value) must be of type Countable|array, null given
#0 C:\xampp\htdocs\trp\app\Controllers\trpadmin\trpadmin.php(364): count(NULL)
#1 C:\xampp\htdocs\trp\system\CodeIgniter.php(825): App\Controllers\trpadmin\trpadmin->addBilty()
#2 C:\xampp\htdocs\trp\system\CodeIgniter.php(412): CodeIgniter\CodeIgniter->runController(Object(App\Controllers\trpadmin\trpadmin))
#3 C:\xampp\htdocs\trp\system\CodeIgniter.php(320): CodeIgniter\CodeIgniter->handleRequest(NULL, Object(Config\Cache), false)
#4 C:\xampp\htdocs\trp\public\index.php(37): CodeIgniter\CodeIgniter->run()
#5 {main}
CRITICAL - 2022-08-13 08:26:39 --> count(): Argument #1 ($value) must be of type Countable|array, null given
#0 C:\xampp\htdocs\trp\app\Controllers\trpadmin\trpadmin.php(364): count(NULL)
#1 C:\xampp\htdocs\trp\system\CodeIgniter.php(825): App\Controllers\trpadmin\trpadmin->addBilty()
#2 C:\xampp\htdocs\trp\system\CodeIgniter.php(412): CodeIgniter\CodeIgniter->runController(Object(App\Controllers\trpadmin\trpadmin))
#3 C:\xampp\htdocs\trp\system\CodeIgniter.php(320): CodeIgniter\CodeIgniter->handleRequest(NULL, Object(Config\Cache), false)
#4 C:\xampp\htdocs\trp\public\index.php(37): CodeIgniter\CodeIgniter->run()
#5 {main}
CRITICAL - 2022-08-13 08:28:31 --> count(): Argument #1 ($value) must be of type Countable|array, null given
#0 C:\xampp\htdocs\trp\app\Controllers\trpadmin\trpadmin.php(364): count(NULL)
#1 C:\xampp\htdocs\trp\system\CodeIgniter.php(825): App\Controllers\trpadmin\trpadmin->addBilty()
#2 C:\xampp\htdocs\trp\system\CodeIgniter.php(412): CodeIgniter\CodeIgniter->runController(Object(App\Controllers\trpadmin\trpadmin))
#3 C:\xampp\htdocs\trp\system\CodeIgniter.php(320): CodeIgniter\CodeIgniter->handleRequest(NULL, Object(Config\Cache), false)
#4 C:\xampp\htdocs\trp\public\index.php(37): CodeIgniter\CodeIgniter->run()
#5 {main}
ERROR - 2022-08-13 08:30:29 --> Cannot add or update a child row: a foreign key constraint fails (`trp`.`bilty`, CONSTRAINT `bilty_ibfk_2` FOREIGN KEY (`consignee`) REFERENCES `consignee` (`nee_id`))
CRITICAL - 2022-08-13 08:30:29 --> Cannot add or update a child row: a foreign key constraint fails (`trp`.`bilty`, CONSTRAINT `bilty_ibfk_2` FOREIGN KEY (`consignee`) REFERENCES `consignee` (`nee_id`))
#0 C:\xampp\htdocs\trp\system\Database\MySQLi\Connection.php(292): mysqli->query('INSERT INTO `bi...', 0)
#1 C:\xampp\htdocs\trp\system\Database\BaseConnection.php(670): CodeIgniter\Database\MySQLi\Connection->execute('INSERT INTO `bi...')
#2 C:\xampp\htdocs\trp\system\Database\BaseConnection.php(598): CodeIgniter\Database\BaseConnection->simpleQuery('INSERT INTO `bi...')
#3 C:\xampp\htdocs\trp\system\Database\BaseBuilder.php(1771): CodeIgniter\Database\BaseConnection->query('INSERT INTO `bi...', Array, false)
#4 C:\xampp\htdocs\trp\app\Models\dashboardmodel.php(123): CodeIgniter\Database\BaseBuilder->insert(Array)
#5 C:\xampp\htdocs\trp\app\Controllers\trpadmin\trpadmin.php(358): App\Models\dashboardmodel->addBilty(Array)
#6 C:\xampp\htdocs\trp\system\CodeIgniter.php(825): App\Controllers\trpadmin\trpadmin->addBilty()
#7 C:\xampp\htdocs\trp\system\CodeIgniter.php(412): CodeIgniter\CodeIgniter->runController(Object(App\Controllers\trpadmin\trpadmin))
#8 C:\xampp\htdocs\trp\system\CodeIgniter.php(320): CodeIgniter\CodeIgniter->handleRequest(NULL, Object(Config\Cache), false)
#9 C:\xampp\htdocs\trp\public\index.php(37): CodeIgniter\CodeIgniter->run()
#10 {main}
CRITICAL - 2022-08-13 08:31:54 --> count(): Argument #1 ($value) must be of type Countable|array, null given
#0 C:\xampp\htdocs\trp\app\Controllers\trpadmin\trpadmin.php(364): count(NULL)
#1 C:\xampp\htdocs\trp\system\CodeIgniter.php(825): App\Controllers\trpadmin\trpadmin->addBilty()
#2 C:\xampp\htdocs\trp\system\CodeIgniter.php(412): CodeIgniter\CodeIgniter->runController(Object(App\Controllers\trpadmin\trpadmin))
#3 C:\xampp\htdocs\trp\system\CodeIgniter.php(320): CodeIgniter\CodeIgniter->handleRequest(NULL, Object(Config\Cache), false)
#4 C:\xampp\htdocs\trp\public\index.php(37): CodeIgniter\CodeIgniter->run()
#5 {main}
CRITICAL - 2022-08-13 08:33:41 --> count(): Argument #1 ($value) must be of type Countable|array, null given
#0 C:\xampp\htdocs\trp\app\Controllers\trpadmin\trpadmin.php(364): count(NULL)
#1 C:\xampp\htdocs\trp\system\CodeIgniter.php(825): App\Controllers\trpadmin\trpadmin->addBilty()
#2 C:\xampp\htdocs\trp\system\CodeIgniter.php(412): CodeIgniter\CodeIgniter->runController(Object(App\Controllers\trpadmin\trpadmin))
#3 C:\xampp\htdocs\trp\system\CodeIgniter.php(320): CodeIgniter\CodeIgniter->handleRequest(NULL, Object(Config\Cache), false)
#4 C:\xampp\htdocs\trp\public\index.php(37): CodeIgniter\CodeIgniter->run()
#5 {main}
CRITICAL - 2022-08-13 08:34:29 --> Undefined variable $i
#0 C:\xampp\htdocs\trp\app\Controllers\trpadmin\trpadmin.php(370): CodeIgniter\Debug\Exceptions->errorHandler(2, 'Undefined varia...', 'C:\\xampp\\htdocs...', 370)
#1 C:\xampp\htdocs\trp\system\CodeIgniter.php(825): App\Controllers\trpadmin\trpadmin->addBilty()
#2 C:\xampp\htdocs\trp\system\CodeIgniter.php(412): CodeIgniter\CodeIgniter->runController(Object(App\Controllers\trpadmin\trpadmin))
#3 C:\xampp\htdocs\trp\system\CodeIgniter.php(320): CodeIgniter\CodeIgniter->handleRequest(NULL, Object(Config\Cache), false)
#4 C:\xampp\htdocs\trp\public\index.php(37): CodeIgniter\CodeIgniter->run()
#5 {main}
CRITICAL - 2022-08-13 08:34:57 --> Undefined variable $myTableRows
#0 C:\xampp\htdocs\trp\app\Controllers\trpadmin\trpadmin.php(366): CodeIgniter\Debug\Exceptions->errorHandler(2, 'Undefined varia...', 'C:\\xampp\\htdocs...', 366)
#1 C:\xampp\htdocs\trp\system\CodeIgniter.php(825): App\Controllers\trpadmin\trpadmin->addBilty()
#2 C:\xampp\htdocs\trp\system\CodeIgniter.php(412): CodeIgniter\CodeIgniter->runController(Object(App\Controllers\trpadmin\trpadmin))
#3 C:\xampp\htdocs\trp\system\CodeIgniter.php(320): CodeIgniter\CodeIgniter->handleRequest(NULL, Object(Config\Cache), false)
#4 C:\xampp\htdocs\trp\public\index.php(37): CodeIgniter\CodeIgniter->run()
#5 {main}
CRITICAL - 2022-08-13 08:35:17 --> Trying to access array offset on value of type null
#0 C:\xampp\htdocs\trp\app\Controllers\trpadmin\trpadmin.php(370): CodeIgniter\Debug\Exceptions->errorHandler(2, 'Trying to acces...', 'C:\\xampp\\htdocs...', 370)
#1 C:\xampp\htdocs\trp\system\CodeIgniter.php(825): App\Controllers\trpadmin\trpadmin->addBilty()
#2 C:\xampp\htdocs\trp\system\CodeIgniter.php(412): CodeIgniter\CodeIgniter->runController(Object(App\Controllers\trpadmin\trpadmin))
#3 C:\xampp\htdocs\trp\system\CodeIgniter.php(320): CodeIgniter\CodeIgniter->handleRequest(NULL, Object(Config\Cache), false)
#4 C:\xampp\htdocs\trp\public\index.php(37): CodeIgniter\CodeIgniter->run()
#5 {main}
CRITICAL - 2022-08-13 08:35:56 --> Trying to access array offset on value of type null
#0 C:\xampp\htdocs\trp\app\Controllers\trpadmin\trpadmin.php(370): CodeIgniter\Debug\Exceptions->errorHandler(2, 'Trying to acces...', 'C:\\xampp\\htdocs...', 370)
#1 C:\xampp\htdocs\trp\system\CodeIgniter.php(825): App\Controllers\trpadmin\trpadmin->addBilty()
#2 C:\xampp\htdocs\trp\system\CodeIgniter.php(412): CodeIgniter\CodeIgniter->runController(Object(App\Controllers\trpadmin\trpadmin))
#3 C:\xampp\htdocs\trp\system\CodeIgniter.php(320): CodeIgniter\CodeIgniter->handleRequest(NULL, Object(Config\Cache), false)
#4 C:\xampp\htdocs\trp\public\index.php(37): CodeIgniter\CodeIgniter->run()
#5 {main}
CRITICAL - 2022-08-13 08:35:58 --> Trying to access array offset on value of type null
#0 C:\xampp\htdocs\trp\app\Controllers\trpadmin\trpadmin.php(370): CodeIgniter\Debug\Exceptions->errorHandler(2, 'Trying to acces...', 'C:\\xampp\\htdocs...', 370)
#1 C:\xampp\htdocs\trp\system\CodeIgniter.php(825): App\Controllers\trpadmin\trpadmin->addBilty()
#2 C:\xampp\htdocs\trp\system\CodeIgniter.php(412): CodeIgniter\CodeIgniter->runController(Object(App\Controllers\trpadmin\trpadmin))
#3 C:\xampp\htdocs\trp\system\CodeIgniter.php(320): CodeIgniter\CodeIgniter->handleRequest(NULL, Object(Config\Cache), false)
#4 C:\xampp\htdocs\trp\public\index.php(37): CodeIgniter\CodeIgniter->run()
#5 {main}
CRITICAL - 2022-08-13 08:35:59 --> Trying to access array offset on value of type null
#0 C:\xampp\htdocs\trp\app\Controllers\trpadmin\trpadmin.php(370): CodeIgniter\Debug\Exceptions->errorHandler(2, 'Trying to acces...', 'C:\\xampp\\htdocs...', 370)
#1 C:\xampp\htdocs\trp\system\CodeIgniter.php(825): App\Controllers\trpadmin\trpadmin->addBilty()
#2 C:\xampp\htdocs\trp\system\CodeIgniter.php(412): CodeIgniter\CodeIgniter->runController(Object(App\Controllers\trpadmin\trpadmin))
#3 C:\xampp\htdocs\trp\system\CodeIgniter.php(320): CodeIgniter\CodeIgniter->handleRequest(NULL, Object(Config\Cache), false)
#4 C:\xampp\htdocs\trp\public\index.php(37): CodeIgniter\CodeIgniter->run()
#5 {main}
CRITICAL - 2022-08-13 08:38:46 --> Trying to access array offset on value of type null
#0 C:\xampp\htdocs\trp\app\Controllers\trpadmin\trpadmin.php(370): CodeIgniter\Debug\Exceptions->errorHandler(2, 'Trying to acces...', 'C:\\xampp\\htdocs...', 370)
#1 C:\xampp\htdocs\trp\system\CodeIgniter.php(825): App\Controllers\trpadmin\trpadmin->addBilty()
#2 C:\xampp\htdocs\trp\system\CodeIgniter.php(412): CodeIgniter\CodeIgniter->runController(Object(App\Controllers\trpadmin\trpadmin))
#3 C:\xampp\htdocs\trp\system\CodeIgniter.php(320): CodeIgniter\CodeIgniter->handleRequest(NULL, Object(Config\Cache), false)
#4 C:\xampp\htdocs\trp\public\index.php(37): CodeIgniter\CodeIgniter->run()
#5 {main}
CRITICAL - 2022-08-13 08:39:26 --> Trying to access array offset on value of type null
#0 C:\xampp\htdocs\trp\app\Controllers\trpadmin\trpadmin.php(370): CodeIgniter\Debug\Exceptions->errorHandler(2, 'Trying to acces...', 'C:\\xampp\\htdocs...', 370)
#1 C:\xampp\htdocs\trp\system\CodeIgniter.php(825): App\Controllers\trpadmin\trpadmin->addBilty()
#2 C:\xampp\htdocs\trp\system\CodeIgniter.php(412): CodeIgniter\CodeIgniter->runController(Object(App\Controllers\trpadmin\trpadmin))
#3 C:\xampp\htdocs\trp\system\CodeIgniter.php(320): CodeIgniter\CodeIgniter->handleRequest(NULL, Object(Config\Cache), false)
#4 C:\xampp\htdocs\trp\public\index.php(37): CodeIgniter\CodeIgniter->run()
#5 {main}
CRITICAL - 2022-08-13 08:40:31 --> Trying to access array offset on value of type null
#0 C:\xampp\htdocs\trp\app\Controllers\trpadmin\trpadmin.php(370): CodeIgniter\Debug\Exceptions->errorHandler(2, 'Trying to acces...', 'C:\\xampp\\htdocs...', 370)
#1 C:\xampp\htdocs\trp\system\CodeIgniter.php(825): App\Controllers\trpadmin\trpadmin->addBilty()
#2 C:\xampp\htdocs\trp\system\CodeIgniter.php(412): CodeIgniter\CodeIgniter->runController(Object(App\Controllers\trpadmin\trpadmin))
#3 C:\xampp\htdocs\trp\system\CodeIgniter.php(320): CodeIgniter\CodeIgniter->handleRequest(NULL, Object(Config\Cache), false)
#4 C:\xampp\htdocs\trp\public\index.php(37): CodeIgniter\CodeIgniter->run()
#5 {main}
ERROR - 2022-08-13 08:40:47 --> Cannot add or update a child row: a foreign key constraint fails (`trp`.`bilty`, CONSTRAINT `bilty_ibfk_2` FOREIGN KEY (`consignee`) REFERENCES `consignee` (`nee_id`))
CRITICAL - 2022-08-13 08:40:47 --> Cannot add or update a child row: a foreign key constraint fails (`trp`.`bilty`, CONSTRAINT `bilty_ibfk_2` FOREIGN KEY (`consignee`) REFERENCES `consignee` (`nee_id`))
#0 C:\xampp\htdocs\trp\system\Database\MySQLi\Connection.php(292): mysqli->query('INSERT INTO `bi...', 0)
#1 C:\xampp\htdocs\trp\system\Database\BaseConnection.php(670): CodeIgniter\Database\MySQLi\Connection->execute('INSERT INTO `bi...')
#2 C:\xampp\htdocs\trp\system\Database\BaseConnection.php(598): CodeIgniter\Database\BaseConnection->simpleQuery('INSERT INTO `bi...')
#3 C:\xampp\htdocs\trp\system\Database\BaseBuilder.php(1771): CodeIgniter\Database\BaseConnection->query('INSERT INTO `bi...', Array, false)
#4 C:\xampp\htdocs\trp\app\Models\dashboardmodel.php(123): CodeIgniter\Database\BaseBuilder->insert(Array)
#5 C:\xampp\htdocs\trp\app\Controllers\trpadmin\trpadmin.php(358): App\Models\dashboardmodel->addBilty(Array)
#6 C:\xampp\htdocs\trp\system\CodeIgniter.php(825): App\Controllers\trpadmin\trpadmin->addBilty()
#7 C:\xampp\htdocs\trp\system\CodeIgniter.php(412): CodeIgniter\CodeIgniter->runController(Object(App\Controllers\trpadmin\trpadmin))
#8 C:\xampp\htdocs\trp\system\CodeIgniter.php(320): CodeIgniter\CodeIgniter->handleRequest(NULL, Object(Config\Cache), false)
#9 C:\xampp\htdocs\trp\public\index.php(37): CodeIgniter\CodeIgniter->run()
#10 {main}
ERROR - 2022-08-13 08:42:57 --> Cannot add or update a child row: a foreign key constraint fails (`trp`.`bilty`, CONSTRAINT `bilty_ibfk_5` FOREIGN KEY (`payment_type`) REFERENCES `mop` (`id`))
CRITICAL - 2022-08-13 08:42:57 --> Cannot add or update a child row: a foreign key constraint fails (`trp`.`bilty`, CONSTRAINT `bilty_ibfk_5` FOREIGN KEY (`payment_type`) REFERENCES `mop` (`id`))
#0 C:\xampp\htdocs\trp\system\Database\MySQLi\Connection.php(292): mysqli->query('INSERT INTO `bi...', 0)
#1 C:\xampp\htdocs\trp\system\Database\BaseConnection.php(670): CodeIgniter\Database\MySQLi\Connection->execute('INSERT INTO `bi...')
#2 C:\xampp\htdocs\trp\system\Database\BaseConnection.php(598): CodeIgniter\Database\BaseConnection->simpleQuery('INSERT INTO `bi...')
#3 C:\xampp\htdocs\trp\system\Database\BaseBuilder.php(1771): CodeIgniter\Database\BaseConnection->query('INSERT INTO `bi...', Array, false)
#4 C:\xampp\htdocs\trp\app\Models\dashboardmodel.php(123): CodeIgniter\Database\BaseBuilder->insert(Array)
#5 C:\xampp\htdocs\trp\app\Controllers\trpadmin\trpadmin.php(358): App\Models\dashboardmodel->addBilty(Array)
#6 C:\xampp\htdocs\trp\system\CodeIgniter.php(825): App\Controllers\trpadmin\trpadmin->addBilty()
#7 C:\xampp\htdocs\trp\system\CodeIgniter.php(412): CodeIgniter\CodeIgniter->runController(Object(App\Controllers\trpadmin\trpadmin))
#8 C:\xampp\htdocs\trp\system\CodeIgniter.php(320): CodeIgniter\CodeIgniter->handleRequest(NULL, Object(Config\Cache), false)
#9 C:\xampp\htdocs\trp\public\index.php(37): CodeIgniter\CodeIgniter->run()
#10 {main}
ERROR - 2022-08-13 08:45:37 --> Cannot add or update a child row: a foreign key constraint fails (`trp`.`biltydetails`, CONSTRAINT `biltydetails_ibfk_1` FOREIGN KEY (`bilty_id`) REFERENCES `bilty` (`id`))
CRITICAL - 2022-08-13 08:45:37 --> Cannot add or update a child row: a foreign key constraint fails (`trp`.`biltydetails`, CONSTRAINT `biltydetails_ibfk_1` FOREIGN KEY (`bilty_id`) REFERENCES `bilty` (`id`))
#0 C:\xampp\htdocs\trp\system\Database\MySQLi\Connection.php(292): mysqli->query('INSERT INTO `bi...', 0)
#1 C:\xampp\htdocs\trp\system\Database\BaseConnection.php(670): CodeIgniter\Database\MySQLi\Connection->execute('INSERT INTO `bi...')
#2 C:\xampp\htdocs\trp\system\Database\BaseConnection.php(598): CodeIgniter\Database\BaseConnection->simpleQuery('INSERT INTO `bi...')
#3 C:\xampp\htdocs\trp\system\Database\BaseBuilder.php(1771): CodeIgniter\Database\BaseConnection->query('INSERT INTO `bi...', Array, false)
#4 C:\xampp\htdocs\trp\app\Models\dashboardmodel.php(135): CodeIgniter\Database\BaseBuilder->insert(Array)
#5 C:\xampp\htdocs\trp\app\Controllers\trpadmin\trpadmin.php(377): App\Models\dashboardmodel->addBiltyDetails(Array)
#6 C:\xampp\htdocs\trp\system\CodeIgniter.php(825): App\Controllers\trpadmin\trpadmin->addBilty()
#7 C:\xampp\htdocs\trp\system\CodeIgniter.php(412): CodeIgniter\CodeIgniter->runController(Object(App\Controllers\trpadmin\trpadmin))
#8 C:\xampp\htdocs\trp\system\CodeIgniter.php(320): CodeIgniter\CodeIgniter->handleRequest(NULL, Object(Config\Cache), false)
#9 C:\xampp\htdocs\trp\public\index.php(37): CodeIgniter\CodeIgniter->run()
#10 {main}
ERROR - 2022-08-13 08:46:49 --> Cannot add or update a child row: a foreign key constraint fails (`trp`.`bilty`, CONSTRAINT `bilty_ibfk_2` FOREIGN KEY (`consignee`) REFERENCES `consignee` (`nee_id`))
CRITICAL - 2022-08-13 08:46:49 --> Cannot add or update a child row: a foreign key constraint fails (`trp`.`bilty`, CONSTRAINT `bilty_ibfk_2` FOREIGN KEY (`consignee`) REFERENCES `consignee` (`nee_id`))
#0 C:\xampp\htdocs\trp\system\Database\MySQLi\Connection.php(292): mysqli->query('INSERT INTO `bi...', 0)
#1 C:\xampp\htdocs\trp\system\Database\BaseConnection.php(670): CodeIgniter\Database\MySQLi\Connection->execute('INSERT INTO `bi...')
#2 C:\xampp\htdocs\trp\system\Database\BaseConnection.php(598): CodeIgniter\Database\BaseConnection->simpleQuery('INSERT INTO `bi...')
#3 C:\xampp\htdocs\trp\system\Database\BaseBuilder.php(1771): CodeIgniter\Database\BaseConnection->query('INSERT INTO `bi...', Array, false)
#4 C:\xampp\htdocs\trp\app\Models\dashboardmodel.php(123): CodeIgniter\Database\BaseBuilder->insert(Array)
#5 C:\xampp\htdocs\trp\app\Controllers\trpadmin\trpadmin.php(358): App\Models\dashboardmodel->addBilty(Array)
#6 C:\xampp\htdocs\trp\system\CodeIgniter.php(825): App\Controllers\trpadmin\trpadmin->addBilty()
#7 C:\xampp\htdocs\trp\system\CodeIgniter.php(412): CodeIgniter\CodeIgniter->runController(Object(App\Controllers\trpadmin\trpadmin))
#8 C:\xampp\htdocs\trp\system\CodeIgniter.php(320): CodeIgniter\CodeIgniter->handleRequest(NULL, Object(Config\Cache), false)
#9 C:\xampp\htdocs\trp\public\index.php(37): CodeIgniter\CodeIgniter->run()
#10 {main}
ERROR - 2022-08-13 08:47:19 --> Cannot add or update a child row: a foreign key constraint fails (`trp`.`bilty`, CONSTRAINT `bilty_ibfk_2` FOREIGN KEY (`consignee`) REFERENCES `consignee` (`nee_id`))
CRITICAL - 2022-08-13 08:47:19 --> Cannot add or update a child row: a foreign key constraint fails (`trp`.`bilty`, CONSTRAINT `bilty_ibfk_2` FOREIGN KEY (`consignee`) REFERENCES `consignee` (`nee_id`))
#0 C:\xampp\htdocs\trp\system\Database\MySQLi\Connection.php(292): mysqli->query('INSERT INTO `bi...', 0)
#1 C:\xampp\htdocs\trp\system\Database\BaseConnection.php(670): CodeIgniter\Database\MySQLi\Connection->execute('INSERT INTO `bi...')
#2 C:\xampp\htdocs\trp\system\Database\BaseConnection.php(598): CodeIgniter\Database\BaseConnection->simpleQuery('INSERT INTO `bi...')
#3 C:\xampp\htdocs\trp\system\Database\BaseBuilder.php(1771): CodeIgniter\Database\BaseConnection->query('INSERT INTO `bi...', Array, false)
#4 C:\xampp\htdocs\trp\app\Models\dashboardmodel.php(123): CodeIgniter\Database\BaseBuilder->insert(Array)
#5 C:\xampp\htdocs\trp\app\Controllers\trpadmin\trpadmin.php(358): App\Models\dashboardmodel->addBilty(Array)
#6 C:\xampp\htdocs\trp\system\CodeIgniter.php(825): App\Controllers\trpadmin\trpadmin->addBilty()
#7 C:\xampp\htdocs\trp\system\CodeIgniter.php(412): CodeIgniter\CodeIgniter->runController(Object(App\Controllers\trpadmin\trpadmin))
#8 C:\xampp\htdocs\trp\system\CodeIgniter.php(320): CodeIgniter\CodeIgniter->handleRequest(NULL, Object(Config\Cache), false)
#9 C:\xampp\htdocs\trp\public\index.php(37): CodeIgniter\CodeIgniter->run()
#10 {main}
ERROR - 2022-08-13 08:47:19 --> Cannot add or update a child row: a foreign key constraint fails (`trp`.`bilty`, CONSTRAINT `bilty_ibfk_2` FOREIGN KEY (`consignee`) REFERENCES `consignee` (`nee_id`))
CRITICAL - 2022-08-13 08:47:19 --> Cannot add or update a child row: a foreign key constraint fails (`trp`.`bilty`, CONSTRAINT `bilty_ibfk_2` FOREIGN KEY (`consignee`) REFERENCES `consignee` (`nee_id`))
#0 C:\xampp\htdocs\trp\system\Database\MySQLi\Connection.php(292): mysqli->query('INSERT INTO `bi...', 0)
#1 C:\xampp\htdocs\trp\system\Database\BaseConnection.php(670): CodeIgniter\Database\MySQLi\Connection->execute('INSERT INTO `bi...')
#2 C:\xampp\htdocs\trp\system\Database\BaseConnection.php(598): CodeIgniter\Database\BaseConnection->simpleQuery('INSERT INTO `bi...')
#3 C:\xampp\htdocs\trp\system\Database\BaseBuilder.php(1771): CodeIgniter\Database\BaseConnection->query('INSERT INTO `bi...', Array, false)
#4 C:\xampp\htdocs\trp\app\Models\dashboardmodel.php(123): CodeIgniter\Database\BaseBuilder->insert(Array)
#5 C:\xampp\htdocs\trp\app\Controllers\trpadmin\trpadmin.php(358): App\Models\dashboardmodel->addBilty(Array)
#6 C:\xampp\htdocs\trp\system\CodeIgniter.php(825): App\Controllers\trpadmin\trpadmin->addBilty()
#7 C:\xampp\htdocs\trp\system\CodeIgniter.php(412): CodeIgniter\CodeIgniter->runController(Object(App\Controllers\trpadmin\trpadmin))
#8 C:\xampp\htdocs\trp\system\CodeIgniter.php(320): CodeIgniter\CodeIgniter->handleRequest(NULL, Object(Config\Cache), false)
#9 C:\xampp\htdocs\trp\public\index.php(37): CodeIgniter\CodeIgniter->run()
#10 {main}
CRITICAL - 2022-08-13 08:48:37 --> count(): Argument #1 ($value) must be of type Countable|array, null given
#0 C:\xampp\htdocs\trp\app\Controllers\trpadmin\trpadmin.php(364): count(NULL)
#1 C:\xampp\htdocs\trp\system\CodeIgniter.php(825): App\Controllers\trpadmin\trpadmin->addBilty()
#2 C:\xampp\htdocs\trp\system\CodeIgniter.php(412): CodeIgniter\CodeIgniter->runController(Object(App\Controllers\trpadmin\trpadmin))
#3 C:\xampp\htdocs\trp\system\CodeIgniter.php(320): CodeIgniter\CodeIgniter->handleRequest(NULL, Object(Config\Cache), false)
#4 C:\xampp\htdocs\trp\public\index.php(37): CodeIgniter\CodeIgniter->run()
#5 {main}
CRITICAL - 2022-08-13 08:49:51 --> Uninitialized string offset 0
#0 C:\xampp\htdocs\trp\app\Controllers\trpadmin\trpadmin.php(370): CodeIgniter\Debug\Exceptions->errorHandler(2, 'Uninitialized s...', 'C:\\xampp\\htdocs...', 370)
#1 C:\xampp\htdocs\trp\system\CodeIgniter.php(825): App\Controllers\trpadmin\trpadmin->addBilty()
#2 C:\xampp\htdocs\trp\system\CodeIgniter.php(412): CodeIgniter\CodeIgniter->runController(Object(App\Controllers\trpadmin\trpadmin))
#3 C:\xampp\htdocs\trp\system\CodeIgniter.php(320): CodeIgniter\CodeIgniter->handleRequest(NULL, Object(Config\Cache), false)
#4 C:\xampp\htdocs\trp\public\index.php(37): CodeIgniter\CodeIgniter->run()
#5 {main}
CRITICAL - 2022-08-13 21:09:53 --> stripcslashes(): Argument #1 ($string) must be of type string, array given
#0 C:\xampp\htdocs\trp\app\Controllers\trpadmin\trpadmin.php(361): stripcslashes(Array)
#1 C:\xampp\htdocs\trp\system\CodeIgniter.php(825): App\Controllers\trpadmin\trpadmin->addBilty()
#2 C:\xampp\htdocs\trp\system\CodeIgniter.php(412): CodeIgniter\CodeIgniter->runController(Object(App\Controllers\trpadmin\trpadmin))
#3 C:\xampp\htdocs\trp\system\CodeIgniter.php(320): CodeIgniter\CodeIgniter->handleRequest(NULL, Object(Config\Cache), false)
#4 C:\xampp\htdocs\trp\public\index.php(37): CodeIgniter\CodeIgniter->run()
#5 {main}
ERROR - 2022-08-13 21:17:36 --> Cannot add or update a child row: a foreign key constraint fails (`trp`.`bilty`, CONSTRAINT `bilty_ibfk_5` FOREIGN KEY (`payment_type`) REFERENCES `mop` (`id`))
CRITICAL - 2022-08-13 21:17:36 --> Cannot add or update a child row: a foreign key constraint fails (`trp`.`bilty`, CONSTRAINT `bilty_ibfk_5` FOREIGN KEY (`payment_type`) REFERENCES `mop` (`id`))
#0 C:\xampp\htdocs\trp\system\Database\MySQLi\Connection.php(292): mysqli->query('INSERT INTO `bi...', 0)
#1 C:\xampp\htdocs\trp\system\Database\BaseConnection.php(670): CodeIgniter\Database\MySQLi\Connection->execute('INSERT INTO `bi...')
#2 C:\xampp\htdocs\trp\system\Database\BaseConnection.php(598): CodeIgniter\Database\BaseConnection->simpleQuery('INSERT INTO `bi...')
#3 C:\xampp\htdocs\trp\system\Database\BaseBuilder.php(1771): CodeIgniter\Database\BaseConnection->query('INSERT INTO `bi...', Array, false)
#4 C:\xampp\htdocs\trp\app\Models\dashboardmodel.php(123): CodeIgniter\Database\BaseBuilder->insert(Array)
#5 C:\xampp\htdocs\trp\app\Controllers\trpadmin\trpadmin.php(358): App\Models\dashboardmodel->addBilty(Array)
#6 C:\xampp\htdocs\trp\system\CodeIgniter.php(825): App\Controllers\trpadmin\trpadmin->addBilty()
#7 C:\xampp\htdocs\trp\system\CodeIgniter.php(412): CodeIgniter\CodeIgniter->runController(Object(App\Controllers\trpadmin\trpadmin))
#8 C:\xampp\htdocs\trp\system\CodeIgniter.php(320): CodeIgniter\CodeIgniter->handleRequest(NULL, Object(Config\Cache), false)
#9 C:\xampp\htdocs\trp\public\index.php(37): CodeIgniter\CodeIgniter->run()
#10 {main}
CRITICAL - 2022-08-13 21:18:15 --> count(): Argument #1 ($value) must be of type Countable|array, null given
#0 C:\xampp\htdocs\trp\app\Controllers\trpadmin\trpadmin.php(364): count(NULL)
#1 C:\xampp\htdocs\trp\system\CodeIgniter.php(825): App\Controllers\trpadmin\trpadmin->addBilty()
#2 C:\xampp\htdocs\trp\system\CodeIgniter.php(412): CodeIgniter\CodeIgniter->runController(Object(App\Controllers\trpadmin\trpadmin))
#3 C:\xampp\htdocs\trp\system\CodeIgniter.php(320): CodeIgniter\CodeIgniter->handleRequest(NULL, Object(Config\Cache), false)
#4 C:\xampp\htdocs\trp\public\index.php(37): CodeIgniter\CodeIgniter->run()
#5 {main}
ERROR - 2022-08-13 21:19:41 --> Cannot add or update a child row: a foreign key constraint fails (`trp`.`bilty`, CONSTRAINT `bilty_ibfk_4` FOREIGN KEY (`from_city`) REFERENCES `destination` (`d_id`))
CRITICAL - 2022-08-13 21:19:41 --> Cannot add or update a child row: a foreign key constraint fails (`trp`.`bilty`, CONSTRAINT `bilty_ibfk_4` FOREIGN KEY (`from_city`) REFERENCES `destination` (`d_id`))
#0 C:\xampp\htdocs\trp\system\Database\MySQLi\Connection.php(292): mysqli->query('INSERT INTO `bi...', 0)
#1 C:\xampp\htdocs\trp\system\Database\BaseConnection.php(670): CodeIgniter\Database\MySQLi\Connection->execute('INSERT INTO `bi...')
#2 C:\xampp\htdocs\trp\system\Database\BaseConnection.php(598): CodeIgniter\Database\BaseConnection->simpleQuery('INSERT INTO `bi...')
#3 C:\xampp\htdocs\trp\system\Database\BaseBuilder.php(1771): CodeIgniter\Database\BaseConnection->query('INSERT INTO `bi...', Array, false)
#4 C:\xampp\htdocs\trp\app\Models\dashboardmodel.php(123): CodeIgniter\Database\BaseBuilder->insert(Array)
#5 C:\xampp\htdocs\trp\app\Controllers\trpadmin\trpadmin.php(358): App\Models\dashboardmodel->addBilty(Array)
#6 C:\xampp\htdocs\trp\system\CodeIgniter.php(825): App\Controllers\trpadmin\trpadmin->addBilty()
#7 C:\xampp\htdocs\trp\system\CodeIgniter.php(412): CodeIgniter\CodeIgniter->runController(Object(App\Controllers\trpadmin\trpadmin))
#8 C:\xampp\htdocs\trp\system\CodeIgniter.php(320): CodeIgniter\CodeIgniter->handleRequest(NULL, Object(Config\Cache), false)
#9 C:\xampp\htdocs\trp\public\index.php(37): CodeIgniter\CodeIgniter->run()
#10 {main}
ERROR - 2022-08-13 21:20:18 --> Cannot add or update a child row: a foreign key constraint fails (`trp`.`bilty`, CONSTRAINT `bilty_ibfk_4` FOREIGN KEY (`from_city`) REFERENCES `destination` (`d_id`))
CRITICAL - 2022-08-13 21:20:18 --> Cannot add or update a child row: a foreign key constraint fails (`trp`.`bilty`, CONSTRAINT `bilty_ibfk_4` FOREIGN KEY (`from_city`) REFERENCES `destination` (`d_id`))
#0 C:\xampp\htdocs\trp\system\Database\MySQLi\Connection.php(292): mysqli->query('INSERT INTO `bi...', 0)
#1 C:\xampp\htdocs\trp\system\Database\BaseConnection.php(670): CodeIgniter\Database\MySQLi\Connection->execute('INSERT INTO `bi...')
#2 C:\xampp\htdocs\trp\system\Database\BaseConnection.php(598): CodeIgniter\Database\BaseConnection->simpleQuery('INSERT INTO `bi...')
#3 C:\xampp\htdocs\trp\system\Database\BaseBuilder.php(1771): CodeIgniter\Database\BaseConnection->query('INSERT INTO `bi...', Array, false)
#4 C:\xampp\htdocs\trp\app\Models\dashboardmodel.php(123): CodeIgniter\Database\BaseBuilder->insert(Array)
#5 C:\xampp\htdocs\trp\app\Controllers\trpadmin\trpadmin.php(358): App\Models\dashboardmodel->addBilty(Array)
#6 C:\xampp\htdocs\trp\system\CodeIgniter.php(825): App\Controllers\trpadmin\trpadmin->addBilty()
#7 C:\xampp\htdocs\trp\system\CodeIgniter.php(412): CodeIgniter\CodeIgniter->runController(Object(App\Controllers\trpadmin\trpadmin))
#8 C:\xampp\htdocs\trp\system\CodeIgniter.php(320): CodeIgniter\CodeIgniter->handleRequest(NULL, Object(Config\Cache), false)
#9 C:\xampp\htdocs\trp\public\index.php(37): CodeIgniter\CodeIgniter->run()
#10 {main}
ERROR - 2022-08-13 21:20:18 --> Cannot add or update a child row: a foreign key constraint fails (`trp`.`bilty`, CONSTRAINT `bilty_ibfk_4` FOREIGN KEY (`from_city`) REFERENCES `destination` (`d_id`))
CRITICAL - 2022-08-13 21:20:18 --> Cannot add or update a child row: a foreign key constraint fails (`trp`.`bilty`, CONSTRAINT `bilty_ibfk_4` FOREIGN KEY (`from_city`) REFERENCES `destination` (`d_id`))
#0 C:\xampp\htdocs\trp\system\Database\MySQLi\Connection.php(292): mysqli->query('INSERT INTO `bi...', 0)
#1 C:\xampp\htdocs\trp\system\Database\BaseConnection.php(670): CodeIgniter\Database\MySQLi\Connection->execute('INSERT INTO `bi...')
#2 C:\xampp\htdocs\trp\system\Database\BaseConnection.php(598): CodeIgniter\Database\BaseConnection->simpleQuery('INSERT INTO `bi...')
#3 C:\xampp\htdocs\trp\system\Database\BaseBuilder.php(1771): CodeIgniter\Database\BaseConnection->query('INSERT INTO `bi...', Array, false)
#4 C:\xampp\htdocs\trp\app\Models\dashboardmodel.php(123): CodeIgniter\Database\BaseBuilder->insert(Array)
#5 C:\xampp\htdocs\trp\app\Controllers\trpadmin\trpadmin.php(358): App\Models\dashboardmodel->addBilty(Array)
#6 C:\xampp\htdocs\trp\system\CodeIgniter.php(825): App\Controllers\trpadmin\trpadmin->addBilty()
#7 C:\xampp\htdocs\trp\system\CodeIgniter.php(412): CodeIgniter\CodeIgniter->runController(Object(App\Controllers\trpadmin\trpadmin))
#8 C:\xampp\htdocs\trp\system\CodeIgniter.php(320): CodeIgniter\CodeIgniter->handleRequest(NULL, Object(Config\Cache), false)
#9 C:\xampp\htdocs\trp\public\index.php(37): CodeIgniter\CodeIgniter->run()
#10 {main}
ERROR - 2022-08-13 21:20:21 --> Cannot add or update a child row: a foreign key constraint fails (`trp`.`bilty`, CONSTRAINT `bilty_ibfk_4` FOREIGN KEY (`from_city`) REFERENCES `destination` (`d_id`))
CRITICAL - 2022-08-13 21:20:21 --> Cannot add or update a child row: a foreign key constraint fails (`trp`.`bilty`, CONSTRAINT `bilty_ibfk_4` FOREIGN KEY (`from_city`) REFERENCES `destination` (`d_id`))
#0 C:\xampp\htdocs\trp\system\Database\MySQLi\Connection.php(292): mysqli->query('INSERT INTO `bi...', 0)
#1 C:\xampp\htdocs\trp\system\Database\BaseConnection.php(670): CodeIgniter\Database\MySQLi\Connection->execute('INSERT INTO `bi...')
#2 C:\xampp\htdocs\trp\system\Database\BaseConnection.php(598): CodeIgniter\Database\BaseConnection->simpleQuery('INSERT INTO `bi...')
#3 C:\xampp\htdocs\trp\system\Database\BaseBuilder.php(1771): CodeIgniter\Database\BaseConnection->query('INSERT INTO `bi...', Array, false)
#4 C:\xampp\htdocs\trp\app\Models\dashboardmodel.php(123): CodeIgniter\Database\BaseBuilder->insert(Array)
#5 C:\xampp\htdocs\trp\app\Controllers\trpadmin\trpadmin.php(358): App\Models\dashboardmodel->addBilty(Array)
#6 C:\xampp\htdocs\trp\system\CodeIgniter.php(825): App\Controllers\trpadmin\trpadmin->addBilty()
#7 C:\xampp\htdocs\trp\system\CodeIgniter.php(412): CodeIgniter\CodeIgniter->runController(Object(App\Controllers\trpadmin\trpadmin))
#8 C:\xampp\htdocs\trp\system\CodeIgniter.php(320): CodeIgniter\CodeIgniter->handleRequest(NULL, Object(Config\Cache), false)
#9 C:\xampp\htdocs\trp\public\index.php(37): CodeIgniter\CodeIgniter->run()
#10 {main}
ERROR - 2022-08-13 21:20:21 --> Cannot add or update a child row: a foreign key constraint fails (`trp`.`bilty`, CONSTRAINT `bilty_ibfk_4` FOREIGN KEY (`from_city`) REFERENCES `destination` (`d_id`))
CRITICAL - 2022-08-13 21:20:21 --> Cannot add or update a child row: a foreign key constraint fails (`trp`.`bilty`, CONSTRAINT `bilty_ibfk_4` FOREIGN KEY (`from_city`) REFERENCES `destination` (`d_id`))
#0 C:\xampp\htdocs\trp\system\Database\MySQLi\Connection.php(292): mysqli->query('INSERT INTO `bi...', 0)
#1 C:\xampp\htdocs\trp\system\Database\BaseConnection.php(670): CodeIgniter\Database\MySQLi\Connection->execute('INSERT INTO `bi...')
#2 C:\xampp\htdocs\trp\system\Database\BaseConnection.php(598): CodeIgniter\Database\BaseConnection->simpleQuery('INSERT INTO `bi...')
#3 C:\xampp\htdocs\trp\system\Database\BaseBuilder.php(1771): CodeIgniter\Database\BaseConnection->query('INSERT INTO `bi...', Array, false)
#4 C:\xampp\htdocs\trp\app\Models\dashboardmodel.php(123): CodeIgniter\Database\BaseBuilder->insert(Array)
#5 C:\xampp\htdocs\trp\app\Controllers\trpadmin\trpadmin.php(358): App\Models\dashboardmodel->addBilty(Array)
#6 C:\xampp\htdocs\trp\system\CodeIgniter.php(825): App\Controllers\trpadmin\trpadmin->addBilty()
#7 C:\xampp\htdocs\trp\system\CodeIgniter.php(412): CodeIgniter\CodeIgniter->runController(Object(App\Controllers\trpadmin\trpadmin))
#8 C:\xampp\htdocs\trp\system\CodeIgniter.php(320): CodeIgniter\CodeIgniter->handleRequest(NULL, Object(Config\Cache), false)
#9 C:\xampp\htdocs\trp\public\index.php(37): CodeIgniter\CodeIgniter->run()
#10 {main}
ERROR - 2022-08-13 21:20:21 --> Cannot add or update a child row: a foreign key constraint fails (`trp`.`bilty`, CONSTRAINT `bilty_ibfk_4` FOREIGN KEY (`from_city`) REFERENCES `destination` (`d_id`))
CRITICAL - 2022-08-13 21:20:21 --> Cannot add or update a child row: a foreign key constraint fails (`trp`.`bilty`, CONSTRAINT `bilty_ibfk_4` FOREIGN KEY (`from_city`) REFERENCES `destination` (`d_id`))
#0 C:\xampp\htdocs\trp\system\Database\MySQLi\Connection.php(292): mysqli->query('INSERT INTO `bi...', 0)
#1 C:\xampp\htdocs\trp\system\Database\BaseConnection.php(670): CodeIgniter\Database\MySQLi\Connection->execute('INSERT INTO `bi...')
#2 C:\xampp\htdocs\trp\system\Database\BaseConnection.php(598): CodeIgniter\Database\BaseConnection->simpleQuery('INSERT INTO `bi...')
#3 C:\xampp\htdocs\trp\system\Database\BaseBuilder.php(1771): CodeIgniter\Database\BaseConnection->query('INSERT INTO `bi...', Array, false)
#4 C:\xampp\htdocs\trp\app\Models\dashboardmodel.php(123): CodeIgniter\Database\BaseBuilder->insert(Array)
#5 C:\xampp\htdocs\trp\app\Controllers\trpadmin\trpadmin.php(358): App\Models\dashboardmodel->addBilty(Array)
#6 C:\xampp\htdocs\trp\system\CodeIgniter.php(825): App\Controllers\trpadmin\trpadmin->addBilty()
#7 C:\xampp\htdocs\trp\system\CodeIgniter.php(412): CodeIgniter\CodeIgniter->runController(Object(App\Controllers\trpadmin\trpadmin))
#8 C:\xampp\htdocs\trp\system\CodeIgniter.php(320): CodeIgniter\CodeIgniter->handleRequest(NULL, Object(Config\Cache), false)
#9 C:\xampp\htdocs\trp\public\index.php(37): CodeIgniter\CodeIgniter->run()
#10 {main}
ERROR - 2022-08-13 21:21:20 --> Cannot add or update a child row: a foreign key constraint fails (`trp`.`bilty`, CONSTRAINT `bilty_ibfk_4` FOREIGN KEY (`from_city`) REFERENCES `destination` (`d_id`))
CRITICAL - 2022-08-13 21:21:20 --> Cannot add or update a child row: a foreign key constraint fails (`trp`.`bilty`, CONSTRAINT `bilty_ibfk_4` FOREIGN KEY (`from_city`) REFERENCES `destination` (`d_id`))
#0 C:\xampp\htdocs\trp\system\Database\MySQLi\Connection.php(292): mysqli->query('INSERT INTO `bi...', 0)
#1 C:\xampp\htdocs\trp\system\Database\BaseConnection.php(670): CodeIgniter\Database\MySQLi\Connection->execute('INSERT INTO `bi...')
#2 C:\xampp\htdocs\trp\system\Database\BaseConnection.php(598): CodeIgniter\Database\BaseConnection->simpleQuery('INSERT INTO `bi...')
#3 C:\xampp\htdocs\trp\system\Database\BaseBuilder.php(1771): CodeIgniter\Database\BaseConnection->query('INSERT INTO `bi...', Array, false)
#4 C:\xampp\htdocs\trp\app\Models\dashboardmodel.php(123): CodeIgniter\Database\BaseBuilder->insert(Array)
#5 C:\xampp\htdocs\trp\app\Controllers\trpadmin\trpadmin.php(358): App\Models\dashboardmodel->addBilty(Array)
#6 C:\xampp\htdocs\trp\system\CodeIgniter.php(825): App\Controllers\trpadmin\trpadmin->addBilty()
#7 C:\xampp\htdocs\trp\system\CodeIgniter.php(412): CodeIgniter\CodeIgniter->runController(Object(App\Controllers\trpadmin\trpadmin))
#8 C:\xampp\htdocs\trp\system\CodeIgniter.php(320): CodeIgniter\CodeIgniter->handleRequest(NULL, Object(Config\Cache), false)
#9 C:\xampp\htdocs\trp\public\index.php(37): CodeIgniter\CodeIgniter->run()
#10 {main}
ERROR - 2022-08-13 21:21:25 --> Cannot add or update a child row: a foreign key constraint fails (`trp`.`bilty`, CONSTRAINT `bilty_ibfk_4` FOREIGN KEY (`from_city`) REFERENCES `destination` (`d_id`))
CRITICAL - 2022-08-13 21:21:25 --> Cannot add or update a child row: a foreign key constraint fails (`trp`.`bilty`, CONSTRAINT `bilty_ibfk_4` FOREIGN KEY (`from_city`) REFERENCES `destination` (`d_id`))
#0 C:\xampp\htdocs\trp\system\Database\MySQLi\Connection.php(292): mysqli->query('INSERT INTO `bi...', 0)
#1 C:\xampp\htdocs\trp\system\Database\BaseConnection.php(670): CodeIgniter\Database\MySQLi\Connection->execute('INSERT INTO `bi...')
#2 C:\xampp\htdocs\trp\system\Database\BaseConnection.php(598): CodeIgniter\Database\BaseConnection->simpleQuery('INSERT INTO `bi...')
#3 C:\xampp\htdocs\trp\system\Database\BaseBuilder.php(1771): CodeIgniter\Database\BaseConnection->query('INSERT INTO `bi...', Array, false)
#4 C:\xampp\htdocs\trp\app\Models\dashboardmodel.php(123): CodeIgniter\Database\BaseBuilder->insert(Array)
#5 C:\xampp\htdocs\trp\app\Controllers\trpadmin\trpadmin.php(358): App\Models\dashboardmodel->addBilty(Array)
#6 C:\xampp\htdocs\trp\system\CodeIgniter.php(825): App\Controllers\trpadmin\trpadmin->addBilty()
#7 C:\xampp\htdocs\trp\system\CodeIgniter.php(412): CodeIgniter\CodeIgniter->runController(Object(App\Controllers\trpadmin\trpadmin))
#8 C:\xampp\htdocs\trp\system\CodeIgniter.php(320): CodeIgniter\CodeIgniter->handleRequest(NULL, Object(Config\Cache), false)
#9 C:\xampp\htdocs\trp\public\index.php(37): CodeIgniter\CodeIgniter->run()
#10 {main}
ERROR - 2022-08-13 21:21:25 --> Cannot add or update a child row: a foreign key constraint fails (`trp`.`bilty`, CONSTRAINT `bilty_ibfk_4` FOREIGN KEY (`from_city`) REFERENCES `destination` (`d_id`))
CRITICAL - 2022-08-13 21:21:25 --> Cannot add or update a child row: a foreign key constraint fails (`trp`.`bilty`, CONSTRAINT `bilty_ibfk_4` FOREIGN KEY (`from_city`) REFERENCES `destination` (`d_id`))
#0 C:\xampp\htdocs\trp\system\Database\MySQLi\Connection.php(292): mysqli->query('INSERT INTO `bi...', 0)
#1 C:\xampp\htdocs\trp\system\Database\BaseConnection.php(670): CodeIgniter\Database\MySQLi\Connection->execute('INSERT INTO `bi...')
#2 C:\xampp\htdocs\trp\system\Database\BaseConnection.php(598): CodeIgniter\Database\BaseConnection->simpleQuery('INSERT INTO `bi...')
#3 C:\xampp\htdocs\trp\system\Database\BaseBuilder.php(1771): CodeIgniter\Database\BaseConnection->query('INSERT INTO `bi...', Array, false)
#4 C:\xampp\htdocs\trp\app\Models\dashboardmodel.php(123): CodeIgniter\Database\BaseBuilder->insert(Array)
#5 C:\xampp\htdocs\trp\app\Controllers\trpadmin\trpadmin.php(358): App\Models\dashboardmodel->addBilty(Array)
#6 C:\xampp\htdocs\trp\system\CodeIgniter.php(825): App\Controllers\trpadmin\trpadmin->addBilty()
#7 C:\xampp\htdocs\trp\system\CodeIgniter.php(412): CodeIgniter\CodeIgniter->runController(Object(App\Controllers\trpadmin\trpadmin))
#8 C:\xampp\htdocs\trp\system\CodeIgniter.php(320): CodeIgniter\CodeIgniter->handleRequest(NULL, Object(Config\Cache), false)
#9 C:\xampp\htdocs\trp\public\index.php(37): CodeIgniter\CodeIgniter->run()
#10 {main}
ERROR - 2022-08-13 21:21:27 --> Cannot add or update a child row: a foreign key constraint fails (`trp`.`bilty`, CONSTRAINT `bilty_ibfk_4` FOREIGN KEY (`from_city`) REFERENCES `destination` (`d_id`))
CRITICAL - 2022-08-13 21:21:27 --> Cannot add or update a child row: a foreign key constraint fails (`trp`.`bilty`, CONSTRAINT `bilty_ibfk_4` FOREIGN KEY (`from_city`) REFERENCES `destination` (`d_id`))
#0 C:\xampp\htdocs\trp\system\Database\MySQLi\Connection.php(292): mysqli->query('INSERT INTO `bi...', 0)
#1 C:\xampp\htdocs\trp\system\Database\BaseConnection.php(670): CodeIgniter\Database\MySQLi\Connection->execute('INSERT INTO `bi...')
#2 C:\xampp\htdocs\trp\system\Database\BaseConnection.php(598): CodeIgniter\Database\BaseConnection->simpleQuery('INSERT INTO `bi...')
#3 C:\xampp\htdocs\trp\system\Database\BaseBuilder.php(1771): CodeIgniter\Database\BaseConnection->query('INSERT INTO `bi...', Array, false)
#4 C:\xampp\htdocs\trp\app\Models\dashboardmodel.php(123): CodeIgniter\Database\BaseBuilder->insert(Array)
#5 C:\xampp\htdocs\trp\app\Controllers\trpadmin\trpadmin.php(358): App\Models\dashboardmodel->addBilty(Array)
#6 C:\xampp\htdocs\trp\system\CodeIgniter.php(825): App\Controllers\trpadmin\trpadmin->addBilty()
#7 C:\xampp\htdocs\trp\system\CodeIgniter.php(412): CodeIgniter\CodeIgniter->runController(Object(App\Controllers\trpadmin\trpadmin))
#8 C:\xampp\htdocs\trp\system\CodeIgniter.php(320): CodeIgniter\CodeIgniter->handleRequest(NULL, Object(Config\Cache), false)
#9 C:\xampp\htdocs\trp\public\index.php(37): CodeIgniter\CodeIgniter->run()
#10 {main}
ERROR - 2022-08-13 21:21:27 --> Cannot add or update a child row: a foreign key constraint fails (`trp`.`bilty`, CONSTRAINT `bilty_ibfk_4` FOREIGN KEY (`from_city`) REFERENCES `destination` (`d_id`))
CRITICAL - 2022-08-13 21:21:27 --> Cannot add or update a child row: a foreign key constraint fails (`trp`.`bilty`, CONSTRAINT `bilty_ibfk_4` FOREIGN KEY (`from_city`) REFERENCES `destination` (`d_id`))
#0 C:\xampp\htdocs\trp\system\Database\MySQLi\Connection.php(292): mysqli->query('INSERT INTO `bi...', 0)
#1 C:\xampp\htdocs\trp\system\Database\BaseConnection.php(670): CodeIgniter\Database\MySQLi\Connection->execute('INSERT INTO `bi...')
#2 C:\xampp\htdocs\trp\system\Database\BaseConnection.php(598): CodeIgniter\Database\BaseConnection->simpleQuery('INSERT INTO `bi...')
#3 C:\xampp\htdocs\trp\system\Database\BaseBuilder.php(1771): CodeIgniter\Database\BaseConnection->query('INSERT INTO `bi...', Array, false)
#4 C:\xampp\htdocs\trp\app\Models\dashboardmodel.php(123): CodeIgniter\Database\BaseBuilder->insert(Array)
#5 C:\xampp\htdocs\trp\app\Controllers\trpadmin\trpadmin.php(358): App\Models\dashboardmodel->addBilty(Array)
#6 C:\xampp\htdocs\trp\system\CodeIgniter.php(825): App\Controllers\trpadmin\trpadmin->addBilty()
#7 C:\xampp\htdocs\trp\system\CodeIgniter.php(412): CodeIgniter\CodeIgniter->runController(Object(App\Controllers\trpadmin\trpadmin))
#8 C:\xampp\htdocs\trp\system\CodeIgniter.php(320): CodeIgniter\CodeIgniter->handleRequest(NULL, Object(Config\Cache), false)
#9 C:\xampp\htdocs\trp\public\index.php(37): CodeIgniter\CodeIgniter->run()
#10 {main}
ERROR - 2022-08-13 21:21:27 --> Cannot add or update a child row: a foreign key constraint fails (`trp`.`bilty`, CONSTRAINT `bilty_ibfk_4` FOREIGN KEY (`from_city`) REFERENCES `destination` (`d_id`))
CRITICAL - 2022-08-13 21:21:27 --> Cannot add or update a child row: a foreign key constraint fails (`trp`.`bilty`, CONSTRAINT `bilty_ibfk_4` FOREIGN KEY (`from_city`) REFERENCES `destination` (`d_id`))
#0 C:\xampp\htdocs\trp\system\Database\MySQLi\Connection.php(292): mysqli->query('INSERT INTO `bi...', 0)
#1 C:\xampp\htdocs\trp\system\Database\BaseConnection.php(670): CodeIgniter\Database\MySQLi\Connection->execute('INSERT INTO `bi...')
#2 C:\xampp\htdocs\trp\system\Database\BaseConnection.php(598): CodeIgniter\Database\BaseConnection->simpleQuery('INSERT INTO `bi...')
#3 C:\xampp\htdocs\trp\system\Database\BaseBuilder.php(1771): CodeIgniter\Database\BaseConnection->query('INSERT INTO `bi...', Array, false)
#4 C:\xampp\htdocs\trp\app\Models\dashboardmodel.php(123): CodeIgniter\Database\BaseBuilder->insert(Array)
#5 C:\xampp\htdocs\trp\app\Controllers\trpadmin\trpadmin.php(358): App\Models\dashboardmodel->addBilty(Array)
#6 C:\xampp\htdocs\trp\system\CodeIgniter.php(825): App\Controllers\trpadmin\trpadmin->addBilty()
#7 C:\xampp\htdocs\trp\system\CodeIgniter.php(412): CodeIgniter\CodeIgniter->runController(Object(App\Controllers\trpadmin\trpadmin))
#8 C:\xampp\htdocs\trp\system\CodeIgniter.php(320): CodeIgniter\CodeIgniter->handleRequest(NULL, Object(Config\Cache), false)
#9 C:\xampp\htdocs\trp\public\index.php(37): CodeIgniter\CodeIgniter->run()
#10 {main}
ERROR - 2022-08-13 21:21:28 --> Cannot add or update a child row: a foreign key constraint fails (`trp`.`bilty`, CONSTRAINT `bilty_ibfk_4` FOREIGN KEY (`from_city`) REFERENCES `destination` (`d_id`))
CRITICAL - 2022-08-13 21:21:28 --> Cannot add or update a child row: a foreign key constraint fails (`trp`.`bilty`, CONSTRAINT `bilty_ibfk_4` FOREIGN KEY (`from_city`) REFERENCES `destination` (`d_id`))
#0 C:\xampp\htdocs\trp\system\Database\MySQLi\Connection.php(292): mysqli->query('INSERT INTO `bi...', 0)
#1 C:\xampp\htdocs\trp\system\Database\BaseConnection.php(670): CodeIgniter\Database\MySQLi\Connection->execute('INSERT INTO `bi...')
#2 C:\xampp\htdocs\trp\system\Database\BaseConnection.php(598): CodeIgniter\Database\BaseConnection->simpleQuery('INSERT INTO `bi...')
#3 C:\xampp\htdocs\trp\system\Database\BaseBuilder.php(1771): CodeIgniter\Database\BaseConnection->query('INSERT INTO `bi...', Array, false)
#4 C:\xampp\htdocs\trp\app\Models\dashboardmodel.php(123): CodeIgniter\Database\BaseBuilder->insert(Array)
#5 C:\xampp\htdocs\trp\app\Controllers\trpadmin\trpadmin.php(358): App\Models\dashboardmodel->addBilty(Array)
#6 C:\xampp\htdocs\trp\system\CodeIgniter.php(825): App\Controllers\trpadmin\trpadmin->addBilty()
#7 C:\xampp\htdocs\trp\system\CodeIgniter.php(412): CodeIgniter\CodeIgniter->runController(Object(App\Controllers\trpadmin\trpadmin))
#8 C:\xampp\htdocs\trp\system\CodeIgniter.php(320): CodeIgniter\CodeIgniter->handleRequest(NULL, Object(Config\Cache), false)
#9 C:\xampp\htdocs\trp\public\index.php(37): CodeIgniter\CodeIgniter->run()
#10 {main}
ERROR - 2022-08-13 21:21:28 --> Cannot add or update a child row: a foreign key constraint fails (`trp`.`bilty`, CONSTRAINT `bilty_ibfk_4` FOREIGN KEY (`from_city`) REFERENCES `destination` (`d_id`))
CRITICAL - 2022-08-13 21:21:28 --> Cannot add or update a child row: a foreign key constraint fails (`trp`.`bilty`, CONSTRAINT `bilty_ibfk_4` FOREIGN KEY (`from_city`) REFERENCES `destination` (`d_id`))
#0 C:\xampp\htdocs\trp\system\Database\MySQLi\Connection.php(292): mysqli->query('INSERT INTO `bi...', 0)
#1 C:\xampp\htdocs\trp\system\Database\BaseConnection.php(670): CodeIgniter\Database\MySQLi\Connection->execute('INSERT INTO `bi...')
#2 C:\xampp\htdocs\trp\system\Database\BaseConnection.php(598): CodeIgniter\Database\BaseConnection->simpleQuery('INSERT INTO `bi...')
#3 C:\xampp\htdocs\trp\system\Database\BaseBuilder.php(1771): CodeIgniter\Database\BaseConnection->query('INSERT INTO `bi...', Array, false)
#4 C:\xampp\htdocs\trp\app\Models\dashboardmodel.php(123): CodeIgniter\Database\BaseBuilder->insert(Array)
#5 C:\xampp\htdocs\trp\app\Controllers\trpadmin\trpadmin.php(358): App\Models\dashboardmodel->addBilty(Array)
#6 C:\xampp\htdocs\trp\system\CodeIgniter.php(825): App\Controllers\trpadmin\trpadmin->addBilty()
#7 C:\xampp\htdocs\trp\system\CodeIgniter.php(412): CodeIgniter\CodeIgniter->runController(Object(App\Controllers\trpadmin\trpadmin))
#8 C:\xampp\htdocs\trp\system\CodeIgniter.php(320): CodeIgniter\CodeIgniter->handleRequest(NULL, Object(Config\Cache), false)
#9 C:\xampp\htdocs\trp\public\index.php(37): CodeIgniter\CodeIgniter->run()
#10 {main}
ERROR - 2022-08-13 21:21:28 --> Cannot add or update a child row: a foreign key constraint fails (`trp`.`bilty`, CONSTRAINT `bilty_ibfk_4` FOREIGN KEY (`from_city`) REFERENCES `destination` (`d_id`))
CRITICAL - 2022-08-13 21:21:28 --> Cannot add or update a child row: a foreign key constraint fails (`trp`.`bilty`, CONSTRAINT `bilty_ibfk_4` FOREIGN KEY (`from_city`) REFERENCES `destination` (`d_id`))
#0 C:\xampp\htdocs\trp\system\Database\MySQLi\Connection.php(292): mysqli->query('INSERT INTO `bi...', 0)
#1 C:\xampp\htdocs\trp\system\Database\BaseConnection.php(670): CodeIgniter\Database\MySQLi\Connection->execute('INSERT INTO `bi...')
#2 C:\xampp\htdocs\trp\system\Database\BaseConnection.php(598): CodeIgniter\Database\BaseConnection->simpleQuery('INSERT INTO `bi...')
#3 C:\xampp\htdocs\trp\system\Database\BaseBuilder.php(1771): CodeIgniter\Database\BaseConnection->query('INSERT INTO `bi...', Array, false)
#4 C:\xampp\htdocs\trp\app\Models\dashboardmodel.php(123): CodeIgniter\Database\BaseBuilder->insert(Array)
#5 C:\xampp\htdocs\trp\app\Controllers\trpadmin\trpadmin.php(358): App\Models\dashboardmodel->addBilty(Array)
#6 C:\xampp\htdocs\trp\system\CodeIgniter.php(825): App\Controllers\trpadmin\trpadmin->addBilty()
#7 C:\xampp\htdocs\trp\system\CodeIgniter.php(412): CodeIgniter\CodeIgniter->runController(Object(App\Controllers\trpadmin\trpadmin))
#8 C:\xampp\htdocs\trp\system\CodeIgniter.php(320): CodeIgniter\CodeIgniter->handleRequest(NULL, Object(Config\Cache), false)
#9 C:\xampp\htdocs\trp\public\index.php(37): CodeIgniter\CodeIgniter->run()
#10 {main}
ERROR - 2022-08-13 21:21:28 --> Cannot add or update a child row: a foreign key constraint fails (`trp`.`bilty`, CONSTRAINT `bilty_ibfk_4` FOREIGN KEY (`from_city`) REFERENCES `destination` (`d_id`))
CRITICAL - 2022-08-13 21:21:28 --> Cannot add or update a child row: a foreign key constraint fails (`trp`.`bilty`, CONSTRAINT `bilty_ibfk_4` FOREIGN KEY (`from_city`) REFERENCES `destination` (`d_id`))
#0 C:\xampp\htdocs\trp\system\Database\MySQLi\Connection.php(292): mysqli->query('INSERT INTO `bi...', 0)
#1 C:\xampp\htdocs\trp\system\Database\BaseConnection.php(670): CodeIgniter\Database\MySQLi\Connection->execute('INSERT INTO `bi...')
#2 C:\xampp\htdocs\trp\system\Database\BaseConnection.php(598): CodeIgniter\Database\BaseConnection->simpleQuery('INSERT INTO `bi...')
#3 C:\xampp\htdocs\trp\system\Database\BaseBuilder.php(1771): CodeIgniter\Database\BaseConnection->query('INSERT INTO `bi...', Array, false)
#4 C:\xampp\htdocs\trp\app\Models\dashboardmodel.php(123): CodeIgniter\Database\BaseBuilder->insert(Array)
#5 C:\xampp\htdocs\trp\app\Controllers\trpadmin\trpadmin.php(358): App\Models\dashboardmodel->addBilty(Array)
#6 C:\xampp\htdocs\trp\system\CodeIgniter.php(825): App\Controllers\trpadmin\trpadmin->addBilty()
#7 C:\xampp\htdocs\trp\system\CodeIgniter.php(412): CodeIgniter\CodeIgniter->runController(Object(App\Controllers\trpadmin\trpadmin))
#8 C:\xampp\htdocs\trp\system\CodeIgniter.php(320): CodeIgniter\CodeIgniter->handleRequest(NULL, Object(Config\Cache), false)
#9 C:\xampp\htdocs\trp\public\index.php(37): CodeIgniter\CodeIgniter->run()
#10 {main}
ERROR - 2022-08-13 21:24:58 --> Cannot add or update a child row: a foreign key constraint fails (`trp`.`bilty`, CONSTRAINT `bilty_ibfk_4` FOREIGN KEY (`from_city`) REFERENCES `destination` (`d_id`))
CRITICAL - 2022-08-13 21:24:58 --> Cannot add or update a child row: a foreign key constraint fails (`trp`.`bilty`, CONSTRAINT `bilty_ibfk_4` FOREIGN KEY (`from_city`) REFERENCES `destination` (`d_id`))
#0 C:\xampp\htdocs\trp\system\Database\MySQLi\Connection.php(292): mysqli->query('INSERT INTO `bi...', 0)
#1 C:\xampp\htdocs\trp\system\Database\BaseConnection.php(670): CodeIgniter\Database\MySQLi\Connection->execute('INSERT INTO `bi...')
#2 C:\xampp\htdocs\trp\system\Database\BaseConnection.php(598): CodeIgniter\Database\BaseConnection->simpleQuery('INSERT INTO `bi...')
#3 C:\xampp\htdocs\trp\system\Database\BaseBuilder.php(1771): CodeIgniter\Database\BaseConnection->query('INSERT INTO `bi...', Array, false)
#4 C:\xampp\htdocs\trp\app\Models\dashboardmodel.php(123): CodeIgniter\Database\BaseBuilder->insert(Array)
#5 C:\xampp\htdocs\trp\app\Controllers\trpadmin\trpadmin.php(358): App\Models\dashboardmodel->addBilty(Array)
#6 C:\xampp\htdocs\trp\system\CodeIgniter.php(825): App\Controllers\trpadmin\trpadmin->addBilty()
#7 C:\xampp\htdocs\trp\system\CodeIgniter.php(412): CodeIgniter\CodeIgniter->runController(Object(App\Controllers\trpadmin\trpadmin))
#8 C:\xampp\htdocs\trp\system\CodeIgniter.php(320): CodeIgniter\CodeIgniter->handleRequest(NULL, Object(Config\Cache), false)
#9 C:\xampp\htdocs\trp\public\index.php(37): CodeIgniter\CodeIgniter->run()
#10 {main}
ERROR - 2022-08-13 21:24:58 --> Cannot add or update a child row: a foreign key constraint fails (`trp`.`bilty`, CONSTRAINT `bilty_ibfk_4` FOREIGN KEY (`from_city`) REFERENCES `destination` (`d_id`))
CRITICAL - 2022-08-13 21:24:58 --> Cannot add or update a child row: a foreign key constraint fails (`trp`.`bilty`, CONSTRAINT `bilty_ibfk_4` FOREIGN KEY (`from_city`) REFERENCES `destination` (`d_id`))
#0 C:\xampp\htdocs\trp\system\Database\MySQLi\Connection.php(292): mysqli->query('INSERT INTO `bi...', 0)
#1 C:\xampp\htdocs\trp\system\Database\BaseConnection.php(670): CodeIgniter\Database\MySQLi\Connection->execute('INSERT INTO `bi...')
#2 C:\xampp\htdocs\trp\system\Database\BaseConnection.php(598): CodeIgniter\Database\BaseConnection->simpleQuery('INSERT INTO `bi...')
#3 C:\xampp\htdocs\trp\system\Database\BaseBuilder.php(1771): CodeIgniter\Database\BaseConnection->query('INSERT INTO `bi...', Array, false)
#4 C:\xampp\htdocs\trp\app\Models\dashboardmodel.php(123): CodeIgniter\Database\BaseBuilder->insert(Array)
#5 C:\xampp\htdocs\trp\app\Controllers\trpadmin\trpadmin.php(358): App\Models\dashboardmodel->addBilty(Array)
#6 C:\xampp\htdocs\trp\system\CodeIgniter.php(825): App\Controllers\trpadmin\trpadmin->addBilty()
#7 C:\xampp\htdocs\trp\system\CodeIgniter.php(412): CodeIgniter\CodeIgniter->runController(Object(App\Controllers\trpadmin\trpadmin))
#8 C:\xampp\htdocs\trp\system\CodeIgniter.php(320): CodeIgniter\CodeIgniter->handleRequest(NULL, Object(Config\Cache), false)
#9 C:\xampp\htdocs\trp\public\index.php(37): CodeIgniter\CodeIgniter->run()
#10 {main}
ERROR - 2022-08-13 21:24:59 --> Cannot add or update a child row: a foreign key constraint fails (`trp`.`bilty`, CONSTRAINT `bilty_ibfk_4` FOREIGN KEY (`from_city`) REFERENCES `destination` (`d_id`))
CRITICAL - 2022-08-13 21:24:59 --> Cannot add or update a child row: a foreign key constraint fails (`trp`.`bilty`, CONSTRAINT `bilty_ibfk_4` FOREIGN KEY (`from_city`) REFERENCES `destination` (`d_id`))
#0 C:\xampp\htdocs\trp\system\Database\MySQLi\Connection.php(292): mysqli->query('INSERT INTO `bi...', 0)
#1 C:\xampp\htdocs\trp\system\Database\BaseConnection.php(670): CodeIgniter\Database\MySQLi\Connection->execute('INSERT INTO `bi...')
#2 C:\xampp\htdocs\trp\system\Database\BaseConnection.php(598): CodeIgniter\Database\BaseConnection->simpleQuery('INSERT INTO `bi...')
#3 C:\xampp\htdocs\trp\system\Database\BaseBuilder.php(1771): CodeIgniter\Database\BaseConnection->query('INSERT INTO `bi...', Array, false)
#4 C:\xampp\htdocs\trp\app\Models\dashboardmodel.php(123): CodeIgniter\Database\BaseBuilder->insert(Array)
#5 C:\xampp\htdocs\trp\app\Controllers\trpadmin\trpadmin.php(358): App\Models\dashboardmodel->addBilty(Array)
#6 C:\xampp\htdocs\trp\system\CodeIgniter.php(825): App\Controllers\trpadmin\trpadmin->addBilty()
#7 C:\xampp\htdocs\trp\system\CodeIgniter.php(412): CodeIgniter\CodeIgniter->runController(Object(App\Controllers\trpadmin\trpadmin))
#8 C:\xampp\htdocs\trp\system\CodeIgniter.php(320): CodeIgniter\CodeIgniter->handleRequest(NULL, Object(Config\Cache), false)
#9 C:\xampp\htdocs\trp\public\index.php(37): CodeIgniter\CodeIgniter->run()
#10 {main}
ERROR - 2022-08-13 21:25:02 --> Cannot add or update a child row: a foreign key constraint fails (`trp`.`bilty`, CONSTRAINT `bilty_ibfk_4` FOREIGN KEY (`from_city`) REFERENCES `destination` (`d_id`))
CRITICAL - 2022-08-13 21:25:02 --> Cannot add or update a child row: a foreign key constraint fails (`trp`.`bilty`, CONSTRAINT `bilty_ibfk_4` FOREIGN KEY (`from_city`) REFERENCES `destination` (`d_id`))
#0 C:\xampp\htdocs\trp\system\Database\MySQLi\Connection.php(292): mysqli->query('INSERT INTO `bi...', 0)
#1 C:\xampp\htdocs\trp\system\Database\BaseConnection.php(670): CodeIgniter\Database\MySQLi\Connection->execute('INSERT INTO `bi...')
#2 C:\xampp\htdocs\trp\system\Database\BaseConnection.php(598): CodeIgniter\Database\BaseConnection->simpleQuery('INSERT INTO `bi...')
#3 C:\xampp\htdocs\trp\system\Database\BaseBuilder.php(1771): CodeIgniter\Database\BaseConnection->query('INSERT INTO `bi...', Array, false)
#4 C:\xampp\htdocs\trp\app\Models\dashboardmodel.php(123): CodeIgniter\Database\BaseBuilder->insert(Array)
#5 C:\xampp\htdocs\trp\app\Controllers\trpadmin\trpadmin.php(358): App\Models\dashboardmodel->addBilty(Array)
#6 C:\xampp\htdocs\trp\system\CodeIgniter.php(825): App\Controllers\trpadmin\trpadmin->addBilty()
#7 C:\xampp\htdocs\trp\system\CodeIgniter.php(412): CodeIgniter\CodeIgniter->runController(Object(App\Controllers\trpadmin\trpadmin))
#8 C:\xampp\htdocs\trp\system\CodeIgniter.php(320): CodeIgniter\CodeIgniter->handleRequest(NULL, Object(Config\Cache), false)
#9 C:\xampp\htdocs\trp\public\index.php(37): CodeIgniter\CodeIgniter->run()
#10 {main}
ERROR - 2022-08-13 21:25:08 --> Cannot add or update a child row: a foreign key constraint fails (`trp`.`bilty`, CONSTRAINT `bilty_ibfk_4` FOREIGN KEY (`from_city`) REFERENCES `destination` (`d_id`))
CRITICAL - 2022-08-13 21:25:08 --> Cannot add or update a child row: a foreign key constraint fails (`trp`.`bilty`, CONSTRAINT `bilty_ibfk_4` FOREIGN KEY (`from_city`) REFERENCES `destination` (`d_id`))
#0 C:\xampp\htdocs\trp\system\Database\MySQLi\Connection.php(292): mysqli->query('INSERT INTO `bi...', 0)
#1 C:\xampp\htdocs\trp\system\Database\BaseConnection.php(670): CodeIgniter\Database\MySQLi\Connection->execute('INSERT INTO `bi...')
#2 C:\xampp\htdocs\trp\system\Database\BaseConnection.php(598): CodeIgniter\Database\BaseConnection->simpleQuery('INSERT INTO `bi...')
#3 C:\xampp\htdocs\trp\system\Database\BaseBuilder.php(1771): CodeIgniter\Database\BaseConnection->query('INSERT INTO `bi...', Array, false)
#4 C:\xampp\htdocs\trp\app\Models\dashboardmodel.php(123): CodeIgniter\Database\BaseBuilder->insert(Array)
#5 C:\xampp\htdocs\trp\app\Controllers\trpadmin\trpadmin.php(358): App\Models\dashboardmodel->addBilty(Array)
#6 C:\xampp\htdocs\trp\system\CodeIgniter.php(825): App\Controllers\trpadmin\trpadmin->addBilty()
#7 C:\xampp\htdocs\trp\system\CodeIgniter.php(412): CodeIgniter\CodeIgniter->runController(Object(App\Controllers\trpadmin\trpadmin))
#8 C:\xampp\htdocs\trp\system\CodeIgniter.php(320): CodeIgniter\CodeIgniter->handleRequest(NULL, Object(Config\Cache), false)
#9 C:\xampp\htdocs\trp\public\index.php(37): CodeIgniter\CodeIgniter->run()
#10 {main}
ERROR - 2022-08-13 21:28:12 --> Cannot add or update a child row: a foreign key constraint fails (`trp`.`bilty`, CONSTRAINT `bilty_ibfk_2` FOREIGN KEY (`consignee`) REFERENCES `consignee` (`nee_id`))
CRITICAL - 2022-08-13 21:28:12 --> Cannot add or update a child row: a foreign key constraint fails (`trp`.`bilty`, CONSTRAINT `bilty_ibfk_2` FOREIGN KEY (`consignee`) REFERENCES `consignee` (`nee_id`))
#0 C:\xampp\htdocs\trp\system\Database\MySQLi\Connection.php(292): mysqli->query('INSERT INTO `bi...', 0)
#1 C:\xampp\htdocs\trp\system\Database\BaseConnection.php(670): CodeIgniter\Database\MySQLi\Connection->execute('INSERT INTO `bi...')
#2 C:\xampp\htdocs\trp\system\Database\BaseConnection.php(598): CodeIgniter\Database\BaseConnection->simpleQuery('INSERT INTO `bi...')
#3 C:\xampp\htdocs\trp\system\Database\BaseBuilder.php(1771): CodeIgniter\Database\BaseConnection->query('INSERT INTO `bi...', Array, false)
#4 C:\xampp\htdocs\trp\app\Models\dashboardmodel.php(123): CodeIgniter\Database\BaseBuilder->insert(Array)
#5 C:\xampp\htdocs\trp\app\Controllers\trpadmin\trpadmin.php(358): App\Models\dashboardmodel->addBilty(Array)
#6 C:\xampp\htdocs\trp\system\CodeIgniter.php(825): App\Controllers\trpadmin\trpadmin->addBilty()
#7 C:\xampp\htdocs\trp\system\CodeIgniter.php(412): CodeIgniter\CodeIgniter->runController(Object(App\Controllers\trpadmin\trpadmin))
#8 C:\xampp\htdocs\trp\system\CodeIgniter.php(320): CodeIgniter\CodeIgniter->handleRequest(NULL, Object(Config\Cache), false)
#9 C:\xampp\htdocs\trp\public\index.php(37): CodeIgniter\CodeIgniter->run()
#10 {main}
ERROR - 2022-08-13 21:36:42 --> Cannot add or update a child row: a foreign key constraint fails (`trp`.`bilty`, CONSTRAINT `bilty_ibfk_2` FOREIGN KEY (`consignee`) REFERENCES `consignee` (`nee_id`))
CRITICAL - 2022-08-13 21:36:42 --> Cannot add or update a child row: a foreign key constraint fails (`trp`.`bilty`, CONSTRAINT `bilty_ibfk_2` FOREIGN KEY (`consignee`) REFERENCES `consignee` (`nee_id`))
#0 C:\xampp\htdocs\trp\system\Database\MySQLi\Connection.php(292): mysqli->query('INSERT INTO `bi...', 0)
#1 C:\xampp\htdocs\trp\system\Database\BaseConnection.php(670): CodeIgniter\Database\MySQLi\Connection->execute('INSERT INTO `bi...')
#2 C:\xampp\htdocs\trp\system\Database\BaseConnection.php(598): CodeIgniter\Database\BaseConnection->simpleQuery('INSERT INTO `bi...')
#3 C:\xampp\htdocs\trp\system\Database\BaseBuilder.php(1771): CodeIgniter\Database\BaseConnection->query('INSERT INTO `bi...', Array, false)
#4 C:\xampp\htdocs\trp\app\Models\dashboardmodel.php(123): CodeIgniter\Database\BaseBuilder->insert(Array)
#5 C:\xampp\htdocs\trp\app\Controllers\trpadmin\trpadmin.php(358): App\Models\dashboardmodel->addBilty(Array)
#6 C:\xampp\htdocs\trp\system\CodeIgniter.php(825): App\Controllers\trpadmin\trpadmin->addBilty()
#7 C:\xampp\htdocs\trp\system\CodeIgniter.php(412): CodeIgniter\CodeIgniter->runController(Object(App\Controllers\trpadmin\trpadmin))
#8 C:\xampp\htdocs\trp\system\CodeIgniter.php(320): CodeIgniter\CodeIgniter->handleRequest(NULL, Object(Config\Cache), false)
#9 C:\xampp\htdocs\trp\public\index.php(37): CodeIgniter\CodeIgniter->run()
#10 {main}
ERROR - 2022-08-13 21:36:50 --> Cannot add or update a child row: a foreign key constraint fails (`trp`.`bilty`, CONSTRAINT `bilty_ibfk_2` FOREIGN KEY (`consignee`) REFERENCES `consignee` (`nee_id`))
CRITICAL - 2022-08-13 21:36:50 --> Cannot add or update a child row: a foreign key constraint fails (`trp`.`bilty`, CONSTRAINT `bilty_ibfk_2` FOREIGN KEY (`consignee`) REFERENCES `consignee` (`nee_id`))
#0 C:\xampp\htdocs\trp\system\Database\MySQLi\Connection.php(292): mysqli->query('INSERT INTO `bi...', 0)
#1 C:\xampp\htdocs\trp\system\Database\BaseConnection.php(670): CodeIgniter\Database\MySQLi\Connection->execute('INSERT INTO `bi...')
#2 C:\xampp\htdocs\trp\system\Database\BaseConnection.php(598): CodeIgniter\Database\BaseConnection->simpleQuery('INSERT INTO `bi...')
#3 C:\xampp\htdocs\trp\system\Database\BaseBuilder.php(1771): CodeIgniter\Database\BaseConnection->query('INSERT INTO `bi...', Array, false)
#4 C:\xampp\htdocs\trp\app\Models\dashboardmodel.php(123): CodeIgniter\Database\BaseBuilder->insert(Array)
#5 C:\xampp\htdocs\trp\app\Controllers\trpadmin\trpadmin.php(358): App\Models\dashboardmodel->addBilty(Array)
#6 C:\xampp\htdocs\trp\system\CodeIgniter.php(825): App\Controllers\trpadmin\trpadmin->addBilty()
#7 C:\xampp\htdocs\trp\system\CodeIgniter.php(412): CodeIgniter\CodeIgniter->runController(Object(App\Controllers\trpadmin\trpadmin))
#8 C:\xampp\htdocs\trp\system\CodeIgniter.php(320): CodeIgniter\CodeIgniter->handleRequest(NULL, Object(Config\Cache), false)
#9 C:\xampp\htdocs\trp\public\index.php(37): CodeIgniter\CodeIgniter->run()
#10 {main}
ERROR - 2022-08-13 21:38:16 --> Cannot add or update a child row: a foreign key constraint fails (`trp`.`bilty`, CONSTRAINT `bilty_ibfk_2` FOREIGN KEY (`consignee`) REFERENCES `consignee` (`nee_id`))
CRITICAL - 2022-08-13 21:38:16 --> Cannot add or update a child row: a foreign key constraint fails (`trp`.`bilty`, CONSTRAINT `bilty_ibfk_2` FOREIGN KEY (`consignee`) REFERENCES `consignee` (`nee_id`))
#0 C:\xampp\htdocs\trp\system\Database\MySQLi\Connection.php(292): mysqli->query('INSERT INTO `bi...', 0)
#1 C:\xampp\htdocs\trp\system\Database\BaseConnection.php(670): CodeIgniter\Database\MySQLi\Connection->execute('INSERT INTO `bi...')
#2 C:\xampp\htdocs\trp\system\Database\BaseConnection.php(598): CodeIgniter\Database\BaseConnection->simpleQuery('INSERT INTO `bi...')
#3 C:\xampp\htdocs\trp\system\Database\BaseBuilder.php(1771): CodeIgniter\Database\BaseConnection->query('INSERT INTO `bi...', Array, false)
#4 C:\xampp\htdocs\trp\app\Models\dashboardmodel.php(123): CodeIgniter\Database\BaseBuilder->insert(Array)
#5 C:\xampp\htdocs\trp\app\Controllers\trpadmin\trpadmin.php(358): App\Models\dashboardmodel->addBilty(Array)
#6 C:\xampp\htdocs\trp\system\CodeIgniter.php(825): App\Controllers\trpadmin\trpadmin->addBilty()
#7 C:\xampp\htdocs\trp\system\CodeIgniter.php(412): CodeIgniter\CodeIgniter->runController(Object(App\Controllers\trpadmin\trpadmin))
#8 C:\xampp\htdocs\trp\system\CodeIgniter.php(320): CodeIgniter\CodeIgniter->handleRequest(NULL, Object(Config\Cache), false)
#9 C:\xampp\htdocs\trp\public\index.php(37): CodeIgniter\CodeIgniter->run()
#10 {main}
CRITICAL - 2022-08-13 21:38:32 --> count(): Argument #1 ($value) must be of type Countable|array, null given
#0 C:\xampp\htdocs\trp\app\Controllers\trpadmin\trpadmin.php(364): count(NULL)
#1 C:\xampp\htdocs\trp\system\CodeIgniter.php(825): App\Controllers\trpadmin\trpadmin->addBilty()
#2 C:\xampp\htdocs\trp\system\CodeIgniter.php(412): CodeIgniter\CodeIgniter->runController(Object(App\Controllers\trpadmin\trpadmin))
#3 C:\xampp\htdocs\trp\system\CodeIgniter.php(320): CodeIgniter\CodeIgniter->handleRequest(NULL, Object(Config\Cache), false)
#4 C:\xampp\htdocs\trp\public\index.php(37): CodeIgniter\CodeIgniter->run()
#5 {main}
CRITICAL - 2022-08-13 21:39:39 --> count(): Argument #1 ($value) must be of type Countable|array, null given
#0 C:\xampp\htdocs\trp\app\Controllers\trpadmin\trpadmin.php(364): count(NULL)
#1 C:\xampp\htdocs\trp\system\CodeIgniter.php(825): App\Controllers\trpadmin\trpadmin->addBilty()
#2 C:\xampp\htdocs\trp\system\CodeIgniter.php(412): CodeIgniter\CodeIgniter->runController(Object(App\Controllers\trpadmin\trpadmin))
#3 C:\xampp\htdocs\trp\system\CodeIgniter.php(320): CodeIgniter\CodeIgniter->handleRequest(NULL, Object(Config\Cache), false)
#4 C:\xampp\htdocs\trp\public\index.php(37): CodeIgniter\CodeIgniter->run()
#5 {main}
ERROR - 2022-08-13 21:39:53 --> Cannot add or update a child row: a foreign key constraint fails (`trp`.`bilty`, CONSTRAINT `bilty_ibfk_2` FOREIGN KEY (`consignee`) REFERENCES `consignee` (`nee_id`))
CRITICAL - 2022-08-13 21:39:53 --> Cannot add or update a child row: a foreign key constraint fails (`trp`.`bilty`, CONSTRAINT `bilty_ibfk_2` FOREIGN KEY (`consignee`) REFERENCES `consignee` (`nee_id`))
#0 C:\xampp\htdocs\trp\system\Database\MySQLi\Connection.php(292): mysqli->query('INSERT INTO `bi...', 0)
#1 C:\xampp\htdocs\trp\system\Database\BaseConnection.php(670): CodeIgniter\Database\MySQLi\Connection->execute('INSERT INTO `bi...')
#2 C:\xampp\htdocs\trp\system\Database\BaseConnection.php(598): CodeIgniter\Database\BaseConnection->simpleQuery('INSERT INTO `bi...')
#3 C:\xampp\htdocs\trp\system\Database\BaseBuilder.php(1771): CodeIgniter\Database\BaseConnection->query('INSERT INTO `bi...', Array, false)
#4 C:\xampp\htdocs\trp\app\Models\dashboardmodel.php(123): CodeIgniter\Database\BaseBuilder->insert(Array)
#5 C:\xampp\htdocs\trp\app\Controllers\trpadmin\trpadmin.php(358): App\Models\dashboardmodel->addBilty(Array)
#6 C:\xampp\htdocs\trp\system\CodeIgniter.php(825): App\Controllers\trpadmin\trpadmin->addBilty()
#7 C:\xampp\htdocs\trp\system\CodeIgniter.php(412): CodeIgniter\CodeIgniter->runController(Object(App\Controllers\trpadmin\trpadmin))
#8 C:\xampp\htdocs\trp\system\CodeIgniter.php(320): CodeIgniter\CodeIgniter->handleRequest(NULL, Object(Config\Cache), false)
#9 C:\xampp\htdocs\trp\public\index.php(37): CodeIgniter\CodeIgniter->run()
#10 {main}
ERROR - 2022-08-13 21:41:24 --> Cannot add or update a child row: a foreign key constraint fails (`trp`.`bilty`, CONSTRAINT `bilty_ibfk_2` FOREIGN KEY (`consignee`) REFERENCES `consignee` (`nee_id`))
CRITICAL - 2022-08-13 21:41:24 --> Cannot add or update a child row: a foreign key constraint fails (`trp`.`bilty`, CONSTRAINT `bilty_ibfk_2` FOREIGN KEY (`consignee`) REFERENCES `consignee` (`nee_id`))
#0 C:\xampp\htdocs\trp\system\Database\MySQLi\Connection.php(292): mysqli->query('INSERT INTO `bi...', 0)
#1 C:\xampp\htdocs\trp\system\Database\BaseConnection.php(670): CodeIgniter\Database\MySQLi\Connection->execute('INSERT INTO `bi...')
#2 C:\xampp\htdocs\trp\system\Database\BaseConnection.php(598): CodeIgniter\Database\BaseConnection->simpleQuery('INSERT INTO `bi...')
#3 C:\xampp\htdocs\trp\system\Database\BaseBuilder.php(1771): CodeIgniter\Database\BaseConnection->query('INSERT INTO `bi...', Array, false)
#4 C:\xampp\htdocs\trp\app\Models\dashboardmodel.php(123): CodeIgniter\Database\BaseBuilder->insert(Array)
#5 C:\xampp\htdocs\trp\app\Controllers\trpadmin\trpadmin.php(358): App\Models\dashboardmodel->addBilty(Array)
#6 C:\xampp\htdocs\trp\system\CodeIgniter.php(825): App\Controllers\trpadmin\trpadmin->addBilty()
#7 C:\xampp\htdocs\trp\system\CodeIgniter.php(412): CodeIgniter\CodeIgniter->runController(Object(App\Controllers\trpadmin\trpadmin))
#8 C:\xampp\htdocs\trp\system\CodeIgniter.php(320): CodeIgniter\CodeIgniter->handleRequest(NULL, Object(Config\Cache), false)
#9 C:\xampp\htdocs\trp\public\index.php(37): CodeIgniter\CodeIgniter->run()
#10 {main}
CRITICAL - 2022-08-13 21:41:34 --> count(): Argument #1 ($value) must be of type Countable|array, null given
#0 C:\xampp\htdocs\trp\app\Controllers\trpadmin\trpadmin.php(364): count(NULL)
#1 C:\xampp\htdocs\trp\system\CodeIgniter.php(825): App\Controllers\trpadmin\trpadmin->addBilty()
#2 C:\xampp\htdocs\trp\system\CodeIgniter.php(412): CodeIgniter\CodeIgniter->runController(Object(App\Controllers\trpadmin\trpadmin))
#3 C:\xampp\htdocs\trp\system\CodeIgniter.php(320): CodeIgniter\CodeIgniter->handleRequest(NULL, Object(Config\Cache), false)
#4 C:\xampp\htdocs\trp\public\index.php(37): CodeIgniter\CodeIgniter->run()
#5 {main}
CRITICAL - 2022-08-13 21:41:36 --> count(): Argument #1 ($value) must be of type Countable|array, null given
#0 C:\xampp\htdocs\trp\app\Controllers\trpadmin\trpadmin.php(364): count(NULL)
#1 C:\xampp\htdocs\trp\system\CodeIgniter.php(825): App\Controllers\trpadmin\trpadmin->addBilty()
#2 C:\xampp\htdocs\trp\system\CodeIgniter.php(412): CodeIgniter\CodeIgniter->runController(Object(App\Controllers\trpadmin\trpadmin))
#3 C:\xampp\htdocs\trp\system\CodeIgniter.php(320): CodeIgniter\CodeIgniter->handleRequest(NULL, Object(Config\Cache), false)
#4 C:\xampp\htdocs\trp\public\index.php(37): CodeIgniter\CodeIgniter->run()
#5 {main}
CRITICAL - 2022-08-13 21:41:37 --> count(): Argument #1 ($value) must be of type Countable|array, null given
#0 C:\xampp\htdocs\trp\app\Controllers\trpadmin\trpadmin.php(364): count(NULL)
#1 C:\xampp\htdocs\trp\system\CodeIgniter.php(825): App\Controllers\trpadmin\trpadmin->addBilty()
#2 C:\xampp\htdocs\trp\system\CodeIgniter.php(412): CodeIgniter\CodeIgniter->runController(Object(App\Controllers\trpadmin\trpadmin))
#3 C:\xampp\htdocs\trp\system\CodeIgniter.php(320): CodeIgniter\CodeIgniter->handleRequest(NULL, Object(Config\Cache), false)
#4 C:\xampp\htdocs\trp\public\index.php(37): CodeIgniter\CodeIgniter->run()
#5 {main}
CRITICAL - 2022-08-13 21:41:38 --> count(): Argument #1 ($value) must be of type Countable|array, null given
#0 C:\xampp\htdocs\trp\app\Controllers\trpadmin\trpadmin.php(364): count(NULL)
#1 C:\xampp\htdocs\trp\system\CodeIgniter.php(825): App\Controllers\trpadmin\trpadmin->addBilty()
#2 C:\xampp\htdocs\trp\system\CodeIgniter.php(412): CodeIgniter\CodeIgniter->runController(Object(App\Controllers\trpadmin\trpadmin))
#3 C:\xampp\htdocs\trp\system\CodeIgniter.php(320): CodeIgniter\CodeIgniter->handleRequest(NULL, Object(Config\Cache), false)
#4 C:\xampp\htdocs\trp\public\index.php(37): CodeIgniter\CodeIgniter->run()
#5 {main}
CRITICAL - 2022-08-13 21:42:03 --> count(): Argument #1 ($value) must be of type Countable|array, null given
#0 C:\xampp\htdocs\trp\app\Controllers\trpadmin\trpadmin.php(364): count(NULL)
#1 C:\xampp\htdocs\trp\system\CodeIgniter.php(825): App\Controllers\trpadmin\trpadmin->addBilty()
#2 C:\xampp\htdocs\trp\system\CodeIgniter.php(412): CodeIgniter\CodeIgniter->runController(Object(App\Controllers\trpadmin\trpadmin))
#3 C:\xampp\htdocs\trp\system\CodeIgniter.php(320): CodeIgniter\CodeIgniter->handleRequest(NULL, Object(Config\Cache), false)
#4 C:\xampp\htdocs\trp\public\index.php(37): CodeIgniter\CodeIgniter->run()
#5 {main}
CRITICAL - 2022-08-13 21:42:05 --> count(): Argument #1 ($value) must be of type Countable|array, null given
#0 C:\xampp\htdocs\trp\app\Controllers\trpadmin\trpadmin.php(364): count(NULL)
#1 C:\xampp\htdocs\trp\system\CodeIgniter.php(825): App\Controllers\trpadmin\trpadmin->addBilty()
#2 C:\xampp\htdocs\trp\system\CodeIgniter.php(412): CodeIgniter\CodeIgniter->runController(Object(App\Controllers\trpadmin\trpadmin))
#3 C:\xampp\htdocs\trp\system\CodeIgniter.php(320): CodeIgniter\CodeIgniter->handleRequest(NULL, Object(Config\Cache), false)
#4 C:\xampp\htdocs\trp\public\index.php(37): CodeIgniter\CodeIgniter->run()
#5 {main}
CRITICAL - 2022-08-13 21:42:06 --> count(): Argument #1 ($value) must be of type Countable|array, null given
#0 C:\xampp\htdocs\trp\app\Controllers\trpadmin\trpadmin.php(364): count(NULL)
#1 C:\xampp\htdocs\trp\system\CodeIgniter.php(825): App\Controllers\trpadmin\trpadmin->addBilty()
#2 C:\xampp\htdocs\trp\system\CodeIgniter.php(412): CodeIgniter\CodeIgniter->runController(Object(App\Controllers\trpadmin\trpadmin))
#3 C:\xampp\htdocs\trp\system\CodeIgniter.php(320): CodeIgniter\CodeIgniter->handleRequest(NULL, Object(Config\Cache), false)
#4 C:\xampp\htdocs\trp\public\index.php(37): CodeIgniter\CodeIgniter->run()
#5 {main}
CRITICAL - 2022-08-13 21:42:07 --> count(): Argument #1 ($value) must be of type Countable|array, null given
#0 C:\xampp\htdocs\trp\app\Controllers\trpadmin\trpadmin.php(364): count(NULL)
#1 C:\xampp\htdocs\trp\system\CodeIgniter.php(825): App\Controllers\trpadmin\trpadmin->addBilty()
#2 C:\xampp\htdocs\trp\system\CodeIgniter.php(412): CodeIgniter\CodeIgniter->runController(Object(App\Controllers\trpadmin\trpadmin))
#3 C:\xampp\htdocs\trp\system\CodeIgniter.php(320): CodeIgniter\CodeIgniter->handleRequest(NULL, Object(Config\Cache), false)
#4 C:\xampp\htdocs\trp\public\index.php(37): CodeIgniter\CodeIgniter->run()
#5 {main}
ERROR - 2022-08-13 21:42:15 --> Cannot add or update a child row: a foreign key constraint fails (`trp`.`bilty`, CONSTRAINT `bilty_ibfk_2` FOREIGN KEY (`consignee`) REFERENCES `consignee` (`nee_id`))
CRITICAL - 2022-08-13 21:42:15 --> Cannot add or update a child row: a foreign key constraint fails (`trp`.`bilty`, CONSTRAINT `bilty_ibfk_2` FOREIGN KEY (`consignee`) REFERENCES `consignee` (`nee_id`))
#0 C:\xampp\htdocs\trp\system\Database\MySQLi\Connection.php(292): mysqli->query('INSERT INTO `bi...', 0)
#1 C:\xampp\htdocs\trp\system\Database\BaseConnection.php(670): CodeIgniter\Database\MySQLi\Connection->execute('INSERT INTO `bi...')
#2 C:\xampp\htdocs\trp\system\Database\BaseConnection.php(598): CodeIgniter\Database\BaseConnection->simpleQuery('INSERT INTO `bi...')
#3 C:\xampp\htdocs\trp\system\Database\BaseBuilder.php(1771): CodeIgniter\Database\BaseConnection->query('INSERT INTO `bi...', Array, false)
#4 C:\xampp\htdocs\trp\app\Models\dashboardmodel.php(123): CodeIgniter\Database\BaseBuilder->insert(Array)
#5 C:\xampp\htdocs\trp\app\Controllers\trpadmin\trpadmin.php(358): App\Models\dashboardmodel->addBilty(Array)
#6 C:\xampp\htdocs\trp\system\CodeIgniter.php(825): App\Controllers\trpadmin\trpadmin->addBilty()
#7 C:\xampp\htdocs\trp\system\CodeIgniter.php(412): CodeIgniter\CodeIgniter->runController(Object(App\Controllers\trpadmin\trpadmin))
#8 C:\xampp\htdocs\trp\system\CodeIgniter.php(320): CodeIgniter\CodeIgniter->handleRequest(NULL, Object(Config\Cache), false)
#9 C:\xampp\htdocs\trp\public\index.php(37): CodeIgniter\CodeIgniter->run()
#10 {main}
ERROR - 2022-08-13 21:42:26 --> Cannot add or update a child row: a foreign key constraint fails (`trp`.`bilty`, CONSTRAINT `bilty_ibfk_2` FOREIGN KEY (`consignee`) REFERENCES `consignee` (`nee_id`))
CRITICAL - 2022-08-13 21:42:26 --> Cannot add or update a child row: a foreign key constraint fails (`trp`.`bilty`, CONSTRAINT `bilty_ibfk_2` FOREIGN KEY (`consignee`) REFERENCES `consignee` (`nee_id`))
#0 C:\xampp\htdocs\trp\system\Database\MySQLi\Connection.php(292): mysqli->query('INSERT INTO `bi...', 0)
#1 C:\xampp\htdocs\trp\system\Database\BaseConnection.php(670): CodeIgniter\Database\MySQLi\Connection->execute('INSERT INTO `bi...')
#2 C:\xampp\htdocs\trp\system\Database\BaseConnection.php(598): CodeIgniter\Database\BaseConnection->simpleQuery('INSERT INTO `bi...')
#3 C:\xampp\htdocs\trp\system\Database\BaseBuilder.php(1771): CodeIgniter\Database\BaseConnection->query('INSERT INTO `bi...', Array, false)
#4 C:\xampp\htdocs\trp\app\Models\dashboardmodel.php(123): CodeIgniter\Database\BaseBuilder->insert(Array)
#5 C:\xampp\htdocs\trp\app\Controllers\trpadmin\trpadmin.php(358): App\Models\dashboardmodel->addBilty(Array)
#6 C:\xampp\htdocs\trp\system\CodeIgniter.php(825): App\Controllers\trpadmin\trpadmin->addBilty()
#7 C:\xampp\htdocs\trp\system\CodeIgniter.php(412): CodeIgniter\CodeIgniter->runController(Object(App\Controllers\trpadmin\trpadmin))
#8 C:\xampp\htdocs\trp\system\CodeIgniter.php(320): CodeIgniter\CodeIgniter->handleRequest(NULL, Object(Config\Cache), false)
#9 C:\xampp\htdocs\trp\public\index.php(37): CodeIgniter\CodeIgniter->run()
#10 {main}
CRITICAL - 2022-08-13 21:42:50 --> count(): Argument #1 ($value) must be of type Countable|array, null given
#0 C:\xampp\htdocs\trp\app\Controllers\trpadmin\trpadmin.php(364): count(NULL)
#1 C:\xampp\htdocs\trp\system\CodeIgniter.php(825): App\Controllers\trpadmin\trpadmin->addBilty()
#2 C:\xampp\htdocs\trp\system\CodeIgniter.php(412): CodeIgniter\CodeIgniter->runController(Object(App\Controllers\trpadmin\trpadmin))
#3 C:\xampp\htdocs\trp\system\CodeIgniter.php(320): CodeIgniter\CodeIgniter->handleRequest(NULL, Object(Config\Cache), false)
#4 C:\xampp\htdocs\trp\public\index.php(37): CodeIgniter\CodeIgniter->run()
#5 {main}
CRITICAL - 2022-08-13 21:43:40 --> Uninitialized string offset 0
#0 C:\xampp\htdocs\trp\app\Controllers\trpadmin\trpadmin.php(370): CodeIgniter\Debug\Exceptions->errorHandler(2, 'Uninitialized s...', 'C:\\xampp\\htdocs...', 370)
#1 C:\xampp\htdocs\trp\system\CodeIgniter.php(825): App\Controllers\trpadmin\trpadmin->addBilty()
#2 C:\xampp\htdocs\trp\system\CodeIgniter.php(412): CodeIgniter\CodeIgniter->runController(Object(App\Controllers\trpadmin\trpadmin))
#3 C:\xampp\htdocs\trp\system\CodeIgniter.php(320): CodeIgniter\CodeIgniter->handleRequest(NULL, Object(Config\Cache), false)
#4 C:\xampp\htdocs\trp\public\index.php(37): CodeIgniter\CodeIgniter->run()
#5 {main}
ERROR - 2022-08-13 21:44:24 --> Cannot add or update a child row: a foreign key constraint fails (`trp`.`bilty`, CONSTRAINT `bilty_ibfk_2` FOREIGN KEY (`consignee`) REFERENCES `consignee` (`nee_id`))
CRITICAL - 2022-08-13 21:44:24 --> Cannot add or update a child row: a foreign key constraint fails (`trp`.`bilty`, CONSTRAINT `bilty_ibfk_2` FOREIGN KEY (`consignee`) REFERENCES `consignee` (`nee_id`))
#0 C:\xampp\htdocs\trp\system\Database\MySQLi\Connection.php(292): mysqli->query('INSERT INTO `bi...', 0)
#1 C:\xampp\htdocs\trp\system\Database\BaseConnection.php(670): CodeIgniter\Database\MySQLi\Connection->execute('INSERT INTO `bi...')
#2 C:\xampp\htdocs\trp\system\Database\BaseConnection.php(598): CodeIgniter\Database\BaseConnection->simpleQuery('INSERT INTO `bi...')
#3 C:\xampp\htdocs\trp\system\Database\BaseBuilder.php(1771): CodeIgniter\Database\BaseConnection->query('INSERT INTO `bi...', Array, false)
#4 C:\xampp\htdocs\trp\app\Models\dashboardmodel.php(123): CodeIgniter\Database\BaseBuilder->insert(Array)
#5 C:\xampp\htdocs\trp\app\Controllers\trpadmin\trpadmin.php(358): App\Models\dashboardmodel->addBilty(Array)
#6 C:\xampp\htdocs\trp\system\CodeIgniter.php(825): App\Controllers\trpadmin\trpadmin->addBilty()
#7 C:\xampp\htdocs\trp\system\CodeIgniter.php(412): CodeIgniter\CodeIgniter->runController(Object(App\Controllers\trpadmin\trpadmin))
#8 C:\xampp\htdocs\trp\system\CodeIgniter.php(320): CodeIgniter\CodeIgniter->handleRequest(NULL, Object(Config\Cache), false)
#9 C:\xampp\htdocs\trp\public\index.php(37): CodeIgniter\CodeIgniter->run()
#10 {main}
ERROR - 2022-08-13 21:45:28 --> Cannot add or update a child row: a foreign key constraint fails (`trp`.`bilty`, CONSTRAINT `bilty_ibfk_2` FOREIGN KEY (`consignee`) REFERENCES `consignee` (`nee_id`))
CRITICAL - 2022-08-13 21:45:28 --> Cannot add or update a child row: a foreign key constraint fails (`trp`.`bilty`, CONSTRAINT `bilty_ibfk_2` FOREIGN KEY (`consignee`) REFERENCES `consignee` (`nee_id`))
#0 C:\xampp\htdocs\trp\system\Database\MySQLi\Connection.php(292): mysqli->query('INSERT INTO `bi...', 0)
#1 C:\xampp\htdocs\trp\system\Database\BaseConnection.php(670): CodeIgniter\Database\MySQLi\Connection->execute('INSERT INTO `bi...')
#2 C:\xampp\htdocs\trp\system\Database\BaseConnection.php(598): CodeIgniter\Database\BaseConnection->simpleQuery('INSERT INTO `bi...')
#3 C:\xampp\htdocs\trp\system\Database\BaseBuilder.php(1771): CodeIgniter\Database\BaseConnection->query('INSERT INTO `bi...', Array, false)
#4 C:\xampp\htdocs\trp\app\Models\dashboardmodel.php(123): CodeIgniter\Database\BaseBuilder->insert(Array)
#5 C:\xampp\htdocs\trp\app\Controllers\trpadmin\trpadmin.php(358): App\Models\dashboardmodel->addBilty(Array)
#6 C:\xampp\htdocs\trp\system\CodeIgniter.php(825): App\Controllers\trpadmin\trpadmin->addBilty()
#7 C:\xampp\htdocs\trp\system\CodeIgniter.php(412): CodeIgniter\CodeIgniter->runController(Object(App\Controllers\trpadmin\trpadmin))
#8 C:\xampp\htdocs\trp\system\CodeIgniter.php(320): CodeIgniter\CodeIgniter->handleRequest(NULL, Object(Config\Cache), false)
#9 C:\xampp\htdocs\trp\public\index.php(37): CodeIgniter\CodeIgniter->run()
#10 {main}
CRITICAL - 2022-08-13 21:45:42 --> count(): Argument #1 ($value) must be of type Countable|array, null given
#0 C:\xampp\htdocs\trp\app\Controllers\trpadmin\trpadmin.php(364): count(NULL)
#1 C:\xampp\htdocs\trp\system\CodeIgniter.php(825): App\Controllers\trpadmin\trpadmin->addBilty()
#2 C:\xampp\htdocs\trp\system\CodeIgniter.php(412): CodeIgniter\CodeIgniter->runController(Object(App\Controllers\trpadmin\trpadmin))
#3 C:\xampp\htdocs\trp\system\CodeIgniter.php(320): CodeIgniter\CodeIgniter->handleRequest(NULL, Object(Config\Cache), false)
#4 C:\xampp\htdocs\trp\public\index.php(37): CodeIgniter\CodeIgniter->run()
#5 {main}
CRITICAL - 2022-08-13 21:46:28 --> count(): Argument #1 ($value) must be of type Countable|array, string given
#0 C:\xampp\htdocs\trp\app\Controllers\trpadmin\trpadmin.php(364): count('')
#1 C:\xampp\htdocs\trp\system\CodeIgniter.php(825): App\Controllers\trpadmin\trpadmin->addBilty()
#2 C:\xampp\htdocs\trp\system\CodeIgniter.php(412): CodeIgniter\CodeIgniter->runController(Object(App\Controllers\trpadmin\trpadmin))
#3 C:\xampp\htdocs\trp\system\CodeIgniter.php(320): CodeIgniter\CodeIgniter->handleRequest(NULL, Object(Config\Cache), false)
#4 C:\xampp\htdocs\trp\public\index.php(37): CodeIgniter\CodeIgniter->run()
#5 {main}
CRITICAL - 2022-08-13 21:46:57 --> Uninitialized string offset 0
#0 C:\xampp\htdocs\trp\app\Controllers\trpadmin\trpadmin.php(370): CodeIgniter\Debug\Exceptions->errorHandler(2, 'Uninitialized s...', 'C:\\xampp\\htdocs...', 370)
#1 C:\xampp\htdocs\trp\system\CodeIgniter.php(825): App\Controllers\trpadmin\trpadmin->addBilty()
#2 C:\xampp\htdocs\trp\system\CodeIgniter.php(412): CodeIgniter\CodeIgniter->runController(Object(App\Controllers\trpadmin\trpadmin))
#3 C:\xampp\htdocs\trp\system\CodeIgniter.php(320): CodeIgniter\CodeIgniter->handleRequest(NULL, Object(Config\Cache), false)
#4 C:\xampp\htdocs\trp\public\index.php(37): CodeIgniter\CodeIgniter->run()
#5 {main}
ERROR - 2022-08-13 21:47:10 --> Cannot add or update a child row: a foreign key constraint fails (`trp`.`bilty`, CONSTRAINT `bilty_ibfk_2` FOREIGN KEY (`consignee`) REFERENCES `consignee` (`nee_id`))
CRITICAL - 2022-08-13 21:47:10 --> Cannot add or update a child row: a foreign key constraint fails (`trp`.`bilty`, CONSTRAINT `bilty_ibfk_2` FOREIGN KEY (`consignee`) REFERENCES `consignee` (`nee_id`))
#0 C:\xampp\htdocs\trp\system\Database\MySQLi\Connection.php(292): mysqli->query('INSERT INTO `bi...', 0)
#1 C:\xampp\htdocs\trp\system\Database\BaseConnection.php(670): CodeIgniter\Database\MySQLi\Connection->execute('INSERT INTO `bi...')
#2 C:\xampp\htdocs\trp\system\Database\BaseConnection.php(598): CodeIgniter\Database\BaseConnection->simpleQuery('INSERT INTO `bi...')
#3 C:\xampp\htdocs\trp\system\Database\BaseBuilder.php(1771): CodeIgniter\Database\BaseConnection->query('INSERT INTO `bi...', Array, false)
#4 C:\xampp\htdocs\trp\app\Models\dashboardmodel.php(123): CodeIgniter\Database\BaseBuilder->insert(Array)
#5 C:\xampp\htdocs\trp\app\Controllers\trpadmin\trpadmin.php(358): App\Models\dashboardmodel->addBilty(Array)
#6 C:\xampp\htdocs\trp\system\CodeIgniter.php(825): App\Controllers\trpadmin\trpadmin->addBilty()
#7 C:\xampp\htdocs\trp\system\CodeIgniter.php(412): CodeIgniter\CodeIgniter->runController(Object(App\Controllers\trpadmin\trpadmin))
#8 C:\xampp\htdocs\trp\system\CodeIgniter.php(320): CodeIgniter\CodeIgniter->handleRequest(NULL, Object(Config\Cache), false)
#9 C:\xampp\htdocs\trp\public\index.php(37): CodeIgniter\CodeIgniter->run()
#10 {main}
ERROR - 2022-08-13 21:47:31 --> Cannot add or update a child row: a foreign key constraint fails (`trp`.`bilty`, CONSTRAINT `bilty_ibfk_2` FOREIGN KEY (`consignee`) REFERENCES `consignee` (`nee_id`))
CRITICAL - 2022-08-13 21:47:31 --> Cannot add or update a child row: a foreign key constraint fails (`trp`.`bilty`, CONSTRAINT `bilty_ibfk_2` FOREIGN KEY (`consignee`) REFERENCES `consignee` (`nee_id`))
#0 C:\xampp\htdocs\trp\system\Database\MySQLi\Connection.php(292): mysqli->query('INSERT INTO `bi...', 0)
#1 C:\xampp\htdocs\trp\system\Database\BaseConnection.php(670): CodeIgniter\Database\MySQLi\Connection->execute('INSERT INTO `bi...')
#2 C:\xampp\htdocs\trp\system\Database\BaseConnection.php(598): CodeIgniter\Database\BaseConnection->simpleQuery('INSERT INTO `bi...')
#3 C:\xampp\htdocs\trp\system\Database\BaseBuilder.php(1771): CodeIgniter\Database\BaseConnection->query('INSERT INTO `bi...', Array, false)
#4 C:\xampp\htdocs\trp\app\Models\dashboardmodel.php(123): CodeIgniter\Database\BaseBuilder->insert(Array)
#5 C:\xampp\htdocs\trp\app\Controllers\trpadmin\trpadmin.php(358): App\Models\dashboardmodel->addBilty(Array)
#6 C:\xampp\htdocs\trp\system\CodeIgniter.php(825): App\Controllers\trpadmin\trpadmin->addBilty()
#7 C:\xampp\htdocs\trp\system\CodeIgniter.php(412): CodeIgniter\CodeIgniter->runController(Object(App\Controllers\trpadmin\trpadmin))
#8 C:\xampp\htdocs\trp\system\CodeIgniter.php(320): CodeIgniter\CodeIgniter->handleRequest(NULL, Object(Config\Cache), false)
#9 C:\xampp\htdocs\trp\public\index.php(37): CodeIgniter\CodeIgniter->run()
#10 {main}
ERROR - 2022-08-13 22:29:26 --> Cannot add or update a child row: a foreign key constraint fails (`trp`.`bilty`, CONSTRAINT `bilty_ibfk_2` FOREIGN KEY (`consignee`) REFERENCES `consignee` (`nee_id`))
CRITICAL - 2022-08-13 22:29:26 --> Cannot add or update a child row: a foreign key constraint fails (`trp`.`bilty`, CONSTRAINT `bilty_ibfk_2` FOREIGN KEY (`consignee`) REFERENCES `consignee` (`nee_id`))
#0 C:\xampp\htdocs\trp\system\Database\MySQLi\Connection.php(292): mysqli->query('INSERT INTO `bi...', 0)
#1 C:\xampp\htdocs\trp\system\Database\BaseConnection.php(670): CodeIgniter\Database\MySQLi\Connection->execute('INSERT INTO `bi...')
#2 C:\xampp\htdocs\trp\system\Database\BaseConnection.php(598): CodeIgniter\Database\BaseConnection->simpleQuery('INSERT INTO `bi...')
#3 C:\xampp\htdocs\trp\system\Database\BaseBuilder.php(1771): CodeIgniter\Database\BaseConnection->query('INSERT INTO `bi...', Array, false)
#4 C:\xampp\htdocs\trp\app\Models\dashboardmodel.php(123): CodeIgniter\Database\BaseBuilder->insert(Array)
#5 C:\xampp\htdocs\trp\app\Controllers\trpadmin\trpadmin.php(358): App\Models\dashboardmodel->addBilty(Array)
#6 C:\xampp\htdocs\trp\system\CodeIgniter.php(825): App\Controllers\trpadmin\trpadmin->addBilty()
#7 C:\xampp\htdocs\trp\system\CodeIgniter.php(412): CodeIgniter\CodeIgniter->runController(Object(App\Controllers\trpadmin\trpadmin))
#8 C:\xampp\htdocs\trp\system\CodeIgniter.php(320): CodeIgniter\CodeIgniter->handleRequest(NULL, Object(Config\Cache), false)
#9 C:\xampp\htdocs\trp\public\index.php(37): CodeIgniter\CodeIgniter->run()
#10 {main}
