ERROR - 2022-08-25 19:42:58 --> Cannot add or update a child row: a foreign key constraint fails (`trp`.`bilty`, CONSTRAINT `bilty_ibfk_1` FOREIGN KEY (`consignee`) REFERENCES `consignee` (`nee_id`))
CRITICAL - 2022-08-25 19:42:58 --> Cannot add or update a child row: a foreign key constraint fails (`trp`.`bilty`, CONSTRAINT `bilty_ibfk_1` FOREIGN KEY (`consignee`) REFERENCES `consignee` (`nee_id`))
#0 C:\xampp\htdocs\trp\system\Database\MySQLi\Connection.php(292): mysqli->query('INSERT INTO `bi...', 0)
#1 C:\xampp\htdocs\trp\system\Database\BaseConnection.php(670): CodeIgniter\Database\MySQLi\Connection->execute('INSERT INTO `bi...')
#2 C:\xampp\htdocs\trp\system\Database\BaseConnection.php(598): CodeIgniter\Database\BaseConnection->simpleQuery('INSERT INTO `bi...')
#3 C:\xampp\htdocs\trp\system\Database\BaseBuilder.php(1771): CodeIgniter\Database\BaseConnection->query('INSERT INTO `bi...', Array, false)
#4 C:\xampp\htdocs\trp\app\Models\dashboardmodel.php(123): CodeIgniter\Database\BaseBuilder->insert(Array)
#5 C:\xampp\htdocs\trp\app\Controllers\trpadmin\trpadmin.php(360): App\Models\dashboardmodel->addBilty(Array)
#6 C:\xampp\htdocs\trp\system\CodeIgniter.php(825): App\Controllers\trpadmin\trpadmin->addBilty()
#7 C:\xampp\htdocs\trp\system\CodeIgniter.php(412): CodeIgniter\CodeIgniter->runController(Object(App\Controllers\trpadmin\trpadmin))
#8 C:\xampp\htdocs\trp\system\CodeIgniter.php(320): CodeIgniter\CodeIgniter->handleRequest(NULL, Object(Config\Cache), false)
#9 C:\xampp\htdocs\trp\public\index.php(37): CodeIgniter\CodeIgniter->run()
#10 {main}
ERROR - 2022-08-25 20:08:29 --> Cannot add or update a child row: a foreign key constraint fails (`trp`.`bilty`, CONSTRAINT `bilty_ibfk_1` FOREIGN KEY (`consignee`) REFERENCES `consignee` (`nee_id`))
CRITICAL - 2022-08-25 20:08:29 --> Cannot add or update a child row: a foreign key constraint fails (`trp`.`bilty`, CONSTRAINT `bilty_ibfk_1` FOREIGN KEY (`consignee`) REFERENCES `consignee` (`nee_id`))
#0 C:\xampp\htdocs\trp\system\Database\MySQLi\Connection.php(292): mysqli->query('INSERT INTO `bi...', 0)
#1 C:\xampp\htdocs\trp\system\Database\BaseConnection.php(670): CodeIgniter\Database\MySQLi\Connection->execute('INSERT INTO `bi...')
#2 C:\xampp\htdocs\trp\system\Database\BaseConnection.php(598): CodeIgniter\Database\BaseConnection->simpleQuery('INSERT INTO `bi...')
#3 C:\xampp\htdocs\trp\system\Database\BaseBuilder.php(1771): CodeIgniter\Database\BaseConnection->query('INSERT INTO `bi...', Array, false)
#4 C:\xampp\htdocs\trp\app\Models\dashboardmodel.php(123): CodeIgniter\Database\BaseBuilder->insert(Array)
#5 C:\xampp\htdocs\trp\app\Controllers\trpadmin\trpadmin.php(360): App\Models\dashboardmodel->addBilty(Array)
#6 C:\xampp\htdocs\trp\system\CodeIgniter.php(825): App\Controllers\trpadmin\trpadmin->addBilty()
#7 C:\xampp\htdocs\trp\system\CodeIgniter.php(412): CodeIgniter\CodeIgniter->runController(Object(App\Controllers\trpadmin\trpadmin))
#8 C:\xampp\htdocs\trp\system\CodeIgniter.php(320): CodeIgniter\CodeIgniter->handleRequest(NULL, Object(Config\Cache), false)
#9 C:\xampp\htdocs\trp\public\index.php(37): CodeIgniter\CodeIgniter->run()
#10 {main}
ERROR - 2022-08-25 20:44:20 --> Cannot add or update a child row: a foreign key constraint fails (`trp`.`bilty`, CONSTRAINT `bilty_ibfk_1` FOREIGN KEY (`consignee`) REFERENCES `consignee` (`nee_id`))
CRITICAL - 2022-08-25 20:44:20 --> Cannot add or update a child row: a foreign key constraint fails (`trp`.`bilty`, CONSTRAINT `bilty_ibfk_1` FOREIGN KEY (`consignee`) REFERENCES `consignee` (`nee_id`))
#0 C:\xampp\htdocs\trp\system\Database\MySQLi\Connection.php(292): mysqli->query('INSERT INTO `bi...', 0)
#1 C:\xampp\htdocs\trp\system\Database\BaseConnection.php(670): CodeIgniter\Database\MySQLi\Connection->execute('INSERT INTO `bi...')
#2 C:\xampp\htdocs\trp\system\Database\BaseConnection.php(598): CodeIgniter\Database\BaseConnection->simpleQuery('INSERT INTO `bi...')
#3 C:\xampp\htdocs\trp\system\Database\BaseBuilder.php(1771): CodeIgniter\Database\BaseConnection->query('INSERT INTO `bi...', Array, false)
#4 C:\xampp\htdocs\trp\app\Models\dashboardmodel.php(123): CodeIgniter\Database\BaseBuilder->insert(Array)
#5 C:\xampp\htdocs\trp\app\Controllers\trpadmin\trpadmin.php(360): App\Models\dashboardmodel->addBilty(Array)
#6 C:\xampp\htdocs\trp\system\CodeIgniter.php(825): App\Controllers\trpadmin\trpadmin->addBilty()
#7 C:\xampp\htdocs\trp\system\CodeIgniter.php(412): CodeIgniter\CodeIgniter->runController(Object(App\Controllers\trpadmin\trpadmin))
#8 C:\xampp\htdocs\trp\system\CodeIgniter.php(320): CodeIgniter\CodeIgniter->handleRequest(NULL, Object(Config\Cache), false)
#9 C:\xampp\htdocs\trp\public\index.php(37): CodeIgniter\CodeIgniter->run()
#10 {main}
ERROR - 2022-08-25 20:44:20 --> Cannot add or update a child row: a foreign key constraint fails (`trp`.`bilty`, CONSTRAINT `bilty_ibfk_1` FOREIGN KEY (`consignee`) REFERENCES `consignee` (`nee_id`))
CRITICAL - 2022-08-25 20:44:20 --> Cannot add or update a child row: a foreign key constraint fails (`trp`.`bilty`, CONSTRAINT `bilty_ibfk_1` FOREIGN KEY (`consignee`) REFERENCES `consignee` (`nee_id`))
#0 C:\xampp\htdocs\trp\system\Database\MySQLi\Connection.php(292): mysqli->query('INSERT INTO `bi...', 0)
#1 C:\xampp\htdocs\trp\system\Database\BaseConnection.php(670): CodeIgniter\Database\MySQLi\Connection->execute('INSERT INTO `bi...')
#2 C:\xampp\htdocs\trp\system\Database\BaseConnection.php(598): CodeIgniter\Database\BaseConnection->simpleQuery('INSERT INTO `bi...')
#3 C:\xampp\htdocs\trp\system\Database\BaseBuilder.php(1771): CodeIgniter\Database\BaseConnection->query('INSERT INTO `bi...', Array, false)
#4 C:\xampp\htdocs\trp\app\Models\dashboardmodel.php(123): CodeIgniter\Database\BaseBuilder->insert(Array)
#5 C:\xampp\htdocs\trp\app\Controllers\trpadmin\trpadmin.php(360): App\Models\dashboardmodel->addBilty(Array)
#6 C:\xampp\htdocs\trp\system\CodeIgniter.php(825): App\Controllers\trpadmin\trpadmin->addBilty()
#7 C:\xampp\htdocs\trp\system\CodeIgniter.php(412): CodeIgniter\CodeIgniter->runController(Object(App\Controllers\trpadmin\trpadmin))
#8 C:\xampp\htdocs\trp\system\CodeIgniter.php(320): CodeIgniter\CodeIgniter->handleRequest(NULL, Object(Config\Cache), false)
#9 C:\xampp\htdocs\trp\public\index.php(37): CodeIgniter\CodeIgniter->run()
#10 {main}
ERROR - 2022-08-25 21:56:08 --> Cannot delete or update a parent row: a foreign key constraint fails (`trp`.`bilty`, CONSTRAINT `bilty_ibfk_2` FOREIGN KEY (`consignor`) REFERENCES `consignor` (`nor_id`))
CRITICAL - 2022-08-25 21:56:08 --> Cannot delete or update a parent row: a foreign key constraint fails (`trp`.`bilty`, CONSTRAINT `bilty_ibfk_2` FOREIGN KEY (`consignor`) REFERENCES `consignor` (`nor_id`))
#0 C:\xampp\htdocs\trp\system\Database\MySQLi\Connection.php(292): mysqli->query('DELETE FROM `co...', 0)
#1 C:\xampp\htdocs\trp\system\Database\BaseConnection.php(670): CodeIgniter\Database\MySQLi\Connection->execute('DELETE FROM `co...')
#2 C:\xampp\htdocs\trp\system\Database\BaseConnection.php(598): CodeIgniter\Database\BaseConnection->simpleQuery('DELETE FROM `co...')
#3 C:\xampp\htdocs\trp\system\Database\BaseBuilder.php(2225): CodeIgniter\Database\BaseConnection->query('DELETE FROM `co...', Array, false)
#4 C:\xampp\htdocs\trp\app\Models\normodel.php(64): CodeIgniter\Database\BaseBuilder->delete()
#5 C:\xampp\htdocs\trp\app\Controllers\trpadmin\trpadmin.php(557): App\Models\normodel->deleteNor('36')
#6 C:\xampp\htdocs\trp\system\CodeIgniter.php(825): App\Controllers\trpadmin\trpadmin->delete_nor()
#7 C:\xampp\htdocs\trp\system\CodeIgniter.php(412): CodeIgniter\CodeIgniter->runController(Object(App\Controllers\trpadmin\trpadmin))
#8 C:\xampp\htdocs\trp\system\CodeIgniter.php(320): CodeIgniter\CodeIgniter->handleRequest(NULL, Object(Config\Cache), false)
#9 C:\xampp\htdocs\trp\public\index.php(37): CodeIgniter\CodeIgniter->run()
#10 {main}
ERROR - 2022-08-25 21:56:15 --> Cannot delete or update a parent row: a foreign key constraint fails (`trp`.`bilty`, CONSTRAINT `bilty_ibfk_2` FOREIGN KEY (`consignor`) REFERENCES `consignor` (`nor_id`))
CRITICAL - 2022-08-25 21:56:15 --> Cannot delete or update a parent row: a foreign key constraint fails (`trp`.`bilty`, CONSTRAINT `bilty_ibfk_2` FOREIGN KEY (`consignor`) REFERENCES `consignor` (`nor_id`))
#0 C:\xampp\htdocs\trp\system\Database\MySQLi\Connection.php(292): mysqli->query('DELETE FROM `co...', 0)
#1 C:\xampp\htdocs\trp\system\Database\BaseConnection.php(670): CodeIgniter\Database\MySQLi\Connection->execute('DELETE FROM `co...')
#2 C:\xampp\htdocs\trp\system\Database\BaseConnection.php(598): CodeIgniter\Database\BaseConnection->simpleQuery('DELETE FROM `co...')
#3 C:\xampp\htdocs\trp\system\Database\BaseBuilder.php(2225): CodeIgniter\Database\BaseConnection->query('DELETE FROM `co...', Array, false)
#4 C:\xampp\htdocs\trp\app\Models\normodel.php(64): CodeIgniter\Database\BaseBuilder->delete()
#5 C:\xampp\htdocs\trp\app\Controllers\trpadmin\trpadmin.php(557): App\Models\normodel->deleteNor('36')
#6 C:\xampp\htdocs\trp\system\CodeIgniter.php(825): App\Controllers\trpadmin\trpadmin->delete_nor()
#7 C:\xampp\htdocs\trp\system\CodeIgniter.php(412): CodeIgniter\CodeIgniter->runController(Object(App\Controllers\trpadmin\trpadmin))
#8 C:\xampp\htdocs\trp\system\CodeIgniter.php(320): CodeIgniter\CodeIgniter->handleRequest(NULL, Object(Config\Cache), false)
#9 C:\xampp\htdocs\trp\public\index.php(37): CodeIgniter\CodeIgniter->run()
#10 {main}
ERROR - 2022-08-25 21:56:17 --> Cannot delete or update a parent row: a foreign key constraint fails (`trp`.`bilty`, CONSTRAINT `bilty_ibfk_2` FOREIGN KEY (`consignor`) REFERENCES `consignor` (`nor_id`))
CRITICAL - 2022-08-25 21:56:17 --> Cannot delete or update a parent row: a foreign key constraint fails (`trp`.`bilty`, CONSTRAINT `bilty_ibfk_2` FOREIGN KEY (`consignor`) REFERENCES `consignor` (`nor_id`))
#0 C:\xampp\htdocs\trp\system\Database\MySQLi\Connection.php(292): mysqli->query('DELETE FROM `co...', 0)
#1 C:\xampp\htdocs\trp\system\Database\BaseConnection.php(670): CodeIgniter\Database\MySQLi\Connection->execute('DELETE FROM `co...')
#2 C:\xampp\htdocs\trp\system\Database\BaseConnection.php(598): CodeIgniter\Database\BaseConnection->simpleQuery('DELETE FROM `co...')
#3 C:\xampp\htdocs\trp\system\Database\BaseBuilder.php(2225): CodeIgniter\Database\BaseConnection->query('DELETE FROM `co...', Array, false)
#4 C:\xampp\htdocs\trp\app\Models\normodel.php(64): CodeIgniter\Database\BaseBuilder->delete()
#5 C:\xampp\htdocs\trp\app\Controllers\trpadmin\trpadmin.php(557): App\Models\normodel->deleteNor('36')
#6 C:\xampp\htdocs\trp\system\CodeIgniter.php(825): App\Controllers\trpadmin\trpadmin->delete_nor()
#7 C:\xampp\htdocs\trp\system\CodeIgniter.php(412): CodeIgniter\CodeIgniter->runController(Object(App\Controllers\trpadmin\trpadmin))
#8 C:\xampp\htdocs\trp\system\CodeIgniter.php(320): CodeIgniter\CodeIgniter->handleRequest(NULL, Object(Config\Cache), false)
#9 C:\xampp\htdocs\trp\public\index.php(37): CodeIgniter\CodeIgniter->run()
#10 {main}
ERROR - 2022-08-25 21:56:18 --> Cannot delete or update a parent row: a foreign key constraint fails (`trp`.`bilty`, CONSTRAINT `bilty_ibfk_2` FOREIGN KEY (`consignor`) REFERENCES `consignor` (`nor_id`))
CRITICAL - 2022-08-25 21:56:18 --> Cannot delete or update a parent row: a foreign key constraint fails (`trp`.`bilty`, CONSTRAINT `bilty_ibfk_2` FOREIGN KEY (`consignor`) REFERENCES `consignor` (`nor_id`))
#0 C:\xampp\htdocs\trp\system\Database\MySQLi\Connection.php(292): mysqli->query('DELETE FROM `co...', 0)
#1 C:\xampp\htdocs\trp\system\Database\BaseConnection.php(670): CodeIgniter\Database\MySQLi\Connection->execute('DELETE FROM `co...')
#2 C:\xampp\htdocs\trp\system\Database\BaseConnection.php(598): CodeIgniter\Database\BaseConnection->simpleQuery('DELETE FROM `co...')
#3 C:\xampp\htdocs\trp\system\Database\BaseBuilder.php(2225): CodeIgniter\Database\BaseConnection->query('DELETE FROM `co...', Array, false)
#4 C:\xampp\htdocs\trp\app\Models\normodel.php(64): CodeIgniter\Database\BaseBuilder->delete()
#5 C:\xampp\htdocs\trp\app\Controllers\trpadmin\trpadmin.php(557): App\Models\normodel->deleteNor('36')
#6 C:\xampp\htdocs\trp\system\CodeIgniter.php(825): App\Controllers\trpadmin\trpadmin->delete_nor()
#7 C:\xampp\htdocs\trp\system\CodeIgniter.php(412): CodeIgniter\CodeIgniter->runController(Object(App\Controllers\trpadmin\trpadmin))
#8 C:\xampp\htdocs\trp\system\CodeIgniter.php(320): CodeIgniter\CodeIgniter->handleRequest(NULL, Object(Config\Cache), false)
#9 C:\xampp\htdocs\trp\public\index.php(37): CodeIgniter\CodeIgniter->run()
#10 {main}
ERROR - 2022-08-25 21:56:18 --> Cannot delete or update a parent row: a foreign key constraint fails (`trp`.`bilty`, CONSTRAINT `bilty_ibfk_2` FOREIGN KEY (`consignor`) REFERENCES `consignor` (`nor_id`))
CRITICAL - 2022-08-25 21:56:18 --> Cannot delete or update a parent row: a foreign key constraint fails (`trp`.`bilty`, CONSTRAINT `bilty_ibfk_2` FOREIGN KEY (`consignor`) REFERENCES `consignor` (`nor_id`))
#0 C:\xampp\htdocs\trp\system\Database\MySQLi\Connection.php(292): mysqli->query('DELETE FROM `co...', 0)
#1 C:\xampp\htdocs\trp\system\Database\BaseConnection.php(670): CodeIgniter\Database\MySQLi\Connection->execute('DELETE FROM `co...')
#2 C:\xampp\htdocs\trp\system\Database\BaseConnection.php(598): CodeIgniter\Database\BaseConnection->simpleQuery('DELETE FROM `co...')
#3 C:\xampp\htdocs\trp\system\Database\BaseBuilder.php(2225): CodeIgniter\Database\BaseConnection->query('DELETE FROM `co...', Array, false)
#4 C:\xampp\htdocs\trp\app\Models\normodel.php(64): CodeIgniter\Database\BaseBuilder->delete()
#5 C:\xampp\htdocs\trp\app\Controllers\trpadmin\trpadmin.php(557): App\Models\normodel->deleteNor('36')
#6 C:\xampp\htdocs\trp\system\CodeIgniter.php(825): App\Controllers\trpadmin\trpadmin->delete_nor()
#7 C:\xampp\htdocs\trp\system\CodeIgniter.php(412): CodeIgniter\CodeIgniter->runController(Object(App\Controllers\trpadmin\trpadmin))
#8 C:\xampp\htdocs\trp\system\CodeIgniter.php(320): CodeIgniter\CodeIgniter->handleRequest(NULL, Object(Config\Cache), false)
#9 C:\xampp\htdocs\trp\public\index.php(37): CodeIgniter\CodeIgniter->run()
#10 {main}
ERROR - 2022-08-25 21:56:18 --> Cannot delete or update a parent row: a foreign key constraint fails (`trp`.`bilty`, CONSTRAINT `bilty_ibfk_2` FOREIGN KEY (`consignor`) REFERENCES `consignor` (`nor_id`))
CRITICAL - 2022-08-25 21:56:18 --> Cannot delete or update a parent row: a foreign key constraint fails (`trp`.`bilty`, CONSTRAINT `bilty_ibfk_2` FOREIGN KEY (`consignor`) REFERENCES `consignor` (`nor_id`))
#0 C:\xampp\htdocs\trp\system\Database\MySQLi\Connection.php(292): mysqli->query('DELETE FROM `co...', 0)
#1 C:\xampp\htdocs\trp\system\Database\BaseConnection.php(670): CodeIgniter\Database\MySQLi\Connection->execute('DELETE FROM `co...')
#2 C:\xampp\htdocs\trp\system\Database\BaseConnection.php(598): CodeIgniter\Database\BaseConnection->simpleQuery('DELETE FROM `co...')
#3 C:\xampp\htdocs\trp\system\Database\BaseBuilder.php(2225): CodeIgniter\Database\BaseConnection->query('DELETE FROM `co...', Array, false)
#4 C:\xampp\htdocs\trp\app\Models\normodel.php(64): CodeIgniter\Database\BaseBuilder->delete()
#5 C:\xampp\htdocs\trp\app\Controllers\trpadmin\trpadmin.php(557): App\Models\normodel->deleteNor('36')
#6 C:\xampp\htdocs\trp\system\CodeIgniter.php(825): App\Controllers\trpadmin\trpadmin->delete_nor()
#7 C:\xampp\htdocs\trp\system\CodeIgniter.php(412): CodeIgniter\CodeIgniter->runController(Object(App\Controllers\trpadmin\trpadmin))
#8 C:\xampp\htdocs\trp\system\CodeIgniter.php(320): CodeIgniter\CodeIgniter->handleRequest(NULL, Object(Config\Cache), false)
#9 C:\xampp\htdocs\trp\public\index.php(37): CodeIgniter\CodeIgniter->run()
#10 {main}
ERROR - 2022-08-25 21:56:18 --> Cannot delete or update a parent row: a foreign key constraint fails (`trp`.`bilty`, CONSTRAINT `bilty_ibfk_2` FOREIGN KEY (`consignor`) REFERENCES `consignor` (`nor_id`))
CRITICAL - 2022-08-25 21:56:18 --> Cannot delete or update a parent row: a foreign key constraint fails (`trp`.`bilty`, CONSTRAINT `bilty_ibfk_2` FOREIGN KEY (`consignor`) REFERENCES `consignor` (`nor_id`))
#0 C:\xampp\htdocs\trp\system\Database\MySQLi\Connection.php(292): mysqli->query('DELETE FROM `co...', 0)
#1 C:\xampp\htdocs\trp\system\Database\BaseConnection.php(670): CodeIgniter\Database\MySQLi\Connection->execute('DELETE FROM `co...')
#2 C:\xampp\htdocs\trp\system\Database\BaseConnection.php(598): CodeIgniter\Database\BaseConnection->simpleQuery('DELETE FROM `co...')
#3 C:\xampp\htdocs\trp\system\Database\BaseBuilder.php(2225): CodeIgniter\Database\BaseConnection->query('DELETE FROM `co...', Array, false)
#4 C:\xampp\htdocs\trp\app\Models\normodel.php(64): CodeIgniter\Database\BaseBuilder->delete()
#5 C:\xampp\htdocs\trp\app\Controllers\trpadmin\trpadmin.php(557): App\Models\normodel->deleteNor('36')
#6 C:\xampp\htdocs\trp\system\CodeIgniter.php(825): App\Controllers\trpadmin\trpadmin->delete_nor()
#7 C:\xampp\htdocs\trp\system\CodeIgniter.php(412): CodeIgniter\CodeIgniter->runController(Object(App\Controllers\trpadmin\trpadmin))
#8 C:\xampp\htdocs\trp\system\CodeIgniter.php(320): CodeIgniter\CodeIgniter->handleRequest(NULL, Object(Config\Cache), false)
#9 C:\xampp\htdocs\trp\public\index.php(37): CodeIgniter\CodeIgniter->run()
#10 {main}
ERROR - 2022-08-25 21:56:19 --> Cannot delete or update a parent row: a foreign key constraint fails (`trp`.`bilty`, CONSTRAINT `bilty_ibfk_2` FOREIGN KEY (`consignor`) REFERENCES `consignor` (`nor_id`))
CRITICAL - 2022-08-25 21:56:19 --> Cannot delete or update a parent row: a foreign key constraint fails (`trp`.`bilty`, CONSTRAINT `bilty_ibfk_2` FOREIGN KEY (`consignor`) REFERENCES `consignor` (`nor_id`))
#0 C:\xampp\htdocs\trp\system\Database\MySQLi\Connection.php(292): mysqli->query('DELETE FROM `co...', 0)
#1 C:\xampp\htdocs\trp\system\Database\BaseConnection.php(670): CodeIgniter\Database\MySQLi\Connection->execute('DELETE FROM `co...')
#2 C:\xampp\htdocs\trp\system\Database\BaseConnection.php(598): CodeIgniter\Database\BaseConnection->simpleQuery('DELETE FROM `co...')
#3 C:\xampp\htdocs\trp\system\Database\BaseBuilder.php(2225): CodeIgniter\Database\BaseConnection->query('DELETE FROM `co...', Array, false)
#4 C:\xampp\htdocs\trp\app\Models\normodel.php(64): CodeIgniter\Database\BaseBuilder->delete()
#5 C:\xampp\htdocs\trp\app\Controllers\trpadmin\trpadmin.php(557): App\Models\normodel->deleteNor('36')
#6 C:\xampp\htdocs\trp\system\CodeIgniter.php(825): App\Controllers\trpadmin\trpadmin->delete_nor()
#7 C:\xampp\htdocs\trp\system\CodeIgniter.php(412): CodeIgniter\CodeIgniter->runController(Object(App\Controllers\trpadmin\trpadmin))
#8 C:\xampp\htdocs\trp\system\CodeIgniter.php(320): CodeIgniter\CodeIgniter->handleRequest(NULL, Object(Config\Cache), false)
#9 C:\xampp\htdocs\trp\public\index.php(37): CodeIgniter\CodeIgniter->run()
#10 {main}
ERROR - 2022-08-25 21:56:19 --> Cannot delete or update a parent row: a foreign key constraint fails (`trp`.`bilty`, CONSTRAINT `bilty_ibfk_2` FOREIGN KEY (`consignor`) REFERENCES `consignor` (`nor_id`))
CRITICAL - 2022-08-25 21:56:19 --> Cannot delete or update a parent row: a foreign key constraint fails (`trp`.`bilty`, CONSTRAINT `bilty_ibfk_2` FOREIGN KEY (`consignor`) REFERENCES `consignor` (`nor_id`))
#0 C:\xampp\htdocs\trp\system\Database\MySQLi\Connection.php(292): mysqli->query('DELETE FROM `co...', 0)
#1 C:\xampp\htdocs\trp\system\Database\BaseConnection.php(670): CodeIgniter\Database\MySQLi\Connection->execute('DELETE FROM `co...')
#2 C:\xampp\htdocs\trp\system\Database\BaseConnection.php(598): CodeIgniter\Database\BaseConnection->simpleQuery('DELETE FROM `co...')
#3 C:\xampp\htdocs\trp\system\Database\BaseBuilder.php(2225): CodeIgniter\Database\BaseConnection->query('DELETE FROM `co...', Array, false)
#4 C:\xampp\htdocs\trp\app\Models\normodel.php(64): CodeIgniter\Database\BaseBuilder->delete()
#5 C:\xampp\htdocs\trp\app\Controllers\trpadmin\trpadmin.php(557): App\Models\normodel->deleteNor('36')
#6 C:\xampp\htdocs\trp\system\CodeIgniter.php(825): App\Controllers\trpadmin\trpadmin->delete_nor()
#7 C:\xampp\htdocs\trp\system\CodeIgniter.php(412): CodeIgniter\CodeIgniter->runController(Object(App\Controllers\trpadmin\trpadmin))
#8 C:\xampp\htdocs\trp\system\CodeIgniter.php(320): CodeIgniter\CodeIgniter->handleRequest(NULL, Object(Config\Cache), false)
#9 C:\xampp\htdocs\trp\public\index.php(37): CodeIgniter\CodeIgniter->run()
#10 {main}
ERROR - 2022-08-25 21:56:20 --> Cannot delete or update a parent row: a foreign key constraint fails (`trp`.`bilty`, CONSTRAINT `bilty_ibfk_2` FOREIGN KEY (`consignor`) REFERENCES `consignor` (`nor_id`))
CRITICAL - 2022-08-25 21:56:20 --> Cannot delete or update a parent row: a foreign key constraint fails (`trp`.`bilty`, CONSTRAINT `bilty_ibfk_2` FOREIGN KEY (`consignor`) REFERENCES `consignor` (`nor_id`))
#0 C:\xampp\htdocs\trp\system\Database\MySQLi\Connection.php(292): mysqli->query('DELETE FROM `co...', 0)
#1 C:\xampp\htdocs\trp\system\Database\BaseConnection.php(670): CodeIgniter\Database\MySQLi\Connection->execute('DELETE FROM `co...')
#2 C:\xampp\htdocs\trp\system\Database\BaseConnection.php(598): CodeIgniter\Database\BaseConnection->simpleQuery('DELETE FROM `co...')
#3 C:\xampp\htdocs\trp\system\Database\BaseBuilder.php(2225): CodeIgniter\Database\BaseConnection->query('DELETE FROM `co...', Array, false)
#4 C:\xampp\htdocs\trp\app\Models\normodel.php(64): CodeIgniter\Database\BaseBuilder->delete()
#5 C:\xampp\htdocs\trp\app\Controllers\trpadmin\trpadmin.php(557): App\Models\normodel->deleteNor('36')
#6 C:\xampp\htdocs\trp\system\CodeIgniter.php(825): App\Controllers\trpadmin\trpadmin->delete_nor()
#7 C:\xampp\htdocs\trp\system\CodeIgniter.php(412): CodeIgniter\CodeIgniter->runController(Object(App\Controllers\trpadmin\trpadmin))
#8 C:\xampp\htdocs\trp\system\CodeIgniter.php(320): CodeIgniter\CodeIgniter->handleRequest(NULL, Object(Config\Cache), false)
#9 C:\xampp\htdocs\trp\public\index.php(37): CodeIgniter\CodeIgniter->run()
#10 {main}
ERROR - 2022-08-25 21:56:20 --> Cannot delete or update a parent row: a foreign key constraint fails (`trp`.`bilty`, CONSTRAINT `bilty_ibfk_2` FOREIGN KEY (`consignor`) REFERENCES `consignor` (`nor_id`))
CRITICAL - 2022-08-25 21:56:20 --> Cannot delete or update a parent row: a foreign key constraint fails (`trp`.`bilty`, CONSTRAINT `bilty_ibfk_2` FOREIGN KEY (`consignor`) REFERENCES `consignor` (`nor_id`))
#0 C:\xampp\htdocs\trp\system\Database\MySQLi\Connection.php(292): mysqli->query('DELETE FROM `co...', 0)
#1 C:\xampp\htdocs\trp\system\Database\BaseConnection.php(670): CodeIgniter\Database\MySQLi\Connection->execute('DELETE FROM `co...')
#2 C:\xampp\htdocs\trp\system\Database\BaseConnection.php(598): CodeIgniter\Database\BaseConnection->simpleQuery('DELETE FROM `co...')
#3 C:\xampp\htdocs\trp\system\Database\BaseBuilder.php(2225): CodeIgniter\Database\BaseConnection->query('DELETE FROM `co...', Array, false)
#4 C:\xampp\htdocs\trp\app\Models\normodel.php(64): CodeIgniter\Database\BaseBuilder->delete()
#5 C:\xampp\htdocs\trp\app\Controllers\trpadmin\trpadmin.php(557): App\Models\normodel->deleteNor('36')
#6 C:\xampp\htdocs\trp\system\CodeIgniter.php(825): App\Controllers\trpadmin\trpadmin->delete_nor()
#7 C:\xampp\htdocs\trp\system\CodeIgniter.php(412): CodeIgniter\CodeIgniter->runController(Object(App\Controllers\trpadmin\trpadmin))
#8 C:\xampp\htdocs\trp\system\CodeIgniter.php(320): CodeIgniter\CodeIgniter->handleRequest(NULL, Object(Config\Cache), false)
#9 C:\xampp\htdocs\trp\public\index.php(37): CodeIgniter\CodeIgniter->run()
#10 {main}
ERROR - 2022-08-25 21:56:20 --> Cannot delete or update a parent row: a foreign key constraint fails (`trp`.`bilty`, CONSTRAINT `bilty_ibfk_2` FOREIGN KEY (`consignor`) REFERENCES `consignor` (`nor_id`))
CRITICAL - 2022-08-25 21:56:20 --> Cannot delete or update a parent row: a foreign key constraint fails (`trp`.`bilty`, CONSTRAINT `bilty_ibfk_2` FOREIGN KEY (`consignor`) REFERENCES `consignor` (`nor_id`))
#0 C:\xampp\htdocs\trp\system\Database\MySQLi\Connection.php(292): mysqli->query('DELETE FROM `co...', 0)
#1 C:\xampp\htdocs\trp\system\Database\BaseConnection.php(670): CodeIgniter\Database\MySQLi\Connection->execute('DELETE FROM `co...')
#2 C:\xampp\htdocs\trp\system\Database\BaseConnection.php(598): CodeIgniter\Database\BaseConnection->simpleQuery('DELETE FROM `co...')
#3 C:\xampp\htdocs\trp\system\Database\BaseBuilder.php(2225): CodeIgniter\Database\BaseConnection->query('DELETE FROM `co...', Array, false)
#4 C:\xampp\htdocs\trp\app\Models\normodel.php(64): CodeIgniter\Database\BaseBuilder->delete()
#5 C:\xampp\htdocs\trp\app\Controllers\trpadmin\trpadmin.php(557): App\Models\normodel->deleteNor('36')
#6 C:\xampp\htdocs\trp\system\CodeIgniter.php(825): App\Controllers\trpadmin\trpadmin->delete_nor()
#7 C:\xampp\htdocs\trp\system\CodeIgniter.php(412): CodeIgniter\CodeIgniter->runController(Object(App\Controllers\trpadmin\trpadmin))
#8 C:\xampp\htdocs\trp\system\CodeIgniter.php(320): CodeIgniter\CodeIgniter->handleRequest(NULL, Object(Config\Cache), false)
#9 C:\xampp\htdocs\trp\public\index.php(37): CodeIgniter\CodeIgniter->run()
#10 {main}
ERROR - 2022-08-25 21:56:23 --> Cannot delete or update a parent row: a foreign key constraint fails (`trp`.`bilty`, CONSTRAINT `bilty_ibfk_2` FOREIGN KEY (`consignor`) REFERENCES `consignor` (`nor_id`))
CRITICAL - 2022-08-25 21:56:23 --> Cannot delete or update a parent row: a foreign key constraint fails (`trp`.`bilty`, CONSTRAINT `bilty_ibfk_2` FOREIGN KEY (`consignor`) REFERENCES `consignor` (`nor_id`))
#0 C:\xampp\htdocs\trp\system\Database\MySQLi\Connection.php(292): mysqli->query('DELETE FROM `co...', 0)
#1 C:\xampp\htdocs\trp\system\Database\BaseConnection.php(670): CodeIgniter\Database\MySQLi\Connection->execute('DELETE FROM `co...')
#2 C:\xampp\htdocs\trp\system\Database\BaseConnection.php(598): CodeIgniter\Database\BaseConnection->simpleQuery('DELETE FROM `co...')
#3 C:\xampp\htdocs\trp\system\Database\BaseBuilder.php(2225): CodeIgniter\Database\BaseConnection->query('DELETE FROM `co...', Array, false)
#4 C:\xampp\htdocs\trp\app\Models\normodel.php(64): CodeIgniter\Database\BaseBuilder->delete()
#5 C:\xampp\htdocs\trp\app\Controllers\trpadmin\trpadmin.php(557): App\Models\normodel->deleteNor('36')
#6 C:\xampp\htdocs\trp\system\CodeIgniter.php(825): App\Controllers\trpadmin\trpadmin->delete_nor()
#7 C:\xampp\htdocs\trp\system\CodeIgniter.php(412): CodeIgniter\CodeIgniter->runController(Object(App\Controllers\trpadmin\trpadmin))
#8 C:\xampp\htdocs\trp\system\CodeIgniter.php(320): CodeIgniter\CodeIgniter->handleRequest(NULL, Object(Config\Cache), false)
#9 C:\xampp\htdocs\trp\public\index.php(37): CodeIgniter\CodeIgniter->run()
#10 {main}
ERROR - 2022-08-25 21:56:25 --> Cannot delete or update a parent row: a foreign key constraint fails (`trp`.`bilty`, CONSTRAINT `bilty_ibfk_2` FOREIGN KEY (`consignor`) REFERENCES `consignor` (`nor_id`))
CRITICAL - 2022-08-25 21:56:25 --> Cannot delete or update a parent row: a foreign key constraint fails (`trp`.`bilty`, CONSTRAINT `bilty_ibfk_2` FOREIGN KEY (`consignor`) REFERENCES `consignor` (`nor_id`))
#0 C:\xampp\htdocs\trp\system\Database\MySQLi\Connection.php(292): mysqli->query('DELETE FROM `co...', 0)
#1 C:\xampp\htdocs\trp\system\Database\BaseConnection.php(670): CodeIgniter\Database\MySQLi\Connection->execute('DELETE FROM `co...')
#2 C:\xampp\htdocs\trp\system\Database\BaseConnection.php(598): CodeIgniter\Database\BaseConnection->simpleQuery('DELETE FROM `co...')
#3 C:\xampp\htdocs\trp\system\Database\BaseBuilder.php(2225): CodeIgniter\Database\BaseConnection->query('DELETE FROM `co...', Array, false)
#4 C:\xampp\htdocs\trp\app\Models\normodel.php(64): CodeIgniter\Database\BaseBuilder->delete()
#5 C:\xampp\htdocs\trp\app\Controllers\trpadmin\trpadmin.php(557): App\Models\normodel->deleteNor('36')
#6 C:\xampp\htdocs\trp\system\CodeIgniter.php(825): App\Controllers\trpadmin\trpadmin->delete_nor()
#7 C:\xampp\htdocs\trp\system\CodeIgniter.php(412): CodeIgniter\CodeIgniter->runController(Object(App\Controllers\trpadmin\trpadmin))
#8 C:\xampp\htdocs\trp\system\CodeIgniter.php(320): CodeIgniter\CodeIgniter->handleRequest(NULL, Object(Config\Cache), false)
#9 C:\xampp\htdocs\trp\public\index.php(37): CodeIgniter\CodeIgniter->run()
#10 {main}
ERROR - 2022-08-25 21:56:26 --> Cannot delete or update a parent row: a foreign key constraint fails (`trp`.`bilty`, CONSTRAINT `bilty_ibfk_2` FOREIGN KEY (`consignor`) REFERENCES `consignor` (`nor_id`))
CRITICAL - 2022-08-25 21:56:26 --> Cannot delete or update a parent row: a foreign key constraint fails (`trp`.`bilty`, CONSTRAINT `bilty_ibfk_2` FOREIGN KEY (`consignor`) REFERENCES `consignor` (`nor_id`))
#0 C:\xampp\htdocs\trp\system\Database\MySQLi\Connection.php(292): mysqli->query('DELETE FROM `co...', 0)
#1 C:\xampp\htdocs\trp\system\Database\BaseConnection.php(670): CodeIgniter\Database\MySQLi\Connection->execute('DELETE FROM `co...')
#2 C:\xampp\htdocs\trp\system\Database\BaseConnection.php(598): CodeIgniter\Database\BaseConnection->simpleQuery('DELETE FROM `co...')
#3 C:\xampp\htdocs\trp\system\Database\BaseBuilder.php(2225): CodeIgniter\Database\BaseConnection->query('DELETE FROM `co...', Array, false)
#4 C:\xampp\htdocs\trp\app\Models\normodel.php(64): CodeIgniter\Database\BaseBuilder->delete()
#5 C:\xampp\htdocs\trp\app\Controllers\trpadmin\trpadmin.php(557): App\Models\normodel->deleteNor('36')
#6 C:\xampp\htdocs\trp\system\CodeIgniter.php(825): App\Controllers\trpadmin\trpadmin->delete_nor()
#7 C:\xampp\htdocs\trp\system\CodeIgniter.php(412): CodeIgniter\CodeIgniter->runController(Object(App\Controllers\trpadmin\trpadmin))
#8 C:\xampp\htdocs\trp\system\CodeIgniter.php(320): CodeIgniter\CodeIgniter->handleRequest(NULL, Object(Config\Cache), false)
#9 C:\xampp\htdocs\trp\public\index.php(37): CodeIgniter\CodeIgniter->run()
#10 {main}
ERROR - 2022-08-25 21:56:26 --> Cannot delete or update a parent row: a foreign key constraint fails (`trp`.`bilty`, CONSTRAINT `bilty_ibfk_2` FOREIGN KEY (`consignor`) REFERENCES `consignor` (`nor_id`))
CRITICAL - 2022-08-25 21:56:26 --> Cannot delete or update a parent row: a foreign key constraint fails (`trp`.`bilty`, CONSTRAINT `bilty_ibfk_2` FOREIGN KEY (`consignor`) REFERENCES `consignor` (`nor_id`))
#0 C:\xampp\htdocs\trp\system\Database\MySQLi\Connection.php(292): mysqli->query('DELETE FROM `co...', 0)
#1 C:\xampp\htdocs\trp\system\Database\BaseConnection.php(670): CodeIgniter\Database\MySQLi\Connection->execute('DELETE FROM `co...')
#2 C:\xampp\htdocs\trp\system\Database\BaseConnection.php(598): CodeIgniter\Database\BaseConnection->simpleQuery('DELETE FROM `co...')
#3 C:\xampp\htdocs\trp\system\Database\BaseBuilder.php(2225): CodeIgniter\Database\BaseConnection->query('DELETE FROM `co...', Array, false)
#4 C:\xampp\htdocs\trp\app\Models\normodel.php(64): CodeIgniter\Database\BaseBuilder->delete()
#5 C:\xampp\htdocs\trp\app\Controllers\trpadmin\trpadmin.php(557): App\Models\normodel->deleteNor('36')
#6 C:\xampp\htdocs\trp\system\CodeIgniter.php(825): App\Controllers\trpadmin\trpadmin->delete_nor()
#7 C:\xampp\htdocs\trp\system\CodeIgniter.php(412): CodeIgniter\CodeIgniter->runController(Object(App\Controllers\trpadmin\trpadmin))
#8 C:\xampp\htdocs\trp\system\CodeIgniter.php(320): CodeIgniter\CodeIgniter->handleRequest(NULL, Object(Config\Cache), false)
#9 C:\xampp\htdocs\trp\public\index.php(37): CodeIgniter\CodeIgniter->run()
#10 {main}
ERROR - 2022-08-25 21:56:26 --> Cannot delete or update a parent row: a foreign key constraint fails (`trp`.`bilty`, CONSTRAINT `bilty_ibfk_2` FOREIGN KEY (`consignor`) REFERENCES `consignor` (`nor_id`))
CRITICAL - 2022-08-25 21:56:26 --> Cannot delete or update a parent row: a foreign key constraint fails (`trp`.`bilty`, CONSTRAINT `bilty_ibfk_2` FOREIGN KEY (`consignor`) REFERENCES `consignor` (`nor_id`))
#0 C:\xampp\htdocs\trp\system\Database\MySQLi\Connection.php(292): mysqli->query('DELETE FROM `co...', 0)
#1 C:\xampp\htdocs\trp\system\Database\BaseConnection.php(670): CodeIgniter\Database\MySQLi\Connection->execute('DELETE FROM `co...')
#2 C:\xampp\htdocs\trp\system\Database\BaseConnection.php(598): CodeIgniter\Database\BaseConnection->simpleQuery('DELETE FROM `co...')
#3 C:\xampp\htdocs\trp\system\Database\BaseBuilder.php(2225): CodeIgniter\Database\BaseConnection->query('DELETE FROM `co...', Array, false)
#4 C:\xampp\htdocs\trp\app\Models\normodel.php(64): CodeIgniter\Database\BaseBuilder->delete()
#5 C:\xampp\htdocs\trp\app\Controllers\trpadmin\trpadmin.php(557): App\Models\normodel->deleteNor('36')
#6 C:\xampp\htdocs\trp\system\CodeIgniter.php(825): App\Controllers\trpadmin\trpadmin->delete_nor()
#7 C:\xampp\htdocs\trp\system\CodeIgniter.php(412): CodeIgniter\CodeIgniter->runController(Object(App\Controllers\trpadmin\trpadmin))
#8 C:\xampp\htdocs\trp\system\CodeIgniter.php(320): CodeIgniter\CodeIgniter->handleRequest(NULL, Object(Config\Cache), false)
#9 C:\xampp\htdocs\trp\public\index.php(37): CodeIgniter\CodeIgniter->run()
#10 {main}
ERROR - 2022-08-25 21:56:26 --> Cannot delete or update a parent row: a foreign key constraint fails (`trp`.`bilty`, CONSTRAINT `bilty_ibfk_2` FOREIGN KEY (`consignor`) REFERENCES `consignor` (`nor_id`))
CRITICAL - 2022-08-25 21:56:26 --> Cannot delete or update a parent row: a foreign key constraint fails (`trp`.`bilty`, CONSTRAINT `bilty_ibfk_2` FOREIGN KEY (`consignor`) REFERENCES `consignor` (`nor_id`))
#0 C:\xampp\htdocs\trp\system\Database\MySQLi\Connection.php(292): mysqli->query('DELETE FROM `co...', 0)
#1 C:\xampp\htdocs\trp\system\Database\BaseConnection.php(670): CodeIgniter\Database\MySQLi\Connection->execute('DELETE FROM `co...')
#2 C:\xampp\htdocs\trp\system\Database\BaseConnection.php(598): CodeIgniter\Database\BaseConnection->simpleQuery('DELETE FROM `co...')
#3 C:\xampp\htdocs\trp\system\Database\BaseBuilder.php(2225): CodeIgniter\Database\BaseConnection->query('DELETE FROM `co...', Array, false)
#4 C:\xampp\htdocs\trp\app\Models\normodel.php(64): CodeIgniter\Database\BaseBuilder->delete()
#5 C:\xampp\htdocs\trp\app\Controllers\trpadmin\trpadmin.php(557): App\Models\normodel->deleteNor('36')
#6 C:\xampp\htdocs\trp\system\CodeIgniter.php(825): App\Controllers\trpadmin\trpadmin->delete_nor()
#7 C:\xampp\htdocs\trp\system\CodeIgniter.php(412): CodeIgniter\CodeIgniter->runController(Object(App\Controllers\trpadmin\trpadmin))
#8 C:\xampp\htdocs\trp\system\CodeIgniter.php(320): CodeIgniter\CodeIgniter->handleRequest(NULL, Object(Config\Cache), false)
#9 C:\xampp\htdocs\trp\public\index.php(37): CodeIgniter\CodeIgniter->run()
#10 {main}
ERROR - 2022-08-25 21:56:31 --> Cannot delete or update a parent row: a foreign key constraint fails (`trp`.`bilty`, CONSTRAINT `bilty_ibfk_2` FOREIGN KEY (`consignor`) REFERENCES `consignor` (`nor_id`))
CRITICAL - 2022-08-25 21:56:31 --> Cannot delete or update a parent row: a foreign key constraint fails (`trp`.`bilty`, CONSTRAINT `bilty_ibfk_2` FOREIGN KEY (`consignor`) REFERENCES `consignor` (`nor_id`))
#0 C:\xampp\htdocs\trp\system\Database\MySQLi\Connection.php(292): mysqli->query('DELETE FROM `co...', 0)
#1 C:\xampp\htdocs\trp\system\Database\BaseConnection.php(670): CodeIgniter\Database\MySQLi\Connection->execute('DELETE FROM `co...')
#2 C:\xampp\htdocs\trp\system\Database\BaseConnection.php(598): CodeIgniter\Database\BaseConnection->simpleQuery('DELETE FROM `co...')
#3 C:\xampp\htdocs\trp\system\Database\BaseBuilder.php(2225): CodeIgniter\Database\BaseConnection->query('DELETE FROM `co...', Array, false)
#4 C:\xampp\htdocs\trp\app\Models\normodel.php(64): CodeIgniter\Database\BaseBuilder->delete()
#5 C:\xampp\htdocs\trp\app\Controllers\trpadmin\trpadmin.php(557): App\Models\normodel->deleteNor('36')
#6 C:\xampp\htdocs\trp\system\CodeIgniter.php(825): App\Controllers\trpadmin\trpadmin->delete_nor()
#7 C:\xampp\htdocs\trp\system\CodeIgniter.php(412): CodeIgniter\CodeIgniter->runController(Object(App\Controllers\trpadmin\trpadmin))
#8 C:\xampp\htdocs\trp\system\CodeIgniter.php(320): CodeIgniter\CodeIgniter->handleRequest(NULL, Object(Config\Cache), false)
#9 C:\xampp\htdocs\trp\public\index.php(37): CodeIgniter\CodeIgniter->run()
#10 {main}
ERROR - 2022-08-25 21:56:31 --> Cannot delete or update a parent row: a foreign key constraint fails (`trp`.`bilty`, CONSTRAINT `bilty_ibfk_2` FOREIGN KEY (`consignor`) REFERENCES `consignor` (`nor_id`))
CRITICAL - 2022-08-25 21:56:31 --> Cannot delete or update a parent row: a foreign key constraint fails (`trp`.`bilty`, CONSTRAINT `bilty_ibfk_2` FOREIGN KEY (`consignor`) REFERENCES `consignor` (`nor_id`))
#0 C:\xampp\htdocs\trp\system\Database\MySQLi\Connection.php(292): mysqli->query('DELETE FROM `co...', 0)
#1 C:\xampp\htdocs\trp\system\Database\BaseConnection.php(670): CodeIgniter\Database\MySQLi\Connection->execute('DELETE FROM `co...')
#2 C:\xampp\htdocs\trp\system\Database\BaseConnection.php(598): CodeIgniter\Database\BaseConnection->simpleQuery('DELETE FROM `co...')
#3 C:\xampp\htdocs\trp\system\Database\BaseBuilder.php(2225): CodeIgniter\Database\BaseConnection->query('DELETE FROM `co...', Array, false)
#4 C:\xampp\htdocs\trp\app\Models\normodel.php(64): CodeIgniter\Database\BaseBuilder->delete()
#5 C:\xampp\htdocs\trp\app\Controllers\trpadmin\trpadmin.php(557): App\Models\normodel->deleteNor('36')
#6 C:\xampp\htdocs\trp\system\CodeIgniter.php(825): App\Controllers\trpadmin\trpadmin->delete_nor()
#7 C:\xampp\htdocs\trp\system\CodeIgniter.php(412): CodeIgniter\CodeIgniter->runController(Object(App\Controllers\trpadmin\trpadmin))
#8 C:\xampp\htdocs\trp\system\CodeIgniter.php(320): CodeIgniter\CodeIgniter->handleRequest(NULL, Object(Config\Cache), false)
#9 C:\xampp\htdocs\trp\public\index.php(37): CodeIgniter\CodeIgniter->run()
#10 {main}
ERROR - 2022-08-25 21:56:31 --> Cannot delete or update a parent row: a foreign key constraint fails (`trp`.`bilty`, CONSTRAINT `bilty_ibfk_2` FOREIGN KEY (`consignor`) REFERENCES `consignor` (`nor_id`))
CRITICAL - 2022-08-25 21:56:31 --> Cannot delete or update a parent row: a foreign key constraint fails (`trp`.`bilty`, CONSTRAINT `bilty_ibfk_2` FOREIGN KEY (`consignor`) REFERENCES `consignor` (`nor_id`))
#0 C:\xampp\htdocs\trp\system\Database\MySQLi\Connection.php(292): mysqli->query('DELETE FROM `co...', 0)
#1 C:\xampp\htdocs\trp\system\Database\BaseConnection.php(670): CodeIgniter\Database\MySQLi\Connection->execute('DELETE FROM `co...')
#2 C:\xampp\htdocs\trp\system\Database\BaseConnection.php(598): CodeIgniter\Database\BaseConnection->simpleQuery('DELETE FROM `co...')
#3 C:\xampp\htdocs\trp\system\Database\BaseBuilder.php(2225): CodeIgniter\Database\BaseConnection->query('DELETE FROM `co...', Array, false)
#4 C:\xampp\htdocs\trp\app\Models\normodel.php(64): CodeIgniter\Database\BaseBuilder->delete()
#5 C:\xampp\htdocs\trp\app\Controllers\trpadmin\trpadmin.php(557): App\Models\normodel->deleteNor('36')
#6 C:\xampp\htdocs\trp\system\CodeIgniter.php(825): App\Controllers\trpadmin\trpadmin->delete_nor()
#7 C:\xampp\htdocs\trp\system\CodeIgniter.php(412): CodeIgniter\CodeIgniter->runController(Object(App\Controllers\trpadmin\trpadmin))
#8 C:\xampp\htdocs\trp\system\CodeIgniter.php(320): CodeIgniter\CodeIgniter->handleRequest(NULL, Object(Config\Cache), false)
#9 C:\xampp\htdocs\trp\public\index.php(37): CodeIgniter\CodeIgniter->run()
#10 {main}
ERROR - 2022-08-25 21:56:32 --> Cannot delete or update a parent row: a foreign key constraint fails (`trp`.`bilty`, CONSTRAINT `bilty_ibfk_2` FOREIGN KEY (`consignor`) REFERENCES `consignor` (`nor_id`))
CRITICAL - 2022-08-25 21:56:32 --> Cannot delete or update a parent row: a foreign key constraint fails (`trp`.`bilty`, CONSTRAINT `bilty_ibfk_2` FOREIGN KEY (`consignor`) REFERENCES `consignor` (`nor_id`))
#0 C:\xampp\htdocs\trp\system\Database\MySQLi\Connection.php(292): mysqli->query('DELETE FROM `co...', 0)
#1 C:\xampp\htdocs\trp\system\Database\BaseConnection.php(670): CodeIgniter\Database\MySQLi\Connection->execute('DELETE FROM `co...')
#2 C:\xampp\htdocs\trp\system\Database\BaseConnection.php(598): CodeIgniter\Database\BaseConnection->simpleQuery('DELETE FROM `co...')
#3 C:\xampp\htdocs\trp\system\Database\BaseBuilder.php(2225): CodeIgniter\Database\BaseConnection->query('DELETE FROM `co...', Array, false)
#4 C:\xampp\htdocs\trp\app\Models\normodel.php(64): CodeIgniter\Database\BaseBuilder->delete()
#5 C:\xampp\htdocs\trp\app\Controllers\trpadmin\trpadmin.php(557): App\Models\normodel->deleteNor('36')
#6 C:\xampp\htdocs\trp\system\CodeIgniter.php(825): App\Controllers\trpadmin\trpadmin->delete_nor()
#7 C:\xampp\htdocs\trp\system\CodeIgniter.php(412): CodeIgniter\CodeIgniter->runController(Object(App\Controllers\trpadmin\trpadmin))
#8 C:\xampp\htdocs\trp\system\CodeIgniter.php(320): CodeIgniter\CodeIgniter->handleRequest(NULL, Object(Config\Cache), false)
#9 C:\xampp\htdocs\trp\public\index.php(37): CodeIgniter\CodeIgniter->run()
#10 {main}
ERROR - 2022-08-25 21:56:39 --> Cannot delete or update a parent row: a foreign key constraint fails (`trp`.`bilty`, CONSTRAINT `bilty_ibfk_2` FOREIGN KEY (`consignor`) REFERENCES `consignor` (`nor_id`))
CRITICAL - 2022-08-25 21:56:39 --> Cannot delete or update a parent row: a foreign key constraint fails (`trp`.`bilty`, CONSTRAINT `bilty_ibfk_2` FOREIGN KEY (`consignor`) REFERENCES `consignor` (`nor_id`))
#0 C:\xampp\htdocs\trp\system\Database\MySQLi\Connection.php(292): mysqli->query('DELETE FROM `co...', 0)
#1 C:\xampp\htdocs\trp\system\Database\BaseConnection.php(670): CodeIgniter\Database\MySQLi\Connection->execute('DELETE FROM `co...')
#2 C:\xampp\htdocs\trp\system\Database\BaseConnection.php(598): CodeIgniter\Database\BaseConnection->simpleQuery('DELETE FROM `co...')
#3 C:\xampp\htdocs\trp\system\Database\BaseBuilder.php(2225): CodeIgniter\Database\BaseConnection->query('DELETE FROM `co...', Array, false)
#4 C:\xampp\htdocs\trp\app\Models\normodel.php(64): CodeIgniter\Database\BaseBuilder->delete()
#5 C:\xampp\htdocs\trp\app\Controllers\trpadmin\trpadmin.php(557): App\Models\normodel->deleteNor('36')
#6 C:\xampp\htdocs\trp\system\CodeIgniter.php(825): App\Controllers\trpadmin\trpadmin->delete_nor()
#7 C:\xampp\htdocs\trp\system\CodeIgniter.php(412): CodeIgniter\CodeIgniter->runController(Object(App\Controllers\trpadmin\trpadmin))
#8 C:\xampp\htdocs\trp\system\CodeIgniter.php(320): CodeIgniter\CodeIgniter->handleRequest(NULL, Object(Config\Cache), false)
#9 C:\xampp\htdocs\trp\public\index.php(37): CodeIgniter\CodeIgniter->run()
#10 {main}
ERROR - 2022-08-25 21:56:40 --> Cannot delete or update a parent row: a foreign key constraint fails (`trp`.`bilty`, CONSTRAINT `bilty_ibfk_2` FOREIGN KEY (`consignor`) REFERENCES `consignor` (`nor_id`))
CRITICAL - 2022-08-25 21:56:40 --> Cannot delete or update a parent row: a foreign key constraint fails (`trp`.`bilty`, CONSTRAINT `bilty_ibfk_2` FOREIGN KEY (`consignor`) REFERENCES `consignor` (`nor_id`))
#0 C:\xampp\htdocs\trp\system\Database\MySQLi\Connection.php(292): mysqli->query('DELETE FROM `co...', 0)
#1 C:\xampp\htdocs\trp\system\Database\BaseConnection.php(670): CodeIgniter\Database\MySQLi\Connection->execute('DELETE FROM `co...')
#2 C:\xampp\htdocs\trp\system\Database\BaseConnection.php(598): CodeIgniter\Database\BaseConnection->simpleQuery('DELETE FROM `co...')
#3 C:\xampp\htdocs\trp\system\Database\BaseBuilder.php(2225): CodeIgniter\Database\BaseConnection->query('DELETE FROM `co...', Array, false)
#4 C:\xampp\htdocs\trp\app\Models\normodel.php(64): CodeIgniter\Database\BaseBuilder->delete()
#5 C:\xampp\htdocs\trp\app\Controllers\trpadmin\trpadmin.php(557): App\Models\normodel->deleteNor('36')
#6 C:\xampp\htdocs\trp\system\CodeIgniter.php(825): App\Controllers\trpadmin\trpadmin->delete_nor()
#7 C:\xampp\htdocs\trp\system\CodeIgniter.php(412): CodeIgniter\CodeIgniter->runController(Object(App\Controllers\trpadmin\trpadmin))
#8 C:\xampp\htdocs\trp\system\CodeIgniter.php(320): CodeIgniter\CodeIgniter->handleRequest(NULL, Object(Config\Cache), false)
#9 C:\xampp\htdocs\trp\public\index.php(37): CodeIgniter\CodeIgniter->run()
#10 {main}
ERROR - 2022-08-25 21:56:40 --> Cannot delete or update a parent row: a foreign key constraint fails (`trp`.`bilty`, CONSTRAINT `bilty_ibfk_2` FOREIGN KEY (`consignor`) REFERENCES `consignor` (`nor_id`))
CRITICAL - 2022-08-25 21:56:40 --> Cannot delete or update a parent row: a foreign key constraint fails (`trp`.`bilty`, CONSTRAINT `bilty_ibfk_2` FOREIGN KEY (`consignor`) REFERENCES `consignor` (`nor_id`))
#0 C:\xampp\htdocs\trp\system\Database\MySQLi\Connection.php(292): mysqli->query('DELETE FROM `co...', 0)
#1 C:\xampp\htdocs\trp\system\Database\BaseConnection.php(670): CodeIgniter\Database\MySQLi\Connection->execute('DELETE FROM `co...')
#2 C:\xampp\htdocs\trp\system\Database\BaseConnection.php(598): CodeIgniter\Database\BaseConnection->simpleQuery('DELETE FROM `co...')
#3 C:\xampp\htdocs\trp\system\Database\BaseBuilder.php(2225): CodeIgniter\Database\BaseConnection->query('DELETE FROM `co...', Array, false)
#4 C:\xampp\htdocs\trp\app\Models\normodel.php(64): CodeIgniter\Database\BaseBuilder->delete()
#5 C:\xampp\htdocs\trp\app\Controllers\trpadmin\trpadmin.php(557): App\Models\normodel->deleteNor('36')
#6 C:\xampp\htdocs\trp\system\CodeIgniter.php(825): App\Controllers\trpadmin\trpadmin->delete_nor()
#7 C:\xampp\htdocs\trp\system\CodeIgniter.php(412): CodeIgniter\CodeIgniter->runController(Object(App\Controllers\trpadmin\trpadmin))
#8 C:\xampp\htdocs\trp\system\CodeIgniter.php(320): CodeIgniter\CodeIgniter->handleRequest(NULL, Object(Config\Cache), false)
#9 C:\xampp\htdocs\trp\public\index.php(37): CodeIgniter\CodeIgniter->run()
#10 {main}
ERROR - 2022-08-25 21:56:41 --> Cannot delete or update a parent row: a foreign key constraint fails (`trp`.`bilty`, CONSTRAINT `bilty_ibfk_2` FOREIGN KEY (`consignor`) REFERENCES `consignor` (`nor_id`))
CRITICAL - 2022-08-25 21:56:41 --> Cannot delete or update a parent row: a foreign key constraint fails (`trp`.`bilty`, CONSTRAINT `bilty_ibfk_2` FOREIGN KEY (`consignor`) REFERENCES `consignor` (`nor_id`))
#0 C:\xampp\htdocs\trp\system\Database\MySQLi\Connection.php(292): mysqli->query('DELETE FROM `co...', 0)
#1 C:\xampp\htdocs\trp\system\Database\BaseConnection.php(670): CodeIgniter\Database\MySQLi\Connection->execute('DELETE FROM `co...')
#2 C:\xampp\htdocs\trp\system\Database\BaseConnection.php(598): CodeIgniter\Database\BaseConnection->simpleQuery('DELETE FROM `co...')
#3 C:\xampp\htdocs\trp\system\Database\BaseBuilder.php(2225): CodeIgniter\Database\BaseConnection->query('DELETE FROM `co...', Array, false)
#4 C:\xampp\htdocs\trp\app\Models\normodel.php(64): CodeIgniter\Database\BaseBuilder->delete()
#5 C:\xampp\htdocs\trp\app\Controllers\trpadmin\trpadmin.php(557): App\Models\normodel->deleteNor('36')
#6 C:\xampp\htdocs\trp\system\CodeIgniter.php(825): App\Controllers\trpadmin\trpadmin->delete_nor()
#7 C:\xampp\htdocs\trp\system\CodeIgniter.php(412): CodeIgniter\CodeIgniter->runController(Object(App\Controllers\trpadmin\trpadmin))
#8 C:\xampp\htdocs\trp\system\CodeIgniter.php(320): CodeIgniter\CodeIgniter->handleRequest(NULL, Object(Config\Cache), false)
#9 C:\xampp\htdocs\trp\public\index.php(37): CodeIgniter\CodeIgniter->run()
#10 {main}
ERROR - 2022-08-25 21:56:59 --> Cannot delete or update a parent row: a foreign key constraint fails (`trp`.`bilty`, CONSTRAINT `bilty_ibfk_2` FOREIGN KEY (`consignor`) REFERENCES `consignor` (`nor_id`))
CRITICAL - 2022-08-25 21:56:59 --> Cannot delete or update a parent row: a foreign key constraint fails (`trp`.`bilty`, CONSTRAINT `bilty_ibfk_2` FOREIGN KEY (`consignor`) REFERENCES `consignor` (`nor_id`))
#0 C:\xampp\htdocs\trp\system\Database\MySQLi\Connection.php(292): mysqli->query('DELETE FROM `co...', 0)
#1 C:\xampp\htdocs\trp\system\Database\BaseConnection.php(670): CodeIgniter\Database\MySQLi\Connection->execute('DELETE FROM `co...')
#2 C:\xampp\htdocs\trp\system\Database\BaseConnection.php(598): CodeIgniter\Database\BaseConnection->simpleQuery('DELETE FROM `co...')
#3 C:\xampp\htdocs\trp\system\Database\BaseBuilder.php(2225): CodeIgniter\Database\BaseConnection->query('DELETE FROM `co...', Array, false)
#4 C:\xampp\htdocs\trp\app\Models\normodel.php(64): CodeIgniter\Database\BaseBuilder->delete()
#5 C:\xampp\htdocs\trp\app\Controllers\trpadmin\trpadmin.php(557): App\Models\normodel->deleteNor('36')
#6 C:\xampp\htdocs\trp\system\CodeIgniter.php(825): App\Controllers\trpadmin\trpadmin->delete_nor()
#7 C:\xampp\htdocs\trp\system\CodeIgniter.php(412): CodeIgniter\CodeIgniter->runController(Object(App\Controllers\trpadmin\trpadmin))
#8 C:\xampp\htdocs\trp\system\CodeIgniter.php(320): CodeIgniter\CodeIgniter->handleRequest(NULL, Object(Config\Cache), false)
#9 C:\xampp\htdocs\trp\public\index.php(37): CodeIgniter\CodeIgniter->run()
#10 {main}
ERROR - 2022-08-25 21:57:00 --> Cannot delete or update a parent row: a foreign key constraint fails (`trp`.`bilty`, CONSTRAINT `bilty_ibfk_2` FOREIGN KEY (`consignor`) REFERENCES `consignor` (`nor_id`))
CRITICAL - 2022-08-25 21:57:00 --> Cannot delete or update a parent row: a foreign key constraint fails (`trp`.`bilty`, CONSTRAINT `bilty_ibfk_2` FOREIGN KEY (`consignor`) REFERENCES `consignor` (`nor_id`))
#0 C:\xampp\htdocs\trp\system\Database\MySQLi\Connection.php(292): mysqli->query('DELETE FROM `co...', 0)
#1 C:\xampp\htdocs\trp\system\Database\BaseConnection.php(670): CodeIgniter\Database\MySQLi\Connection->execute('DELETE FROM `co...')
#2 C:\xampp\htdocs\trp\system\Database\BaseConnection.php(598): CodeIgniter\Database\BaseConnection->simpleQuery('DELETE FROM `co...')
#3 C:\xampp\htdocs\trp\system\Database\BaseBuilder.php(2225): CodeIgniter\Database\BaseConnection->query('DELETE FROM `co...', Array, false)
#4 C:\xampp\htdocs\trp\app\Models\normodel.php(64): CodeIgniter\Database\BaseBuilder->delete()
#5 C:\xampp\htdocs\trp\app\Controllers\trpadmin\trpadmin.php(557): App\Models\normodel->deleteNor('36')
#6 C:\xampp\htdocs\trp\system\CodeIgniter.php(825): App\Controllers\trpadmin\trpadmin->delete_nor()
#7 C:\xampp\htdocs\trp\system\CodeIgniter.php(412): CodeIgniter\CodeIgniter->runController(Object(App\Controllers\trpadmin\trpadmin))
#8 C:\xampp\htdocs\trp\system\CodeIgniter.php(320): CodeIgniter\CodeIgniter->handleRequest(NULL, Object(Config\Cache), false)
#9 C:\xampp\htdocs\trp\public\index.php(37): CodeIgniter\CodeIgniter->run()
#10 {main}
ERROR - 2022-08-25 21:57:00 --> Cannot delete or update a parent row: a foreign key constraint fails (`trp`.`bilty`, CONSTRAINT `bilty_ibfk_2` FOREIGN KEY (`consignor`) REFERENCES `consignor` (`nor_id`))
CRITICAL - 2022-08-25 21:57:00 --> Cannot delete or update a parent row: a foreign key constraint fails (`trp`.`bilty`, CONSTRAINT `bilty_ibfk_2` FOREIGN KEY (`consignor`) REFERENCES `consignor` (`nor_id`))
#0 C:\xampp\htdocs\trp\system\Database\MySQLi\Connection.php(292): mysqli->query('DELETE FROM `co...', 0)
#1 C:\xampp\htdocs\trp\system\Database\BaseConnection.php(670): CodeIgniter\Database\MySQLi\Connection->execute('DELETE FROM `co...')
#2 C:\xampp\htdocs\trp\system\Database\BaseConnection.php(598): CodeIgniter\Database\BaseConnection->simpleQuery('DELETE FROM `co...')
#3 C:\xampp\htdocs\trp\system\Database\BaseBuilder.php(2225): CodeIgniter\Database\BaseConnection->query('DELETE FROM `co...', Array, false)
#4 C:\xampp\htdocs\trp\app\Models\normodel.php(64): CodeIgniter\Database\BaseBuilder->delete()
#5 C:\xampp\htdocs\trp\app\Controllers\trpadmin\trpadmin.php(557): App\Models\normodel->deleteNor('36')
#6 C:\xampp\htdocs\trp\system\CodeIgniter.php(825): App\Controllers\trpadmin\trpadmin->delete_nor()
#7 C:\xampp\htdocs\trp\system\CodeIgniter.php(412): CodeIgniter\CodeIgniter->runController(Object(App\Controllers\trpadmin\trpadmin))
#8 C:\xampp\htdocs\trp\system\CodeIgniter.php(320): CodeIgniter\CodeIgniter->handleRequest(NULL, Object(Config\Cache), false)
#9 C:\xampp\htdocs\trp\public\index.php(37): CodeIgniter\CodeIgniter->run()
#10 {main}
ERROR - 2022-08-25 21:57:24 --> Cannot delete or update a parent row: a foreign key constraint fails (`trp`.`bilty`, CONSTRAINT `bilty_ibfk_2` FOREIGN KEY (`consignor`) REFERENCES `consignor` (`nor_id`))
CRITICAL - 2022-08-25 21:57:24 --> Cannot delete or update a parent row: a foreign key constraint fails (`trp`.`bilty`, CONSTRAINT `bilty_ibfk_2` FOREIGN KEY (`consignor`) REFERENCES `consignor` (`nor_id`))
#0 C:\xampp\htdocs\trp\system\Database\MySQLi\Connection.php(292): mysqli->query('DELETE FROM `co...', 0)
#1 C:\xampp\htdocs\trp\system\Database\BaseConnection.php(670): CodeIgniter\Database\MySQLi\Connection->execute('DELETE FROM `co...')
#2 C:\xampp\htdocs\trp\system\Database\BaseConnection.php(598): CodeIgniter\Database\BaseConnection->simpleQuery('DELETE FROM `co...')
#3 C:\xampp\htdocs\trp\system\Database\BaseBuilder.php(2225): CodeIgniter\Database\BaseConnection->query('DELETE FROM `co...', Array, false)
#4 C:\xampp\htdocs\trp\app\Models\normodel.php(64): CodeIgniter\Database\BaseBuilder->delete()
#5 C:\xampp\htdocs\trp\app\Controllers\trpadmin\trpadmin.php(557): App\Models\normodel->deleteNor('36')
#6 C:\xampp\htdocs\trp\system\CodeIgniter.php(825): App\Controllers\trpadmin\trpadmin->delete_nor()
#7 C:\xampp\htdocs\trp\system\CodeIgniter.php(412): CodeIgniter\CodeIgniter->runController(Object(App\Controllers\trpadmin\trpadmin))
#8 C:\xampp\htdocs\trp\system\CodeIgniter.php(320): CodeIgniter\CodeIgniter->handleRequest(NULL, Object(Config\Cache), false)
#9 C:\xampp\htdocs\trp\public\index.php(37): CodeIgniter\CodeIgniter->run()
#10 {main}
ERROR - 2022-08-25 21:57:26 --> Cannot delete or update a parent row: a foreign key constraint fails (`trp`.`bilty`, CONSTRAINT `bilty_ibfk_2` FOREIGN KEY (`consignor`) REFERENCES `consignor` (`nor_id`))
CRITICAL - 2022-08-25 21:57:26 --> Cannot delete or update a parent row: a foreign key constraint fails (`trp`.`bilty`, CONSTRAINT `bilty_ibfk_2` FOREIGN KEY (`consignor`) REFERENCES `consignor` (`nor_id`))
#0 C:\xampp\htdocs\trp\system\Database\MySQLi\Connection.php(292): mysqli->query('DELETE FROM `co...', 0)
#1 C:\xampp\htdocs\trp\system\Database\BaseConnection.php(670): CodeIgniter\Database\MySQLi\Connection->execute('DELETE FROM `co...')
#2 C:\xampp\htdocs\trp\system\Database\BaseConnection.php(598): CodeIgniter\Database\BaseConnection->simpleQuery('DELETE FROM `co...')
#3 C:\xampp\htdocs\trp\system\Database\BaseBuilder.php(2225): CodeIgniter\Database\BaseConnection->query('DELETE FROM `co...', Array, false)
#4 C:\xampp\htdocs\trp\app\Models\normodel.php(64): CodeIgniter\Database\BaseBuilder->delete()
#5 C:\xampp\htdocs\trp\app\Controllers\trpadmin\trpadmin.php(557): App\Models\normodel->deleteNor('36')
#6 C:\xampp\htdocs\trp\system\CodeIgniter.php(825): App\Controllers\trpadmin\trpadmin->delete_nor()
#7 C:\xampp\htdocs\trp\system\CodeIgniter.php(412): CodeIgniter\CodeIgniter->runController(Object(App\Controllers\trpadmin\trpadmin))
#8 C:\xampp\htdocs\trp\system\CodeIgniter.php(320): CodeIgniter\CodeIgniter->handleRequest(NULL, Object(Config\Cache), false)
#9 C:\xampp\htdocs\trp\public\index.php(37): CodeIgniter\CodeIgniter->run()
#10 {main}
ERROR - 2022-08-25 21:57:26 --> Cannot delete or update a parent row: a foreign key constraint fails (`trp`.`bilty`, CONSTRAINT `bilty_ibfk_2` FOREIGN KEY (`consignor`) REFERENCES `consignor` (`nor_id`))
CRITICAL - 2022-08-25 21:57:26 --> Cannot delete or update a parent row: a foreign key constraint fails (`trp`.`bilty`, CONSTRAINT `bilty_ibfk_2` FOREIGN KEY (`consignor`) REFERENCES `consignor` (`nor_id`))
#0 C:\xampp\htdocs\trp\system\Database\MySQLi\Connection.php(292): mysqli->query('DELETE FROM `co...', 0)
#1 C:\xampp\htdocs\trp\system\Database\BaseConnection.php(670): CodeIgniter\Database\MySQLi\Connection->execute('DELETE FROM `co...')
#2 C:\xampp\htdocs\trp\system\Database\BaseConnection.php(598): CodeIgniter\Database\BaseConnection->simpleQuery('DELETE FROM `co...')
#3 C:\xampp\htdocs\trp\system\Database\BaseBuilder.php(2225): CodeIgniter\Database\BaseConnection->query('DELETE FROM `co...', Array, false)
#4 C:\xampp\htdocs\trp\app\Models\normodel.php(64): CodeIgniter\Database\BaseBuilder->delete()
#5 C:\xampp\htdocs\trp\app\Controllers\trpadmin\trpadmin.php(557): App\Models\normodel->deleteNor('36')
#6 C:\xampp\htdocs\trp\system\CodeIgniter.php(825): App\Controllers\trpadmin\trpadmin->delete_nor()
#7 C:\xampp\htdocs\trp\system\CodeIgniter.php(412): CodeIgniter\CodeIgniter->runController(Object(App\Controllers\trpadmin\trpadmin))
#8 C:\xampp\htdocs\trp\system\CodeIgniter.php(320): CodeIgniter\CodeIgniter->handleRequest(NULL, Object(Config\Cache), false)
#9 C:\xampp\htdocs\trp\public\index.php(37): CodeIgniter\CodeIgniter->run()
#10 {main}
ERROR - 2022-08-25 21:57:26 --> Cannot delete or update a parent row: a foreign key constraint fails (`trp`.`bilty`, CONSTRAINT `bilty_ibfk_2` FOREIGN KEY (`consignor`) REFERENCES `consignor` (`nor_id`))
CRITICAL - 2022-08-25 21:57:26 --> Cannot delete or update a parent row: a foreign key constraint fails (`trp`.`bilty`, CONSTRAINT `bilty_ibfk_2` FOREIGN KEY (`consignor`) REFERENCES `consignor` (`nor_id`))
#0 C:\xampp\htdocs\trp\system\Database\MySQLi\Connection.php(292): mysqli->query('DELETE FROM `co...', 0)
#1 C:\xampp\htdocs\trp\system\Database\BaseConnection.php(670): CodeIgniter\Database\MySQLi\Connection->execute('DELETE FROM `co...')
#2 C:\xampp\htdocs\trp\system\Database\BaseConnection.php(598): CodeIgniter\Database\BaseConnection->simpleQuery('DELETE FROM `co...')
#3 C:\xampp\htdocs\trp\system\Database\BaseBuilder.php(2225): CodeIgniter\Database\BaseConnection->query('DELETE FROM `co...', Array, false)
#4 C:\xampp\htdocs\trp\app\Models\normodel.php(64): CodeIgniter\Database\BaseBuilder->delete()
#5 C:\xampp\htdocs\trp\app\Controllers\trpadmin\trpadmin.php(557): App\Models\normodel->deleteNor('36')
#6 C:\xampp\htdocs\trp\system\CodeIgniter.php(825): App\Controllers\trpadmin\trpadmin->delete_nor()
#7 C:\xampp\htdocs\trp\system\CodeIgniter.php(412): CodeIgniter\CodeIgniter->runController(Object(App\Controllers\trpadmin\trpadmin))
#8 C:\xampp\htdocs\trp\system\CodeIgniter.php(320): CodeIgniter\CodeIgniter->handleRequest(NULL, Object(Config\Cache), false)
#9 C:\xampp\htdocs\trp\public\index.php(37): CodeIgniter\CodeIgniter->run()
#10 {main}
ERROR - 2022-08-25 21:57:26 --> Cannot delete or update a parent row: a foreign key constraint fails (`trp`.`bilty`, CONSTRAINT `bilty_ibfk_2` FOREIGN KEY (`consignor`) REFERENCES `consignor` (`nor_id`))
CRITICAL - 2022-08-25 21:57:26 --> Cannot delete or update a parent row: a foreign key constraint fails (`trp`.`bilty`, CONSTRAINT `bilty_ibfk_2` FOREIGN KEY (`consignor`) REFERENCES `consignor` (`nor_id`))
#0 C:\xampp\htdocs\trp\system\Database\MySQLi\Connection.php(292): mysqli->query('DELETE FROM `co...', 0)
#1 C:\xampp\htdocs\trp\system\Database\BaseConnection.php(670): CodeIgniter\Database\MySQLi\Connection->execute('DELETE FROM `co...')
#2 C:\xampp\htdocs\trp\system\Database\BaseConnection.php(598): CodeIgniter\Database\BaseConnection->simpleQuery('DELETE FROM `co...')
#3 C:\xampp\htdocs\trp\system\Database\BaseBuilder.php(2225): CodeIgniter\Database\BaseConnection->query('DELETE FROM `co...', Array, false)
#4 C:\xampp\htdocs\trp\app\Models\normodel.php(64): CodeIgniter\Database\BaseBuilder->delete()
#5 C:\xampp\htdocs\trp\app\Controllers\trpadmin\trpadmin.php(557): App\Models\normodel->deleteNor('36')
#6 C:\xampp\htdocs\trp\system\CodeIgniter.php(825): App\Controllers\trpadmin\trpadmin->delete_nor()
#7 C:\xampp\htdocs\trp\system\CodeIgniter.php(412): CodeIgniter\CodeIgniter->runController(Object(App\Controllers\trpadmin\trpadmin))
#8 C:\xampp\htdocs\trp\system\CodeIgniter.php(320): CodeIgniter\CodeIgniter->handleRequest(NULL, Object(Config\Cache), false)
#9 C:\xampp\htdocs\trp\public\index.php(37): CodeIgniter\CodeIgniter->run()
#10 {main}
ERROR - 2022-08-25 21:57:50 --> Cannot delete or update a parent row: a foreign key constraint fails (`trp`.`bilty`, CONSTRAINT `bilty_ibfk_2` FOREIGN KEY (`consignor`) REFERENCES `consignor` (`nor_id`))
CRITICAL - 2022-08-25 21:57:50 --> Cannot delete or update a parent row: a foreign key constraint fails (`trp`.`bilty`, CONSTRAINT `bilty_ibfk_2` FOREIGN KEY (`consignor`) REFERENCES `consignor` (`nor_id`))
#0 C:\xampp\htdocs\trp\system\Database\MySQLi\Connection.php(292): mysqli->query('DELETE FROM `co...', 0)
#1 C:\xampp\htdocs\trp\system\Database\BaseConnection.php(670): CodeIgniter\Database\MySQLi\Connection->execute('DELETE FROM `co...')
#2 C:\xampp\htdocs\trp\system\Database\BaseConnection.php(598): CodeIgniter\Database\BaseConnection->simpleQuery('DELETE FROM `co...')
#3 C:\xampp\htdocs\trp\system\Database\BaseBuilder.php(2225): CodeIgniter\Database\BaseConnection->query('DELETE FROM `co...', Array, false)
#4 C:\xampp\htdocs\trp\app\Models\normodel.php(64): CodeIgniter\Database\BaseBuilder->delete()
#5 C:\xampp\htdocs\trp\app\Controllers\trpadmin\trpadmin.php(557): App\Models\normodel->deleteNor('36')
#6 C:\xampp\htdocs\trp\system\CodeIgniter.php(825): App\Controllers\trpadmin\trpadmin->delete_nor()
#7 C:\xampp\htdocs\trp\system\CodeIgniter.php(412): CodeIgniter\CodeIgniter->runController(Object(App\Controllers\trpadmin\trpadmin))
#8 C:\xampp\htdocs\trp\system\CodeIgniter.php(320): CodeIgniter\CodeIgniter->handleRequest(NULL, Object(Config\Cache), false)
#9 C:\xampp\htdocs\trp\public\index.php(37): CodeIgniter\CodeIgniter->run()
#10 {main}
ERROR - 2022-08-25 21:57:50 --> Cannot delete or update a parent row: a foreign key constraint fails (`trp`.`bilty`, CONSTRAINT `bilty_ibfk_2` FOREIGN KEY (`consignor`) REFERENCES `consignor` (`nor_id`))
CRITICAL - 2022-08-25 21:57:50 --> Cannot delete or update a parent row: a foreign key constraint fails (`trp`.`bilty`, CONSTRAINT `bilty_ibfk_2` FOREIGN KEY (`consignor`) REFERENCES `consignor` (`nor_id`))
#0 C:\xampp\htdocs\trp\system\Database\MySQLi\Connection.php(292): mysqli->query('DELETE FROM `co...', 0)
#1 C:\xampp\htdocs\trp\system\Database\BaseConnection.php(670): CodeIgniter\Database\MySQLi\Connection->execute('DELETE FROM `co...')
#2 C:\xampp\htdocs\trp\system\Database\BaseConnection.php(598): CodeIgniter\Database\BaseConnection->simpleQuery('DELETE FROM `co...')
#3 C:\xampp\htdocs\trp\system\Database\BaseBuilder.php(2225): CodeIgniter\Database\BaseConnection->query('DELETE FROM `co...', Array, false)
#4 C:\xampp\htdocs\trp\app\Models\normodel.php(64): CodeIgniter\Database\BaseBuilder->delete()
#5 C:\xampp\htdocs\trp\app\Controllers\trpadmin\trpadmin.php(557): App\Models\normodel->deleteNor('36')
#6 C:\xampp\htdocs\trp\system\CodeIgniter.php(825): App\Controllers\trpadmin\trpadmin->delete_nor()
#7 C:\xampp\htdocs\trp\system\CodeIgniter.php(412): CodeIgniter\CodeIgniter->runController(Object(App\Controllers\trpadmin\trpadmin))
#8 C:\xampp\htdocs\trp\system\CodeIgniter.php(320): CodeIgniter\CodeIgniter->handleRequest(NULL, Object(Config\Cache), false)
#9 C:\xampp\htdocs\trp\public\index.php(37): CodeIgniter\CodeIgniter->run()
#10 {main}
ERROR - 2022-08-25 21:57:50 --> Cannot delete or update a parent row: a foreign key constraint fails (`trp`.`bilty`, CONSTRAINT `bilty_ibfk_2` FOREIGN KEY (`consignor`) REFERENCES `consignor` (`nor_id`))
CRITICAL - 2022-08-25 21:57:50 --> Cannot delete or update a parent row: a foreign key constraint fails (`trp`.`bilty`, CONSTRAINT `bilty_ibfk_2` FOREIGN KEY (`consignor`) REFERENCES `consignor` (`nor_id`))
#0 C:\xampp\htdocs\trp\system\Database\MySQLi\Connection.php(292): mysqli->query('DELETE FROM `co...', 0)
#1 C:\xampp\htdocs\trp\system\Database\BaseConnection.php(670): CodeIgniter\Database\MySQLi\Connection->execute('DELETE FROM `co...')
#2 C:\xampp\htdocs\trp\system\Database\BaseConnection.php(598): CodeIgniter\Database\BaseConnection->simpleQuery('DELETE FROM `co...')
#3 C:\xampp\htdocs\trp\system\Database\BaseBuilder.php(2225): CodeIgniter\Database\BaseConnection->query('DELETE FROM `co...', Array, false)
#4 C:\xampp\htdocs\trp\app\Models\normodel.php(64): CodeIgniter\Database\BaseBuilder->delete()
#5 C:\xampp\htdocs\trp\app\Controllers\trpadmin\trpadmin.php(557): App\Models\normodel->deleteNor('36')
#6 C:\xampp\htdocs\trp\system\CodeIgniter.php(825): App\Controllers\trpadmin\trpadmin->delete_nor()
#7 C:\xampp\htdocs\trp\system\CodeIgniter.php(412): CodeIgniter\CodeIgniter->runController(Object(App\Controllers\trpadmin\trpadmin))
#8 C:\xampp\htdocs\trp\system\CodeIgniter.php(320): CodeIgniter\CodeIgniter->handleRequest(NULL, Object(Config\Cache), false)
#9 C:\xampp\htdocs\trp\public\index.php(37): CodeIgniter\CodeIgniter->run()
#10 {main}
ERROR - 2022-08-25 21:57:51 --> Cannot delete or update a parent row: a foreign key constraint fails (`trp`.`bilty`, CONSTRAINT `bilty_ibfk_2` FOREIGN KEY (`consignor`) REFERENCES `consignor` (`nor_id`))
CRITICAL - 2022-08-25 21:57:51 --> Cannot delete or update a parent row: a foreign key constraint fails (`trp`.`bilty`, CONSTRAINT `bilty_ibfk_2` FOREIGN KEY (`consignor`) REFERENCES `consignor` (`nor_id`))
#0 C:\xampp\htdocs\trp\system\Database\MySQLi\Connection.php(292): mysqli->query('DELETE FROM `co...', 0)
#1 C:\xampp\htdocs\trp\system\Database\BaseConnection.php(670): CodeIgniter\Database\MySQLi\Connection->execute('DELETE FROM `co...')
#2 C:\xampp\htdocs\trp\system\Database\BaseConnection.php(598): CodeIgniter\Database\BaseConnection->simpleQuery('DELETE FROM `co...')
#3 C:\xampp\htdocs\trp\system\Database\BaseBuilder.php(2225): CodeIgniter\Database\BaseConnection->query('DELETE FROM `co...', Array, false)
#4 C:\xampp\htdocs\trp\app\Models\normodel.php(64): CodeIgniter\Database\BaseBuilder->delete()
#5 C:\xampp\htdocs\trp\app\Controllers\trpadmin\trpadmin.php(557): App\Models\normodel->deleteNor('36')
#6 C:\xampp\htdocs\trp\system\CodeIgniter.php(825): App\Controllers\trpadmin\trpadmin->delete_nor()
#7 C:\xampp\htdocs\trp\system\CodeIgniter.php(412): CodeIgniter\CodeIgniter->runController(Object(App\Controllers\trpadmin\trpadmin))
#8 C:\xampp\htdocs\trp\system\CodeIgniter.php(320): CodeIgniter\CodeIgniter->handleRequest(NULL, Object(Config\Cache), false)
#9 C:\xampp\htdocs\trp\public\index.php(37): CodeIgniter\CodeIgniter->run()
#10 {main}
ERROR - 2022-08-25 21:57:54 --> Cannot delete or update a parent row: a foreign key constraint fails (`trp`.`bilty`, CONSTRAINT `bilty_ibfk_2` FOREIGN KEY (`consignor`) REFERENCES `consignor` (`nor_id`))
CRITICAL - 2022-08-25 21:57:54 --> Cannot delete or update a parent row: a foreign key constraint fails (`trp`.`bilty`, CONSTRAINT `bilty_ibfk_2` FOREIGN KEY (`consignor`) REFERENCES `consignor` (`nor_id`))
#0 C:\xampp\htdocs\trp\system\Database\MySQLi\Connection.php(292): mysqli->query('DELETE FROM `co...', 0)
#1 C:\xampp\htdocs\trp\system\Database\BaseConnection.php(670): CodeIgniter\Database\MySQLi\Connection->execute('DELETE FROM `co...')
#2 C:\xampp\htdocs\trp\system\Database\BaseConnection.php(598): CodeIgniter\Database\BaseConnection->simpleQuery('DELETE FROM `co...')
#3 C:\xampp\htdocs\trp\system\Database\BaseBuilder.php(2225): CodeIgniter\Database\BaseConnection->query('DELETE FROM `co...', Array, false)
#4 C:\xampp\htdocs\trp\app\Models\normodel.php(64): CodeIgniter\Database\BaseBuilder->delete()
#5 C:\xampp\htdocs\trp\app\Controllers\trpadmin\trpadmin.php(557): App\Models\normodel->deleteNor('22')
#6 C:\xampp\htdocs\trp\system\CodeIgniter.php(825): App\Controllers\trpadmin\trpadmin->delete_nor()
#7 C:\xampp\htdocs\trp\system\CodeIgniter.php(412): CodeIgniter\CodeIgniter->runController(Object(App\Controllers\trpadmin\trpadmin))
#8 C:\xampp\htdocs\trp\system\CodeIgniter.php(320): CodeIgniter\CodeIgniter->handleRequest(NULL, Object(Config\Cache), false)
#9 C:\xampp\htdocs\trp\public\index.php(37): CodeIgniter\CodeIgniter->run()
#10 {main}
ERROR - 2022-08-25 22:01:25 --> Cannot delete or update a parent row: a foreign key constraint fails (`trp`.`bilty`, CONSTRAINT `bilty_ibfk_2` FOREIGN KEY (`consignor`) REFERENCES `consignor` (`nor_id`))
CRITICAL - 2022-08-25 22:01:25 --> Cannot delete or update a parent row: a foreign key constraint fails (`trp`.`bilty`, CONSTRAINT `bilty_ibfk_2` FOREIGN KEY (`consignor`) REFERENCES `consignor` (`nor_id`))
#0 C:\xampp\htdocs\trp\system\Database\MySQLi\Connection.php(292): mysqli->query('DELETE FROM `co...', 0)
#1 C:\xampp\htdocs\trp\system\Database\BaseConnection.php(670): CodeIgniter\Database\MySQLi\Connection->execute('DELETE FROM `co...')
#2 C:\xampp\htdocs\trp\system\Database\BaseConnection.php(598): CodeIgniter\Database\BaseConnection->simpleQuery('DELETE FROM `co...')
#3 C:\xampp\htdocs\trp\system\Database\BaseBuilder.php(2225): CodeIgniter\Database\BaseConnection->query('DELETE FROM `co...', Array, false)
#4 C:\xampp\htdocs\trp\app\Models\normodel.php(64): CodeIgniter\Database\BaseBuilder->delete()
#5 C:\xampp\htdocs\trp\app\Controllers\trpadmin\trpadmin.php(557): App\Models\normodel->deleteNor('36')
#6 C:\xampp\htdocs\trp\system\CodeIgniter.php(825): App\Controllers\trpadmin\trpadmin->delete_nor()
#7 C:\xampp\htdocs\trp\system\CodeIgniter.php(412): CodeIgniter\CodeIgniter->runController(Object(App\Controllers\trpadmin\trpadmin))
#8 C:\xampp\htdocs\trp\system\CodeIgniter.php(320): CodeIgniter\CodeIgniter->handleRequest(NULL, Object(Config\Cache), false)
#9 C:\xampp\htdocs\trp\public\index.php(37): CodeIgniter\CodeIgniter->run()
#10 {main}
ERROR - 2022-08-25 22:03:23 --> Cannot delete or update a parent row: a foreign key constraint fails (`trp`.`bilty`, CONSTRAINT `bilty_ibfk_2` FOREIGN KEY (`consignor`) REFERENCES `consignor` (`nor_id`))
CRITICAL - 2022-08-25 22:03:23 --> Cannot delete or update a parent row: a foreign key constraint fails (`trp`.`bilty`, CONSTRAINT `bilty_ibfk_2` FOREIGN KEY (`consignor`) REFERENCES `consignor` (`nor_id`))
#0 C:\xampp\htdocs\trp\system\Database\MySQLi\Connection.php(292): mysqli->query('DELETE FROM `co...', 0)
#1 C:\xampp\htdocs\trp\system\Database\BaseConnection.php(670): CodeIgniter\Database\MySQLi\Connection->execute('DELETE FROM `co...')
#2 C:\xampp\htdocs\trp\system\Database\BaseConnection.php(598): CodeIgniter\Database\BaseConnection->simpleQuery('DELETE FROM `co...')
#3 C:\xampp\htdocs\trp\system\Database\BaseBuilder.php(2225): CodeIgniter\Database\BaseConnection->query('DELETE FROM `co...', Array, false)
#4 C:\xampp\htdocs\trp\app\Models\normodel.php(64): CodeIgniter\Database\BaseBuilder->delete()
#5 C:\xampp\htdocs\trp\app\Controllers\trpadmin\trpadmin.php(557): App\Models\normodel->deleteNor('36')
#6 C:\xampp\htdocs\trp\system\CodeIgniter.php(825): App\Controllers\trpadmin\trpadmin->delete_nor()
#7 C:\xampp\htdocs\trp\system\CodeIgniter.php(412): CodeIgniter\CodeIgniter->runController(Object(App\Controllers\trpadmin\trpadmin))
#8 C:\xampp\htdocs\trp\system\CodeIgniter.php(320): CodeIgniter\CodeIgniter->handleRequest(NULL, Object(Config\Cache), false)
#9 C:\xampp\htdocs\trp\public\index.php(37): CodeIgniter\CodeIgniter->run()
#10 {main}
ERROR - 2022-08-25 23:16:32 --> Cannot delete or update a parent row: a foreign key constraint fails (`trp`.`bilty`, CONSTRAINT `bilty_ibfk_2` FOREIGN KEY (`consignor`) REFERENCES `consignor` (`nor_id`))
CRITICAL - 2022-08-25 23:16:32 --> Cannot delete or update a parent row: a foreign key constraint fails (`trp`.`bilty`, CONSTRAINT `bilty_ibfk_2` FOREIGN KEY (`consignor`) REFERENCES `consignor` (`nor_id`))
#0 C:\xampp\htdocs\trp\system\Database\MySQLi\Connection.php(292): mysqli->query('DELETE FROM `co...', 0)
#1 C:\xampp\htdocs\trp\system\Database\BaseConnection.php(670): CodeIgniter\Database\MySQLi\Connection->execute('DELETE FROM `co...')
#2 C:\xampp\htdocs\trp\system\Database\BaseConnection.php(598): CodeIgniter\Database\BaseConnection->simpleQuery('DELETE FROM `co...')
#3 C:\xampp\htdocs\trp\system\Database\BaseBuilder.php(2225): CodeIgniter\Database\BaseConnection->query('DELETE FROM `co...', Array, false)
#4 C:\xampp\htdocs\trp\app\Models\normodel.php(64): CodeIgniter\Database\BaseBuilder->delete()
#5 C:\xampp\htdocs\trp\app\Controllers\trpadmin\trpadmin.php(557): App\Models\normodel->deleteNor('36')
#6 C:\xampp\htdocs\trp\system\CodeIgniter.php(825): App\Controllers\trpadmin\trpadmin->delete_nor()
#7 C:\xampp\htdocs\trp\system\CodeIgniter.php(412): CodeIgniter\CodeIgniter->runController(Object(App\Controllers\trpadmin\trpadmin))
#8 C:\xampp\htdocs\trp\system\CodeIgniter.php(320): CodeIgniter\CodeIgniter->handleRequest(NULL, Object(Config\Cache), false)
#9 C:\xampp\htdocs\trp\public\index.php(37): CodeIgniter\CodeIgniter->run()
#10 {main}
ERROR - 2022-08-25 23:16:32 --> Cannot delete or update a parent row: a foreign key constraint fails (`trp`.`bilty`, CONSTRAINT `bilty_ibfk_2` FOREIGN KEY (`consignor`) REFERENCES `consignor` (`nor_id`))
CRITICAL - 2022-08-25 23:16:32 --> Cannot delete or update a parent row: a foreign key constraint fails (`trp`.`bilty`, CONSTRAINT `bilty_ibfk_2` FOREIGN KEY (`consignor`) REFERENCES `consignor` (`nor_id`))
#0 C:\xampp\htdocs\trp\system\Database\MySQLi\Connection.php(292): mysqli->query('DELETE FROM `co...', 0)
#1 C:\xampp\htdocs\trp\system\Database\BaseConnection.php(670): CodeIgniter\Database\MySQLi\Connection->execute('DELETE FROM `co...')
#2 C:\xampp\htdocs\trp\system\Database\BaseConnection.php(598): CodeIgniter\Database\BaseConnection->simpleQuery('DELETE FROM `co...')
#3 C:\xampp\htdocs\trp\system\Database\BaseBuilder.php(2225): CodeIgniter\Database\BaseConnection->query('DELETE FROM `co...', Array, false)
#4 C:\xampp\htdocs\trp\app\Models\normodel.php(64): CodeIgniter\Database\BaseBuilder->delete()
#5 C:\xampp\htdocs\trp\app\Controllers\trpadmin\trpadmin.php(557): App\Models\normodel->deleteNor('36')
#6 C:\xampp\htdocs\trp\system\CodeIgniter.php(825): App\Controllers\trpadmin\trpadmin->delete_nor()
#7 C:\xampp\htdocs\trp\system\CodeIgniter.php(412): CodeIgniter\CodeIgniter->runController(Object(App\Controllers\trpadmin\trpadmin))
#8 C:\xampp\htdocs\trp\system\CodeIgniter.php(320): CodeIgniter\CodeIgniter->handleRequest(NULL, Object(Config\Cache), false)
#9 C:\xampp\htdocs\trp\public\index.php(37): CodeIgniter\CodeIgniter->run()
#10 {main}
ERROR - 2022-08-25 23:16:38 --> Cannot delete or update a parent row: a foreign key constraint fails (`trp`.`bilty`, CONSTRAINT `bilty_ibfk_2` FOREIGN KEY (`consignor`) REFERENCES `consignor` (`nor_id`))
CRITICAL - 2022-08-25 23:16:38 --> Cannot delete or update a parent row: a foreign key constraint fails (`trp`.`bilty`, CONSTRAINT `bilty_ibfk_2` FOREIGN KEY (`consignor`) REFERENCES `consignor` (`nor_id`))
#0 C:\xampp\htdocs\trp\system\Database\MySQLi\Connection.php(292): mysqli->query('DELETE FROM `co...', 0)
#1 C:\xampp\htdocs\trp\system\Database\BaseConnection.php(670): CodeIgniter\Database\MySQLi\Connection->execute('DELETE FROM `co...')
#2 C:\xampp\htdocs\trp\system\Database\BaseConnection.php(598): CodeIgniter\Database\BaseConnection->simpleQuery('DELETE FROM `co...')
#3 C:\xampp\htdocs\trp\system\Database\BaseBuilder.php(2225): CodeIgniter\Database\BaseConnection->query('DELETE FROM `co...', Array, false)
#4 C:\xampp\htdocs\trp\app\Models\normodel.php(64): CodeIgniter\Database\BaseBuilder->delete()
#5 C:\xampp\htdocs\trp\app\Controllers\trpadmin\trpadmin.php(557): App\Models\normodel->deleteNor('40')
#6 C:\xampp\htdocs\trp\system\CodeIgniter.php(825): App\Controllers\trpadmin\trpadmin->delete_nor()
#7 C:\xampp\htdocs\trp\system\CodeIgniter.php(412): CodeIgniter\CodeIgniter->runController(Object(App\Controllers\trpadmin\trpadmin))
#8 C:\xampp\htdocs\trp\system\CodeIgniter.php(320): CodeIgniter\CodeIgniter->handleRequest(NULL, Object(Config\Cache), false)
#9 C:\xampp\htdocs\trp\public\index.php(37): CodeIgniter\CodeIgniter->run()
#10 {main}
ERROR - 2022-08-25 23:16:39 --> Cannot delete or update a parent row: a foreign key constraint fails (`trp`.`bilty`, CONSTRAINT `bilty_ibfk_2` FOREIGN KEY (`consignor`) REFERENCES `consignor` (`nor_id`))
CRITICAL - 2022-08-25 23:16:39 --> Cannot delete or update a parent row: a foreign key constraint fails (`trp`.`bilty`, CONSTRAINT `bilty_ibfk_2` FOREIGN KEY (`consignor`) REFERENCES `consignor` (`nor_id`))
#0 C:\xampp\htdocs\trp\system\Database\MySQLi\Connection.php(292): mysqli->query('DELETE FROM `co...', 0)
#1 C:\xampp\htdocs\trp\system\Database\BaseConnection.php(670): CodeIgniter\Database\MySQLi\Connection->execute('DELETE FROM `co...')
#2 C:\xampp\htdocs\trp\system\Database\BaseConnection.php(598): CodeIgniter\Database\BaseConnection->simpleQuery('DELETE FROM `co...')
#3 C:\xampp\htdocs\trp\system\Database\BaseBuilder.php(2225): CodeIgniter\Database\BaseConnection->query('DELETE FROM `co...', Array, false)
#4 C:\xampp\htdocs\trp\app\Models\normodel.php(64): CodeIgniter\Database\BaseBuilder->delete()
#5 C:\xampp\htdocs\trp\app\Controllers\trpadmin\trpadmin.php(557): App\Models\normodel->deleteNor('40')
#6 C:\xampp\htdocs\trp\system\CodeIgniter.php(825): App\Controllers\trpadmin\trpadmin->delete_nor()
#7 C:\xampp\htdocs\trp\system\CodeIgniter.php(412): CodeIgniter\CodeIgniter->runController(Object(App\Controllers\trpadmin\trpadmin))
#8 C:\xampp\htdocs\trp\system\CodeIgniter.php(320): CodeIgniter\CodeIgniter->handleRequest(NULL, Object(Config\Cache), false)
#9 C:\xampp\htdocs\trp\public\index.php(37): CodeIgniter\CodeIgniter->run()
#10 {main}
ERROR - 2022-08-25 23:16:49 --> Cannot delete or update a parent row: a foreign key constraint fails (`trp`.`bilty`, CONSTRAINT `bilty_ibfk_2` FOREIGN KEY (`consignor`) REFERENCES `consignor` (`nor_id`))
CRITICAL - 2022-08-25 23:16:49 --> Cannot delete or update a parent row: a foreign key constraint fails (`trp`.`bilty`, CONSTRAINT `bilty_ibfk_2` FOREIGN KEY (`consignor`) REFERENCES `consignor` (`nor_id`))
#0 C:\xampp\htdocs\trp\system\Database\MySQLi\Connection.php(292): mysqli->query('DELETE FROM `co...', 0)
#1 C:\xampp\htdocs\trp\system\Database\BaseConnection.php(670): CodeIgniter\Database\MySQLi\Connection->execute('DELETE FROM `co...')
#2 C:\xampp\htdocs\trp\system\Database\BaseConnection.php(598): CodeIgniter\Database\BaseConnection->simpleQuery('DELETE FROM `co...')
#3 C:\xampp\htdocs\trp\system\Database\BaseBuilder.php(2225): CodeIgniter\Database\BaseConnection->query('DELETE FROM `co...', Array, false)
#4 C:\xampp\htdocs\trp\app\Models\normodel.php(64): CodeIgniter\Database\BaseBuilder->delete()
#5 C:\xampp\htdocs\trp\app\Controllers\trpadmin\trpadmin.php(557): App\Models\normodel->deleteNor('40')
#6 C:\xampp\htdocs\trp\system\CodeIgniter.php(825): App\Controllers\trpadmin\trpadmin->delete_nor()
#7 C:\xampp\htdocs\trp\system\CodeIgniter.php(412): CodeIgniter\CodeIgniter->runController(Object(App\Controllers\trpadmin\trpadmin))
#8 C:\xampp\htdocs\trp\system\CodeIgniter.php(320): CodeIgniter\CodeIgniter->handleRequest(NULL, Object(Config\Cache), false)
#9 C:\xampp\htdocs\trp\public\index.php(37): CodeIgniter\CodeIgniter->run()
#10 {main}
ERROR - 2022-08-25 23:16:49 --> Cannot delete or update a parent row: a foreign key constraint fails (`trp`.`bilty`, CONSTRAINT `bilty_ibfk_2` FOREIGN KEY (`consignor`) REFERENCES `consignor` (`nor_id`))
CRITICAL - 2022-08-25 23:16:49 --> Cannot delete or update a parent row: a foreign key constraint fails (`trp`.`bilty`, CONSTRAINT `bilty_ibfk_2` FOREIGN KEY (`consignor`) REFERENCES `consignor` (`nor_id`))
#0 C:\xampp\htdocs\trp\system\Database\MySQLi\Connection.php(292): mysqli->query('DELETE FROM `co...', 0)
#1 C:\xampp\htdocs\trp\system\Database\BaseConnection.php(670): CodeIgniter\Database\MySQLi\Connection->execute('DELETE FROM `co...')
#2 C:\xampp\htdocs\trp\system\Database\BaseConnection.php(598): CodeIgniter\Database\BaseConnection->simpleQuery('DELETE FROM `co...')
#3 C:\xampp\htdocs\trp\system\Database\BaseBuilder.php(2225): CodeIgniter\Database\BaseConnection->query('DELETE FROM `co...', Array, false)
#4 C:\xampp\htdocs\trp\app\Models\normodel.php(64): CodeIgniter\Database\BaseBuilder->delete()
#5 C:\xampp\htdocs\trp\app\Controllers\trpadmin\trpadmin.php(557): App\Models\normodel->deleteNor('40')
#6 C:\xampp\htdocs\trp\system\CodeIgniter.php(825): App\Controllers\trpadmin\trpadmin->delete_nor()
#7 C:\xampp\htdocs\trp\system\CodeIgniter.php(412): CodeIgniter\CodeIgniter->runController(Object(App\Controllers\trpadmin\trpadmin))
#8 C:\xampp\htdocs\trp\system\CodeIgniter.php(320): CodeIgniter\CodeIgniter->handleRequest(NULL, Object(Config\Cache), false)
#9 C:\xampp\htdocs\trp\public\index.php(37): CodeIgniter\CodeIgniter->run()
#10 {main}
ERROR - 2022-08-25 23:17:17 --> Cannot delete or update a parent row: a foreign key constraint fails (`trp`.`bilty`, CONSTRAINT `bilty_ibfk_2` FOREIGN KEY (`consignor`) REFERENCES `consignor` (`nor_id`))
CRITICAL - 2022-08-25 23:17:17 --> Cannot delete or update a parent row: a foreign key constraint fails (`trp`.`bilty`, CONSTRAINT `bilty_ibfk_2` FOREIGN KEY (`consignor`) REFERENCES `consignor` (`nor_id`))
#0 C:\xampp\htdocs\trp\system\Database\MySQLi\Connection.php(292): mysqli->query('DELETE FROM `co...', 0)
#1 C:\xampp\htdocs\trp\system\Database\BaseConnection.php(670): CodeIgniter\Database\MySQLi\Connection->execute('DELETE FROM `co...')
#2 C:\xampp\htdocs\trp\system\Database\BaseConnection.php(598): CodeIgniter\Database\BaseConnection->simpleQuery('DELETE FROM `co...')
#3 C:\xampp\htdocs\trp\system\Database\BaseBuilder.php(2225): CodeIgniter\Database\BaseConnection->query('DELETE FROM `co...', Array, false)
#4 C:\xampp\htdocs\trp\app\Models\normodel.php(64): CodeIgniter\Database\BaseBuilder->delete()
#5 C:\xampp\htdocs\trp\app\Controllers\trpadmin\trpadmin.php(557): App\Models\normodel->deleteNor('36')
#6 C:\xampp\htdocs\trp\system\CodeIgniter.php(825): App\Controllers\trpadmin\trpadmin->delete_nor()
#7 C:\xampp\htdocs\trp\system\CodeIgniter.php(412): CodeIgniter\CodeIgniter->runController(Object(App\Controllers\trpadmin\trpadmin))
#8 C:\xampp\htdocs\trp\system\CodeIgniter.php(320): CodeIgniter\CodeIgniter->handleRequest(NULL, Object(Config\Cache), false)
#9 C:\xampp\htdocs\trp\public\index.php(37): CodeIgniter\CodeIgniter->run()
#10 {main}
ERROR - 2022-08-25 23:17:18 --> Cannot delete or update a parent row: a foreign key constraint fails (`trp`.`bilty`, CONSTRAINT `bilty_ibfk_2` FOREIGN KEY (`consignor`) REFERENCES `consignor` (`nor_id`))
CRITICAL - 2022-08-25 23:17:18 --> Cannot delete or update a parent row: a foreign key constraint fails (`trp`.`bilty`, CONSTRAINT `bilty_ibfk_2` FOREIGN KEY (`consignor`) REFERENCES `consignor` (`nor_id`))
#0 C:\xampp\htdocs\trp\system\Database\MySQLi\Connection.php(292): mysqli->query('DELETE FROM `co...', 0)
#1 C:\xampp\htdocs\trp\system\Database\BaseConnection.php(670): CodeIgniter\Database\MySQLi\Connection->execute('DELETE FROM `co...')
#2 C:\xampp\htdocs\trp\system\Database\BaseConnection.php(598): CodeIgniter\Database\BaseConnection->simpleQuery('DELETE FROM `co...')
#3 C:\xampp\htdocs\trp\system\Database\BaseBuilder.php(2225): CodeIgniter\Database\BaseConnection->query('DELETE FROM `co...', Array, false)
#4 C:\xampp\htdocs\trp\app\Models\normodel.php(64): CodeIgniter\Database\BaseBuilder->delete()
#5 C:\xampp\htdocs\trp\app\Controllers\trpadmin\trpadmin.php(557): App\Models\normodel->deleteNor('36')
#6 C:\xampp\htdocs\trp\system\CodeIgniter.php(825): App\Controllers\trpadmin\trpadmin->delete_nor()
#7 C:\xampp\htdocs\trp\system\CodeIgniter.php(412): CodeIgniter\CodeIgniter->runController(Object(App\Controllers\trpadmin\trpadmin))
#8 C:\xampp\htdocs\trp\system\CodeIgniter.php(320): CodeIgniter\CodeIgniter->handleRequest(NULL, Object(Config\Cache), false)
#9 C:\xampp\htdocs\trp\public\index.php(37): CodeIgniter\CodeIgniter->run()
#10 {main}
ERROR - 2022-08-25 23:17:18 --> Cannot delete or update a parent row: a foreign key constraint fails (`trp`.`bilty`, CONSTRAINT `bilty_ibfk_2` FOREIGN KEY (`consignor`) REFERENCES `consignor` (`nor_id`))
CRITICAL - 2022-08-25 23:17:18 --> Cannot delete or update a parent row: a foreign key constraint fails (`trp`.`bilty`, CONSTRAINT `bilty_ibfk_2` FOREIGN KEY (`consignor`) REFERENCES `consignor` (`nor_id`))
#0 C:\xampp\htdocs\trp\system\Database\MySQLi\Connection.php(292): mysqli->query('DELETE FROM `co...', 0)
#1 C:\xampp\htdocs\trp\system\Database\BaseConnection.php(670): CodeIgniter\Database\MySQLi\Connection->execute('DELETE FROM `co...')
#2 C:\xampp\htdocs\trp\system\Database\BaseConnection.php(598): CodeIgniter\Database\BaseConnection->simpleQuery('DELETE FROM `co...')
#3 C:\xampp\htdocs\trp\system\Database\BaseBuilder.php(2225): CodeIgniter\Database\BaseConnection->query('DELETE FROM `co...', Array, false)
#4 C:\xampp\htdocs\trp\app\Models\normodel.php(64): CodeIgniter\Database\BaseBuilder->delete()
#5 C:\xampp\htdocs\trp\app\Controllers\trpadmin\trpadmin.php(557): App\Models\normodel->deleteNor('36')
#6 C:\xampp\htdocs\trp\system\CodeIgniter.php(825): App\Controllers\trpadmin\trpadmin->delete_nor()
#7 C:\xampp\htdocs\trp\system\CodeIgniter.php(412): CodeIgniter\CodeIgniter->runController(Object(App\Controllers\trpadmin\trpadmin))
#8 C:\xampp\htdocs\trp\system\CodeIgniter.php(320): CodeIgniter\CodeIgniter->handleRequest(NULL, Object(Config\Cache), false)
#9 C:\xampp\htdocs\trp\public\index.php(37): CodeIgniter\CodeIgniter->run()
#10 {main}
ERROR - 2022-08-25 23:17:49 --> Cannot delete or update a parent row: a foreign key constraint fails (`trp`.`bilty`, CONSTRAINT `bilty_ibfk_2` FOREIGN KEY (`consignor`) REFERENCES `consignor` (`nor_id`))
CRITICAL - 2022-08-25 23:17:49 --> Cannot delete or update a parent row: a foreign key constraint fails (`trp`.`bilty`, CONSTRAINT `bilty_ibfk_2` FOREIGN KEY (`consignor`) REFERENCES `consignor` (`nor_id`))
#0 C:\xampp\htdocs\trp\system\Database\MySQLi\Connection.php(292): mysqli->query('DELETE FROM `co...', 0)
#1 C:\xampp\htdocs\trp\system\Database\BaseConnection.php(670): CodeIgniter\Database\MySQLi\Connection->execute('DELETE FROM `co...')
#2 C:\xampp\htdocs\trp\system\Database\BaseConnection.php(598): CodeIgniter\Database\BaseConnection->simpleQuery('DELETE FROM `co...')
#3 C:\xampp\htdocs\trp\system\Database\BaseBuilder.php(2225): CodeIgniter\Database\BaseConnection->query('DELETE FROM `co...', Array, false)
#4 C:\xampp\htdocs\trp\app\Models\normodel.php(64): CodeIgniter\Database\BaseBuilder->delete()
#5 C:\xampp\htdocs\trp\app\Controllers\trpadmin\trpadmin.php(557): App\Models\normodel->deleteNor('40')
#6 C:\xampp\htdocs\trp\system\CodeIgniter.php(825): App\Controllers\trpadmin\trpadmin->delete_nor()
#7 C:\xampp\htdocs\trp\system\CodeIgniter.php(412): CodeIgniter\CodeIgniter->runController(Object(App\Controllers\trpadmin\trpadmin))
#8 C:\xampp\htdocs\trp\system\CodeIgniter.php(320): CodeIgniter\CodeIgniter->handleRequest(NULL, Object(Config\Cache), false)
#9 C:\xampp\htdocs\trp\public\index.php(37): CodeIgniter\CodeIgniter->run()
#10 {main}
ERROR - 2022-08-25 23:17:50 --> Cannot delete or update a parent row: a foreign key constraint fails (`trp`.`bilty`, CONSTRAINT `bilty_ibfk_2` FOREIGN KEY (`consignor`) REFERENCES `consignor` (`nor_id`))
CRITICAL - 2022-08-25 23:17:50 --> Cannot delete or update a parent row: a foreign key constraint fails (`trp`.`bilty`, CONSTRAINT `bilty_ibfk_2` FOREIGN KEY (`consignor`) REFERENCES `consignor` (`nor_id`))
#0 C:\xampp\htdocs\trp\system\Database\MySQLi\Connection.php(292): mysqli->query('DELETE FROM `co...', 0)
#1 C:\xampp\htdocs\trp\system\Database\BaseConnection.php(670): CodeIgniter\Database\MySQLi\Connection->execute('DELETE FROM `co...')
#2 C:\xampp\htdocs\trp\system\Database\BaseConnection.php(598): CodeIgniter\Database\BaseConnection->simpleQuery('DELETE FROM `co...')
#3 C:\xampp\htdocs\trp\system\Database\BaseBuilder.php(2225): CodeIgniter\Database\BaseConnection->query('DELETE FROM `co...', Array, false)
#4 C:\xampp\htdocs\trp\app\Models\normodel.php(64): CodeIgniter\Database\BaseBuilder->delete()
#5 C:\xampp\htdocs\trp\app\Controllers\trpadmin\trpadmin.php(557): App\Models\normodel->deleteNor('40')
#6 C:\xampp\htdocs\trp\system\CodeIgniter.php(825): App\Controllers\trpadmin\trpadmin->delete_nor()
#7 C:\xampp\htdocs\trp\system\CodeIgniter.php(412): CodeIgniter\CodeIgniter->runController(Object(App\Controllers\trpadmin\trpadmin))
#8 C:\xampp\htdocs\trp\system\CodeIgniter.php(320): CodeIgniter\CodeIgniter->handleRequest(NULL, Object(Config\Cache), false)
#9 C:\xampp\htdocs\trp\public\index.php(37): CodeIgniter\CodeIgniter->run()
#10 {main}
ERROR - 2022-08-25 23:17:50 --> Cannot delete or update a parent row: a foreign key constraint fails (`trp`.`bilty`, CONSTRAINT `bilty_ibfk_2` FOREIGN KEY (`consignor`) REFERENCES `consignor` (`nor_id`))
CRITICAL - 2022-08-25 23:17:50 --> Cannot delete or update a parent row: a foreign key constraint fails (`trp`.`bilty`, CONSTRAINT `bilty_ibfk_2` FOREIGN KEY (`consignor`) REFERENCES `consignor` (`nor_id`))
#0 C:\xampp\htdocs\trp\system\Database\MySQLi\Connection.php(292): mysqli->query('DELETE FROM `co...', 0)
#1 C:\xampp\htdocs\trp\system\Database\BaseConnection.php(670): CodeIgniter\Database\MySQLi\Connection->execute('DELETE FROM `co...')
#2 C:\xampp\htdocs\trp\system\Database\BaseConnection.php(598): CodeIgniter\Database\BaseConnection->simpleQuery('DELETE FROM `co...')
#3 C:\xampp\htdocs\trp\system\Database\BaseBuilder.php(2225): CodeIgniter\Database\BaseConnection->query('DELETE FROM `co...', Array, false)
#4 C:\xampp\htdocs\trp\app\Models\normodel.php(64): CodeIgniter\Database\BaseBuilder->delete()
#5 C:\xampp\htdocs\trp\app\Controllers\trpadmin\trpadmin.php(557): App\Models\normodel->deleteNor('40')
#6 C:\xampp\htdocs\trp\system\CodeIgniter.php(825): App\Controllers\trpadmin\trpadmin->delete_nor()
#7 C:\xampp\htdocs\trp\system\CodeIgniter.php(412): CodeIgniter\CodeIgniter->runController(Object(App\Controllers\trpadmin\trpadmin))
#8 C:\xampp\htdocs\trp\system\CodeIgniter.php(320): CodeIgniter\CodeIgniter->handleRequest(NULL, Object(Config\Cache), false)
#9 C:\xampp\htdocs\trp\public\index.php(37): CodeIgniter\CodeIgniter->run()
#10 {main}
