ERROR - 2022-08-24 08:57:25 --> Cannot add or update a child row: a foreign key constraint fails (`trp`.`biltydetails`, CONSTRAINT `biltydetails_ibfk_1` FOREIGN KEY (`bilty_id`) REFERENCES `bilty` (`id`))
CRITICAL - 2022-08-24 08:57:25 --> Cannot add or update a child row: a foreign key constraint fails (`trp`.`biltydetails`, CONSTRAINT `biltydetails_ibfk_1` FOREIGN KEY (`bilty_id`) REFERENCES `bilty` (`id`))
#0 C:\xampp\htdocs\trp\system\Database\MySQLi\Connection.php(292): mysqli->query('INSERT INTO `bi...', 0)
#1 C:\xampp\htdocs\trp\system\Database\BaseConnection.php(670): CodeIgniter\Database\MySQLi\Connection->execute('INSERT INTO `bi...')
#2 C:\xampp\htdocs\trp\system\Database\BaseConnection.php(598): CodeIgniter\Database\BaseConnection->simpleQuery('INSERT INTO `bi...')
#3 C:\xampp\htdocs\trp\system\Database\BaseBuilder.php(1771): CodeIgniter\Database\BaseConnection->query('INSERT INTO `bi...', Array, false)
#4 C:\xampp\htdocs\trp\app\Models\dashboardmodel.php(135): CodeIgniter\Database\BaseBuilder->insert(Array)
#5 C:\xampp\htdocs\trp\app\Controllers\trpadmin\trpadmin.php(379): App\Models\dashboardmodel->addBiltyDetails(Array)
#6 C:\xampp\htdocs\trp\system\CodeIgniter.php(825): App\Controllers\trpadmin\trpadmin->addBilty()
#7 C:\xampp\htdocs\trp\system\CodeIgniter.php(412): CodeIgniter\CodeIgniter->runController(Object(App\Controllers\trpadmin\trpadmin))
#8 C:\xampp\htdocs\trp\system\CodeIgniter.php(320): CodeIgniter\CodeIgniter->handleRequest(NULL, Object(Config\Cache), false)
#9 C:\xampp\htdocs\trp\public\index.php(37): CodeIgniter\CodeIgniter->run()
#10 {main}
ERROR - 2022-08-24 08:57:42 --> Cannot add or update a child row: a foreign key constraint fails (`trp`.`biltydetails`, CONSTRAINT `biltydetails_ibfk_1` FOREIGN KEY (`bilty_id`) REFERENCES `bilty` (`id`))
CRITICAL - 2022-08-24 08:57:42 --> Cannot add or update a child row: a foreign key constraint fails (`trp`.`biltydetails`, CONSTRAINT `biltydetails_ibfk_1` FOREIGN KEY (`bilty_id`) REFERENCES `bilty` (`id`))
#0 C:\xampp\htdocs\trp\system\Database\MySQLi\Connection.php(292): mysqli->query('INSERT INTO `bi...', 0)
#1 C:\xampp\htdocs\trp\system\Database\BaseConnection.php(670): CodeIgniter\Database\MySQLi\Connection->execute('INSERT INTO `bi...')
#2 C:\xampp\htdocs\trp\system\Database\BaseConnection.php(598): CodeIgniter\Database\BaseConnection->simpleQuery('INSERT INTO `bi...')
#3 C:\xampp\htdocs\trp\system\Database\BaseBuilder.php(1771): CodeIgniter\Database\BaseConnection->query('INSERT INTO `bi...', Array, false)
#4 C:\xampp\htdocs\trp\app\Models\dashboardmodel.php(135): CodeIgniter\Database\BaseBuilder->insert(Array)
#5 C:\xampp\htdocs\trp\app\Controllers\trpadmin\trpadmin.php(379): App\Models\dashboardmodel->addBiltyDetails(Array)
#6 C:\xampp\htdocs\trp\system\CodeIgniter.php(825): App\Controllers\trpadmin\trpadmin->addBilty()
#7 C:\xampp\htdocs\trp\system\CodeIgniter.php(412): CodeIgniter\CodeIgniter->runController(Object(App\Controllers\trpadmin\trpadmin))
#8 C:\xampp\htdocs\trp\system\CodeIgniter.php(320): CodeIgniter\CodeIgniter->handleRequest(NULL, Object(Config\Cache), false)
#9 C:\xampp\htdocs\trp\public\index.php(37): CodeIgniter\CodeIgniter->run()
#10 {main}
ERROR - 2022-08-24 08:57:43 --> Cannot add or update a child row: a foreign key constraint fails (`trp`.`biltydetails`, CONSTRAINT `biltydetails_ibfk_1` FOREIGN KEY (`bilty_id`) REFERENCES `bilty` (`id`))
CRITICAL - 2022-08-24 08:57:43 --> Cannot add or update a child row: a foreign key constraint fails (`trp`.`biltydetails`, CONSTRAINT `biltydetails_ibfk_1` FOREIGN KEY (`bilty_id`) REFERENCES `bilty` (`id`))
#0 C:\xampp\htdocs\trp\system\Database\MySQLi\Connection.php(292): mysqli->query('INSERT INTO `bi...', 0)
#1 C:\xampp\htdocs\trp\system\Database\BaseConnection.php(670): CodeIgniter\Database\MySQLi\Connection->execute('INSERT INTO `bi...')
#2 C:\xampp\htdocs\trp\system\Database\BaseConnection.php(598): CodeIgniter\Database\BaseConnection->simpleQuery('INSERT INTO `bi...')
#3 C:\xampp\htdocs\trp\system\Database\BaseBuilder.php(1771): CodeIgniter\Database\BaseConnection->query('INSERT INTO `bi...', Array, false)
#4 C:\xampp\htdocs\trp\app\Models\dashboardmodel.php(135): CodeIgniter\Database\BaseBuilder->insert(Array)
#5 C:\xampp\htdocs\trp\app\Controllers\trpadmin\trpadmin.php(379): App\Models\dashboardmodel->addBiltyDetails(Array)
#6 C:\xampp\htdocs\trp\system\CodeIgniter.php(825): App\Controllers\trpadmin\trpadmin->addBilty()
#7 C:\xampp\htdocs\trp\system\CodeIgniter.php(412): CodeIgniter\CodeIgniter->runController(Object(App\Controllers\trpadmin\trpadmin))
#8 C:\xampp\htdocs\trp\system\CodeIgniter.php(320): CodeIgniter\CodeIgniter->handleRequest(NULL, Object(Config\Cache), false)
#9 C:\xampp\htdocs\trp\public\index.php(37): CodeIgniter\CodeIgniter->run()
#10 {main}
CRITICAL - 2022-08-24 19:32:46 --> count(): Argument #1 ($value) must be of type Countable|array, null given
#0 C:\xampp\htdocs\trp\app\Controllers\trpadmin\trpadmin.php(364): count(NULL)
#1 C:\xampp\htdocs\trp\system\CodeIgniter.php(825): App\Controllers\trpadmin\trpadmin->addBilty()
#2 C:\xampp\htdocs\trp\system\CodeIgniter.php(412): CodeIgniter\CodeIgniter->runController(Object(App\Controllers\trpadmin\trpadmin))
#3 C:\xampp\htdocs\trp\system\CodeIgniter.php(320): CodeIgniter\CodeIgniter->handleRequest(NULL, Object(Config\Cache), false)
#4 C:\xampp\htdocs\trp\public\index.php(37): CodeIgniter\CodeIgniter->run()
#5 {main}
ERROR - 2022-08-24 19:40:42 --> Cannot add or update a child row: a foreign key constraint fails (`trp`.`biltydetails`, CONSTRAINT `biltydetails_ibfk_1` FOREIGN KEY (`bilty_id`) REFERENCES `bilty` (`id`))
CRITICAL - 2022-08-24 19:40:42 --> Cannot add or update a child row: a foreign key constraint fails (`trp`.`biltydetails`, CONSTRAINT `biltydetails_ibfk_1` FOREIGN KEY (`bilty_id`) REFERENCES `bilty` (`id`))
#0 C:\xampp\htdocs\trp\system\Database\MySQLi\Connection.php(292): mysqli->query('INSERT INTO `bi...', 0)
#1 C:\xampp\htdocs\trp\system\Database\BaseConnection.php(670): CodeIgniter\Database\MySQLi\Connection->execute('INSERT INTO `bi...')
#2 C:\xampp\htdocs\trp\system\Database\BaseConnection.php(598): CodeIgniter\Database\BaseConnection->simpleQuery('INSERT INTO `bi...')
#3 C:\xampp\htdocs\trp\system\Database\BaseBuilder.php(1771): CodeIgniter\Database\BaseConnection->query('INSERT INTO `bi...', Array, false)
#4 C:\xampp\htdocs\trp\app\Models\dashboardmodel.php(135): CodeIgniter\Database\BaseBuilder->insert(Array)
#5 C:\xampp\htdocs\trp\app\Controllers\trpadmin\trpadmin.php(379): App\Models\dashboardmodel->addBiltyDetails(Array)
#6 C:\xampp\htdocs\trp\system\CodeIgniter.php(825): App\Controllers\trpadmin\trpadmin->addBilty()
#7 C:\xampp\htdocs\trp\system\CodeIgniter.php(412): CodeIgniter\CodeIgniter->runController(Object(App\Controllers\trpadmin\trpadmin))
#8 C:\xampp\htdocs\trp\system\CodeIgniter.php(320): CodeIgniter\CodeIgniter->handleRequest(NULL, Object(Config\Cache), false)
#9 C:\xampp\htdocs\trp\public\index.php(37): CodeIgniter\CodeIgniter->run()
#10 {main}
CRITICAL - 2022-08-24 19:47:57 --> count(): Argument #1 ($value) must be of type Countable|array, null given
#0 C:\xampp\htdocs\trp\app\Controllers\trpadmin\trpadmin.php(364): count(NULL)
#1 C:\xampp\htdocs\trp\system\CodeIgniter.php(825): App\Controllers\trpadmin\trpadmin->addBilty()
#2 C:\xampp\htdocs\trp\system\CodeIgniter.php(412): CodeIgniter\CodeIgniter->runController(Object(App\Controllers\trpadmin\trpadmin))
#3 C:\xampp\htdocs\trp\system\CodeIgniter.php(320): CodeIgniter\CodeIgniter->handleRequest(NULL, Object(Config\Cache), false)
#4 C:\xampp\htdocs\trp\public\index.php(37): CodeIgniter\CodeIgniter->run()
#5 {main}
ERROR - 2022-08-24 19:57:39 --> Cannot add or update a child row: a foreign key constraint fails (`trp`.`bilty`, CONSTRAINT `bilty_ibfk_1` FOREIGN KEY (`consignee`) REFERENCES `consignee` (`nee_id`))
CRITICAL - 2022-08-24 19:57:39 --> Cannot add or update a child row: a foreign key constraint fails (`trp`.`bilty`, CONSTRAINT `bilty_ibfk_1` FOREIGN KEY (`consignee`) REFERENCES `consignee` (`nee_id`))
#0 C:\xampp\htdocs\trp\system\Database\MySQLi\Connection.php(292): mysqli->query('INSERT INTO `bi...', 0)
#1 C:\xampp\htdocs\trp\system\Database\BaseConnection.php(670): CodeIgniter\Database\MySQLi\Connection->execute('INSERT INTO `bi...')
#2 C:\xampp\htdocs\trp\system\Database\BaseConnection.php(598): CodeIgniter\Database\BaseConnection->simpleQuery('INSERT INTO `bi...')
#3 C:\xampp\htdocs\trp\system\Database\BaseBuilder.php(1771): CodeIgniter\Database\BaseConnection->query('INSERT INTO `bi...', Array, false)
#4 C:\xampp\htdocs\trp\app\Models\dashboardmodel.php(123): CodeIgniter\Database\BaseBuilder->insert(Array)
#5 C:\xampp\htdocs\trp\app\Controllers\trpadmin\trpadmin.php(359): App\Models\dashboardmodel->addBilty(Array)
#6 C:\xampp\htdocs\trp\system\CodeIgniter.php(825): App\Controllers\trpadmin\trpadmin->addBilty()
#7 C:\xampp\htdocs\trp\system\CodeIgniter.php(412): CodeIgniter\CodeIgniter->runController(Object(App\Controllers\trpadmin\trpadmin))
#8 C:\xampp\htdocs\trp\system\CodeIgniter.php(320): CodeIgniter\CodeIgniter->handleRequest(NULL, Object(Config\Cache), false)
#9 C:\xampp\htdocs\trp\public\index.php(37): CodeIgniter\CodeIgniter->run()
#10 {main}
ERROR - 2022-08-24 19:57:43 --> Cannot add or update a child row: a foreign key constraint fails (`trp`.`bilty`, CONSTRAINT `bilty_ibfk_1` FOREIGN KEY (`consignee`) REFERENCES `consignee` (`nee_id`))
CRITICAL - 2022-08-24 19:57:43 --> Cannot add or update a child row: a foreign key constraint fails (`trp`.`bilty`, CONSTRAINT `bilty_ibfk_1` FOREIGN KEY (`consignee`) REFERENCES `consignee` (`nee_id`))
#0 C:\xampp\htdocs\trp\system\Database\MySQLi\Connection.php(292): mysqli->query('INSERT INTO `bi...', 0)
#1 C:\xampp\htdocs\trp\system\Database\BaseConnection.php(670): CodeIgniter\Database\MySQLi\Connection->execute('INSERT INTO `bi...')
#2 C:\xampp\htdocs\trp\system\Database\BaseConnection.php(598): CodeIgniter\Database\BaseConnection->simpleQuery('INSERT INTO `bi...')
#3 C:\xampp\htdocs\trp\system\Database\BaseBuilder.php(1771): CodeIgniter\Database\BaseConnection->query('INSERT INTO `bi...', Array, false)
#4 C:\xampp\htdocs\trp\app\Models\dashboardmodel.php(123): CodeIgniter\Database\BaseBuilder->insert(Array)
#5 C:\xampp\htdocs\trp\app\Controllers\trpadmin\trpadmin.php(359): App\Models\dashboardmodel->addBilty(Array)
#6 C:\xampp\htdocs\trp\system\CodeIgniter.php(825): App\Controllers\trpadmin\trpadmin->addBilty()
#7 C:\xampp\htdocs\trp\system\CodeIgniter.php(412): CodeIgniter\CodeIgniter->runController(Object(App\Controllers\trpadmin\trpadmin))
#8 C:\xampp\htdocs\trp\system\CodeIgniter.php(320): CodeIgniter\CodeIgniter->handleRequest(NULL, Object(Config\Cache), false)
#9 C:\xampp\htdocs\trp\public\index.php(37): CodeIgniter\CodeIgniter->run()
#10 {main}
ERROR - 2022-08-24 19:57:47 --> Cannot add or update a child row: a foreign key constraint fails (`trp`.`bilty`, CONSTRAINT `bilty_ibfk_1` FOREIGN KEY (`consignee`) REFERENCES `consignee` (`nee_id`))
CRITICAL - 2022-08-24 19:57:47 --> Cannot add or update a child row: a foreign key constraint fails (`trp`.`bilty`, CONSTRAINT `bilty_ibfk_1` FOREIGN KEY (`consignee`) REFERENCES `consignee` (`nee_id`))
#0 C:\xampp\htdocs\trp\system\Database\MySQLi\Connection.php(292): mysqli->query('INSERT INTO `bi...', 0)
#1 C:\xampp\htdocs\trp\system\Database\BaseConnection.php(670): CodeIgniter\Database\MySQLi\Connection->execute('INSERT INTO `bi...')
#2 C:\xampp\htdocs\trp\system\Database\BaseConnection.php(598): CodeIgniter\Database\BaseConnection->simpleQuery('INSERT INTO `bi...')
#3 C:\xampp\htdocs\trp\system\Database\BaseBuilder.php(1771): CodeIgniter\Database\BaseConnection->query('INSERT INTO `bi...', Array, false)
#4 C:\xampp\htdocs\trp\app\Models\dashboardmodel.php(123): CodeIgniter\Database\BaseBuilder->insert(Array)
#5 C:\xampp\htdocs\trp\app\Controllers\trpadmin\trpadmin.php(359): App\Models\dashboardmodel->addBilty(Array)
#6 C:\xampp\htdocs\trp\system\CodeIgniter.php(825): App\Controllers\trpadmin\trpadmin->addBilty()
#7 C:\xampp\htdocs\trp\system\CodeIgniter.php(412): CodeIgniter\CodeIgniter->runController(Object(App\Controllers\trpadmin\trpadmin))
#8 C:\xampp\htdocs\trp\system\CodeIgniter.php(320): CodeIgniter\CodeIgniter->handleRequest(NULL, Object(Config\Cache), false)
#9 C:\xampp\htdocs\trp\public\index.php(37): CodeIgniter\CodeIgniter->run()
#10 {main}
ERROR - 2022-08-24 19:57:51 --> Cannot add or update a child row: a foreign key constraint fails (`trp`.`bilty`, CONSTRAINT `bilty_ibfk_1` FOREIGN KEY (`consignee`) REFERENCES `consignee` (`nee_id`))
CRITICAL - 2022-08-24 19:57:51 --> Cannot add or update a child row: a foreign key constraint fails (`trp`.`bilty`, CONSTRAINT `bilty_ibfk_1` FOREIGN KEY (`consignee`) REFERENCES `consignee` (`nee_id`))
#0 C:\xampp\htdocs\trp\system\Database\MySQLi\Connection.php(292): mysqli->query('INSERT INTO `bi...', 0)
#1 C:\xampp\htdocs\trp\system\Database\BaseConnection.php(670): CodeIgniter\Database\MySQLi\Connection->execute('INSERT INTO `bi...')
#2 C:\xampp\htdocs\trp\system\Database\BaseConnection.php(598): CodeIgniter\Database\BaseConnection->simpleQuery('INSERT INTO `bi...')
#3 C:\xampp\htdocs\trp\system\Database\BaseBuilder.php(1771): CodeIgniter\Database\BaseConnection->query('INSERT INTO `bi...', Array, false)
#4 C:\xampp\htdocs\trp\app\Models\dashboardmodel.php(123): CodeIgniter\Database\BaseBuilder->insert(Array)
#5 C:\xampp\htdocs\trp\app\Controllers\trpadmin\trpadmin.php(359): App\Models\dashboardmodel->addBilty(Array)
#6 C:\xampp\htdocs\trp\system\CodeIgniter.php(825): App\Controllers\trpadmin\trpadmin->addBilty()
#7 C:\xampp\htdocs\trp\system\CodeIgniter.php(412): CodeIgniter\CodeIgniter->runController(Object(App\Controllers\trpadmin\trpadmin))
#8 C:\xampp\htdocs\trp\system\CodeIgniter.php(320): CodeIgniter\CodeIgniter->handleRequest(NULL, Object(Config\Cache), false)
#9 C:\xampp\htdocs\trp\public\index.php(37): CodeIgniter\CodeIgniter->run()
#10 {main}
ERROR - 2022-08-24 19:58:13 --> Cannot add or update a child row: a foreign key constraint fails (`trp`.`bilty`, CONSTRAINT `bilty_ibfk_1` FOREIGN KEY (`consignee`) REFERENCES `consignee` (`nee_id`))
CRITICAL - 2022-08-24 19:58:13 --> Cannot add or update a child row: a foreign key constraint fails (`trp`.`bilty`, CONSTRAINT `bilty_ibfk_1` FOREIGN KEY (`consignee`) REFERENCES `consignee` (`nee_id`))
#0 C:\xampp\htdocs\trp\system\Database\MySQLi\Connection.php(292): mysqli->query('INSERT INTO `bi...', 0)
#1 C:\xampp\htdocs\trp\system\Database\BaseConnection.php(670): CodeIgniter\Database\MySQLi\Connection->execute('INSERT INTO `bi...')
#2 C:\xampp\htdocs\trp\system\Database\BaseConnection.php(598): CodeIgniter\Database\BaseConnection->simpleQuery('INSERT INTO `bi...')
#3 C:\xampp\htdocs\trp\system\Database\BaseBuilder.php(1771): CodeIgniter\Database\BaseConnection->query('INSERT INTO `bi...', Array, false)
#4 C:\xampp\htdocs\trp\app\Models\dashboardmodel.php(123): CodeIgniter\Database\BaseBuilder->insert(Array)
#5 C:\xampp\htdocs\trp\app\Controllers\trpadmin\trpadmin.php(359): App\Models\dashboardmodel->addBilty(Array)
#6 C:\xampp\htdocs\trp\system\CodeIgniter.php(825): App\Controllers\trpadmin\trpadmin->addBilty()
#7 C:\xampp\htdocs\trp\system\CodeIgniter.php(412): CodeIgniter\CodeIgniter->runController(Object(App\Controllers\trpadmin\trpadmin))
#8 C:\xampp\htdocs\trp\system\CodeIgniter.php(320): CodeIgniter\CodeIgniter->handleRequest(NULL, Object(Config\Cache), false)
#9 C:\xampp\htdocs\trp\public\index.php(37): CodeIgniter\CodeIgniter->run()
#10 {main}
ERROR - 2022-08-24 19:58:13 --> Cannot add or update a child row: a foreign key constraint fails (`trp`.`bilty`, CONSTRAINT `bilty_ibfk_1` FOREIGN KEY (`consignee`) REFERENCES `consignee` (`nee_id`))
CRITICAL - 2022-08-24 19:58:13 --> Cannot add or update a child row: a foreign key constraint fails (`trp`.`bilty`, CONSTRAINT `bilty_ibfk_1` FOREIGN KEY (`consignee`) REFERENCES `consignee` (`nee_id`))
#0 C:\xampp\htdocs\trp\system\Database\MySQLi\Connection.php(292): mysqli->query('INSERT INTO `bi...', 0)
#1 C:\xampp\htdocs\trp\system\Database\BaseConnection.php(670): CodeIgniter\Database\MySQLi\Connection->execute('INSERT INTO `bi...')
#2 C:\xampp\htdocs\trp\system\Database\BaseConnection.php(598): CodeIgniter\Database\BaseConnection->simpleQuery('INSERT INTO `bi...')
#3 C:\xampp\htdocs\trp\system\Database\BaseBuilder.php(1771): CodeIgniter\Database\BaseConnection->query('INSERT INTO `bi...', Array, false)
#4 C:\xampp\htdocs\trp\app\Models\dashboardmodel.php(123): CodeIgniter\Database\BaseBuilder->insert(Array)
#5 C:\xampp\htdocs\trp\app\Controllers\trpadmin\trpadmin.php(359): App\Models\dashboardmodel->addBilty(Array)
#6 C:\xampp\htdocs\trp\system\CodeIgniter.php(825): App\Controllers\trpadmin\trpadmin->addBilty()
#7 C:\xampp\htdocs\trp\system\CodeIgniter.php(412): CodeIgniter\CodeIgniter->runController(Object(App\Controllers\trpadmin\trpadmin))
#8 C:\xampp\htdocs\trp\system\CodeIgniter.php(320): CodeIgniter\CodeIgniter->handleRequest(NULL, Object(Config\Cache), false)
#9 C:\xampp\htdocs\trp\public\index.php(37): CodeIgniter\CodeIgniter->run()
#10 {main}
ERROR - 2022-08-24 19:58:14 --> Cannot add or update a child row: a foreign key constraint fails (`trp`.`bilty`, CONSTRAINT `bilty_ibfk_1` FOREIGN KEY (`consignee`) REFERENCES `consignee` (`nee_id`))
CRITICAL - 2022-08-24 19:58:14 --> Cannot add or update a child row: a foreign key constraint fails (`trp`.`bilty`, CONSTRAINT `bilty_ibfk_1` FOREIGN KEY (`consignee`) REFERENCES `consignee` (`nee_id`))
#0 C:\xampp\htdocs\trp\system\Database\MySQLi\Connection.php(292): mysqli->query('INSERT INTO `bi...', 0)
#1 C:\xampp\htdocs\trp\system\Database\BaseConnection.php(670): CodeIgniter\Database\MySQLi\Connection->execute('INSERT INTO `bi...')
#2 C:\xampp\htdocs\trp\system\Database\BaseConnection.php(598): CodeIgniter\Database\BaseConnection->simpleQuery('INSERT INTO `bi...')
#3 C:\xampp\htdocs\trp\system\Database\BaseBuilder.php(1771): CodeIgniter\Database\BaseConnection->query('INSERT INTO `bi...', Array, false)
#4 C:\xampp\htdocs\trp\app\Models\dashboardmodel.php(123): CodeIgniter\Database\BaseBuilder->insert(Array)
#5 C:\xampp\htdocs\trp\app\Controllers\trpadmin\trpadmin.php(359): App\Models\dashboardmodel->addBilty(Array)
#6 C:\xampp\htdocs\trp\system\CodeIgniter.php(825): App\Controllers\trpadmin\trpadmin->addBilty()
#7 C:\xampp\htdocs\trp\system\CodeIgniter.php(412): CodeIgniter\CodeIgniter->runController(Object(App\Controllers\trpadmin\trpadmin))
#8 C:\xampp\htdocs\trp\system\CodeIgniter.php(320): CodeIgniter\CodeIgniter->handleRequest(NULL, Object(Config\Cache), false)
#9 C:\xampp\htdocs\trp\public\index.php(37): CodeIgniter\CodeIgniter->run()
#10 {main}
ERROR - 2022-08-24 19:58:14 --> Cannot add or update a child row: a foreign key constraint fails (`trp`.`bilty`, CONSTRAINT `bilty_ibfk_1` FOREIGN KEY (`consignee`) REFERENCES `consignee` (`nee_id`))
CRITICAL - 2022-08-24 19:58:14 --> Cannot add or update a child row: a foreign key constraint fails (`trp`.`bilty`, CONSTRAINT `bilty_ibfk_1` FOREIGN KEY (`consignee`) REFERENCES `consignee` (`nee_id`))
#0 C:\xampp\htdocs\trp\system\Database\MySQLi\Connection.php(292): mysqli->query('INSERT INTO `bi...', 0)
#1 C:\xampp\htdocs\trp\system\Database\BaseConnection.php(670): CodeIgniter\Database\MySQLi\Connection->execute('INSERT INTO `bi...')
#2 C:\xampp\htdocs\trp\system\Database\BaseConnection.php(598): CodeIgniter\Database\BaseConnection->simpleQuery('INSERT INTO `bi...')
#3 C:\xampp\htdocs\trp\system\Database\BaseBuilder.php(1771): CodeIgniter\Database\BaseConnection->query('INSERT INTO `bi...', Array, false)
#4 C:\xampp\htdocs\trp\app\Models\dashboardmodel.php(123): CodeIgniter\Database\BaseBuilder->insert(Array)
#5 C:\xampp\htdocs\trp\app\Controllers\trpadmin\trpadmin.php(359): App\Models\dashboardmodel->addBilty(Array)
#6 C:\xampp\htdocs\trp\system\CodeIgniter.php(825): App\Controllers\trpadmin\trpadmin->addBilty()
#7 C:\xampp\htdocs\trp\system\CodeIgniter.php(412): CodeIgniter\CodeIgniter->runController(Object(App\Controllers\trpadmin\trpadmin))
#8 C:\xampp\htdocs\trp\system\CodeIgniter.php(320): CodeIgniter\CodeIgniter->handleRequest(NULL, Object(Config\Cache), false)
#9 C:\xampp\htdocs\trp\public\index.php(37): CodeIgniter\CodeIgniter->run()
#10 {main}
ERROR - 2022-08-24 19:58:14 --> Cannot add or update a child row: a foreign key constraint fails (`trp`.`bilty`, CONSTRAINT `bilty_ibfk_1` FOREIGN KEY (`consignee`) REFERENCES `consignee` (`nee_id`))
CRITICAL - 2022-08-24 19:58:14 --> Cannot add or update a child row: a foreign key constraint fails (`trp`.`bilty`, CONSTRAINT `bilty_ibfk_1` FOREIGN KEY (`consignee`) REFERENCES `consignee` (`nee_id`))
#0 C:\xampp\htdocs\trp\system\Database\MySQLi\Connection.php(292): mysqli->query('INSERT INTO `bi...', 0)
#1 C:\xampp\htdocs\trp\system\Database\BaseConnection.php(670): CodeIgniter\Database\MySQLi\Connection->execute('INSERT INTO `bi...')
#2 C:\xampp\htdocs\trp\system\Database\BaseConnection.php(598): CodeIgniter\Database\BaseConnection->simpleQuery('INSERT INTO `bi...')
#3 C:\xampp\htdocs\trp\system\Database\BaseBuilder.php(1771): CodeIgniter\Database\BaseConnection->query('INSERT INTO `bi...', Array, false)
#4 C:\xampp\htdocs\trp\app\Models\dashboardmodel.php(123): CodeIgniter\Database\BaseBuilder->insert(Array)
#5 C:\xampp\htdocs\trp\app\Controllers\trpadmin\trpadmin.php(359): App\Models\dashboardmodel->addBilty(Array)
#6 C:\xampp\htdocs\trp\system\CodeIgniter.php(825): App\Controllers\trpadmin\trpadmin->addBilty()
#7 C:\xampp\htdocs\trp\system\CodeIgniter.php(412): CodeIgniter\CodeIgniter->runController(Object(App\Controllers\trpadmin\trpadmin))
#8 C:\xampp\htdocs\trp\system\CodeIgniter.php(320): CodeIgniter\CodeIgniter->handleRequest(NULL, Object(Config\Cache), false)
#9 C:\xampp\htdocs\trp\public\index.php(37): CodeIgniter\CodeIgniter->run()
#10 {main}
ERROR - 2022-08-24 19:58:14 --> Cannot add or update a child row: a foreign key constraint fails (`trp`.`bilty`, CONSTRAINT `bilty_ibfk_1` FOREIGN KEY (`consignee`) REFERENCES `consignee` (`nee_id`))
CRITICAL - 2022-08-24 19:58:14 --> Cannot add or update a child row: a foreign key constraint fails (`trp`.`bilty`, CONSTRAINT `bilty_ibfk_1` FOREIGN KEY (`consignee`) REFERENCES `consignee` (`nee_id`))
#0 C:\xampp\htdocs\trp\system\Database\MySQLi\Connection.php(292): mysqli->query('INSERT INTO `bi...', 0)
#1 C:\xampp\htdocs\trp\system\Database\BaseConnection.php(670): CodeIgniter\Database\MySQLi\Connection->execute('INSERT INTO `bi...')
#2 C:\xampp\htdocs\trp\system\Database\BaseConnection.php(598): CodeIgniter\Database\BaseConnection->simpleQuery('INSERT INTO `bi...')
#3 C:\xampp\htdocs\trp\system\Database\BaseBuilder.php(1771): CodeIgniter\Database\BaseConnection->query('INSERT INTO `bi...', Array, false)
#4 C:\xampp\htdocs\trp\app\Models\dashboardmodel.php(123): CodeIgniter\Database\BaseBuilder->insert(Array)
#5 C:\xampp\htdocs\trp\app\Controllers\trpadmin\trpadmin.php(359): App\Models\dashboardmodel->addBilty(Array)
#6 C:\xampp\htdocs\trp\system\CodeIgniter.php(825): App\Controllers\trpadmin\trpadmin->addBilty()
#7 C:\xampp\htdocs\trp\system\CodeIgniter.php(412): CodeIgniter\CodeIgniter->runController(Object(App\Controllers\trpadmin\trpadmin))
#8 C:\xampp\htdocs\trp\system\CodeIgniter.php(320): CodeIgniter\CodeIgniter->handleRequest(NULL, Object(Config\Cache), false)
#9 C:\xampp\htdocs\trp\public\index.php(37): CodeIgniter\CodeIgniter->run()
#10 {main}
ERROR - 2022-08-24 19:58:14 --> Cannot add or update a child row: a foreign key constraint fails (`trp`.`bilty`, CONSTRAINT `bilty_ibfk_1` FOREIGN KEY (`consignee`) REFERENCES `consignee` (`nee_id`))
CRITICAL - 2022-08-24 19:58:14 --> Cannot add or update a child row: a foreign key constraint fails (`trp`.`bilty`, CONSTRAINT `bilty_ibfk_1` FOREIGN KEY (`consignee`) REFERENCES `consignee` (`nee_id`))
#0 C:\xampp\htdocs\trp\system\Database\MySQLi\Connection.php(292): mysqli->query('INSERT INTO `bi...', 0)
#1 C:\xampp\htdocs\trp\system\Database\BaseConnection.php(670): CodeIgniter\Database\MySQLi\Connection->execute('INSERT INTO `bi...')
#2 C:\xampp\htdocs\trp\system\Database\BaseConnection.php(598): CodeIgniter\Database\BaseConnection->simpleQuery('INSERT INTO `bi...')
#3 C:\xampp\htdocs\trp\system\Database\BaseBuilder.php(1771): CodeIgniter\Database\BaseConnection->query('INSERT INTO `bi...', Array, false)
#4 C:\xampp\htdocs\trp\app\Models\dashboardmodel.php(123): CodeIgniter\Database\BaseBuilder->insert(Array)
#5 C:\xampp\htdocs\trp\app\Controllers\trpadmin\trpadmin.php(359): App\Models\dashboardmodel->addBilty(Array)
#6 C:\xampp\htdocs\trp\system\CodeIgniter.php(825): App\Controllers\trpadmin\trpadmin->addBilty()
#7 C:\xampp\htdocs\trp\system\CodeIgniter.php(412): CodeIgniter\CodeIgniter->runController(Object(App\Controllers\trpadmin\trpadmin))
#8 C:\xampp\htdocs\trp\system\CodeIgniter.php(320): CodeIgniter\CodeIgniter->handleRequest(NULL, Object(Config\Cache), false)
#9 C:\xampp\htdocs\trp\public\index.php(37): CodeIgniter\CodeIgniter->run()
#10 {main}
ERROR - 2022-08-24 19:58:14 --> Cannot add or update a child row: a foreign key constraint fails (`trp`.`bilty`, CONSTRAINT `bilty_ibfk_1` FOREIGN KEY (`consignee`) REFERENCES `consignee` (`nee_id`))
CRITICAL - 2022-08-24 19:58:14 --> Cannot add or update a child row: a foreign key constraint fails (`trp`.`bilty`, CONSTRAINT `bilty_ibfk_1` FOREIGN KEY (`consignee`) REFERENCES `consignee` (`nee_id`))
#0 C:\xampp\htdocs\trp\system\Database\MySQLi\Connection.php(292): mysqli->query('INSERT INTO `bi...', 0)
#1 C:\xampp\htdocs\trp\system\Database\BaseConnection.php(670): CodeIgniter\Database\MySQLi\Connection->execute('INSERT INTO `bi...')
#2 C:\xampp\htdocs\trp\system\Database\BaseConnection.php(598): CodeIgniter\Database\BaseConnection->simpleQuery('INSERT INTO `bi...')
#3 C:\xampp\htdocs\trp\system\Database\BaseBuilder.php(1771): CodeIgniter\Database\BaseConnection->query('INSERT INTO `bi...', Array, false)
#4 C:\xampp\htdocs\trp\app\Models\dashboardmodel.php(123): CodeIgniter\Database\BaseBuilder->insert(Array)
#5 C:\xampp\htdocs\trp\app\Controllers\trpadmin\trpadmin.php(359): App\Models\dashboardmodel->addBilty(Array)
#6 C:\xampp\htdocs\trp\system\CodeIgniter.php(825): App\Controllers\trpadmin\trpadmin->addBilty()
#7 C:\xampp\htdocs\trp\system\CodeIgniter.php(412): CodeIgniter\CodeIgniter->runController(Object(App\Controllers\trpadmin\trpadmin))
#8 C:\xampp\htdocs\trp\system\CodeIgniter.php(320): CodeIgniter\CodeIgniter->handleRequest(NULL, Object(Config\Cache), false)
#9 C:\xampp\htdocs\trp\public\index.php(37): CodeIgniter\CodeIgniter->run()
#10 {main}
ERROR - 2022-08-24 19:58:15 --> Cannot add or update a child row: a foreign key constraint fails (`trp`.`bilty`, CONSTRAINT `bilty_ibfk_1` FOREIGN KEY (`consignee`) REFERENCES `consignee` (`nee_id`))
CRITICAL - 2022-08-24 19:58:15 --> Cannot add or update a child row: a foreign key constraint fails (`trp`.`bilty`, CONSTRAINT `bilty_ibfk_1` FOREIGN KEY (`consignee`) REFERENCES `consignee` (`nee_id`))
#0 C:\xampp\htdocs\trp\system\Database\MySQLi\Connection.php(292): mysqli->query('INSERT INTO `bi...', 0)
#1 C:\xampp\htdocs\trp\system\Database\BaseConnection.php(670): CodeIgniter\Database\MySQLi\Connection->execute('INSERT INTO `bi...')
#2 C:\xampp\htdocs\trp\system\Database\BaseConnection.php(598): CodeIgniter\Database\BaseConnection->simpleQuery('INSERT INTO `bi...')
#3 C:\xampp\htdocs\trp\system\Database\BaseBuilder.php(1771): CodeIgniter\Database\BaseConnection->query('INSERT INTO `bi...', Array, false)
#4 C:\xampp\htdocs\trp\app\Models\dashboardmodel.php(123): CodeIgniter\Database\BaseBuilder->insert(Array)
#5 C:\xampp\htdocs\trp\app\Controllers\trpadmin\trpadmin.php(359): App\Models\dashboardmodel->addBilty(Array)
#6 C:\xampp\htdocs\trp\system\CodeIgniter.php(825): App\Controllers\trpadmin\trpadmin->addBilty()
#7 C:\xampp\htdocs\trp\system\CodeIgniter.php(412): CodeIgniter\CodeIgniter->runController(Object(App\Controllers\trpadmin\trpadmin))
#8 C:\xampp\htdocs\trp\system\CodeIgniter.php(320): CodeIgniter\CodeIgniter->handleRequest(NULL, Object(Config\Cache), false)
#9 C:\xampp\htdocs\trp\public\index.php(37): CodeIgniter\CodeIgniter->run()
#10 {main}
ERROR - 2022-08-24 19:58:15 --> Cannot add or update a child row: a foreign key constraint fails (`trp`.`bilty`, CONSTRAINT `bilty_ibfk_1` FOREIGN KEY (`consignee`) REFERENCES `consignee` (`nee_id`))
CRITICAL - 2022-08-24 19:58:15 --> Cannot add or update a child row: a foreign key constraint fails (`trp`.`bilty`, CONSTRAINT `bilty_ibfk_1` FOREIGN KEY (`consignee`) REFERENCES `consignee` (`nee_id`))
#0 C:\xampp\htdocs\trp\system\Database\MySQLi\Connection.php(292): mysqli->query('INSERT INTO `bi...', 0)
#1 C:\xampp\htdocs\trp\system\Database\BaseConnection.php(670): CodeIgniter\Database\MySQLi\Connection->execute('INSERT INTO `bi...')
#2 C:\xampp\htdocs\trp\system\Database\BaseConnection.php(598): CodeIgniter\Database\BaseConnection->simpleQuery('INSERT INTO `bi...')
#3 C:\xampp\htdocs\trp\system\Database\BaseBuilder.php(1771): CodeIgniter\Database\BaseConnection->query('INSERT INTO `bi...', Array, false)
#4 C:\xampp\htdocs\trp\app\Models\dashboardmodel.php(123): CodeIgniter\Database\BaseBuilder->insert(Array)
#5 C:\xampp\htdocs\trp\app\Controllers\trpadmin\trpadmin.php(359): App\Models\dashboardmodel->addBilty(Array)
#6 C:\xampp\htdocs\trp\system\CodeIgniter.php(825): App\Controllers\trpadmin\trpadmin->addBilty()
#7 C:\xampp\htdocs\trp\system\CodeIgniter.php(412): CodeIgniter\CodeIgniter->runController(Object(App\Controllers\trpadmin\trpadmin))
#8 C:\xampp\htdocs\trp\system\CodeIgniter.php(320): CodeIgniter\CodeIgniter->handleRequest(NULL, Object(Config\Cache), false)
#9 C:\xampp\htdocs\trp\public\index.php(37): CodeIgniter\CodeIgniter->run()
#10 {main}
ERROR - 2022-08-24 19:58:15 --> Cannot add or update a child row: a foreign key constraint fails (`trp`.`bilty`, CONSTRAINT `bilty_ibfk_1` FOREIGN KEY (`consignee`) REFERENCES `consignee` (`nee_id`))
CRITICAL - 2022-08-24 19:58:15 --> Cannot add or update a child row: a foreign key constraint fails (`trp`.`bilty`, CONSTRAINT `bilty_ibfk_1` FOREIGN KEY (`consignee`) REFERENCES `consignee` (`nee_id`))
#0 C:\xampp\htdocs\trp\system\Database\MySQLi\Connection.php(292): mysqli->query('INSERT INTO `bi...', 0)
#1 C:\xampp\htdocs\trp\system\Database\BaseConnection.php(670): CodeIgniter\Database\MySQLi\Connection->execute('INSERT INTO `bi...')
#2 C:\xampp\htdocs\trp\system\Database\BaseConnection.php(598): CodeIgniter\Database\BaseConnection->simpleQuery('INSERT INTO `bi...')
#3 C:\xampp\htdocs\trp\system\Database\BaseBuilder.php(1771): CodeIgniter\Database\BaseConnection->query('INSERT INTO `bi...', Array, false)
#4 C:\xampp\htdocs\trp\app\Models\dashboardmodel.php(123): CodeIgniter\Database\BaseBuilder->insert(Array)
#5 C:\xampp\htdocs\trp\app\Controllers\trpadmin\trpadmin.php(359): App\Models\dashboardmodel->addBilty(Array)
#6 C:\xampp\htdocs\trp\system\CodeIgniter.php(825): App\Controllers\trpadmin\trpadmin->addBilty()
#7 C:\xampp\htdocs\trp\system\CodeIgniter.php(412): CodeIgniter\CodeIgniter->runController(Object(App\Controllers\trpadmin\trpadmin))
#8 C:\xampp\htdocs\trp\system\CodeIgniter.php(320): CodeIgniter\CodeIgniter->handleRequest(NULL, Object(Config\Cache), false)
#9 C:\xampp\htdocs\trp\public\index.php(37): CodeIgniter\CodeIgniter->run()
#10 {main}
ERROR - 2022-08-24 19:58:15 --> Cannot add or update a child row: a foreign key constraint fails (`trp`.`bilty`, CONSTRAINT `bilty_ibfk_1` FOREIGN KEY (`consignee`) REFERENCES `consignee` (`nee_id`))
CRITICAL - 2022-08-24 19:58:15 --> Cannot add or update a child row: a foreign key constraint fails (`trp`.`bilty`, CONSTRAINT `bilty_ibfk_1` FOREIGN KEY (`consignee`) REFERENCES `consignee` (`nee_id`))
#0 C:\xampp\htdocs\trp\system\Database\MySQLi\Connection.php(292): mysqli->query('INSERT INTO `bi...', 0)
#1 C:\xampp\htdocs\trp\system\Database\BaseConnection.php(670): CodeIgniter\Database\MySQLi\Connection->execute('INSERT INTO `bi...')
#2 C:\xampp\htdocs\trp\system\Database\BaseConnection.php(598): CodeIgniter\Database\BaseConnection->simpleQuery('INSERT INTO `bi...')
#3 C:\xampp\htdocs\trp\system\Database\BaseBuilder.php(1771): CodeIgniter\Database\BaseConnection->query('INSERT INTO `bi...', Array, false)
#4 C:\xampp\htdocs\trp\app\Models\dashboardmodel.php(123): CodeIgniter\Database\BaseBuilder->insert(Array)
#5 C:\xampp\htdocs\trp\app\Controllers\trpadmin\trpadmin.php(359): App\Models\dashboardmodel->addBilty(Array)
#6 C:\xampp\htdocs\trp\system\CodeIgniter.php(825): App\Controllers\trpadmin\trpadmin->addBilty()
#7 C:\xampp\htdocs\trp\system\CodeIgniter.php(412): CodeIgniter\CodeIgniter->runController(Object(App\Controllers\trpadmin\trpadmin))
#8 C:\xampp\htdocs\trp\system\CodeIgniter.php(320): CodeIgniter\CodeIgniter->handleRequest(NULL, Object(Config\Cache), false)
#9 C:\xampp\htdocs\trp\public\index.php(37): CodeIgniter\CodeIgniter->run()
#10 {main}
ERROR - 2022-08-24 19:58:15 --> Cannot add or update a child row: a foreign key constraint fails (`trp`.`bilty`, CONSTRAINT `bilty_ibfk_1` FOREIGN KEY (`consignee`) REFERENCES `consignee` (`nee_id`))
CRITICAL - 2022-08-24 19:58:15 --> Cannot add or update a child row: a foreign key constraint fails (`trp`.`bilty`, CONSTRAINT `bilty_ibfk_1` FOREIGN KEY (`consignee`) REFERENCES `consignee` (`nee_id`))
#0 C:\xampp\htdocs\trp\system\Database\MySQLi\Connection.php(292): mysqli->query('INSERT INTO `bi...', 0)
#1 C:\xampp\htdocs\trp\system\Database\BaseConnection.php(670): CodeIgniter\Database\MySQLi\Connection->execute('INSERT INTO `bi...')
#2 C:\xampp\htdocs\trp\system\Database\BaseConnection.php(598): CodeIgniter\Database\BaseConnection->simpleQuery('INSERT INTO `bi...')
#3 C:\xampp\htdocs\trp\system\Database\BaseBuilder.php(1771): CodeIgniter\Database\BaseConnection->query('INSERT INTO `bi...', Array, false)
#4 C:\xampp\htdocs\trp\app\Models\dashboardmodel.php(123): CodeIgniter\Database\BaseBuilder->insert(Array)
#5 C:\xampp\htdocs\trp\app\Controllers\trpadmin\trpadmin.php(359): App\Models\dashboardmodel->addBilty(Array)
#6 C:\xampp\htdocs\trp\system\CodeIgniter.php(825): App\Controllers\trpadmin\trpadmin->addBilty()
#7 C:\xampp\htdocs\trp\system\CodeIgniter.php(412): CodeIgniter\CodeIgniter->runController(Object(App\Controllers\trpadmin\trpadmin))
#8 C:\xampp\htdocs\trp\system\CodeIgniter.php(320): CodeIgniter\CodeIgniter->handleRequest(NULL, Object(Config\Cache), false)
#9 C:\xampp\htdocs\trp\public\index.php(37): CodeIgniter\CodeIgniter->run()
#10 {main}
ERROR - 2022-08-24 19:58:15 --> Cannot add or update a child row: a foreign key constraint fails (`trp`.`bilty`, CONSTRAINT `bilty_ibfk_1` FOREIGN KEY (`consignee`) REFERENCES `consignee` (`nee_id`))
CRITICAL - 2022-08-24 19:58:15 --> Cannot add or update a child row: a foreign key constraint fails (`trp`.`bilty`, CONSTRAINT `bilty_ibfk_1` FOREIGN KEY (`consignee`) REFERENCES `consignee` (`nee_id`))
#0 C:\xampp\htdocs\trp\system\Database\MySQLi\Connection.php(292): mysqli->query('INSERT INTO `bi...', 0)
#1 C:\xampp\htdocs\trp\system\Database\BaseConnection.php(670): CodeIgniter\Database\MySQLi\Connection->execute('INSERT INTO `bi...')
#2 C:\xampp\htdocs\trp\system\Database\BaseConnection.php(598): CodeIgniter\Database\BaseConnection->simpleQuery('INSERT INTO `bi...')
#3 C:\xampp\htdocs\trp\system\Database\BaseBuilder.php(1771): CodeIgniter\Database\BaseConnection->query('INSERT INTO `bi...', Array, false)
#4 C:\xampp\htdocs\trp\app\Models\dashboardmodel.php(123): CodeIgniter\Database\BaseBuilder->insert(Array)
#5 C:\xampp\htdocs\trp\app\Controllers\trpadmin\trpadmin.php(359): App\Models\dashboardmodel->addBilty(Array)
#6 C:\xampp\htdocs\trp\system\CodeIgniter.php(825): App\Controllers\trpadmin\trpadmin->addBilty()
#7 C:\xampp\htdocs\trp\system\CodeIgniter.php(412): CodeIgniter\CodeIgniter->runController(Object(App\Controllers\trpadmin\trpadmin))
#8 C:\xampp\htdocs\trp\system\CodeIgniter.php(320): CodeIgniter\CodeIgniter->handleRequest(NULL, Object(Config\Cache), false)
#9 C:\xampp\htdocs\trp\public\index.php(37): CodeIgniter\CodeIgniter->run()
#10 {main}
ERROR - 2022-08-24 21:13:10 --> Cannot add or update a child row: a foreign key constraint fails (`trp`.`bilty`, CONSTRAINT `bilty_ibfk_1` FOREIGN KEY (`consignee`) REFERENCES `consignee` (`nee_id`))
CRITICAL - 2022-08-24 21:13:10 --> Cannot add or update a child row: a foreign key constraint fails (`trp`.`bilty`, CONSTRAINT `bilty_ibfk_1` FOREIGN KEY (`consignee`) REFERENCES `consignee` (`nee_id`))
#0 C:\xampp\htdocs\trp\system\Database\MySQLi\Connection.php(292): mysqli->query('INSERT INTO `bi...', 0)
#1 C:\xampp\htdocs\trp\system\Database\BaseConnection.php(670): CodeIgniter\Database\MySQLi\Connection->execute('INSERT INTO `bi...')
#2 C:\xampp\htdocs\trp\system\Database\BaseConnection.php(598): CodeIgniter\Database\BaseConnection->simpleQuery('INSERT INTO `bi...')
#3 C:\xampp\htdocs\trp\system\Database\BaseBuilder.php(1771): CodeIgniter\Database\BaseConnection->query('INSERT INTO `bi...', Array, false)
#4 C:\xampp\htdocs\trp\app\Models\dashboardmodel.php(123): CodeIgniter\Database\BaseBuilder->insert(Array)
#5 C:\xampp\htdocs\trp\app\Controllers\trpadmin\trpadmin.php(363): App\Models\dashboardmodel->addBilty(Array)
#6 C:\xampp\htdocs\trp\system\CodeIgniter.php(825): App\Controllers\trpadmin\trpadmin->addBilty()
#7 C:\xampp\htdocs\trp\system\CodeIgniter.php(412): CodeIgniter\CodeIgniter->runController(Object(App\Controllers\trpadmin\trpadmin))
#8 C:\xampp\htdocs\trp\system\CodeIgniter.php(320): CodeIgniter\CodeIgniter->handleRequest(NULL, Object(Config\Cache), false)
#9 C:\xampp\htdocs\trp\public\index.php(37): CodeIgniter\CodeIgniter->run()
#10 {main}
ERROR - 2022-08-24 21:13:14 --> Cannot add or update a child row: a foreign key constraint fails (`trp`.`bilty`, CONSTRAINT `bilty_ibfk_1` FOREIGN KEY (`consignee`) REFERENCES `consignee` (`nee_id`))
CRITICAL - 2022-08-24 21:13:14 --> Cannot add or update a child row: a foreign key constraint fails (`trp`.`bilty`, CONSTRAINT `bilty_ibfk_1` FOREIGN KEY (`consignee`) REFERENCES `consignee` (`nee_id`))
#0 C:\xampp\htdocs\trp\system\Database\MySQLi\Connection.php(292): mysqli->query('INSERT INTO `bi...', 0)
#1 C:\xampp\htdocs\trp\system\Database\BaseConnection.php(670): CodeIgniter\Database\MySQLi\Connection->execute('INSERT INTO `bi...')
#2 C:\xampp\htdocs\trp\system\Database\BaseConnection.php(598): CodeIgniter\Database\BaseConnection->simpleQuery('INSERT INTO `bi...')
#3 C:\xampp\htdocs\trp\system\Database\BaseBuilder.php(1771): CodeIgniter\Database\BaseConnection->query('INSERT INTO `bi...', Array, false)
#4 C:\xampp\htdocs\trp\app\Models\dashboardmodel.php(123): CodeIgniter\Database\BaseBuilder->insert(Array)
#5 C:\xampp\htdocs\trp\app\Controllers\trpadmin\trpadmin.php(363): App\Models\dashboardmodel->addBilty(Array)
#6 C:\xampp\htdocs\trp\system\CodeIgniter.php(825): App\Controllers\trpadmin\trpadmin->addBilty()
#7 C:\xampp\htdocs\trp\system\CodeIgniter.php(412): CodeIgniter\CodeIgniter->runController(Object(App\Controllers\trpadmin\trpadmin))
#8 C:\xampp\htdocs\trp\system\CodeIgniter.php(320): CodeIgniter\CodeIgniter->handleRequest(NULL, Object(Config\Cache), false)
#9 C:\xampp\htdocs\trp\public\index.php(37): CodeIgniter\CodeIgniter->run()
#10 {main}
ERROR - 2022-08-24 21:13:14 --> Cannot add or update a child row: a foreign key constraint fails (`trp`.`bilty`, CONSTRAINT `bilty_ibfk_1` FOREIGN KEY (`consignee`) REFERENCES `consignee` (`nee_id`))
CRITICAL - 2022-08-24 21:13:14 --> Cannot add or update a child row: a foreign key constraint fails (`trp`.`bilty`, CONSTRAINT `bilty_ibfk_1` FOREIGN KEY (`consignee`) REFERENCES `consignee` (`nee_id`))
#0 C:\xampp\htdocs\trp\system\Database\MySQLi\Connection.php(292): mysqli->query('INSERT INTO `bi...', 0)
#1 C:\xampp\htdocs\trp\system\Database\BaseConnection.php(670): CodeIgniter\Database\MySQLi\Connection->execute('INSERT INTO `bi...')
#2 C:\xampp\htdocs\trp\system\Database\BaseConnection.php(598): CodeIgniter\Database\BaseConnection->simpleQuery('INSERT INTO `bi...')
#3 C:\xampp\htdocs\trp\system\Database\BaseBuilder.php(1771): CodeIgniter\Database\BaseConnection->query('INSERT INTO `bi...', Array, false)
#4 C:\xampp\htdocs\trp\app\Models\dashboardmodel.php(123): CodeIgniter\Database\BaseBuilder->insert(Array)
#5 C:\xampp\htdocs\trp\app\Controllers\trpadmin\trpadmin.php(363): App\Models\dashboardmodel->addBilty(Array)
#6 C:\xampp\htdocs\trp\system\CodeIgniter.php(825): App\Controllers\trpadmin\trpadmin->addBilty()
#7 C:\xampp\htdocs\trp\system\CodeIgniter.php(412): CodeIgniter\CodeIgniter->runController(Object(App\Controllers\trpadmin\trpadmin))
#8 C:\xampp\htdocs\trp\system\CodeIgniter.php(320): CodeIgniter\CodeIgniter->handleRequest(NULL, Object(Config\Cache), false)
#9 C:\xampp\htdocs\trp\public\index.php(37): CodeIgniter\CodeIgniter->run()
#10 {main}
ERROR - 2022-08-24 21:13:20 --> Cannot add or update a child row: a foreign key constraint fails (`trp`.`bilty`, CONSTRAINT `bilty_ibfk_1` FOREIGN KEY (`consignee`) REFERENCES `consignee` (`nee_id`))
CRITICAL - 2022-08-24 21:13:20 --> Cannot add or update a child row: a foreign key constraint fails (`trp`.`bilty`, CONSTRAINT `bilty_ibfk_1` FOREIGN KEY (`consignee`) REFERENCES `consignee` (`nee_id`))
#0 C:\xampp\htdocs\trp\system\Database\MySQLi\Connection.php(292): mysqli->query('INSERT INTO `bi...', 0)
#1 C:\xampp\htdocs\trp\system\Database\BaseConnection.php(670): CodeIgniter\Database\MySQLi\Connection->execute('INSERT INTO `bi...')
#2 C:\xampp\htdocs\trp\system\Database\BaseConnection.php(598): CodeIgniter\Database\BaseConnection->simpleQuery('INSERT INTO `bi...')
#3 C:\xampp\htdocs\trp\system\Database\BaseBuilder.php(1771): CodeIgniter\Database\BaseConnection->query('INSERT INTO `bi...', Array, false)
#4 C:\xampp\htdocs\trp\app\Models\dashboardmodel.php(123): CodeIgniter\Database\BaseBuilder->insert(Array)
#5 C:\xampp\htdocs\trp\app\Controllers\trpadmin\trpadmin.php(363): App\Models\dashboardmodel->addBilty(Array)
#6 C:\xampp\htdocs\trp\system\CodeIgniter.php(825): App\Controllers\trpadmin\trpadmin->addBilty()
#7 C:\xampp\htdocs\trp\system\CodeIgniter.php(412): CodeIgniter\CodeIgniter->runController(Object(App\Controllers\trpadmin\trpadmin))
#8 C:\xampp\htdocs\trp\system\CodeIgniter.php(320): CodeIgniter\CodeIgniter->handleRequest(NULL, Object(Config\Cache), false)
#9 C:\xampp\htdocs\trp\public\index.php(37): CodeIgniter\CodeIgniter->run()
#10 {main}
ERROR - 2022-08-24 21:13:20 --> Cannot add or update a child row: a foreign key constraint fails (`trp`.`bilty`, CONSTRAINT `bilty_ibfk_1` FOREIGN KEY (`consignee`) REFERENCES `consignee` (`nee_id`))
CRITICAL - 2022-08-24 21:13:20 --> Cannot add or update a child row: a foreign key constraint fails (`trp`.`bilty`, CONSTRAINT `bilty_ibfk_1` FOREIGN KEY (`consignee`) REFERENCES `consignee` (`nee_id`))
#0 C:\xampp\htdocs\trp\system\Database\MySQLi\Connection.php(292): mysqli->query('INSERT INTO `bi...', 0)
#1 C:\xampp\htdocs\trp\system\Database\BaseConnection.php(670): CodeIgniter\Database\MySQLi\Connection->execute('INSERT INTO `bi...')
#2 C:\xampp\htdocs\trp\system\Database\BaseConnection.php(598): CodeIgniter\Database\BaseConnection->simpleQuery('INSERT INTO `bi...')
#3 C:\xampp\htdocs\trp\system\Database\BaseBuilder.php(1771): CodeIgniter\Database\BaseConnection->query('INSERT INTO `bi...', Array, false)
#4 C:\xampp\htdocs\trp\app\Models\dashboardmodel.php(123): CodeIgniter\Database\BaseBuilder->insert(Array)
#5 C:\xampp\htdocs\trp\app\Controllers\trpadmin\trpadmin.php(363): App\Models\dashboardmodel->addBilty(Array)
#6 C:\xampp\htdocs\trp\system\CodeIgniter.php(825): App\Controllers\trpadmin\trpadmin->addBilty()
#7 C:\xampp\htdocs\trp\system\CodeIgniter.php(412): CodeIgniter\CodeIgniter->runController(Object(App\Controllers\trpadmin\trpadmin))
#8 C:\xampp\htdocs\trp\system\CodeIgniter.php(320): CodeIgniter\CodeIgniter->handleRequest(NULL, Object(Config\Cache), false)
#9 C:\xampp\htdocs\trp\public\index.php(37): CodeIgniter\CodeIgniter->run()
#10 {main}
ERROR - 2022-08-24 21:13:20 --> Cannot add or update a child row: a foreign key constraint fails (`trp`.`bilty`, CONSTRAINT `bilty_ibfk_1` FOREIGN KEY (`consignee`) REFERENCES `consignee` (`nee_id`))
CRITICAL - 2022-08-24 21:13:20 --> Cannot add or update a child row: a foreign key constraint fails (`trp`.`bilty`, CONSTRAINT `bilty_ibfk_1` FOREIGN KEY (`consignee`) REFERENCES `consignee` (`nee_id`))
#0 C:\xampp\htdocs\trp\system\Database\MySQLi\Connection.php(292): mysqli->query('INSERT INTO `bi...', 0)
#1 C:\xampp\htdocs\trp\system\Database\BaseConnection.php(670): CodeIgniter\Database\MySQLi\Connection->execute('INSERT INTO `bi...')
#2 C:\xampp\htdocs\trp\system\Database\BaseConnection.php(598): CodeIgniter\Database\BaseConnection->simpleQuery('INSERT INTO `bi...')
#3 C:\xampp\htdocs\trp\system\Database\BaseBuilder.php(1771): CodeIgniter\Database\BaseConnection->query('INSERT INTO `bi...', Array, false)
#4 C:\xampp\htdocs\trp\app\Models\dashboardmodel.php(123): CodeIgniter\Database\BaseBuilder->insert(Array)
#5 C:\xampp\htdocs\trp\app\Controllers\trpadmin\trpadmin.php(363): App\Models\dashboardmodel->addBilty(Array)
#6 C:\xampp\htdocs\trp\system\CodeIgniter.php(825): App\Controllers\trpadmin\trpadmin->addBilty()
#7 C:\xampp\htdocs\trp\system\CodeIgniter.php(412): CodeIgniter\CodeIgniter->runController(Object(App\Controllers\trpadmin\trpadmin))
#8 C:\xampp\htdocs\trp\system\CodeIgniter.php(320): CodeIgniter\CodeIgniter->handleRequest(NULL, Object(Config\Cache), false)
#9 C:\xampp\htdocs\trp\public\index.php(37): CodeIgniter\CodeIgniter->run()
#10 {main}
ERROR - 2022-08-24 21:13:36 --> Cannot add or update a child row: a foreign key constraint fails (`trp`.`bilty`, CONSTRAINT `bilty_ibfk_1` FOREIGN KEY (`consignee`) REFERENCES `consignee` (`nee_id`))
CRITICAL - 2022-08-24 21:13:36 --> Cannot add or update a child row: a foreign key constraint fails (`trp`.`bilty`, CONSTRAINT `bilty_ibfk_1` FOREIGN KEY (`consignee`) REFERENCES `consignee` (`nee_id`))
#0 C:\xampp\htdocs\trp\system\Database\MySQLi\Connection.php(292): mysqli->query('INSERT INTO `bi...', 0)
#1 C:\xampp\htdocs\trp\system\Database\BaseConnection.php(670): CodeIgniter\Database\MySQLi\Connection->execute('INSERT INTO `bi...')
#2 C:\xampp\htdocs\trp\system\Database\BaseConnection.php(598): CodeIgniter\Database\BaseConnection->simpleQuery('INSERT INTO `bi...')
#3 C:\xampp\htdocs\trp\system\Database\BaseBuilder.php(1771): CodeIgniter\Database\BaseConnection->query('INSERT INTO `bi...', Array, false)
#4 C:\xampp\htdocs\trp\app\Models\dashboardmodel.php(123): CodeIgniter\Database\BaseBuilder->insert(Array)
#5 C:\xampp\htdocs\trp\app\Controllers\trpadmin\trpadmin.php(363): App\Models\dashboardmodel->addBilty(Array)
#6 C:\xampp\htdocs\trp\system\CodeIgniter.php(825): App\Controllers\trpadmin\trpadmin->addBilty()
#7 C:\xampp\htdocs\trp\system\CodeIgniter.php(412): CodeIgniter\CodeIgniter->runController(Object(App\Controllers\trpadmin\trpadmin))
#8 C:\xampp\htdocs\trp\system\CodeIgniter.php(320): CodeIgniter\CodeIgniter->handleRequest(NULL, Object(Config\Cache), false)
#9 C:\xampp\htdocs\trp\public\index.php(37): CodeIgniter\CodeIgniter->run()
#10 {main}
ERROR - 2022-08-24 21:15:28 --> Cannot add or update a child row: a foreign key constraint fails (`trp`.`bilty`, CONSTRAINT `bilty_ibfk_1` FOREIGN KEY (`consignee`) REFERENCES `consignee` (`nee_id`))
CRITICAL - 2022-08-24 21:15:28 --> Cannot add or update a child row: a foreign key constraint fails (`trp`.`bilty`, CONSTRAINT `bilty_ibfk_1` FOREIGN KEY (`consignee`) REFERENCES `consignee` (`nee_id`))
#0 C:\xampp\htdocs\trp\system\Database\MySQLi\Connection.php(292): mysqli->query('INSERT INTO `bi...', 0)
#1 C:\xampp\htdocs\trp\system\Database\BaseConnection.php(670): CodeIgniter\Database\MySQLi\Connection->execute('INSERT INTO `bi...')
#2 C:\xampp\htdocs\trp\system\Database\BaseConnection.php(598): CodeIgniter\Database\BaseConnection->simpleQuery('INSERT INTO `bi...')
#3 C:\xampp\htdocs\trp\system\Database\BaseBuilder.php(1771): CodeIgniter\Database\BaseConnection->query('INSERT INTO `bi...', Array, false)
#4 C:\xampp\htdocs\trp\app\Models\dashboardmodel.php(123): CodeIgniter\Database\BaseBuilder->insert(Array)
#5 C:\xampp\htdocs\trp\app\Controllers\trpadmin\trpadmin.php(363): App\Models\dashboardmodel->addBilty(Array)
#6 C:\xampp\htdocs\trp\system\CodeIgniter.php(825): App\Controllers\trpadmin\trpadmin->addBilty()
#7 C:\xampp\htdocs\trp\system\CodeIgniter.php(412): CodeIgniter\CodeIgniter->runController(Object(App\Controllers\trpadmin\trpadmin))
#8 C:\xampp\htdocs\trp\system\CodeIgniter.php(320): CodeIgniter\CodeIgniter->handleRequest(NULL, Object(Config\Cache), false)
#9 C:\xampp\htdocs\trp\public\index.php(37): CodeIgniter\CodeIgniter->run()
#10 {main}
ERROR - 2022-08-24 21:18:29 --> Cannot add or update a child row: a foreign key constraint fails (`trp`.`bilty`, CONSTRAINT `bilty_ibfk_1` FOREIGN KEY (`consignee`) REFERENCES `consignee` (`nee_id`))
CRITICAL - 2022-08-24 21:18:29 --> Cannot add or update a child row: a foreign key constraint fails (`trp`.`bilty`, CONSTRAINT `bilty_ibfk_1` FOREIGN KEY (`consignee`) REFERENCES `consignee` (`nee_id`))
#0 C:\xampp\htdocs\trp\system\Database\MySQLi\Connection.php(292): mysqli->query('INSERT INTO `bi...', 0)
#1 C:\xampp\htdocs\trp\system\Database\BaseConnection.php(670): CodeIgniter\Database\MySQLi\Connection->execute('INSERT INTO `bi...')
#2 C:\xampp\htdocs\trp\system\Database\BaseConnection.php(598): CodeIgniter\Database\BaseConnection->simpleQuery('INSERT INTO `bi...')
#3 C:\xampp\htdocs\trp\system\Database\BaseBuilder.php(1771): CodeIgniter\Database\BaseConnection->query('INSERT INTO `bi...', Array, false)
#4 C:\xampp\htdocs\trp\app\Models\dashboardmodel.php(123): CodeIgniter\Database\BaseBuilder->insert(Array)
#5 C:\xampp\htdocs\trp\app\Controllers\trpadmin\trpadmin.php(363): App\Models\dashboardmodel->addBilty(Array)
#6 C:\xampp\htdocs\trp\system\CodeIgniter.php(825): App\Controllers\trpadmin\trpadmin->addBilty()
#7 C:\xampp\htdocs\trp\system\CodeIgniter.php(412): CodeIgniter\CodeIgniter->runController(Object(App\Controllers\trpadmin\trpadmin))
#8 C:\xampp\htdocs\trp\system\CodeIgniter.php(320): CodeIgniter\CodeIgniter->handleRequest(NULL, Object(Config\Cache), false)
#9 C:\xampp\htdocs\trp\public\index.php(37): CodeIgniter\CodeIgniter->run()
#10 {main}
ERROR - 2022-08-24 21:54:21 --> Cannot add or update a child row: a foreign key constraint fails (`trp`.`bilty`, CONSTRAINT `bilty_ibfk_1` FOREIGN KEY (`consignee`) REFERENCES `consignee` (`nee_id`))
CRITICAL - 2022-08-24 21:54:21 --> Cannot add or update a child row: a foreign key constraint fails (`trp`.`bilty`, CONSTRAINT `bilty_ibfk_1` FOREIGN KEY (`consignee`) REFERENCES `consignee` (`nee_id`))
#0 C:\xampp\htdocs\trp\system\Database\MySQLi\Connection.php(292): mysqli->query('INSERT INTO `bi...', 0)
#1 C:\xampp\htdocs\trp\system\Database\BaseConnection.php(670): CodeIgniter\Database\MySQLi\Connection->execute('INSERT INTO `bi...')
#2 C:\xampp\htdocs\trp\system\Database\BaseConnection.php(598): CodeIgniter\Database\BaseConnection->simpleQuery('INSERT INTO `bi...')
#3 C:\xampp\htdocs\trp\system\Database\BaseBuilder.php(1771): CodeIgniter\Database\BaseConnection->query('INSERT INTO `bi...', Array, false)
#4 C:\xampp\htdocs\trp\app\Models\dashboardmodel.php(123): CodeIgniter\Database\BaseBuilder->insert(Array)
#5 C:\xampp\htdocs\trp\app\Controllers\trpadmin\trpadmin.php(363): App\Models\dashboardmodel->addBilty(Array)
#6 C:\xampp\htdocs\trp\system\CodeIgniter.php(825): App\Controllers\trpadmin\trpadmin->addBilty()
#7 C:\xampp\htdocs\trp\system\CodeIgniter.php(412): CodeIgniter\CodeIgniter->runController(Object(App\Controllers\trpadmin\trpadmin))
#8 C:\xampp\htdocs\trp\system\CodeIgniter.php(320): CodeIgniter\CodeIgniter->handleRequest(NULL, Object(Config\Cache), false)
#9 C:\xampp\htdocs\trp\public\index.php(37): CodeIgniter\CodeIgniter->run()
#10 {main}
ERROR - 2022-08-24 21:55:03 --> Cannot add or update a child row: a foreign key constraint fails (`trp`.`bilty`, CONSTRAINT `bilty_ibfk_1` FOREIGN KEY (`consignee`) REFERENCES `consignee` (`nee_id`))
CRITICAL - 2022-08-24 21:55:03 --> Cannot add or update a child row: a foreign key constraint fails (`trp`.`bilty`, CONSTRAINT `bilty_ibfk_1` FOREIGN KEY (`consignee`) REFERENCES `consignee` (`nee_id`))
#0 C:\xampp\htdocs\trp\system\Database\MySQLi\Connection.php(292): mysqli->query('INSERT INTO `bi...', 0)
#1 C:\xampp\htdocs\trp\system\Database\BaseConnection.php(670): CodeIgniter\Database\MySQLi\Connection->execute('INSERT INTO `bi...')
#2 C:\xampp\htdocs\trp\system\Database\BaseConnection.php(598): CodeIgniter\Database\BaseConnection->simpleQuery('INSERT INTO `bi...')
#3 C:\xampp\htdocs\trp\system\Database\BaseBuilder.php(1771): CodeIgniter\Database\BaseConnection->query('INSERT INTO `bi...', Array, false)
#4 C:\xampp\htdocs\trp\app\Models\dashboardmodel.php(123): CodeIgniter\Database\BaseBuilder->insert(Array)
#5 C:\xampp\htdocs\trp\app\Controllers\trpadmin\trpadmin.php(360): App\Models\dashboardmodel->addBilty(Array)
#6 C:\xampp\htdocs\trp\system\CodeIgniter.php(825): App\Controllers\trpadmin\trpadmin->addBilty()
#7 C:\xampp\htdocs\trp\system\CodeIgniter.php(412): CodeIgniter\CodeIgniter->runController(Object(App\Controllers\trpadmin\trpadmin))
#8 C:\xampp\htdocs\trp\system\CodeIgniter.php(320): CodeIgniter\CodeIgniter->handleRequest(NULL, Object(Config\Cache), false)
#9 C:\xampp\htdocs\trp\public\index.php(37): CodeIgniter\CodeIgniter->run()
#10 {main}
ERROR - 2022-08-24 21:55:07 --> Cannot add or update a child row: a foreign key constraint fails (`trp`.`bilty`, CONSTRAINT `bilty_ibfk_1` FOREIGN KEY (`consignee`) REFERENCES `consignee` (`nee_id`))
CRITICAL - 2022-08-24 21:55:07 --> Cannot add or update a child row: a foreign key constraint fails (`trp`.`bilty`, CONSTRAINT `bilty_ibfk_1` FOREIGN KEY (`consignee`) REFERENCES `consignee` (`nee_id`))
#0 C:\xampp\htdocs\trp\system\Database\MySQLi\Connection.php(292): mysqli->query('INSERT INTO `bi...', 0)
#1 C:\xampp\htdocs\trp\system\Database\BaseConnection.php(670): CodeIgniter\Database\MySQLi\Connection->execute('INSERT INTO `bi...')
#2 C:\xampp\htdocs\trp\system\Database\BaseConnection.php(598): CodeIgniter\Database\BaseConnection->simpleQuery('INSERT INTO `bi...')
#3 C:\xampp\htdocs\trp\system\Database\BaseBuilder.php(1771): CodeIgniter\Database\BaseConnection->query('INSERT INTO `bi...', Array, false)
#4 C:\xampp\htdocs\trp\app\Models\dashboardmodel.php(123): CodeIgniter\Database\BaseBuilder->insert(Array)
#5 C:\xampp\htdocs\trp\app\Controllers\trpadmin\trpadmin.php(360): App\Models\dashboardmodel->addBilty(Array)
#6 C:\xampp\htdocs\trp\system\CodeIgniter.php(825): App\Controllers\trpadmin\trpadmin->addBilty()
#7 C:\xampp\htdocs\trp\system\CodeIgniter.php(412): CodeIgniter\CodeIgniter->runController(Object(App\Controllers\trpadmin\trpadmin))
#8 C:\xampp\htdocs\trp\system\CodeIgniter.php(320): CodeIgniter\CodeIgniter->handleRequest(NULL, Object(Config\Cache), false)
#9 C:\xampp\htdocs\trp\public\index.php(37): CodeIgniter\CodeIgniter->run()
#10 {main}
ERROR - 2022-08-24 21:55:07 --> Cannot add or update a child row: a foreign key constraint fails (`trp`.`bilty`, CONSTRAINT `bilty_ibfk_1` FOREIGN KEY (`consignee`) REFERENCES `consignee` (`nee_id`))
CRITICAL - 2022-08-24 21:55:07 --> Cannot add or update a child row: a foreign key constraint fails (`trp`.`bilty`, CONSTRAINT `bilty_ibfk_1` FOREIGN KEY (`consignee`) REFERENCES `consignee` (`nee_id`))
#0 C:\xampp\htdocs\trp\system\Database\MySQLi\Connection.php(292): mysqli->query('INSERT INTO `bi...', 0)
#1 C:\xampp\htdocs\trp\system\Database\BaseConnection.php(670): CodeIgniter\Database\MySQLi\Connection->execute('INSERT INTO `bi...')
#2 C:\xampp\htdocs\trp\system\Database\BaseConnection.php(598): CodeIgniter\Database\BaseConnection->simpleQuery('INSERT INTO `bi...')
#3 C:\xampp\htdocs\trp\system\Database\BaseBuilder.php(1771): CodeIgniter\Database\BaseConnection->query('INSERT INTO `bi...', Array, false)
#4 C:\xampp\htdocs\trp\app\Models\dashboardmodel.php(123): CodeIgniter\Database\BaseBuilder->insert(Array)
#5 C:\xampp\htdocs\trp\app\Controllers\trpadmin\trpadmin.php(360): App\Models\dashboardmodel->addBilty(Array)
#6 C:\xampp\htdocs\trp\system\CodeIgniter.php(825): App\Controllers\trpadmin\trpadmin->addBilty()
#7 C:\xampp\htdocs\trp\system\CodeIgniter.php(412): CodeIgniter\CodeIgniter->runController(Object(App\Controllers\trpadmin\trpadmin))
#8 C:\xampp\htdocs\trp\system\CodeIgniter.php(320): CodeIgniter\CodeIgniter->handleRequest(NULL, Object(Config\Cache), false)
#9 C:\xampp\htdocs\trp\public\index.php(37): CodeIgniter\CodeIgniter->run()
#10 {main}
ERROR - 2022-08-24 22:00:35 --> Cannot add or update a child row: a foreign key constraint fails (`trp`.`bilty`, CONSTRAINT `bilty_ibfk_1` FOREIGN KEY (`consignee`) REFERENCES `consignee` (`nee_id`))
CRITICAL - 2022-08-24 22:00:35 --> Cannot add or update a child row: a foreign key constraint fails (`trp`.`bilty`, CONSTRAINT `bilty_ibfk_1` FOREIGN KEY (`consignee`) REFERENCES `consignee` (`nee_id`))
#0 C:\xampp\htdocs\trp\system\Database\MySQLi\Connection.php(292): mysqli->query('INSERT INTO `bi...', 0)
#1 C:\xampp\htdocs\trp\system\Database\BaseConnection.php(670): CodeIgniter\Database\MySQLi\Connection->execute('INSERT INTO `bi...')
#2 C:\xampp\htdocs\trp\system\Database\BaseConnection.php(598): CodeIgniter\Database\BaseConnection->simpleQuery('INSERT INTO `bi...')
#3 C:\xampp\htdocs\trp\system\Database\BaseBuilder.php(1771): CodeIgniter\Database\BaseConnection->query('INSERT INTO `bi...', Array, false)
#4 C:\xampp\htdocs\trp\app\Models\dashboardmodel.php(123): CodeIgniter\Database\BaseBuilder->insert(Array)
#5 C:\xampp\htdocs\trp\app\Controllers\trpadmin\trpadmin.php(360): App\Models\dashboardmodel->addBilty(Array)
#6 C:\xampp\htdocs\trp\system\CodeIgniter.php(825): App\Controllers\trpadmin\trpadmin->addBilty()
#7 C:\xampp\htdocs\trp\system\CodeIgniter.php(412): CodeIgniter\CodeIgniter->runController(Object(App\Controllers\trpadmin\trpadmin))
#8 C:\xampp\htdocs\trp\system\CodeIgniter.php(320): CodeIgniter\CodeIgniter->handleRequest(NULL, Object(Config\Cache), false)
#9 C:\xampp\htdocs\trp\public\index.php(37): CodeIgniter\CodeIgniter->run()
#10 {main}
