CRITICAL - 2022-04-02 08:36:04 --> Undefined property: App\Controllers\admin\ad::$input
#0 C:\xampp\htdocs\mywork\app\Controllers\admin\ad.php(59): CodeIgniter\Debug\Exceptions->errorHandler(2, 'Undefined prope...', 'C:\\xampp\\htdocs...', 59)
#1 C:\xampp\htdocs\mywork\system\CodeIgniter.php(825): App\Controllers\admin\ad->updatenew('$1')
#2 C:\xampp\htdocs\mywork\system\CodeIgniter.php(412): CodeIgniter\CodeIgniter->runController(Object(App\Controllers\admin\ad))
#3 C:\xampp\htdocs\mywork\system\CodeIgniter.php(320): CodeIgniter\CodeIgniter->handleRequest(NULL, Object(Config\Cache), false)
#4 C:\xampp\htdocs\mywork\public\index.php(37): CodeIgniter\CodeIgniter->run()
#5 {main}
CRITICAL - 2022-04-02 08:37:18 --> Undefined property: App\Controllers\admin\ad::$input
#0 C:\xampp\htdocs\mywork\app\Controllers\admin\ad.php(59): CodeIgniter\Debug\Exceptions->errorHandler(2, 'Undefined prope...', 'C:\\xampp\\htdocs...', 59)
#1 C:\xampp\htdocs\mywork\system\CodeIgniter.php(825): App\Controllers\admin\ad->updatenew('$1')
#2 C:\xampp\htdocs\mywork\system\CodeIgniter.php(412): CodeIgniter\CodeIgniter->runController(Object(App\Controllers\admin\ad))
#3 C:\xampp\htdocs\mywork\system\CodeIgniter.php(320): CodeIgniter\CodeIgniter->handleRequest(NULL, Object(Config\Cache), false)
#4 C:\xampp\htdocs\mywork\public\index.php(37): CodeIgniter\CodeIgniter->run()
#5 {main}
CRITICAL - 2022-04-02 08:37:43 --> Too few arguments to function App\Controllers\admin\ad::updatenew(), 0 passed in C:\xampp\htdocs\mywork\system\CodeIgniter.php on line 825 and exactly 1 expected
#0 C:\xampp\htdocs\mywork\system\CodeIgniter.php(825): App\Controllers\admin\ad->updatenew()
#1 C:\xampp\htdocs\mywork\system\CodeIgniter.php(412): CodeIgniter\CodeIgniter->runController(Object(App\Controllers\admin\ad))
#2 C:\xampp\htdocs\mywork\system\CodeIgniter.php(320): CodeIgniter\CodeIgniter->handleRequest(NULL, Object(Config\Cache), false)
#3 C:\xampp\htdocs\mywork\public\index.php(37): CodeIgniter\CodeIgniter->run()
#4 {main}
CRITICAL - 2022-04-02 08:37:53 --> Undefined property: App\Controllers\admin\ad::$input
#0 C:\xampp\htdocs\mywork\app\Controllers\admin\ad.php(59): CodeIgniter\Debug\Exceptions->errorHandler(2, 'Undefined prope...', 'C:\\xampp\\htdocs...', 59)
#1 C:\xampp\htdocs\mywork\system\CodeIgniter.php(825): App\Controllers\admin\ad->updatenew('1')
#2 C:\xampp\htdocs\mywork\system\CodeIgniter.php(412): CodeIgniter\CodeIgniter->runController(Object(App\Controllers\admin\ad))
#3 C:\xampp\htdocs\mywork\system\CodeIgniter.php(320): CodeIgniter\CodeIgniter->handleRequest(NULL, Object(Config\Cache), false)
#4 C:\xampp\htdocs\mywork\public\index.php(37): CodeIgniter\CodeIgniter->run()
#5 {main}
CRITICAL - 2022-04-02 23:53:10 --> Undefined property: App\Controllers\admin\ad::$input
#0 C:\xampp\htdocs\mywork\app\Controllers\admin\ad.php(59): CodeIgniter\Debug\Exceptions->errorHandler(2, 'Undefined prope...', 'C:\\xampp\\htdocs...', 59)
#1 C:\xampp\htdocs\mywork\system\CodeIgniter.php(825): App\Controllers\admin\ad->updatenew('1')
#2 C:\xampp\htdocs\mywork\system\CodeIgniter.php(412): CodeIgniter\CodeIgniter->runController(Object(App\Controllers\admin\ad))
#3 C:\xampp\htdocs\mywork\system\CodeIgniter.php(320): CodeIgniter\CodeIgniter->handleRequest(NULL, Object(Config\Cache), false)
#4 C:\xampp\htdocs\mywork\public\index.php(37): CodeIgniter\CodeIgniter->run()
#5 {main}
