ERROR - 2022-09-18 14:35:30 --> Unknown column 'nor_name' in 'where clause'
CRITICAL - 2022-09-18 14:35:30 --> Unknown column 'nor_name' in 'where clause'
#0 D:\XAMPP\htdocs\trp\system\Database\MySQLi\Connection.php(292): mysqli->query('SELECT *\nFROM `...', 0)
#1 D:\XAMPP\htdocs\trp\system\Database\BaseConnection.php(670): CodeIgniter\Database\MySQLi\Connection->execute('SELECT *\nFROM `...')
#2 D:\XAMPP\htdocs\trp\system\Database\BaseConnection.php(598): CodeIgniter\Database\BaseConnection->simpleQuery('SELECT *\nFROM `...')
#3 D:\XAMPP\htdocs\trp\system\Database\BaseBuilder.php(1455): CodeIgniter\Database\BaseConnection->query('SELECT *\nFROM `...', Array, false)
#4 D:\XAMPP\htdocs\trp\app\Models\normodel.php(79): CodeIgniter\Database\BaseBuilder->get()
#5 D:\XAMPP\htdocs\trp\app\Controllers\trpadmin\trpadmin.php(502): App\Models\normodel->isDependentNor('bilty', 'nor_name', '63')
#6 D:\XAMPP\htdocs\trp\system\CodeIgniter.php(825): App\Controllers\trpadmin\trpadmin->delete_nor()
#7 D:\XAMPP\htdocs\trp\system\CodeIgniter.php(412): CodeIgniter\CodeIgniter->runController(Object(App\Controllers\trpadmin\trpadmin))
#8 D:\XAMPP\htdocs\trp\system\CodeIgniter.php(320): CodeIgniter\CodeIgniter->handleRequest(NULL, Object(Config\Cache), false)
#9 D:\XAMPP\htdocs\trp\public\index.php(37): CodeIgniter\CodeIgniter->run()
#10 {main}
ERROR - 2022-09-18 14:38:01 --> Unknown column 'nor_name' in 'where clause'
CRITICAL - 2022-09-18 14:38:01 --> Unknown column 'nor_name' in 'where clause'
#0 D:\XAMPP\htdocs\trp\system\Database\MySQLi\Connection.php(292): mysqli->query('SELECT *\nFROM `...', 0)
#1 D:\XAMPP\htdocs\trp\system\Database\BaseConnection.php(670): CodeIgniter\Database\MySQLi\Connection->execute('SELECT *\nFROM `...')
#2 D:\XAMPP\htdocs\trp\system\Database\BaseConnection.php(598): CodeIgniter\Database\BaseConnection->simpleQuery('SELECT *\nFROM `...')
#3 D:\XAMPP\htdocs\trp\system\Database\BaseBuilder.php(1455): CodeIgniter\Database\BaseConnection->query('SELECT *\nFROM `...', Array, false)
#4 D:\XAMPP\htdocs\trp\app\Models\normodel.php(79): CodeIgniter\Database\BaseBuilder->get()
#5 D:\XAMPP\htdocs\trp\app\Controllers\trpadmin\trpadmin.php(502): App\Models\normodel->isDependentNor('bilty', 'nor_name', NULL)
#6 D:\XAMPP\htdocs\trp\system\CodeIgniter.php(825): App\Controllers\trpadmin\trpadmin->delete_nor()
#7 D:\XAMPP\htdocs\trp\system\CodeIgniter.php(412): CodeIgniter\CodeIgniter->runController(Object(App\Controllers\trpadmin\trpadmin))
#8 D:\XAMPP\htdocs\trp\system\CodeIgniter.php(320): CodeIgniter\CodeIgniter->handleRequest(NULL, Object(Config\Cache), false)
#9 D:\XAMPP\htdocs\trp\public\index.php(37): CodeIgniter\CodeIgniter->run()
#10 {main}
