ERROR - 2022-07-29 10:45:28 --> Unknown column 'asf' in 'field list'
CRITICAL - 2022-07-29 10:45:28 --> Unknown column 'asf' in 'field list'
#0 C:\xampp\htdocs\trp\system\Database\MySQLi\Connection.php(292): mysqli->query('UPDATE `consign...', 0)
#1 C:\xampp\htdocs\trp\system\Database\BaseConnection.php(670): CodeIgniter\Database\MySQLi\Connection->execute('UPDATE `consign...')
#2 C:\xampp\htdocs\trp\system\Database\BaseConnection.php(598): CodeIgniter\Database\BaseConnection->simpleQuery('UPDATE `consign...')
#3 C:\xampp\htdocs\trp\app\Models\normodel.php(45): CodeIgniter\Database\BaseConnection->query('UPDATE `consign...')
#4 C:\xampp\htdocs\trp\app\Controllers\trpadmin\trpadmin.php(127): App\Models\normodel->updatenor('1', Array)
#5 C:\xampp\htdocs\trp\system\CodeIgniter.php(825): App\Controllers\trpadmin\trpadmin->norupdate()
#6 C:\xampp\htdocs\trp\system\CodeIgniter.php(412): CodeIgniter\CodeIgniter->runController(Object(App\Controllers\trpadmin\trpadmin))
#7 C:\xampp\htdocs\trp\system\CodeIgniter.php(320): CodeIgniter\CodeIgniter->handleRequest(NULL, Object(Config\Cache), false)
#8 C:\xampp\htdocs\trp\public\index.php(37): CodeIgniter\CodeIgniter->run()
#9 {main}
ERROR - 2022-07-29 10:45:29 --> Unknown column 'asf' in 'field list'
CRITICAL - 2022-07-29 10:45:29 --> Unknown column 'asf' in 'field list'
#0 C:\xampp\htdocs\trp\system\Database\MySQLi\Connection.php(292): mysqli->query('UPDATE `consign...', 0)
#1 C:\xampp\htdocs\trp\system\Database\BaseConnection.php(670): CodeIgniter\Database\MySQLi\Connection->execute('UPDATE `consign...')
#2 C:\xampp\htdocs\trp\system\Database\BaseConnection.php(598): CodeIgniter\Database\BaseConnection->simpleQuery('UPDATE `consign...')
#3 C:\xampp\htdocs\trp\app\Models\normodel.php(45): CodeIgniter\Database\BaseConnection->query('UPDATE `consign...')
#4 C:\xampp\htdocs\trp\app\Controllers\trpadmin\trpadmin.php(127): App\Models\normodel->updatenor('1', Array)
#5 C:\xampp\htdocs\trp\system\CodeIgniter.php(825): App\Controllers\trpadmin\trpadmin->norupdate()
#6 C:\xampp\htdocs\trp\system\CodeIgniter.php(412): CodeIgniter\CodeIgniter->runController(Object(App\Controllers\trpadmin\trpadmin))
#7 C:\xampp\htdocs\trp\system\CodeIgniter.php(320): CodeIgniter\CodeIgniter->handleRequest(NULL, Object(Config\Cache), false)
#8 C:\xampp\htdocs\trp\public\index.php(37): CodeIgniter\CodeIgniter->run()
#9 {main}
ERROR - 2022-07-29 10:45:29 --> Unknown column 'asf' in 'field list'
CRITICAL - 2022-07-29 10:45:29 --> Unknown column 'asf' in 'field list'
#0 C:\xampp\htdocs\trp\system\Database\MySQLi\Connection.php(292): mysqli->query('UPDATE `consign...', 0)
#1 C:\xampp\htdocs\trp\system\Database\BaseConnection.php(670): CodeIgniter\Database\MySQLi\Connection->execute('UPDATE `consign...')
#2 C:\xampp\htdocs\trp\system\Database\BaseConnection.php(598): CodeIgniter\Database\BaseConnection->simpleQuery('UPDATE `consign...')
#3 C:\xampp\htdocs\trp\app\Models\normodel.php(45): CodeIgniter\Database\BaseConnection->query('UPDATE `consign...')
#4 C:\xampp\htdocs\trp\app\Controllers\trpadmin\trpadmin.php(127): App\Models\normodel->updatenor('1', Array)
#5 C:\xampp\htdocs\trp\system\CodeIgniter.php(825): App\Controllers\trpadmin\trpadmin->norupdate()
#6 C:\xampp\htdocs\trp\system\CodeIgniter.php(412): CodeIgniter\CodeIgniter->runController(Object(App\Controllers\trpadmin\trpadmin))
#7 C:\xampp\htdocs\trp\system\CodeIgniter.php(320): CodeIgniter\CodeIgniter->handleRequest(NULL, Object(Config\Cache), false)
#8 C:\xampp\htdocs\trp\public\index.php(37): CodeIgniter\CodeIgniter->run()
#9 {main}
ERROR - 2022-07-29 10:45:29 --> Unknown column 'asf' in 'field list'
CRITICAL - 2022-07-29 10:45:29 --> Unknown column 'asf' in 'field list'
#0 C:\xampp\htdocs\trp\system\Database\MySQLi\Connection.php(292): mysqli->query('UPDATE `consign...', 0)
#1 C:\xampp\htdocs\trp\system\Database\BaseConnection.php(670): CodeIgniter\Database\MySQLi\Connection->execute('UPDATE `consign...')
#2 C:\xampp\htdocs\trp\system\Database\BaseConnection.php(598): CodeIgniter\Database\BaseConnection->simpleQuery('UPDATE `consign...')
#3 C:\xampp\htdocs\trp\app\Models\normodel.php(45): CodeIgniter\Database\BaseConnection->query('UPDATE `consign...')
#4 C:\xampp\htdocs\trp\app\Controllers\trpadmin\trpadmin.php(127): App\Models\normodel->updatenor('1', Array)
#5 C:\xampp\htdocs\trp\system\CodeIgniter.php(825): App\Controllers\trpadmin\trpadmin->norupdate()
#6 C:\xampp\htdocs\trp\system\CodeIgniter.php(412): CodeIgniter\CodeIgniter->runController(Object(App\Controllers\trpadmin\trpadmin))
#7 C:\xampp\htdocs\trp\system\CodeIgniter.php(320): CodeIgniter\CodeIgniter->handleRequest(NULL, Object(Config\Cache), false)
#8 C:\xampp\htdocs\trp\public\index.php(37): CodeIgniter\CodeIgniter->run()
#9 {main}
ERROR - 2022-07-29 10:45:30 --> Unknown column 'asf' in 'field list'
CRITICAL - 2022-07-29 10:45:30 --> Unknown column 'asf' in 'field list'
#0 C:\xampp\htdocs\trp\system\Database\MySQLi\Connection.php(292): mysqli->query('UPDATE `consign...', 0)
#1 C:\xampp\htdocs\trp\system\Database\BaseConnection.php(670): CodeIgniter\Database\MySQLi\Connection->execute('UPDATE `consign...')
#2 C:\xampp\htdocs\trp\system\Database\BaseConnection.php(598): CodeIgniter\Database\BaseConnection->simpleQuery('UPDATE `consign...')
#3 C:\xampp\htdocs\trp\app\Models\normodel.php(45): CodeIgniter\Database\BaseConnection->query('UPDATE `consign...')
#4 C:\xampp\htdocs\trp\app\Controllers\trpadmin\trpadmin.php(127): App\Models\normodel->updatenor('1', Array)
#5 C:\xampp\htdocs\trp\system\CodeIgniter.php(825): App\Controllers\trpadmin\trpadmin->norupdate()
#6 C:\xampp\htdocs\trp\system\CodeIgniter.php(412): CodeIgniter\CodeIgniter->runController(Object(App\Controllers\trpadmin\trpadmin))
#7 C:\xampp\htdocs\trp\system\CodeIgniter.php(320): CodeIgniter\CodeIgniter->handleRequest(NULL, Object(Config\Cache), false)
#8 C:\xampp\htdocs\trp\public\index.php(37): CodeIgniter\CodeIgniter->run()
#9 {main}
ERROR - 2022-07-29 10:45:31 --> Unknown column 'asf' in 'field list'
CRITICAL - 2022-07-29 10:45:31 --> Unknown column 'asf' in 'field list'
#0 C:\xampp\htdocs\trp\system\Database\MySQLi\Connection.php(292): mysqli->query('UPDATE `consign...', 0)
#1 C:\xampp\htdocs\trp\system\Database\BaseConnection.php(670): CodeIgniter\Database\MySQLi\Connection->execute('UPDATE `consign...')
#2 C:\xampp\htdocs\trp\system\Database\BaseConnection.php(598): CodeIgniter\Database\BaseConnection->simpleQuery('UPDATE `consign...')
#3 C:\xampp\htdocs\trp\app\Models\normodel.php(45): CodeIgniter\Database\BaseConnection->query('UPDATE `consign...')
#4 C:\xampp\htdocs\trp\app\Controllers\trpadmin\trpadmin.php(127): App\Models\normodel->updatenor('1', Array)
#5 C:\xampp\htdocs\trp\system\CodeIgniter.php(825): App\Controllers\trpadmin\trpadmin->norupdate()
#6 C:\xampp\htdocs\trp\system\CodeIgniter.php(412): CodeIgniter\CodeIgniter->runController(Object(App\Controllers\trpadmin\trpadmin))
#7 C:\xampp\htdocs\trp\system\CodeIgniter.php(320): CodeIgniter\CodeIgniter->handleRequest(NULL, Object(Config\Cache), false)
#8 C:\xampp\htdocs\trp\public\index.php(37): CodeIgniter\CodeIgniter->run()
#9 {main}
