CRITICAL - 2022-08-27 00:09:18 --> Undefined variable $userdata
#0 C:\xampp\htdocs\trp\app\Views\trpview\city.php(12): CodeIgniter\Debug\Exceptions->errorHandler(2, 'Undefined varia...', 'C:\\xampp\\htdocs...', 12)
#1 C:\xampp\htdocs\trp\system\View\View.php(210): include('C:\\xampp\\htdocs...')
#2 C:\xampp\htdocs\trp\system\View\View.php(213): CodeIgniter\View\View->CodeIgniter\View\{closure}()
#3 C:\xampp\htdocs\trp\system\Common.php(1089): CodeIgniter\View\View->render('trpview/city', Array, true)
#4 C:\xampp\htdocs\trp\app\Controllers\trpadmin\trpadmin.php(583): view('trpview/city')
#5 C:\xampp\htdocs\trp\system\CodeIgniter.php(825): App\Controllers\trpadmin\trpadmin->city()
#6 C:\xampp\htdocs\trp\system\CodeIgniter.php(412): CodeIgniter\CodeIgniter->runController(Object(App\Controllers\trpadmin\trpadmin))
#7 C:\xampp\htdocs\trp\system\CodeIgniter.php(320): CodeIgniter\CodeIgniter->handleRequest(NULL, Object(Config\Cache), false)
#8 C:\xampp\htdocs\trp\public\index.php(37): CodeIgniter\CodeIgniter->run()
#9 {main}
CRITICAL - 2022-08-27 00:09:42 --> Undefined variable $userdata
#0 C:\xampp\htdocs\trp\app\Views\trpview\city.php(12): CodeIgniter\Debug\Exceptions->errorHandler(2, 'Undefined varia...', 'C:\\xampp\\htdocs...', 12)
#1 C:\xampp\htdocs\trp\system\View\View.php(210): include('C:\\xampp\\htdocs...')
#2 C:\xampp\htdocs\trp\system\View\View.php(213): CodeIgniter\View\View->CodeIgniter\View\{closure}()
#3 C:\xampp\htdocs\trp\system\Common.php(1089): CodeIgniter\View\View->render('trpview/city', Array, true)
#4 C:\xampp\htdocs\trp\app\Controllers\trpadmin\trpadmin.php(583): view('trpview/city')
#5 C:\xampp\htdocs\trp\system\CodeIgniter.php(825): App\Controllers\trpadmin\trpadmin->city()
#6 C:\xampp\htdocs\trp\system\CodeIgniter.php(412): CodeIgniter\CodeIgniter->runController(Object(App\Controllers\trpadmin\trpadmin))
#7 C:\xampp\htdocs\trp\system\CodeIgniter.php(320): CodeIgniter\CodeIgniter->handleRequest(NULL, Object(Config\Cache), false)
#8 C:\xampp\htdocs\trp\public\index.php(37): CodeIgniter\CodeIgniter->run()
#9 {main}
CRITICAL - 2022-08-27 08:37:32 --> You must set the database table to be used with your query.
#0 C:\xampp\htdocs\trp\system\Model.php(545): CodeIgniter\Database\BaseConnection->table(NULL)
#1 C:\xampp\htdocs\trp\system\Model.php(693): CodeIgniter\Model->builder()
#2 C:\xampp\htdocs\trp\app\Models\itemmodel.php(12): CodeIgniter\Model->__get('request')
#3 C:\xampp\htdocs\trp\app\Controllers\trpadmin\trpadmin.php(587): App\Models\itemmodel->checkDuplicate()
#4 C:\xampp\htdocs\trp\system\CodeIgniter.php(825): App\Controllers\trpadmin\trpadmin->insertCity()
#5 C:\xampp\htdocs\trp\system\CodeIgniter.php(412): CodeIgniter\CodeIgniter->runController(Object(App\Controllers\trpadmin\trpadmin))
#6 C:\xampp\htdocs\trp\system\CodeIgniter.php(320): CodeIgniter\CodeIgniter->handleRequest(NULL, Object(Config\Cache), false)
#7 C:\xampp\htdocs\trp\public\index.php(37): CodeIgniter\CodeIgniter->run()
#8 {main}
CRITICAL - 2022-08-27 08:46:29 --> You must set the database table to be used with your query.
#0 C:\xampp\htdocs\trp\system\Model.php(545): CodeIgniter\Database\BaseConnection->table(NULL)
#1 C:\xampp\htdocs\trp\system\Model.php(693): CodeIgniter\Model->builder()
#2 C:\xampp\htdocs\trp\app\Models\itemmodel.php(12): CodeIgniter\Model->__get('request')
#3 C:\xampp\htdocs\trp\app\Controllers\trpadmin\trpadmin.php(587): App\Models\itemmodel->checkDuplicate()
#4 C:\xampp\htdocs\trp\system\CodeIgniter.php(825): App\Controllers\trpadmin\trpadmin->insertCity()
#5 C:\xampp\htdocs\trp\system\CodeIgniter.php(412): CodeIgniter\CodeIgniter->runController(Object(App\Controllers\trpadmin\trpadmin))
#6 C:\xampp\htdocs\trp\system\CodeIgniter.php(320): CodeIgniter\CodeIgniter->handleRequest(NULL, Object(Config\Cache), false)
#7 C:\xampp\htdocs\trp\public\index.php(37): CodeIgniter\CodeIgniter->run()
#8 {main}
CRITICAL - 2022-08-27 10:15:52 --> You must set the database table to be used with your query.
#0 C:\xampp\htdocs\trp\system\Model.php(545): CodeIgniter\Database\BaseConnection->table(NULL)
#1 C:\xampp\htdocs\trp\system\Model.php(693): CodeIgniter\Model->builder()
#2 C:\xampp\htdocs\trp\app\Models\itemmodel.php(12): CodeIgniter\Model->__get('request')
#3 C:\xampp\htdocs\trp\app\Controllers\trpadmin\trpadmin.php(587): App\Models\itemmodel->checkDuplicate()
#4 C:\xampp\htdocs\trp\system\CodeIgniter.php(825): App\Controllers\trpadmin\trpadmin->insertCity()
#5 C:\xampp\htdocs\trp\system\CodeIgniter.php(412): CodeIgniter\CodeIgniter->runController(Object(App\Controllers\trpadmin\trpadmin))
#6 C:\xampp\htdocs\trp\system\CodeIgniter.php(320): CodeIgniter\CodeIgniter->handleRequest(NULL, Object(Config\Cache), false)
#7 C:\xampp\htdocs\trp\public\index.php(37): CodeIgniter\CodeIgniter->run()
#8 {main}
CRITICAL - 2022-08-27 11:51:56 --> session_start(): Failed to decode session object. Session has been destroyed
#0 [internal function]: CodeIgniter\Debug\Exceptions->errorHandler(2, 'session_start()...', 'C:\\xampp\\htdocs...', 894)
#1 C:\xampp\htdocs\trp\system\Session\Session.php(894): session_start()
#2 C:\xampp\htdocs\trp\system\Session\Session.php(238): CodeIgniter\Session\Session->startSession()
#3 C:\xampp\htdocs\trp\system\Config\Services.php(577): CodeIgniter\Session\Session->start()
#4 C:\xampp\htdocs\trp\system\Config\BaseService.php(248): CodeIgniter\Config\Services::session(Object(Config\App), false)
#5 C:\xampp\htdocs\trp\system\Config\BaseService.php(189): CodeIgniter\Config\BaseService::__callStatic('session', Array)
#6 C:\xampp\htdocs\trp\system\Config\Services.php(563): CodeIgniter\Config\BaseService::getSharedInstance('session', NULL)
#7 C:\xampp\htdocs\trp\system\Config\BaseService.php(248): CodeIgniter\Config\Services::session()
#8 C:\xampp\htdocs\trp\system\Common.php(901): CodeIgniter\Config\BaseService::__callStatic('session', Array)
#9 C:\xampp\htdocs\trp\app\Filters\LoginFilter.php(12): session()
#10 C:\xampp\htdocs\trp\system\Filters\Filters.php(173): App\Filters\LoginFilter->before(Object(CodeIgniter\HTTP\IncomingRequest), NULL)
#11 C:\xampp\htdocs\trp\system\CodeIgniter.php(386): CodeIgniter\Filters\Filters->run('city', 'before')
#12 C:\xampp\htdocs\trp\system\CodeIgniter.php(320): CodeIgniter\CodeIgniter->handleRequest(NULL, Object(Config\Cache), false)
#13 C:\xampp\htdocs\trp\public\index.php(37): CodeIgniter\CodeIgniter->run()
#14 {main}
CRITICAL - 2022-08-27 11:52:13 --> unlink(C:\xampp\htdocs\trp\writable\debugbar/debugbar_1661579062.json): No such file or directory
#0 [internal function]: CodeIgniter\Debug\Exceptions->errorHandler(2, 'unlink(C:\\xampp...', 'C:\\xampp\\htdocs...', 74)
#1 C:\xampp\htdocs\trp\system\Debug\Toolbar\Collectors\History.php(74): unlink('C:\\xampp\\htdocs...')
#2 C:\xampp\htdocs\trp\system\Debug\Toolbar.php(487): CodeIgniter\Debug\Toolbar\Collectors\History->setFiles(1661581328, 20)
#3 C:\xampp\htdocs\trp\system\Debug\Toolbar.php(464): CodeIgniter\Debug\Toolbar->format(Array, 'html')
#4 C:\xampp\htdocs\trp\app\Config\Events.php(48): CodeIgniter\Debug\Toolbar->respond()
#5 C:\xampp\htdocs\trp\system\Events\Events.php(149): CodeIgniter\Events\Events::Config\{closure}()
#6 C:\xampp\htdocs\trp\system\CodeIgniter.php(302): CodeIgniter\Events\Events::trigger('pre_system')
#7 C:\xampp\htdocs\trp\public\index.php(37): CodeIgniter\CodeIgniter->run()
#8 {main}
CRITICAL - 2022-08-27 12:15:46 --> You must set the database table to be used with your query.
#0 C:\xampp\htdocs\trp\system\Model.php(545): CodeIgniter\Database\BaseConnection->table(NULL)
#1 C:\xampp\htdocs\trp\system\Model.php(693): CodeIgniter\Model->builder()
#2 C:\xampp\htdocs\trp\app\Models\itemmodel.php(12): CodeIgniter\Model->__get('request')
#3 C:\xampp\htdocs\trp\app\Controllers\trpadmin\trpadmin.php(587): App\Models\itemmodel->checkDuplicate()
#4 C:\xampp\htdocs\trp\system\CodeIgniter.php(825): App\Controllers\trpadmin\trpadmin->insertCity()
#5 C:\xampp\htdocs\trp\system\CodeIgniter.php(412): CodeIgniter\CodeIgniter->runController(Object(App\Controllers\trpadmin\trpadmin))
#6 C:\xampp\htdocs\trp\system\CodeIgniter.php(320): CodeIgniter\CodeIgniter->handleRequest(NULL, Object(Config\Cache), false)
#7 C:\xampp\htdocs\trp\public\index.php(37): CodeIgniter\CodeIgniter->run()
#8 {main}
CRITICAL - 2022-08-27 12:15:49 --> You must set the database table to be used with your query.
#0 C:\xampp\htdocs\trp\system\Model.php(545): CodeIgniter\Database\BaseConnection->table(NULL)
#1 C:\xampp\htdocs\trp\system\Model.php(693): CodeIgniter\Model->builder()
#2 C:\xampp\htdocs\trp\app\Models\itemmodel.php(12): CodeIgniter\Model->__get('request')
#3 C:\xampp\htdocs\trp\app\Controllers\trpadmin\trpadmin.php(587): App\Models\itemmodel->checkDuplicate()
#4 C:\xampp\htdocs\trp\system\CodeIgniter.php(825): App\Controllers\trpadmin\trpadmin->insertCity()
#5 C:\xampp\htdocs\trp\system\CodeIgniter.php(412): CodeIgniter\CodeIgniter->runController(Object(App\Controllers\trpadmin\trpadmin))
#6 C:\xampp\htdocs\trp\system\CodeIgniter.php(320): CodeIgniter\CodeIgniter->handleRequest(NULL, Object(Config\Cache), false)
#7 C:\xampp\htdocs\trp\public\index.php(37): CodeIgniter\CodeIgniter->run()
#8 {main}
CRITICAL - 2022-08-27 12:16:05 --> You must set the database table to be used with your query.
#0 C:\xampp\htdocs\trp\system\Model.php(545): CodeIgniter\Database\BaseConnection->table(NULL)
#1 C:\xampp\htdocs\trp\system\Model.php(693): CodeIgniter\Model->builder()
#2 C:\xampp\htdocs\trp\app\Models\itemmodel.php(12): CodeIgniter\Model->__get('request')
#3 C:\xampp\htdocs\trp\app\Controllers\trpadmin\trpadmin.php(587): App\Models\itemmodel->checkDuplicate()
#4 C:\xampp\htdocs\trp\system\CodeIgniter.php(825): App\Controllers\trpadmin\trpadmin->insertCity()
#5 C:\xampp\htdocs\trp\system\CodeIgniter.php(412): CodeIgniter\CodeIgniter->runController(Object(App\Controllers\trpadmin\trpadmin))
#6 C:\xampp\htdocs\trp\system\CodeIgniter.php(320): CodeIgniter\CodeIgniter->handleRequest(NULL, Object(Config\Cache), false)
#7 C:\xampp\htdocs\trp\public\index.php(37): CodeIgniter\CodeIgniter->run()
#8 {main}
CRITICAL - 2022-08-27 12:21:18 --> There is no data to insert.
#0 C:\xampp\htdocs\trp\system\BaseModel.php(1574): CodeIgniter\Database\Exceptions\DataException::forEmptyDataset('insert')
#1 C:\xampp\htdocs\trp\system\BaseModel.php(704): CodeIgniter\BaseModel->transformDataToArray(NULL, 'insert')
#2 C:\xampp\htdocs\trp\system\Model.php(625): CodeIgniter\BaseModel->insert(NULL, true)
#3 C:\xampp\htdocs\trp\app\Controllers\trpadmin\trpadmin.php(601): CodeIgniter\Model->insert()
#4 C:\xampp\htdocs\trp\system\CodeIgniter.php(825): App\Controllers\trpadmin\trpadmin->insertCity()
#5 C:\xampp\htdocs\trp\system\CodeIgniter.php(412): CodeIgniter\CodeIgniter->runController(Object(App\Controllers\trpadmin\trpadmin))
#6 C:\xampp\htdocs\trp\system\CodeIgniter.php(320): CodeIgniter\CodeIgniter->handleRequest(NULL, Object(Config\Cache), false)
#7 C:\xampp\htdocs\trp\public\index.php(37): CodeIgniter\CodeIgniter->run()
#8 {main}
CRITICAL - 2022-08-27 12:21:33 --> Object of class stdClass could not be converted to int
#0 C:\xampp\htdocs\trp\app\Models\itemmodel.php(15): CodeIgniter\Debug\Exceptions->errorHandler(8, 'Object of class...', 'C:\\xampp\\htdocs...', 15)
#1 C:\xampp\htdocs\trp\app\Controllers\trpadmin\trpadmin.php(593): App\Models\itemmodel->checkDuplicate('pune')
#2 C:\xampp\htdocs\trp\system\CodeIgniter.php(825): App\Controllers\trpadmin\trpadmin->insertCity()
#3 C:\xampp\htdocs\trp\system\CodeIgniter.php(412): CodeIgniter\CodeIgniter->runController(Object(App\Controllers\trpadmin\trpadmin))
#4 C:\xampp\htdocs\trp\system\CodeIgniter.php(320): CodeIgniter\CodeIgniter->handleRequest(NULL, Object(Config\Cache), false)
#5 C:\xampp\htdocs\trp\public\index.php(37): CodeIgniter\CodeIgniter->run()
#6 {main}
CRITICAL - 2022-08-27 12:30:26 --> CodeIgniter\Database\BaseBuilder::get(): Argument #1 ($limit) must be of type ?int, string given, called in C:\xampp\htdocs\trp\app\Models\itemmodel.php on line 13
#0 C:\xampp\htdocs\trp\app\Models\itemmodel.php(13): CodeIgniter\Database\BaseBuilder->get('destination')
#1 C:\xampp\htdocs\trp\app\Controllers\trpadmin\trpadmin.php(593): App\Models\itemmodel->checkDuplicate(NULL)
#2 C:\xampp\htdocs\trp\system\CodeIgniter.php(825): App\Controllers\trpadmin\trpadmin->insertCity()
#3 C:\xampp\htdocs\trp\system\CodeIgniter.php(412): CodeIgniter\CodeIgniter->runController(Object(App\Controllers\trpadmin\trpadmin))
#4 C:\xampp\htdocs\trp\system\CodeIgniter.php(320): CodeIgniter\CodeIgniter->handleRequest(NULL, Object(Config\Cache), false)
#5 C:\xampp\htdocs\trp\public\index.php(37): CodeIgniter\CodeIgniter->run()
#6 {main}
CRITICAL - 2022-08-27 12:32:49 --> Object of class stdClass could not be converted to int
#0 C:\xampp\htdocs\trp\app\Models\itemmodel.php(15): CodeIgniter\Debug\Exceptions->errorHandler(8, 'Object of class...', 'C:\\xampp\\htdocs...', 15)
#1 C:\xampp\htdocs\trp\app\Controllers\trpadmin\trpadmin.php(593): App\Models\itemmodel->checkDuplicate('pune')
#2 C:\xampp\htdocs\trp\system\CodeIgniter.php(825): App\Controllers\trpadmin\trpadmin->insertCity()
#3 C:\xampp\htdocs\trp\system\CodeIgniter.php(412): CodeIgniter\CodeIgniter->runController(Object(App\Controllers\trpadmin\trpadmin))
#4 C:\xampp\htdocs\trp\system\CodeIgniter.php(320): CodeIgniter\CodeIgniter->handleRequest(NULL, Object(Config\Cache), false)
#5 C:\xampp\htdocs\trp\public\index.php(37): CodeIgniter\CodeIgniter->run()
#6 {main}
CRITICAL - 2022-08-27 12:34:57 --> Object of class stdClass could not be converted to int
#0 C:\xampp\htdocs\trp\app\Models\itemmodel.php(15): CodeIgniter\Debug\Exceptions->errorHandler(8, 'Object of class...', 'C:\\xampp\\htdocs...', 15)
#1 C:\xampp\htdocs\trp\app\Controllers\trpadmin\trpadmin.php(594): App\Models\itemmodel->checkDuplicate('pune')
#2 C:\xampp\htdocs\trp\system\CodeIgniter.php(825): App\Controllers\trpadmin\trpadmin->insertCity()
#3 C:\xampp\htdocs\trp\system\CodeIgniter.php(412): CodeIgniter\CodeIgniter->runController(Object(App\Controllers\trpadmin\trpadmin))
#4 C:\xampp\htdocs\trp\system\CodeIgniter.php(320): CodeIgniter\CodeIgniter->handleRequest(NULL, Object(Config\Cache), false)
#5 C:\xampp\htdocs\trp\public\index.php(37): CodeIgniter\CodeIgniter->run()
#6 {main}
CRITICAL - 2022-08-27 12:36:25 --> CodeIgniter\Database\BaseBuilder::get(): Argument #1 ($limit) must be of type ?int, string given, called in C:\xampp\htdocs\trp\app\Models\itemmodel.php on line 13
#0 C:\xampp\htdocs\trp\app\Models\itemmodel.php(13): CodeIgniter\Database\BaseBuilder->get('destination')
#1 C:\xampp\htdocs\trp\app\Controllers\trpadmin\trpadmin.php(594): App\Models\itemmodel->checkDuplicate('pune')
#2 C:\xampp\htdocs\trp\system\CodeIgniter.php(825): App\Controllers\trpadmin\trpadmin->insertCity()
#3 C:\xampp\htdocs\trp\system\CodeIgniter.php(412): CodeIgniter\CodeIgniter->runController(Object(App\Controllers\trpadmin\trpadmin))
#4 C:\xampp\htdocs\trp\system\CodeIgniter.php(320): CodeIgniter\CodeIgniter->handleRequest(NULL, Object(Config\Cache), false)
#5 C:\xampp\htdocs\trp\public\index.php(37): CodeIgniter\CodeIgniter->run()
#6 {main}
CRITICAL - 2022-08-27 17:54:46 --> unlink(C:\xampp\htdocs\trp\writable\debugbar/debugbar_1661585086.json): No such file or directory
#0 [internal function]: CodeIgniter\Debug\Exceptions->errorHandler(2, 'unlink(C:\\xampp...', 'C:\\xampp\\htdocs...', 74)
#1 C:\xampp\htdocs\trp\system\Debug\Toolbar\Collectors\History.php(74): unlink('C:\\xampp\\htdocs...')
#2 C:\xampp\htdocs\trp\system\Debug\Toolbar.php(487): CodeIgniter\Debug\Toolbar\Collectors\History->setFiles(1661603083, 20)
#3 C:\xampp\htdocs\trp\system\Debug\Toolbar.php(464): CodeIgniter\Debug\Toolbar->format(Array, 'html')
#4 C:\xampp\htdocs\trp\app\Config\Events.php(48): CodeIgniter\Debug\Toolbar->respond()
#5 C:\xampp\htdocs\trp\system\Events\Events.php(149): CodeIgniter\Events\Events::Config\{closure}()
#6 C:\xampp\htdocs\trp\system\CodeIgniter.php(302): CodeIgniter\Events\Events::trigger('pre_system')
#7 C:\xampp\htdocs\trp\public\index.php(37): CodeIgniter\CodeIgniter->run()
#8 {main}
CRITICAL - 2022-08-27 17:56:21 --> There is no data to insert.
#0 C:\xampp\htdocs\trp\system\BaseModel.php(1574): CodeIgniter\Database\Exceptions\DataException::forEmptyDataset('insert')
#1 C:\xampp\htdocs\trp\system\BaseModel.php(704): CodeIgniter\BaseModel->transformDataToArray(NULL, 'insert')
#2 C:\xampp\htdocs\trp\system\Model.php(625): CodeIgniter\BaseModel->insert(NULL, true)
#3 C:\xampp\htdocs\trp\app\Controllers\trpadmin\trpadmin.php(602): CodeIgniter\Model->insert()
#4 C:\xampp\htdocs\trp\system\CodeIgniter.php(825): App\Controllers\trpadmin\trpadmin->insertCity()
#5 C:\xampp\htdocs\trp\system\CodeIgniter.php(412): CodeIgniter\CodeIgniter->runController(Object(App\Controllers\trpadmin\trpadmin))
#6 C:\xampp\htdocs\trp\system\CodeIgniter.php(320): CodeIgniter\CodeIgniter->handleRequest(NULL, Object(Config\Cache), false)
#7 C:\xampp\htdocs\trp\public\index.php(37): CodeIgniter\CodeIgniter->run()
#8 {main}
CRITICAL - 2022-08-27 17:56:25 --> There is no data to insert.
#0 C:\xampp\htdocs\trp\system\BaseModel.php(1574): CodeIgniter\Database\Exceptions\DataException::forEmptyDataset('insert')
#1 C:\xampp\htdocs\trp\system\BaseModel.php(704): CodeIgniter\BaseModel->transformDataToArray(NULL, 'insert')
#2 C:\xampp\htdocs\trp\system\Model.php(625): CodeIgniter\BaseModel->insert(NULL, true)
#3 C:\xampp\htdocs\trp\app\Controllers\trpadmin\trpadmin.php(602): CodeIgniter\Model->insert()
#4 C:\xampp\htdocs\trp\system\CodeIgniter.php(825): App\Controllers\trpadmin\trpadmin->insertCity()
#5 C:\xampp\htdocs\trp\system\CodeIgniter.php(412): CodeIgniter\CodeIgniter->runController(Object(App\Controllers\trpadmin\trpadmin))
#6 C:\xampp\htdocs\trp\system\CodeIgniter.php(320): CodeIgniter\CodeIgniter->handleRequest(NULL, Object(Config\Cache), false)
#7 C:\xampp\htdocs\trp\public\index.php(37): CodeIgniter\CodeIgniter->run()
#8 {main}
CRITICAL - 2022-08-27 17:56:28 --> There is no data to insert.
#0 C:\xampp\htdocs\trp\system\BaseModel.php(1574): CodeIgniter\Database\Exceptions\DataException::forEmptyDataset('insert')
#1 C:\xampp\htdocs\trp\system\BaseModel.php(704): CodeIgniter\BaseModel->transformDataToArray(NULL, 'insert')
#2 C:\xampp\htdocs\trp\system\Model.php(625): CodeIgniter\BaseModel->insert(NULL, true)
#3 C:\xampp\htdocs\trp\app\Controllers\trpadmin\trpadmin.php(602): CodeIgniter\Model->insert()
#4 C:\xampp\htdocs\trp\system\CodeIgniter.php(825): App\Controllers\trpadmin\trpadmin->insertCity()
#5 C:\xampp\htdocs\trp\system\CodeIgniter.php(412): CodeIgniter\CodeIgniter->runController(Object(App\Controllers\trpadmin\trpadmin))
#6 C:\xampp\htdocs\trp\system\CodeIgniter.php(320): CodeIgniter\CodeIgniter->handleRequest(NULL, Object(Config\Cache), false)
#7 C:\xampp\htdocs\trp\public\index.php(37): CodeIgniter\CodeIgniter->run()
#8 {main}
ERROR - 2022-08-27 18:08:41 --> Column 'dist' cannot be null
CRITICAL - 2022-08-27 18:08:41 --> Column 'dist' cannot be null
#0 C:\xampp\htdocs\trp\system\Database\MySQLi\Connection.php(292): mysqli->query('INSERT INTO `de...', 0)
#1 C:\xampp\htdocs\trp\system\Database\BaseConnection.php(670): CodeIgniter\Database\MySQLi\Connection->execute('INSERT INTO `de...')
#2 C:\xampp\htdocs\trp\system\Database\BaseConnection.php(598): CodeIgniter\Database\BaseConnection->simpleQuery('INSERT INTO `de...')
#3 C:\xampp\htdocs\trp\system\Database\BaseBuilder.php(1771): CodeIgniter\Database\BaseConnection->query('INSERT INTO `de...', Array, false)
#4 C:\xampp\htdocs\trp\app\Models\itemmodel.php(32): CodeIgniter\Database\BaseBuilder->insert(Array)
#5 C:\xampp\htdocs\trp\app\Controllers\trpadmin\trpadmin.php(605): App\Models\itemmodel->insertCity(Array)
#6 C:\xampp\htdocs\trp\system\CodeIgniter.php(825): App\Controllers\trpadmin\trpadmin->insertCity()
#7 C:\xampp\htdocs\trp\system\CodeIgniter.php(412): CodeIgniter\CodeIgniter->runController(Object(App\Controllers\trpadmin\trpadmin))
#8 C:\xampp\htdocs\trp\system\CodeIgniter.php(320): CodeIgniter\CodeIgniter->handleRequest(NULL, Object(Config\Cache), false)
#9 C:\xampp\htdocs\trp\public\index.php(37): CodeIgniter\CodeIgniter->run()
#10 {main}
ERROR - 2022-08-27 18:30:31 --> Column 'city' cannot be null
CRITICAL - 2022-08-27 18:30:31 --> Column 'city' cannot be null
#0 C:\xampp\htdocs\trp\system\Database\MySQLi\Connection.php(292): mysqli->query('INSERT INTO `de...', 0)
#1 C:\xampp\htdocs\trp\system\Database\BaseConnection.php(670): CodeIgniter\Database\MySQLi\Connection->execute('INSERT INTO `de...')
#2 C:\xampp\htdocs\trp\system\Database\BaseConnection.php(598): CodeIgniter\Database\BaseConnection->simpleQuery('INSERT INTO `de...')
#3 C:\xampp\htdocs\trp\system\Database\BaseBuilder.php(1771): CodeIgniter\Database\BaseConnection->query('INSERT INTO `de...', Array, false)
#4 C:\xampp\htdocs\trp\app\Models\itemmodel.php(32): CodeIgniter\Database\BaseBuilder->insert(Array)
#5 C:\xampp\htdocs\trp\app\Controllers\trpadmin\trpadmin.php(607): App\Models\itemmodel->insertCity(Array)
#6 C:\xampp\htdocs\trp\system\CodeIgniter.php(825): App\Controllers\trpadmin\trpadmin->insertCity()
#7 C:\xampp\htdocs\trp\system\CodeIgniter.php(412): CodeIgniter\CodeIgniter->runController(Object(App\Controllers\trpadmin\trpadmin))
#8 C:\xampp\htdocs\trp\system\CodeIgniter.php(320): CodeIgniter\CodeIgniter->handleRequest(NULL, Object(Config\Cache), false)
#9 C:\xampp\htdocs\trp\public\index.php(37): CodeIgniter\CodeIgniter->run()
#10 {main}
CRITICAL - 2022-08-27 18:49:50 --> Undefined array key "records"
#0 C:\xampp\htdocs\trp\app\Controllers\trpadmin\trpadmin.php(600): CodeIgniter\Debug\Exceptions->errorHandler(2, 'Undefined array...', 'C:\\xampp\\htdocs...', 600)
#1 C:\xampp\htdocs\trp\system\CodeIgniter.php(825): App\Controllers\trpadmin\trpadmin->insertCity()
#2 C:\xampp\htdocs\trp\system\CodeIgniter.php(412): CodeIgniter\CodeIgniter->runController(Object(App\Controllers\trpadmin\trpadmin))
#3 C:\xampp\htdocs\trp\system\CodeIgniter.php(320): CodeIgniter\CodeIgniter->handleRequest(NULL, Object(Config\Cache), false)
#4 C:\xampp\htdocs\trp\public\index.php(37): CodeIgniter\CodeIgniter->run()
#5 {main}
