CRITICAL - 2022-09-16 22:49:52 --> You must set the database table to be used with your query.
#0 D:\XAMPP\htdocs\trp\system\Model.php(545): CodeIgniter\Database\BaseConnection->table(NULL)
#1 D:\XAMPP\htdocs\trp\system\Model.php(722): CodeIgniter\Model->builder()
#2 D:\XAMPP\htdocs\trp\app\Controllers\trpadmin\trpadmin.php(446): CodeIgniter\Model->__call('checkDuplicateO...', Array)
#3 D:\XAMPP\htdocs\trp\system\CodeIgniter.php(825): App\Controllers\trpadmin\trpadmin->norupdate()
#4 D:\XAMPP\htdocs\trp\system\CodeIgniter.php(412): CodeIgniter\CodeIgniter->runController(Object(App\Controllers\trpadmin\trpadmin))
#5 D:\XAMPP\htdocs\trp\system\CodeIgniter.php(320): CodeIgniter\CodeIgniter->handleRequest(NULL, Object(Config\Cache), false)
#6 D:\XAMPP\htdocs\trp\public\index.php(37): CodeIgniter\CodeIgniter->run()
#7 {main}
CRITICAL - 2022-09-16 22:50:34 --> You must set the database table to be used with your query.
#0 D:\XAMPP\htdocs\trp\system\Model.php(545): CodeIgniter\Database\BaseConnection->table(NULL)
#1 D:\XAMPP\htdocs\trp\system\Model.php(722): CodeIgniter\Model->builder()
#2 D:\XAMPP\htdocs\trp\app\Controllers\trpadmin\trpadmin.php(446): CodeIgniter\Model->__call('checkDuplicateO...', Array)
#3 D:\XAMPP\htdocs\trp\system\CodeIgniter.php(825): App\Controllers\trpadmin\trpadmin->norupdate()
#4 D:\XAMPP\htdocs\trp\system\CodeIgniter.php(412): CodeIgniter\CodeIgniter->runController(Object(App\Controllers\trpadmin\trpadmin))
#5 D:\XAMPP\htdocs\trp\system\CodeIgniter.php(320): CodeIgniter\CodeIgniter->handleRequest(NULL, Object(Config\Cache), false)
#6 D:\XAMPP\htdocs\trp\public\index.php(37): CodeIgniter\CodeIgniter->run()
#7 {main}
ERROR - 2022-09-16 22:51:08 --> Unknown column 'city' in 'where clause'
CRITICAL - 2022-09-16 22:51:08 --> Unknown column 'city' in 'where clause'
#0 D:\XAMPP\htdocs\trp\system\Database\MySQLi\Connection.php(292): mysqli->query('SELECT *\nFROM `...', 0)
#1 D:\XAMPP\htdocs\trp\system\Database\BaseConnection.php(670): CodeIgniter\Database\MySQLi\Connection->execute('SELECT *\nFROM `...')
#2 D:\XAMPP\htdocs\trp\system\Database\BaseConnection.php(598): CodeIgniter\Database\BaseConnection->simpleQuery('SELECT *\nFROM `...')
#3 D:\XAMPP\htdocs\trp\system\Database\BaseBuilder.php(1455): CodeIgniter\Database\BaseConnection->query('SELECT *\nFROM `...', Array, false)
#4 D:\XAMPP\htdocs\trp\app\Models\normodel.php(54): CodeIgniter\Database\BaseBuilder->get()
#5 D:\XAMPP\htdocs\trp\app\Controllers\trpadmin\trpadmin.php(446): App\Models\normodel->checkDuplicateOnUpdateNor(NULL, NULL)
#6 D:\XAMPP\htdocs\trp\system\CodeIgniter.php(825): App\Controllers\trpadmin\trpadmin->norupdate()
#7 D:\XAMPP\htdocs\trp\system\CodeIgniter.php(412): CodeIgniter\CodeIgniter->runController(Object(App\Controllers\trpadmin\trpadmin))
#8 D:\XAMPP\htdocs\trp\system\CodeIgniter.php(320): CodeIgniter\CodeIgniter->handleRequest(NULL, Object(Config\Cache), false)
#9 D:\XAMPP\htdocs\trp\public\index.php(37): CodeIgniter\CodeIgniter->run()
#10 {main}
