CRITICAL - 2022-08-03 06:28:50 --> Class "App\Controllers\Controller" not found
#0 C:\xampp\htdocs\trp\system\Autoloader\Autoloader.php(264): include_once()
#1 C:\xampp\htdocs\trp\system\Autoloader\Autoloader.php(241): CodeIgniter\Autoloader\Autoloader->includeFile('C:\\xampp\\htdocs...')
#2 C:\xampp\htdocs\trp\system\Autoloader\Autoloader.php(219): CodeIgniter\Autoloader\Autoloader->loadInNamespace('App\\Controllers...')
#3 [internal function]: CodeIgniter\Autoloader\Autoloader->loadClass('App\\Controllers...')
#4 C:\xampp\htdocs\trp\system\CodeIgniter.php(790): class_exists('\\App\\Controller...', true)
#5 C:\xampp\htdocs\trp\system\CodeIgniter.php(399): CodeIgniter\CodeIgniter->startController()
#6 C:\xampp\htdocs\trp\system\CodeIgniter.php(320): CodeIgniter\CodeIgniter->handleRequest(NULL, Object(Config\Cache), false)
#7 C:\xampp\htdocs\trp\public\index.php(37): CodeIgniter\CodeIgniter->run()
#8 {main}
CRITICAL - 2022-08-03 09:54:54 --> Attempt to read property "profile_pic" on bool
#0 C:\xampp\htdocs\trp\app\Views\trpview\user_profile.php(29): CodeIgniter\Debug\Exceptions->errorHandler(2, 'Attempt to read...', 'C:\\xampp\\htdocs...', 29)
#1 C:\xampp\htdocs\trp\system\View\View.php(210): include('C:\\xampp\\htdocs...')
#2 C:\xampp\htdocs\trp\system\View\View.php(213): CodeIgniter\View\View->CodeIgniter\View\{closure}()
#3 C:\xampp\htdocs\trp\system\Common.php(1089): CodeIgniter\View\View->render('trpview/user_pr...', Array, true)
#4 C:\xampp\htdocs\trp\app\Controllers\trpadmin\trpadmin.php(46): view('trpview/user_pr...', Array)
#5 C:\xampp\htdocs\trp\system\CodeIgniter.php(825): App\Controllers\trpadmin\trpadmin->userprofile()
#6 C:\xampp\htdocs\trp\system\CodeIgniter.php(412): CodeIgniter\CodeIgniter->runController(Object(App\Controllers\trpadmin\trpadmin))
#7 C:\xampp\htdocs\trp\system\CodeIgniter.php(320): CodeIgniter\CodeIgniter->handleRequest(NULL, Object(Config\Cache), false)
#8 C:\xampp\htdocs\trp\public\index.php(37): CodeIgniter\CodeIgniter->run()
#9 {main}
CRITICAL - 2022-08-03 10:00:46 --> View themes, no current section.
#0 C:\xampp\htdocs\trp\app\Views\trpview\user_profile.php(21): CodeIgniter\View\View->endSection()
#1 C:\xampp\htdocs\trp\system\View\View.php(210): include('C:\\xampp\\htdocs...')
#2 C:\xampp\htdocs\trp\system\View\View.php(213): CodeIgniter\View\View->CodeIgniter\View\{closure}()
#3 C:\xampp\htdocs\trp\system\Common.php(1089): CodeIgniter\View\View->render('trpview/user_pr...', Array, true)
#4 C:\xampp\htdocs\trp\app\Controllers\trpadmin\trpadmin.php(46): view('trpview/user_pr...', Array)
#5 C:\xampp\htdocs\trp\system\CodeIgniter.php(825): App\Controllers\trpadmin\trpadmin->userprofile()
#6 C:\xampp\htdocs\trp\system\CodeIgniter.php(412): CodeIgniter\CodeIgniter->runController(Object(App\Controllers\trpadmin\trpadmin))
#7 C:\xampp\htdocs\trp\system\CodeIgniter.php(320): CodeIgniter\CodeIgniter->handleRequest(NULL, Object(Config\Cache), false)
#8 C:\xampp\htdocs\trp\public\index.php(37): CodeIgniter\CodeIgniter->run()
#9 {main}
CRITICAL - 2022-08-03 10:06:17 --> Attempt to read property "profile_pic" on bool
#0 C:\xampp\htdocs\trp\app\Views\trpview\user_profile.php(11): CodeIgniter\Debug\Exceptions->errorHandler(2, 'Attempt to read...', 'C:\\xampp\\htdocs...', 11)
#1 C:\xampp\htdocs\trp\system\View\View.php(210): include('C:\\xampp\\htdocs...')
#2 C:\xampp\htdocs\trp\system\View\View.php(213): CodeIgniter\View\View->CodeIgniter\View\{closure}()
#3 C:\xampp\htdocs\trp\system\Common.php(1089): CodeIgniter\View\View->render('trpview/user_pr...', Array, true)
#4 C:\xampp\htdocs\trp\app\Controllers\trpadmin\trpadmin.php(46): view('trpview/user_pr...', Array)
#5 C:\xampp\htdocs\trp\system\CodeIgniter.php(825): App\Controllers\trpadmin\trpadmin->userprofile()
#6 C:\xampp\htdocs\trp\system\CodeIgniter.php(412): CodeIgniter\CodeIgniter->runController(Object(App\Controllers\trpadmin\trpadmin))
#7 C:\xampp\htdocs\trp\system\CodeIgniter.php(320): CodeIgniter\CodeIgniter->handleRequest(NULL, Object(Config\Cache), false)
#8 C:\xampp\htdocs\trp\public\index.php(37): CodeIgniter\CodeIgniter->run()
#9 {main}
CRITICAL - 2022-08-03 11:40:58 --> Undefined variable $userdata
#0 C:\xampp\htdocs\trp\app\Views\trpview\login_activity.php(14): CodeIgniter\Debug\Exceptions->errorHandler(2, 'Undefined varia...', 'C:\\xampp\\htdocs...', 14)
#1 C:\xampp\htdocs\trp\system\View\View.php(210): include('C:\\xampp\\htdocs...')
#2 C:\xampp\htdocs\trp\system\View\View.php(213): CodeIgniter\View\View->CodeIgniter\View\{closure}()
#3 C:\xampp\htdocs\trp\system\Common.php(1089): CodeIgniter\View\View->render('trpview/login_a...', Array, true)
#4 C:\xampp\htdocs\trp\app\Controllers\trpadmin\login.php(71): view('trpview/login_a...')
#5 C:\xampp\htdocs\trp\system\CodeIgniter.php(825): App\Controllers\trpadmin\login->loginactivity()
#6 C:\xampp\htdocs\trp\system\CodeIgniter.php(412): CodeIgniter\CodeIgniter->runController(Object(App\Controllers\trpadmin\login))
#7 C:\xampp\htdocs\trp\system\CodeIgniter.php(320): CodeIgniter\CodeIgniter->handleRequest(NULL, Object(Config\Cache), false)
#8 C:\xampp\htdocs\trp\public\index.php(37): CodeIgniter\CodeIgniter->run()
#9 {main}
CRITICAL - 2022-08-03 11:41:53 --> Undefined variable $userdata
#0 C:\xampp\htdocs\trp\app\Views\trpview\login_activity.php(14): CodeIgniter\Debug\Exceptions->errorHandler(2, 'Undefined varia...', 'C:\\xampp\\htdocs...', 14)
#1 C:\xampp\htdocs\trp\system\View\View.php(210): include('C:\\xampp\\htdocs...')
#2 C:\xampp\htdocs\trp\system\View\View.php(213): CodeIgniter\View\View->CodeIgniter\View\{closure}()
#3 C:\xampp\htdocs\trp\system\Common.php(1089): CodeIgniter\View\View->render('trpview/login_a...', Array, true)
#4 C:\xampp\htdocs\trp\app\Controllers\trpadmin\login.php(76): view('trpview/login_a...')
#5 C:\xampp\htdocs\trp\system\CodeIgniter.php(825): App\Controllers\trpadmin\login->loginactivity()
#6 C:\xampp\htdocs\trp\system\CodeIgniter.php(412): CodeIgniter\CodeIgniter->runController(Object(App\Controllers\trpadmin\login))
#7 C:\xampp\htdocs\trp\system\CodeIgniter.php(320): CodeIgniter\CodeIgniter->handleRequest(NULL, Object(Config\Cache), false)
#8 C:\xampp\htdocs\trp\public\index.php(37): CodeIgniter\CodeIgniter->run()
#9 {main}
CRITICAL - 2022-08-03 11:42:15 --> Undefined property: App\Controllers\trpadmin\login::$dmodel
#0 C:\xampp\htdocs\trp\app\Controllers\trpadmin\login.php(78): CodeIgniter\Debug\Exceptions->errorHandler(2, 'Undefined prope...', 'C:\\xampp\\htdocs...', 78)
#1 C:\xampp\htdocs\trp\system\CodeIgniter.php(825): App\Controllers\trpadmin\login->loginactivity()
#2 C:\xampp\htdocs\trp\system\CodeIgniter.php(412): CodeIgniter\CodeIgniter->runController(Object(App\Controllers\trpadmin\login))
#3 C:\xampp\htdocs\trp\system\CodeIgniter.php(320): CodeIgniter\CodeIgniter->handleRequest(NULL, Object(Config\Cache), false)
#4 C:\xampp\htdocs\trp\public\index.php(37): CodeIgniter\CodeIgniter->run()
#5 {main}
CRITICAL - 2022-08-03 11:42:19 --> Undefined property: App\Controllers\trpadmin\login::$dmodel
#0 C:\xampp\htdocs\trp\app\Controllers\trpadmin\login.php(78): CodeIgniter\Debug\Exceptions->errorHandler(2, 'Undefined prope...', 'C:\\xampp\\htdocs...', 78)
#1 C:\xampp\htdocs\trp\system\CodeIgniter.php(825): App\Controllers\trpadmin\login->loginactivity()
#2 C:\xampp\htdocs\trp\system\CodeIgniter.php(412): CodeIgniter\CodeIgniter->runController(Object(App\Controllers\trpadmin\login))
#3 C:\xampp\htdocs\trp\system\CodeIgniter.php(320): CodeIgniter\CodeIgniter->handleRequest(NULL, Object(Config\Cache), false)
#4 C:\xampp\htdocs\trp\public\index.php(37): CodeIgniter\CodeIgniter->run()
#5 {main}
CRITICAL - 2022-08-03 11:42:20 --> Undefined property: App\Controllers\trpadmin\login::$dmodel
#0 C:\xampp\htdocs\trp\app\Controllers\trpadmin\login.php(78): CodeIgniter\Debug\Exceptions->errorHandler(2, 'Undefined prope...', 'C:\\xampp\\htdocs...', 78)
#1 C:\xampp\htdocs\trp\system\CodeIgniter.php(825): App\Controllers\trpadmin\login->loginactivity()
#2 C:\xampp\htdocs\trp\system\CodeIgniter.php(412): CodeIgniter\CodeIgniter->runController(Object(App\Controllers\trpadmin\login))
#3 C:\xampp\htdocs\trp\system\CodeIgniter.php(320): CodeIgniter\CodeIgniter->handleRequest(NULL, Object(Config\Cache), false)
#4 C:\xampp\htdocs\trp\public\index.php(37): CodeIgniter\CodeIgniter->run()
#5 {main}
CRITICAL - 2022-08-03 11:43:32 --> Undefined variable $userdata
#0 C:\xampp\htdocs\trp\app\Views\trpview\login_activity.php(14): CodeIgniter\Debug\Exceptions->errorHandler(2, 'Undefined varia...', 'C:\\xampp\\htdocs...', 14)
#1 C:\xampp\htdocs\trp\system\View\View.php(210): include('C:\\xampp\\htdocs...')
#2 C:\xampp\htdocs\trp\system\View\View.php(213): CodeIgniter\View\View->CodeIgniter\View\{closure}()
#3 C:\xampp\htdocs\trp\system\Common.php(1089): CodeIgniter\View\View->render('trpview/login_a...', Array, true)
#4 C:\xampp\htdocs\trp\app\Controllers\trpadmin\login.php(83): view('trpview/login_a...')
#5 C:\xampp\htdocs\trp\system\CodeIgniter.php(825): App\Controllers\trpadmin\login->loginactivity()
#6 C:\xampp\htdocs\trp\system\CodeIgniter.php(412): CodeIgniter\CodeIgniter->runController(Object(App\Controllers\trpadmin\login))
#7 C:\xampp\htdocs\trp\system\CodeIgniter.php(320): CodeIgniter\CodeIgniter->handleRequest(NULL, Object(Config\Cache), false)
#8 C:\xampp\htdocs\trp\public\index.php(37): CodeIgniter\CodeIgniter->run()
#9 {main}
CRITICAL - 2022-08-03 11:43:53 --> Undefined variable $userdata
#0 C:\xampp\htdocs\trp\app\Views\trpview\login_activity.php(14): CodeIgniter\Debug\Exceptions->errorHandler(2, 'Undefined varia...', 'C:\\xampp\\htdocs...', 14)
#1 C:\xampp\htdocs\trp\system\View\View.php(210): include('C:\\xampp\\htdocs...')
#2 C:\xampp\htdocs\trp\system\View\View.php(213): CodeIgniter\View\View->CodeIgniter\View\{closure}()
#3 C:\xampp\htdocs\trp\system\Common.php(1089): CodeIgniter\View\View->render('trpview/login_a...', Array, true)
#4 C:\xampp\htdocs\trp\app\Controllers\trpadmin\login.php(84): view('trpview/login_a...')
#5 C:\xampp\htdocs\trp\system\CodeIgniter.php(825): App\Controllers\trpadmin\login->loginactivity()
#6 C:\xampp\htdocs\trp\system\CodeIgniter.php(412): CodeIgniter\CodeIgniter->runController(Object(App\Controllers\trpadmin\login))
#7 C:\xampp\htdocs\trp\system\CodeIgniter.php(320): CodeIgniter\CodeIgniter->handleRequest(NULL, Object(Config\Cache), false)
#8 C:\xampp\htdocs\trp\public\index.php(37): CodeIgniter\CodeIgniter->run()
#9 {main}
CRITICAL - 2022-08-03 11:43:55 --> Undefined variable $userdata
#0 C:\xampp\htdocs\trp\app\Views\trpview\login_activity.php(14): CodeIgniter\Debug\Exceptions->errorHandler(2, 'Undefined varia...', 'C:\\xampp\\htdocs...', 14)
#1 C:\xampp\htdocs\trp\system\View\View.php(210): include('C:\\xampp\\htdocs...')
#2 C:\xampp\htdocs\trp\system\View\View.php(213): CodeIgniter\View\View->CodeIgniter\View\{closure}()
#3 C:\xampp\htdocs\trp\system\Common.php(1089): CodeIgniter\View\View->render('trpview/login_a...', Array, true)
#4 C:\xampp\htdocs\trp\app\Controllers\trpadmin\login.php(84): view('trpview/login_a...')
#5 C:\xampp\htdocs\trp\system\CodeIgniter.php(825): App\Controllers\trpadmin\login->loginactivity()
#6 C:\xampp\htdocs\trp\system\CodeIgniter.php(412): CodeIgniter\CodeIgniter->runController(Object(App\Controllers\trpadmin\login))
#7 C:\xampp\htdocs\trp\system\CodeIgniter.php(320): CodeIgniter\CodeIgniter->handleRequest(NULL, Object(Config\Cache), false)
#8 C:\xampp\htdocs\trp\public\index.php(37): CodeIgniter\CodeIgniter->run()
#9 {main}
CRITICAL - 2022-08-03 12:06:40 --> Undefined property: App\Controllers\trpadmin\login::$login_model
#0 C:\xampp\htdocs\trp\app\Controllers\trpadmin\login.php(50): CodeIgniter\Debug\Exceptions->errorHandler(2, 'Undefined prope...', 'C:\\xampp\\htdocs...', 50)
#1 C:\xampp\htdocs\trp\system\CodeIgniter.php(825): App\Controllers\trpadmin\login->index()
#2 C:\xampp\htdocs\trp\system\CodeIgniter.php(412): CodeIgniter\CodeIgniter->runController(Object(App\Controllers\trpadmin\login))
#3 C:\xampp\htdocs\trp\system\CodeIgniter.php(320): CodeIgniter\CodeIgniter->handleRequest(NULL, Object(Config\Cache), false)
#4 C:\xampp\htdocs\trp\public\index.php(37): CodeIgniter\CodeIgniter->run()
#5 {main}
ERROR - 2022-08-03 12:07:10 --> Table 'trp.login_activity' doesn't exist
CRITICAL - 2022-08-03 12:07:10 --> Table 'trp.login_activity' doesn't exist
#0 C:\xampp\htdocs\trp\system\Database\MySQLi\Connection.php(292): mysqli->query('INSERT INTO `lo...', 0)
#1 C:\xampp\htdocs\trp\system\Database\BaseConnection.php(670): CodeIgniter\Database\MySQLi\Connection->execute('INSERT INTO `lo...')
#2 C:\xampp\htdocs\trp\system\Database\BaseConnection.php(598): CodeIgniter\Database\BaseConnection->simpleQuery('INSERT INTO `lo...')
#3 C:\xampp\htdocs\trp\system\Database\BaseBuilder.php(1771): CodeIgniter\Database\BaseConnection->query('INSERT INTO `lo...', Array, false)
#4 C:\xampp\htdocs\trp\app\Models\login_model.php(28): CodeIgniter\Database\BaseBuilder->insert(Array)
#5 C:\xampp\htdocs\trp\app\Controllers\trpadmin\login.php(50): App\Models\login_model->saveLoginInfo(Array)
#6 C:\xampp\htdocs\trp\system\CodeIgniter.php(825): App\Controllers\trpadmin\login->index()
#7 C:\xampp\htdocs\trp\system\CodeIgniter.php(412): CodeIgniter\CodeIgniter->runController(Object(App\Controllers\trpadmin\login))
#8 C:\xampp\htdocs\trp\system\CodeIgniter.php(320): CodeIgniter\CodeIgniter->handleRequest(NULL, Object(Config\Cache), false)
#9 C:\xampp\htdocs\trp\public\index.php(37): CodeIgniter\CodeIgniter->run()
#10 {main}
ERROR - 2022-08-03 12:09:10 --> Unknown column 'userid' in 'field list'
CRITICAL - 2022-08-03 12:09:10 --> Unknown column 'userid' in 'field list'
#0 C:\xampp\htdocs\trp\system\Database\MySQLi\Connection.php(292): mysqli->query('INSERT INTO `lo...', 0)
#1 C:\xampp\htdocs\trp\system\Database\BaseConnection.php(670): CodeIgniter\Database\MySQLi\Connection->execute('INSERT INTO `lo...')
#2 C:\xampp\htdocs\trp\system\Database\BaseConnection.php(598): CodeIgniter\Database\BaseConnection->simpleQuery('INSERT INTO `lo...')
#3 C:\xampp\htdocs\trp\system\Database\BaseBuilder.php(1771): CodeIgniter\Database\BaseConnection->query('INSERT INTO `lo...', Array, false)
#4 C:\xampp\htdocs\trp\app\Models\login_model.php(28): CodeIgniter\Database\BaseBuilder->insert(Array)
#5 C:\xampp\htdocs\trp\app\Controllers\trpadmin\login.php(50): App\Models\login_model->saveLoginInfo(Array)
#6 C:\xampp\htdocs\trp\system\CodeIgniter.php(825): App\Controllers\trpadmin\login->index()
#7 C:\xampp\htdocs\trp\system\CodeIgniter.php(412): CodeIgniter\CodeIgniter->runController(Object(App\Controllers\trpadmin\login))
#8 C:\xampp\htdocs\trp\system\CodeIgniter.php(320): CodeIgniter\CodeIgniter->handleRequest(NULL, Object(Config\Cache), false)
#9 C:\xampp\htdocs\trp\public\index.php(37): CodeIgniter\CodeIgniter->run()
#10 {main}
ERROR - 2022-08-03 12:09:44 --> Unknown column 'login_time' in 'field list'
CRITICAL - 2022-08-03 12:09:44 --> Unknown column 'login_time' in 'field list'
#0 C:\xampp\htdocs\trp\system\Database\MySQLi\Connection.php(292): mysqli->query('INSERT INTO `lo...', 0)
#1 C:\xampp\htdocs\trp\system\Database\BaseConnection.php(670): CodeIgniter\Database\MySQLi\Connection->execute('INSERT INTO `lo...')
#2 C:\xampp\htdocs\trp\system\Database\BaseConnection.php(598): CodeIgniter\Database\BaseConnection->simpleQuery('INSERT INTO `lo...')
#3 C:\xampp\htdocs\trp\system\Database\BaseBuilder.php(1771): CodeIgniter\Database\BaseConnection->query('INSERT INTO `lo...', Array, false)
#4 C:\xampp\htdocs\trp\app\Models\login_model.php(28): CodeIgniter\Database\BaseBuilder->insert(Array)
#5 C:\xampp\htdocs\trp\app\Controllers\trpadmin\login.php(50): App\Models\login_model->saveLoginInfo(Array)
#6 C:\xampp\htdocs\trp\system\CodeIgniter.php(825): App\Controllers\trpadmin\login->index()
#7 C:\xampp\htdocs\trp\system\CodeIgniter.php(412): CodeIgniter\CodeIgniter->runController(Object(App\Controllers\trpadmin\login))
#8 C:\xampp\htdocs\trp\system\CodeIgniter.php(320): CodeIgniter\CodeIgniter->handleRequest(NULL, Object(Config\Cache), false)
#9 C:\xampp\htdocs\trp\public\index.php(37): CodeIgniter\CodeIgniter->run()
#10 {main}
CRITICAL - 2022-08-03 23:31:42 --> Attempt to read property "profile_pic" on bool
#0 C:\xampp\htdocs\trp\app\Views\trpview\login_activity.php(14): CodeIgniter\Debug\Exceptions->errorHandler(2, 'Attempt to read...', 'C:\\xampp\\htdocs...', 14)
#1 C:\xampp\htdocs\trp\system\View\View.php(210): include('C:\\xampp\\htdocs...')
#2 C:\xampp\htdocs\trp\system\View\View.php(213): CodeIgniter\View\View->CodeIgniter\View\{closure}()
#3 C:\xampp\htdocs\trp\system\Common.php(1089): CodeIgniter\View\View->render('trpview/login_a...', Array, true)
#4 C:\xampp\htdocs\trp\app\Controllers\trpadmin\trpadmin.php(56): view('trpview/login_a...', Array)
#5 C:\xampp\htdocs\trp\system\CodeIgniter.php(825): App\Controllers\trpadmin\trpadmin->loginactivity()
#6 C:\xampp\htdocs\trp\system\CodeIgniter.php(412): CodeIgniter\CodeIgniter->runController(Object(App\Controllers\trpadmin\trpadmin))
#7 C:\xampp\htdocs\trp\system\CodeIgniter.php(320): CodeIgniter\CodeIgniter->handleRequest(NULL, Object(Config\Cache), false)
#8 C:\xampp\htdocs\trp\public\index.php(37): CodeIgniter\CodeIgniter->run()
#9 {main}
CRITICAL - 2022-08-03 23:38:32 --> Attempt to read property "profile_pic" on bool
#0 C:\xampp\htdocs\trp\app\Views\trpview\login_activity.php(14): CodeIgniter\Debug\Exceptions->errorHandler(2, 'Attempt to read...', 'C:\\xampp\\htdocs...', 14)
#1 C:\xampp\htdocs\trp\system\View\View.php(210): include('C:\\xampp\\htdocs...')
#2 C:\xampp\htdocs\trp\system\View\View.php(213): CodeIgniter\View\View->CodeIgniter\View\{closure}()
#3 C:\xampp\htdocs\trp\system\Common.php(1089): CodeIgniter\View\View->render('trpview/login_a...', Array, true)
#4 C:\xampp\htdocs\trp\app\Controllers\trpadmin\trpadmin.php(66): view('trpview/login_a...', Array)
#5 C:\xampp\htdocs\trp\system\CodeIgniter.php(825): App\Controllers\trpadmin\trpadmin->loginactivity()
#6 C:\xampp\htdocs\trp\system\CodeIgniter.php(412): CodeIgniter\CodeIgniter->runController(Object(App\Controllers\trpadmin\trpadmin))
#7 C:\xampp\htdocs\trp\system\CodeIgniter.php(320): CodeIgniter\CodeIgniter->handleRequest(NULL, Object(Config\Cache), false)
#8 C:\xampp\htdocs\trp\public\index.php(37): CodeIgniter\CodeIgniter->run()
#9 {main}
CRITICAL - 2022-08-03 23:42:17 --> Attempt to read property "profile_pic" on bool
#0 C:\xampp\htdocs\trp\app\Views\trpview\login_activity.php(14): CodeIgniter\Debug\Exceptions->errorHandler(2, 'Attempt to read...', 'C:\\xampp\\htdocs...', 14)
#1 C:\xampp\htdocs\trp\system\View\View.php(210): include('C:\\xampp\\htdocs...')
#2 C:\xampp\htdocs\trp\system\View\View.php(213): CodeIgniter\View\View->CodeIgniter\View\{closure}()
#3 C:\xampp\htdocs\trp\system\Common.php(1089): CodeIgniter\View\View->render('trpview/login_a...', Array, true)
#4 C:\xampp\htdocs\trp\app\Controllers\trpadmin\trpadmin.php(66): view('trpview/login_a...', Array)
#5 C:\xampp\htdocs\trp\system\CodeIgniter.php(825): App\Controllers\trpadmin\trpadmin->loginactivity()
#6 C:\xampp\htdocs\trp\system\CodeIgniter.php(412): CodeIgniter\CodeIgniter->runController(Object(App\Controllers\trpadmin\trpadmin))
#7 C:\xampp\htdocs\trp\system\CodeIgniter.php(320): CodeIgniter\CodeIgniter->handleRequest(NULL, Object(Config\Cache), false)
#8 C:\xampp\htdocs\trp\public\index.php(37): CodeIgniter\CodeIgniter->run()
#9 {main}
CRITICAL - 2022-08-03 23:49:17 --> Attempt to read property "profile_pic" on bool
#0 C:\xampp\htdocs\trp\app\Views\trpview\login_activity.php(14): CodeIgniter\Debug\Exceptions->errorHandler(2, 'Attempt to read...', 'C:\\xampp\\htdocs...', 14)
#1 C:\xampp\htdocs\trp\system\View\View.php(210): include('C:\\xampp\\htdocs...')
#2 C:\xampp\htdocs\trp\system\View\View.php(213): CodeIgniter\View\View->CodeIgniter\View\{closure}()
#3 C:\xampp\htdocs\trp\system\Common.php(1089): CodeIgniter\View\View->render('trpview/login_a...', Array, true)
#4 C:\xampp\htdocs\trp\app\Controllers\trpadmin\trpadmin.php(74): view('trpview/login_a...', Array)
#5 C:\xampp\htdocs\trp\system\CodeIgniter.php(825): App\Controllers\trpadmin\trpadmin->loginactivity()
#6 C:\xampp\htdocs\trp\system\CodeIgniter.php(412): CodeIgniter\CodeIgniter->runController(Object(App\Controllers\trpadmin\trpadmin))
#7 C:\xampp\htdocs\trp\system\CodeIgniter.php(320): CodeIgniter\CodeIgniter->handleRequest(NULL, Object(Config\Cache), false)
#8 C:\xampp\htdocs\trp\public\index.php(37): CodeIgniter\CodeIgniter->run()
#9 {main}
