CRITICAL - 2022-03-13 03:19:13 --> Class "App\Controllers\admin\BaseController" not found
#0 C:\xampp\htdocs\mywork\system\Router\Router.php(518): include_once()
#1 C:\xampp\htdocs\mywork\system\Router\Router.php(175): CodeIgniter\Router\Router->autoRoute('admin/ad')
#2 C:\xampp\htdocs\mywork\system\CodeIgniter.php(719): CodeIgniter\Router\Router->handle('admin/ad')
#3 C:\xampp\htdocs\mywork\system\CodeIgniter.php(361): CodeIgniter\CodeIgniter->tryToRouteIt(Object(CodeIgniter\Router\RouteCollection))
#4 C:\xampp\htdocs\mywork\system\CodeIgniter.php(320): CodeIgniter\CodeIgniter->handleRequest(NULL, Object(Config\Cache), false)
#5 C:\xampp\htdocs\mywork\public\index.php(37): CodeIgniter\CodeIgniter->run()
#6 {main}
CRITICAL - 2022-03-13 03:20:18 --> Class "App\Controllers\admin\BaseController" not found
#0 C:\xampp\htdocs\mywork\system\Router\Router.php(518): include_once()
#1 C:\xampp\htdocs\mywork\system\Router\Router.php(175): CodeIgniter\Router\Router->autoRoute('admin/ad')
#2 C:\xampp\htdocs\mywork\system\CodeIgniter.php(719): CodeIgniter\Router\Router->handle('admin/ad')
#3 C:\xampp\htdocs\mywork\system\CodeIgniter.php(361): CodeIgniter\CodeIgniter->tryToRouteIt(Object(CodeIgniter\Router\RouteCollection))
#4 C:\xampp\htdocs\mywork\system\CodeIgniter.php(320): CodeIgniter\CodeIgniter->handleRequest(NULL, Object(Config\Cache), false)
#5 C:\xampp\htdocs\mywork\public\index.php(37): CodeIgniter\CodeIgniter->run()
#6 {main}
CRITICAL - 2022-03-13 03:20:47 --> Class "App\Controllers\admin\BaseController" not found
#0 C:\xampp\htdocs\mywork\system\Router\Router.php(518): include_once()
#1 C:\xampp\htdocs\mywork\system\Router\Router.php(175): CodeIgniter\Router\Router->autoRoute('admin/ad')
#2 C:\xampp\htdocs\mywork\system\CodeIgniter.php(719): CodeIgniter\Router\Router->handle('admin/ad')
#3 C:\xampp\htdocs\mywork\system\CodeIgniter.php(361): CodeIgniter\CodeIgniter->tryToRouteIt(Object(CodeIgniter\Router\RouteCollection))
#4 C:\xampp\htdocs\mywork\system\CodeIgniter.php(320): CodeIgniter\CodeIgniter->handleRequest(NULL, Object(Config\Cache), false)
#5 C:\xampp\htdocs\mywork\public\index.php(37): CodeIgniter\CodeIgniter->run()
#6 {main}
