CRITICAL - 2022-02-25 08:26:24 --> Invalid file: Products.php
#0 C:\xampp\htdocs\mywork\system\View\View.php(198): CodeIgniter\Exceptions\FrameworkException::forInvalidFile('Products.php')
#1 C:\xampp\htdocs\mywork\system\Common.php(1089): CodeIgniter\View\View->render('Products', Array, true)
#2 C:\xampp\htdocs\mywork\app\Controllers\admin\Myshop.php(14): view('Products')
#3 C:\xampp\htdocs\mywork\system\CodeIgniter.php(825): App\Controllers\admin\Myshop->product()
#4 C:\xampp\htdocs\mywork\system\CodeIgniter.php(412): CodeIgniter\CodeIgniter->runController(Object(App\Controllers\admin\Myshop))
#5 C:\xampp\htdocs\mywork\system\CodeIgniter.php(320): CodeIgniter\CodeIgniter->handleRequest(NULL, Object(Config\Cache), false)
#6 C:\xampp\htdocs\mywork\public\index.php(37): CodeIgniter\CodeIgniter->run()
#7 {main}
CRITICAL - 2022-02-25 11:00:00 --> Invalid file: layout.php
#0 C:\xampp\htdocs\mywork\system\View\View.php(198): CodeIgniter\Exceptions\FrameworkException::forInvalidFile('layout.php')
#1 C:\xampp\htdocs\mywork\system\Common.php(1089): CodeIgniter\View\View->render('layout', Array, true)
#2 C:\xampp\htdocs\mywork\app\Controllers\admin\Menu.php(10): view('layout')
#3 C:\xampp\htdocs\mywork\system\CodeIgniter.php(825): App\Controllers\admin\Menu->index()
#4 C:\xampp\htdocs\mywork\system\CodeIgniter.php(412): CodeIgniter\CodeIgniter->runController(Object(App\Controllers\admin\Menu))
#5 C:\xampp\htdocs\mywork\system\CodeIgniter.php(320): CodeIgniter\CodeIgniter->handleRequest(NULL, Object(Config\Cache), false)
#6 C:\xampp\htdocs\mywork\public\index.php(37): CodeIgniter\CodeIgniter->run()
#7 {main}
CRITICAL - 2022-02-25 11:00:45 --> Invalid file: layout.php
#0 C:\xampp\htdocs\mywork\system\View\View.php(198): CodeIgniter\Exceptions\FrameworkException::forInvalidFile('layout.php')
#1 C:\xampp\htdocs\mywork\system\Common.php(1089): CodeIgniter\View\View->render('layout', Array, true)
#2 C:\xampp\htdocs\mywork\app\Controllers\admin\Menu.php(10): view('layout')
#3 C:\xampp\htdocs\mywork\system\CodeIgniter.php(825): App\Controllers\admin\Menu->index()
#4 C:\xampp\htdocs\mywork\system\CodeIgniter.php(412): CodeIgniter\CodeIgniter->runController(Object(App\Controllers\admin\Menu))
#5 C:\xampp\htdocs\mywork\system\CodeIgniter.php(320): CodeIgniter\CodeIgniter->handleRequest(NULL, Object(Config\Cache), false)
#6 C:\xampp\htdocs\mywork\public\index.php(37): CodeIgniter\CodeIgniter->run()
#7 {main}
CRITICAL - 2022-02-25 11:01:41 --> Invalid file: layout.php
#0 C:\xampp\htdocs\mywork\system\View\View.php(198): CodeIgniter\Exceptions\FrameworkException::forInvalidFile('layout.php')
#1 C:\xampp\htdocs\mywork\system\Common.php(1089): CodeIgniter\View\View->render('layout', Array, true)
#2 C:\xampp\htdocs\mywork\app\Controllers\admin\Menu.php(10): view('layout')
#3 C:\xampp\htdocs\mywork\system\CodeIgniter.php(825): App\Controllers\admin\Menu->index()
#4 C:\xampp\htdocs\mywork\system\CodeIgniter.php(412): CodeIgniter\CodeIgniter->runController(Object(App\Controllers\admin\Menu))
#5 C:\xampp\htdocs\mywork\system\CodeIgniter.php(320): CodeIgniter\CodeIgniter->handleRequest(NULL, Object(Config\Cache), false)
#6 C:\xampp\htdocs\mywork\public\index.php(37): CodeIgniter\CodeIgniter->run()
#7 {main}
CRITICAL - 2022-02-25 11:03:27 --> Invalid file: layout.php
#0 C:\xampp\htdocs\mywork\system\View\View.php(198): CodeIgniter\Exceptions\FrameworkException::forInvalidFile('layout.php')
#1 C:\xampp\htdocs\mywork\system\Common.php(1089): CodeIgniter\View\View->render('layout', Array, true)
#2 C:\xampp\htdocs\mywork\app\Controllers\admin\Menu.php(10): view('layout')
#3 C:\xampp\htdocs\mywork\system\CodeIgniter.php(825): App\Controllers\admin\Menu->index()
#4 C:\xampp\htdocs\mywork\system\CodeIgniter.php(412): CodeIgniter\CodeIgniter->runController(Object(App\Controllers\admin\Menu))
#5 C:\xampp\htdocs\mywork\system\CodeIgniter.php(320): CodeIgniter\CodeIgniter->handleRequest(NULL, Object(Config\Cache), false)
#6 C:\xampp\htdocs\mywork\public\index.php(37): CodeIgniter\CodeIgniter->run()
#7 {main}
CRITICAL - 2022-02-25 11:54:47 --> syntax error, unexpected variable "$this"
#0 C:\xampp\htdocs\mywork\system\View\View.php(213): CodeIgniter\View\View->CodeIgniter\View\{closure}()
#1 C:\xampp\htdocs\mywork\system\Common.php(1089): CodeIgniter\View\View->render('Shop.php', Array, true)
#2 C:\xampp\htdocs\mywork\app\Controllers\admin\Menu.php(15): view('Shop.php')
#3 C:\xampp\htdocs\mywork\system\CodeIgniter.php(825): App\Controllers\admin\Menu->Shop()
#4 C:\xampp\htdocs\mywork\system\CodeIgniter.php(412): CodeIgniter\CodeIgniter->runController(Object(App\Controllers\admin\Menu))
#5 C:\xampp\htdocs\mywork\system\CodeIgniter.php(320): CodeIgniter\CodeIgniter->handleRequest(NULL, Object(Config\Cache), false)
#6 C:\xampp\htdocs\mywork\public\index.php(37): CodeIgniter\CodeIgniter->run()
#7 {main}
CRITICAL - 2022-02-25 11:55:53 --> syntax error, unexpected variable "$this"
#0 C:\xampp\htdocs\mywork\system\View\View.php(213): CodeIgniter\View\View->CodeIgniter\View\{closure}()
#1 C:\xampp\htdocs\mywork\system\Common.php(1089): CodeIgniter\View\View->render('Shop.php', Array, true)
#2 C:\xampp\htdocs\mywork\app\Controllers\admin\Menu.php(15): view('Shop.php')
#3 C:\xampp\htdocs\mywork\system\CodeIgniter.php(825): App\Controllers\admin\Menu->Shop()
#4 C:\xampp\htdocs\mywork\system\CodeIgniter.php(412): CodeIgniter\CodeIgniter->runController(Object(App\Controllers\admin\Menu))
#5 C:\xampp\htdocs\mywork\system\CodeIgniter.php(320): CodeIgniter\CodeIgniter->handleRequest(NULL, Object(Config\Cache), false)
#6 C:\xampp\htdocs\mywork\public\index.php(37): CodeIgniter\CodeIgniter->run()
#7 {main}
CRITICAL - 2022-02-25 11:58:01 --> syntax error, unexpected variable "$this"
#0 C:\xampp\htdocs\mywork\system\View\View.php(213): CodeIgniter\View\View->CodeIgniter\View\{closure}()
#1 C:\xampp\htdocs\mywork\system\Common.php(1089): CodeIgniter\View\View->render('Product', Array, true)
#2 C:\xampp\htdocs\mywork\app\Controllers\admin\Menu.php(10): view('Product')
#3 C:\xampp\htdocs\mywork\system\CodeIgniter.php(825): App\Controllers\admin\Menu->index()
#4 C:\xampp\htdocs\mywork\system\CodeIgniter.php(412): CodeIgniter\CodeIgniter->runController(Object(App\Controllers\admin\Menu))
#5 C:\xampp\htdocs\mywork\system\CodeIgniter.php(320): CodeIgniter\CodeIgniter->handleRequest(NULL, Object(Config\Cache), false)
#6 C:\xampp\htdocs\mywork\public\index.php(37): CodeIgniter\CodeIgniter->run()
#7 {main}
CRITICAL - 2022-02-25 11:59:17 --> syntax error, unexpected variable "$this"
#0 C:\xampp\htdocs\mywork\system\View\View.php(213): CodeIgniter\View\View->CodeIgniter\View\{closure}()
#1 C:\xampp\htdocs\mywork\system\Common.php(1089): CodeIgniter\View\View->render('Shop.php', Array, true)
#2 C:\xampp\htdocs\mywork\app\Controllers\admin\Menu.php(15): view('Shop.php')
#3 C:\xampp\htdocs\mywork\system\CodeIgniter.php(825): App\Controllers\admin\Menu->Shop()
#4 C:\xampp\htdocs\mywork\system\CodeIgniter.php(412): CodeIgniter\CodeIgniter->runController(Object(App\Controllers\admin\Menu))
#5 C:\xampp\htdocs\mywork\system\CodeIgniter.php(320): CodeIgniter\CodeIgniter->handleRequest(NULL, Object(Config\Cache), false)
#6 C:\xampp\htdocs\mywork\public\index.php(37): CodeIgniter\CodeIgniter->run()
#7 {main}
CRITICAL - 2022-02-25 11:59:56 --> syntax error, unexpected variable "$this"
#0 C:\xampp\htdocs\mywork\system\View\View.php(213): CodeIgniter\View\View->CodeIgniter\View\{closure}()
#1 C:\xampp\htdocs\mywork\system\Common.php(1089): CodeIgniter\View\View->render('Shop.php', Array, true)
#2 C:\xampp\htdocs\mywork\app\Controllers\admin\Menu.php(15): view('Shop.php')
#3 C:\xampp\htdocs\mywork\system\CodeIgniter.php(825): App\Controllers\admin\Menu->Shop()
#4 C:\xampp\htdocs\mywork\system\CodeIgniter.php(412): CodeIgniter\CodeIgniter->runController(Object(App\Controllers\admin\Menu))
#5 C:\xampp\htdocs\mywork\system\CodeIgniter.php(320): CodeIgniter\CodeIgniter->handleRequest(NULL, Object(Config\Cache), false)
#6 C:\xampp\htdocs\mywork\public\index.php(37): CodeIgniter\CodeIgniter->run()
#7 {main}
CRITICAL - 2022-02-25 12:00:03 --> syntax error, unexpected variable "$this"
#0 C:\xampp\htdocs\mywork\system\View\View.php(213): CodeIgniter\View\View->CodeIgniter\View\{closure}()
#1 C:\xampp\htdocs\mywork\system\Common.php(1089): CodeIgniter\View\View->render('Shop.php', Array, true)
#2 C:\xampp\htdocs\mywork\app\Controllers\admin\Menu.php(15): view('Shop.php')
#3 C:\xampp\htdocs\mywork\system\CodeIgniter.php(825): App\Controllers\admin\Menu->Shop()
#4 C:\xampp\htdocs\mywork\system\CodeIgniter.php(412): CodeIgniter\CodeIgniter->runController(Object(App\Controllers\admin\Menu))
#5 C:\xampp\htdocs\mywork\system\CodeIgniter.php(320): CodeIgniter\CodeIgniter->handleRequest(NULL, Object(Config\Cache), false)
#6 C:\xampp\htdocs\mywork\public\index.php(37): CodeIgniter\CodeIgniter->run()
#7 {main}
CRITICAL - 2022-02-25 12:01:01 --> syntax error, unexpected variable "$this"
#0 C:\xampp\htdocs\mywork\system\View\View.php(213): CodeIgniter\View\View->CodeIgniter\View\{closure}()
#1 C:\xampp\htdocs\mywork\system\Common.php(1089): CodeIgniter\View\View->render('Shop.php', Array, true)
#2 C:\xampp\htdocs\mywork\app\Controllers\admin\Menu.php(15): view('Shop.php')
#3 C:\xampp\htdocs\mywork\system\CodeIgniter.php(825): App\Controllers\admin\Menu->Shop()
#4 C:\xampp\htdocs\mywork\system\CodeIgniter.php(412): CodeIgniter\CodeIgniter->runController(Object(App\Controllers\admin\Menu))
#5 C:\xampp\htdocs\mywork\system\CodeIgniter.php(320): CodeIgniter\CodeIgniter->handleRequest(NULL, Object(Config\Cache), false)
#6 C:\xampp\htdocs\mywork\public\index.php(37): CodeIgniter\CodeIgniter->run()
#7 {main}
CRITICAL - 2022-02-25 12:01:28 --> syntax error, unexpected variable "$this"
#0 C:\xampp\htdocs\mywork\system\View\View.php(213): CodeIgniter\View\View->CodeIgniter\View\{closure}()
#1 C:\xampp\htdocs\mywork\system\Common.php(1089): CodeIgniter\View\View->render('Shop.php', Array, true)
#2 C:\xampp\htdocs\mywork\app\Controllers\admin\Menu.php(15): view('Shop.php')
#3 C:\xampp\htdocs\mywork\system\CodeIgniter.php(825): App\Controllers\admin\Menu->Shop()
#4 C:\xampp\htdocs\mywork\system\CodeIgniter.php(412): CodeIgniter\CodeIgniter->runController(Object(App\Controllers\admin\Menu))
#5 C:\xampp\htdocs\mywork\system\CodeIgniter.php(320): CodeIgniter\CodeIgniter->handleRequest(NULL, Object(Config\Cache), false)
#6 C:\xampp\htdocs\mywork\public\index.php(37): CodeIgniter\CodeIgniter->run()
#7 {main}
