ERROR - 2022-03-30 00:25:20 --> Unknown column 'neworder' in 'where clause'
CRITICAL - 2022-03-30 00:25:20 --> Unknown column 'neworder' in 'where clause'
#0 C:\xampp\htdocs\mywork\system\Database\MySQLi\Connection.php(292): mysqli->query('SELECT * FROM `...', 0)
#1 C:\xampp\htdocs\mywork\system\Database\BaseConnection.php(670): CodeIgniter\Database\MySQLi\Connection->execute('SELECT * FROM `...')
#2 C:\xampp\htdocs\mywork\system\Database\BaseConnection.php(598): CodeIgniter\Database\BaseConnection->simpleQuery('SELECT * FROM `...')
#3 C:\xampp\htdocs\mywork\app\Models\adminmodel.php(30): CodeIgniter\Database\BaseConnection->query('SELECT * FROM `...')
#4 C:\xampp\htdocs\mywork\app\Controllers\admin\ad.php(52): App\Models\adminmodel->getNew('neworder')
#5 C:\xampp\htdocs\mywork\system\CodeIgniter.php(825): App\Controllers\admin\ad->singleOrder('neworder')
#6 C:\xampp\htdocs\mywork\system\CodeIgniter.php(412): CodeIgniter\CodeIgniter->runController(Object(App\Controllers\admin\ad))
#7 C:\xampp\htdocs\mywork\system\CodeIgniter.php(320): CodeIgniter\CodeIgniter->handleRequest(NULL, Object(Config\Cache), false)
#8 C:\xampp\htdocs\mywork\public\index.php(37): CodeIgniter\CodeIgniter->run()
#9 {main}
ERROR - 2022-03-30 00:25:51 --> Unknown column 'neworder' in 'where clause'
CRITICAL - 2022-03-30 00:25:51 --> Unknown column 'neworder' in 'where clause'
#0 C:\xampp\htdocs\mywork\system\Database\MySQLi\Connection.php(292): mysqli->query('SELECT * FROM `...', 0)
#1 C:\xampp\htdocs\mywork\system\Database\BaseConnection.php(670): CodeIgniter\Database\MySQLi\Connection->execute('SELECT * FROM `...')
#2 C:\xampp\htdocs\mywork\system\Database\BaseConnection.php(598): CodeIgniter\Database\BaseConnection->simpleQuery('SELECT * FROM `...')
#3 C:\xampp\htdocs\mywork\app\Models\adminmodel.php(30): CodeIgniter\Database\BaseConnection->query('SELECT * FROM `...')
#4 C:\xampp\htdocs\mywork\app\Controllers\admin\ad.php(52): App\Models\adminmodel->getNew('neworder')
#5 C:\xampp\htdocs\mywork\system\CodeIgniter.php(825): App\Controllers\admin\ad->singleOrder('neworder')
#6 C:\xampp\htdocs\mywork\system\CodeIgniter.php(412): CodeIgniter\CodeIgniter->runController(Object(App\Controllers\admin\ad))
#7 C:\xampp\htdocs\mywork\system\CodeIgniter.php(320): CodeIgniter\CodeIgniter->handleRequest(NULL, Object(Config\Cache), false)
#8 C:\xampp\htdocs\mywork\public\index.php(37): CodeIgniter\CodeIgniter->run()
#9 {main}
ERROR - 2022-03-30 00:27:00 --> You have an error in your SQL syntax; check the manual that corresponds to your MariaDB server version for the right syntax to use near '.js.map' at line 1
CRITICAL - 2022-03-30 00:27:00 --> You have an error in your SQL syntax; check the manual that corresponds to your MariaDB server version for the right syntax to use near '.js.map' at line 1
#0 C:\xampp\htdocs\mywork\system\Database\MySQLi\Connection.php(292): mysqli->query('SELECT * FROM `...', 0)
#1 C:\xampp\htdocs\mywork\system\Database\BaseConnection.php(670): CodeIgniter\Database\MySQLi\Connection->execute('SELECT * FROM `...')
#2 C:\xampp\htdocs\mywork\system\Database\BaseConnection.php(598): CodeIgniter\Database\BaseConnection->simpleQuery('SELECT * FROM `...')
#3 C:\xampp\htdocs\mywork\app\Models\adminmodel.php(30): CodeIgniter\Database\BaseConnection->query('SELECT * FROM `...')
#4 C:\xampp\htdocs\mywork\app\Controllers\admin\ad.php(52): App\Models\adminmodel->getNew('bootstrap.bundl...')
#5 C:\xampp\htdocs\mywork\system\CodeIgniter.php(825): App\Controllers\admin\ad->singleOrder('bootstrap.bundl...')
#6 C:\xampp\htdocs\mywork\system\CodeIgniter.php(412): CodeIgniter\CodeIgniter->runController(Object(App\Controllers\admin\ad))
#7 C:\xampp\htdocs\mywork\system\CodeIgniter.php(320): CodeIgniter\CodeIgniter->handleRequest(NULL, Object(Config\Cache), false)
#8 C:\xampp\htdocs\mywork\public\index.php(37): CodeIgniter\CodeIgniter->run()
#9 {main}
ERROR - 2022-03-30 00:27:03 --> Unknown column 'neworder' in 'where clause'
CRITICAL - 2022-03-30 00:27:03 --> Unknown column 'neworder' in 'where clause'
#0 C:\xampp\htdocs\mywork\system\Database\MySQLi\Connection.php(292): mysqli->query('SELECT * FROM `...', 0)
#1 C:\xampp\htdocs\mywork\system\Database\BaseConnection.php(670): CodeIgniter\Database\MySQLi\Connection->execute('SELECT * FROM `...')
#2 C:\xampp\htdocs\mywork\system\Database\BaseConnection.php(598): CodeIgniter\Database\BaseConnection->simpleQuery('SELECT * FROM `...')
#3 C:\xampp\htdocs\mywork\app\Models\adminmodel.php(30): CodeIgniter\Database\BaseConnection->query('SELECT * FROM `...')
#4 C:\xampp\htdocs\mywork\app\Controllers\admin\ad.php(52): App\Models\adminmodel->getNew('neworder')
#5 C:\xampp\htdocs\mywork\system\CodeIgniter.php(825): App\Controllers\admin\ad->singleOrder('neworder')
#6 C:\xampp\htdocs\mywork\system\CodeIgniter.php(412): CodeIgniter\CodeIgniter->runController(Object(App\Controllers\admin\ad))
#7 C:\xampp\htdocs\mywork\system\CodeIgniter.php(320): CodeIgniter\CodeIgniter->handleRequest(NULL, Object(Config\Cache), false)
#8 C:\xampp\htdocs\mywork\public\index.php(37): CodeIgniter\CodeIgniter->run()
#9 {main}
CRITICAL - 2022-03-30 01:52:43 --> Undefined property: App\Controllers\admin\ad::$responce
#0 C:\xampp\htdocs\mywork\app\Controllers\admin\ad.php(34): CodeIgniter\Debug\Exceptions->errorHandler(2, 'Undefined prope...', 'C:\\xampp\\htdocs...', 34)
#1 C:\xampp\htdocs\mywork\system\CodeIgniter.php(825): App\Controllers\admin\ad->neworder()
#2 C:\xampp\htdocs\mywork\system\CodeIgniter.php(412): CodeIgniter\CodeIgniter->runController(Object(App\Controllers\admin\ad))
#3 C:\xampp\htdocs\mywork\system\CodeIgniter.php(320): CodeIgniter\CodeIgniter->handleRequest(NULL, Object(Config\Cache), false)
#4 C:\xampp\htdocs\mywork\public\index.php(37): CodeIgniter\CodeIgniter->run()
#5 {main}
CRITICAL - 2022-03-30 01:53:40 --> Undefined property: App\Controllers\admin\ad::$responce
#0 C:\xampp\htdocs\mywork\app\Controllers\admin\ad.php(34): CodeIgniter\Debug\Exceptions->errorHandler(2, 'Undefined prope...', 'C:\\xampp\\htdocs...', 34)
#1 C:\xampp\htdocs\mywork\system\CodeIgniter.php(825): App\Controllers\admin\ad->neworder()
#2 C:\xampp\htdocs\mywork\system\CodeIgniter.php(412): CodeIgniter\CodeIgniter->runController(Object(App\Controllers\admin\ad))
#3 C:\xampp\htdocs\mywork\system\CodeIgniter.php(320): CodeIgniter\CodeIgniter->handleRequest(NULL, Object(Config\Cache), false)
#4 C:\xampp\htdocs\mywork\public\index.php(37): CodeIgniter\CodeIgniter->run()
#5 {main}
CRITICAL - 2022-03-30 03:50:29 --> Object of class CodeIgniter\HTTP\Response could not be converted to string
#0 C:\xampp\htdocs\mywork\system\CodeIgniter.php(825): App\Controllers\admin\ad->neworder()
#1 C:\xampp\htdocs\mywork\system\CodeIgniter.php(412): CodeIgniter\CodeIgniter->runController(Object(App\Controllers\admin\ad))
#2 C:\xampp\htdocs\mywork\system\CodeIgniter.php(320): CodeIgniter\CodeIgniter->handleRequest(NULL, Object(Config\Cache), false)
#3 C:\xampp\htdocs\mywork\public\index.php(37): CodeIgniter\CodeIgniter->run()
#4 {main}
CRITICAL - 2022-03-30 06:16:18 --> Undefined property: App\Controllers\admin\ad::$data
#0 C:\xampp\htdocs\mywork\app\Controllers\admin\ad.php(35): CodeIgniter\Debug\Exceptions->errorHandler(2, 'Undefined prope...', 'C:\\xampp\\htdocs...', 35)
#1 C:\xampp\htdocs\mywork\system\CodeIgniter.php(825): App\Controllers\admin\ad->neworder()
#2 C:\xampp\htdocs\mywork\system\CodeIgniter.php(412): CodeIgniter\CodeIgniter->runController(Object(App\Controllers\admin\ad))
#3 C:\xampp\htdocs\mywork\system\CodeIgniter.php(320): CodeIgniter\CodeIgniter->handleRequest(NULL, Object(Config\Cache), false)
#4 C:\xampp\htdocs\mywork\public\index.php(37): CodeIgniter\CodeIgniter->run()
#5 {main}
CRITICAL - 2022-03-30 06:19:17 --> Undefined property: App\Controllers\admin\ad::$data
#0 C:\xampp\htdocs\mywork\app\Controllers\admin\ad.php(35): CodeIgniter\Debug\Exceptions->errorHandler(2, 'Undefined prope...', 'C:\\xampp\\htdocs...', 35)
#1 C:\xampp\htdocs\mywork\system\CodeIgniter.php(825): App\Controllers\admin\ad->neworder()
#2 C:\xampp\htdocs\mywork\system\CodeIgniter.php(412): CodeIgniter\CodeIgniter->runController(Object(App\Controllers\admin\ad))
#3 C:\xampp\htdocs\mywork\system\CodeIgniter.php(320): CodeIgniter\CodeIgniter->handleRequest(NULL, Object(Config\Cache), false)
#4 C:\xampp\htdocs\mywork\public\index.php(37): CodeIgniter\CodeIgniter->run()
#5 {main}
