ERROR - 2022-08-02 08:27:03 --> Table 'trp.user' doesn't exist
CRITICAL - 2022-08-02 08:27:03 --> Table 'trp.user' doesn't exist
#0 C:\xampp\htdocs\trp\system\Database\MySQLi\Connection.php(292): mysqli->query('SELECT 1\nFROM `...', 0)
#1 C:\xampp\htdocs\trp\system\Database\BaseConnection.php(670): CodeIgniter\Database\MySQLi\Connection->execute('SELECT 1\nFROM `...')
#2 C:\xampp\htdocs\trp\system\Database\BaseConnection.php(598): CodeIgniter\Database\BaseConnection->simpleQuery('SELECT 1\nFROM `...')
#3 C:\xampp\htdocs\trp\system\Database\BaseBuilder.php(1455): CodeIgniter\Database\BaseConnection->query('SELECT 1\nFROM `...', Array, false)
#4 C:\xampp\htdocs\trp\system\Validation\Rules.php(142): CodeIgniter\Database\BaseBuilder->get()
#5 C:\xampp\htdocs\trp\system\Validation\Validation.php(292): CodeIgniter\Validation\Rules->is_unique('krishna@gmail.c...', 'username', Array, NULL)
#6 C:\xampp\htdocs\trp\system\Validation\Validation.php(157): CodeIgniter\Validation\Validation->processRules('username', 'username', 'krishna@gmail.c...', Array, Array)
#7 C:\xampp\htdocs\trp\system\Controller.php(160): CodeIgniter\Validation\Validation->run()
#8 C:\xampp\htdocs\trp\app\Controllers\trpadmin\user.php(27): CodeIgniter\Controller->validate(Array)
#9 C:\xampp\htdocs\trp\system\CodeIgniter.php(825): App\Controllers\trpadmin\user->index()
#10 C:\xampp\htdocs\trp\system\CodeIgniter.php(412): CodeIgniter\CodeIgniter->runController(Object(App\Controllers\trpadmin\user))
#11 C:\xampp\htdocs\trp\system\CodeIgniter.php(320): CodeIgniter\CodeIgniter->handleRequest(NULL, Object(Config\Cache), false)
#12 C:\xampp\htdocs\trp\public\index.php(37): CodeIgniter\CodeIgniter->run()
#13 {main}
ERROR - 2022-08-02 08:28:15 --> Unknown column 'username' in 'where clause'
CRITICAL - 2022-08-02 08:28:15 --> Unknown column 'username' in 'where clause'
#0 C:\xampp\htdocs\trp\system\Database\MySQLi\Connection.php(292): mysqli->query('SELECT 1\nFROM `...', 0)
#1 C:\xampp\htdocs\trp\system\Database\BaseConnection.php(670): CodeIgniter\Database\MySQLi\Connection->execute('SELECT 1\nFROM `...')
#2 C:\xampp\htdocs\trp\system\Database\BaseConnection.php(598): CodeIgniter\Database\BaseConnection->simpleQuery('SELECT 1\nFROM `...')
#3 C:\xampp\htdocs\trp\system\Database\BaseBuilder.php(1455): CodeIgniter\Database\BaseConnection->query('SELECT 1\nFROM `...', Array, false)
#4 C:\xampp\htdocs\trp\system\Validation\Rules.php(142): CodeIgniter\Database\BaseBuilder->get()
#5 C:\xampp\htdocs\trp\system\Validation\Validation.php(292): CodeIgniter\Validation\Rules->is_unique('krishna@gmail.c...', 'username', Array, NULL)
#6 C:\xampp\htdocs\trp\system\Validation\Validation.php(157): CodeIgniter\Validation\Validation->processRules('username', 'username', 'krishna@gmail.c...', Array, Array)
#7 C:\xampp\htdocs\trp\system\Controller.php(160): CodeIgniter\Validation\Validation->run()
#8 C:\xampp\htdocs\trp\app\Controllers\trpadmin\user.php(27): CodeIgniter\Controller->validate(Array)
#9 C:\xampp\htdocs\trp\system\CodeIgniter.php(825): App\Controllers\trpadmin\user->index()
#10 C:\xampp\htdocs\trp\system\CodeIgniter.php(412): CodeIgniter\CodeIgniter->runController(Object(App\Controllers\trpadmin\user))
#11 C:\xampp\htdocs\trp\system\CodeIgniter.php(320): CodeIgniter\CodeIgniter->handleRequest(NULL, Object(Config\Cache), false)
#12 C:\xampp\htdocs\trp\public\index.php(37): CodeIgniter\CodeIgniter->run()
#13 {main}
ERROR - 2022-08-02 09:20:47 --> Table 'trp.user' doesn't exist
CRITICAL - 2022-08-02 09:20:47 --> Table 'trp.user' doesn't exist
#0 C:\xampp\htdocs\trp\system\Database\MySQLi\Connection.php(292): mysqli->query('INSERT INTO `us...', 0)
#1 C:\xampp\htdocs\trp\system\Database\BaseConnection.php(670): CodeIgniter\Database\MySQLi\Connection->execute('INSERT INTO `us...')
#2 C:\xampp\htdocs\trp\system\Database\BaseConnection.php(598): CodeIgniter\Database\BaseConnection->simpleQuery('INSERT INTO `us...')
#3 C:\xampp\htdocs\trp\system\Database\BaseBuilder.php(1771): CodeIgniter\Database\BaseConnection->query('INSERT INTO `us...', Array, false)
#4 C:\xampp\htdocs\trp\app\Models\register_model.php(11): CodeIgniter\Database\BaseBuilder->insert(Array)
#5 C:\xampp\htdocs\trp\app\Controllers\trpadmin\user.php(47): App\Models\register_model->createUser(Array)
#6 C:\xampp\htdocs\trp\system\CodeIgniter.php(825): App\Controllers\trpadmin\user->index()
#7 C:\xampp\htdocs\trp\system\CodeIgniter.php(412): CodeIgniter\CodeIgniter->runController(Object(App\Controllers\trpadmin\user))
#8 C:\xampp\htdocs\trp\system\CodeIgniter.php(320): CodeIgniter\CodeIgniter->handleRequest(NULL, Object(Config\Cache), false)
#9 C:\xampp\htdocs\trp\public\index.php(37): CodeIgniter\CodeIgniter->run()
#10 {main}
ERROR - 2022-08-02 09:58:55 --> Cannot add or update a child row: a foreign key constraint fails (`trp`.`users`, CONSTRAINT `users_ibfk_1` FOREIGN KEY (`role`) REFERENCES `role` (`r_id`))
CRITICAL - 2022-08-02 09:58:55 --> Cannot add or update a child row: a foreign key constraint fails (`trp`.`users`, CONSTRAINT `users_ibfk_1` FOREIGN KEY (`role`) REFERENCES `role` (`r_id`))
#0 C:\xampp\htdocs\trp\system\Database\MySQLi\Connection.php(292): mysqli->query('INSERT INTO `us...', 0)
#1 C:\xampp\htdocs\trp\system\Database\BaseConnection.php(670): CodeIgniter\Database\MySQLi\Connection->execute('INSERT INTO `us...')
#2 C:\xampp\htdocs\trp\system\Database\BaseConnection.php(598): CodeIgniter\Database\BaseConnection->simpleQuery('INSERT INTO `us...')
#3 C:\xampp\htdocs\trp\system\Database\BaseBuilder.php(1771): CodeIgniter\Database\BaseConnection->query('INSERT INTO `us...', Array, false)
#4 C:\xampp\htdocs\trp\app\Models\register_model.php(11): CodeIgniter\Database\BaseBuilder->insert(Array)
#5 C:\xampp\htdocs\trp\app\Controllers\trpadmin\user.php(49): App\Models\register_model->createUser(Array)
#6 C:\xampp\htdocs\trp\system\CodeIgniter.php(825): App\Controllers\trpadmin\user->index()
#7 C:\xampp\htdocs\trp\system\CodeIgniter.php(412): CodeIgniter\CodeIgniter->runController(Object(App\Controllers\trpadmin\user))
#8 C:\xampp\htdocs\trp\system\CodeIgniter.php(320): CodeIgniter\CodeIgniter->handleRequest(NULL, Object(Config\Cache), false)
#9 C:\xampp\htdocs\trp\public\index.php(37): CodeIgniter\CodeIgniter->run()
#10 {main}
CRITICAL - 2022-08-02 13:14:39 --> Undefined variable $validation
#0 C:\xampp\htdocs\trp\app\Views\trpview\login.php(85): CodeIgniter\Debug\Exceptions->errorHandler(2, 'Undefined varia...', 'C:\\xampp\\htdocs...', 85)
#1 C:\xampp\htdocs\trp\system\View\View.php(210): include('C:\\xampp\\htdocs...')
#2 C:\xampp\htdocs\trp\system\View\View.php(213): CodeIgniter\View\View->CodeIgniter\View\{closure}()
#3 C:\xampp\htdocs\trp\system\Common.php(1089): CodeIgniter\View\View->render('trpview/login', Array, true)
#4 C:\xampp\htdocs\trp\app\Controllers\trpadmin\user.php(80): view('trpview/login')
#5 C:\xampp\htdocs\trp\system\CodeIgniter.php(825): App\Controllers\trpadmin\user->login()
#6 C:\xampp\htdocs\trp\system\CodeIgniter.php(412): CodeIgniter\CodeIgniter->runController(Object(App\Controllers\trpadmin\user))
#7 C:\xampp\htdocs\trp\system\CodeIgniter.php(320): CodeIgniter\CodeIgniter->handleRequest(NULL, Object(Config\Cache), false)
#8 C:\xampp\htdocs\trp\public\index.php(37): CodeIgniter\CodeIgniter->run()
#9 {main}
CRITICAL - 2022-08-02 13:48:07 --> Invalid file: trpview/login.php
#0 C:\xampp\htdocs\trp\system\View\View.php(198): CodeIgniter\Exceptions\FrameworkException::forInvalidFile('trpview/login.p...')
#1 C:\xampp\htdocs\trp\system\Common.php(1089): CodeIgniter\View\View->render('trpview/login', Array, true)
#2 C:\xampp\htdocs\trp\app\Controllers\trpadmin\user.php(80): view('trpview/login')
#3 C:\xampp\htdocs\trp\system\CodeIgniter.php(825): App\Controllers\trpadmin\user->login()
#4 C:\xampp\htdocs\trp\system\CodeIgniter.php(412): CodeIgniter\CodeIgniter->runController(Object(App\Controllers\trpadmin\user))
#5 C:\xampp\htdocs\trp\system\CodeIgniter.php(320): CodeIgniter\CodeIgniter->handleRequest(NULL, Object(Config\Cache), false)
#6 C:\xampp\htdocs\trp\public\index.php(37): CodeIgniter\CodeIgniter->run()
#7 {main}
CRITICAL - 2022-08-02 13:54:45 --> syntax error, unexpected token "}", expecting ";"
#0 C:\xampp\htdocs\trp\system\Router\Router.php(175): CodeIgniter\Router\Router->autoRoute('trpadmin/login')
#1 C:\xampp\htdocs\trp\system\CodeIgniter.php(719): CodeIgniter\Router\Router->handle('trpadmin/login')
#2 C:\xampp\htdocs\trp\system\CodeIgniter.php(361): CodeIgniter\CodeIgniter->tryToRouteIt(Object(CodeIgniter\Router\RouteCollection))
#3 C:\xampp\htdocs\trp\system\CodeIgniter.php(320): CodeIgniter\CodeIgniter->handleRequest(NULL, Object(Config\Cache), false)
#4 C:\xampp\htdocs\trp\public\index.php(37): CodeIgniter\CodeIgniter->run()
#5 {main}
CRITICAL - 2022-08-02 14:38:20 --> Undefined variable $page_session
#0 C:\xampp\htdocs\trp\app\Views\trpview\login_view.php(60): CodeIgniter\Debug\Exceptions->errorHandler(2, 'Undefined varia...', 'C:\\xampp\\htdocs...', 60)
#1 C:\xampp\htdocs\trp\system\View\View.php(210): include('C:\\xampp\\htdocs...')
#2 C:\xampp\htdocs\trp\system\View\View.php(213): CodeIgniter\View\View->CodeIgniter\View\{closure}()
#3 C:\xampp\htdocs\trp\system\Common.php(1089): CodeIgniter\View\View->render('trpview/login_v...', Array, true)
#4 C:\xampp\htdocs\trp\app\Controllers\trpadmin\login.php(45): view('trpview/login_v...', Array)
#5 C:\xampp\htdocs\trp\system\CodeIgniter.php(825): App\Controllers\trpadmin\login->index()
#6 C:\xampp\htdocs\trp\system\CodeIgniter.php(412): CodeIgniter\CodeIgniter->runController(Object(App\Controllers\trpadmin\login))
#7 C:\xampp\htdocs\trp\system\CodeIgniter.php(320): CodeIgniter\CodeIgniter->handleRequest(NULL, Object(Config\Cache), false)
#8 C:\xampp\htdocs\trp\public\index.php(37): CodeIgniter\CodeIgniter->run()
#9 {main}
CRITICAL - 2022-08-02 14:59:30 --> Undefined array key "id"
#0 C:\xampp\htdocs\trp\app\Controllers\trpadmin\login.php(38): CodeIgniter\Debug\Exceptions->errorHandler(2, 'Undefined array...', 'C:\\xampp\\htdocs...', 38)
#1 C:\xampp\htdocs\trp\system\CodeIgniter.php(825): App\Controllers\trpadmin\login->index()
#2 C:\xampp\htdocs\trp\system\CodeIgniter.php(412): CodeIgniter\CodeIgniter->runController(Object(App\Controllers\trpadmin\login))
#3 C:\xampp\htdocs\trp\system\CodeIgniter.php(320): CodeIgniter\CodeIgniter->handleRequest(NULL, Object(Config\Cache), false)
#4 C:\xampp\htdocs\trp\public\index.php(37): CodeIgniter\CodeIgniter->run()
#5 {main}
CRITICAL - 2022-08-02 15:22:27 --> syntax error, unexpected token "}", expecting ";"
#0 C:\xampp\htdocs\trp\system\Autoloader\Autoloader.php(241): CodeIgniter\Autoloader\Autoloader->includeFile('C:\\xampp\\htdocs...')
#1 C:\xampp\htdocs\trp\system\Autoloader\Autoloader.php(219): CodeIgniter\Autoloader\Autoloader->loadInNamespace('App\\Controllers...')
#2 [internal function]: CodeIgniter\Autoloader\Autoloader->loadClass('App\\Controllers...')
#3 C:\xampp\htdocs\trp\system\CodeIgniter.php(790): class_exists('\\App\\Controller...', true)
#4 C:\xampp\htdocs\trp\system\CodeIgniter.php(399): CodeIgniter\CodeIgniter->startController()
#5 C:\xampp\htdocs\trp\system\CodeIgniter.php(320): CodeIgniter\CodeIgniter->handleRequest(NULL, Object(Config\Cache), false)
#6 C:\xampp\htdocs\trp\public\index.php(37): CodeIgniter\CodeIgniter->run()
#7 {main}
CRITICAL - 2022-08-02 15:22:28 --> syntax error, unexpected token "}", expecting ";"
#0 C:\xampp\htdocs\trp\system\Autoloader\Autoloader.php(241): CodeIgniter\Autoloader\Autoloader->includeFile('C:\\xampp\\htdocs...')
#1 C:\xampp\htdocs\trp\system\Autoloader\Autoloader.php(219): CodeIgniter\Autoloader\Autoloader->loadInNamespace('App\\Controllers...')
#2 [internal function]: CodeIgniter\Autoloader\Autoloader->loadClass('App\\Controllers...')
#3 C:\xampp\htdocs\trp\system\CodeIgniter.php(790): class_exists('\\App\\Controller...', true)
#4 C:\xampp\htdocs\trp\system\CodeIgniter.php(399): CodeIgniter\CodeIgniter->startController()
#5 C:\xampp\htdocs\trp\system\CodeIgniter.php(320): CodeIgniter\CodeIgniter->handleRequest(NULL, Object(Config\Cache), false)
#6 C:\xampp\htdocs\trp\public\index.php(37): CodeIgniter\CodeIgniter->run()
#7 {main}
CRITICAL - 2022-08-02 15:22:56 --> syntax error, unexpected token "}", expecting ";"
#0 C:\xampp\htdocs\trp\system\Autoloader\Autoloader.php(241): CodeIgniter\Autoloader\Autoloader->includeFile('C:\\xampp\\htdocs...')
#1 C:\xampp\htdocs\trp\system\Autoloader\Autoloader.php(219): CodeIgniter\Autoloader\Autoloader->loadInNamespace('App\\Controllers...')
#2 [internal function]: CodeIgniter\Autoloader\Autoloader->loadClass('App\\Controllers...')
#3 C:\xampp\htdocs\trp\system\CodeIgniter.php(790): class_exists('\\App\\Controller...', true)
#4 C:\xampp\htdocs\trp\system\CodeIgniter.php(399): CodeIgniter\CodeIgniter->startController()
#5 C:\xampp\htdocs\trp\system\CodeIgniter.php(320): CodeIgniter\CodeIgniter->handleRequest(NULL, Object(Config\Cache), false)
#6 C:\xampp\htdocs\trp\public\index.php(37): CodeIgniter\CodeIgniter->run()
#7 {main}
CRITICAL - 2022-08-02 16:09:59 --> Invalid file: trpview/driver.php
#0 C:\xampp\htdocs\trp\system\View\View.php(198): CodeIgniter\Exceptions\FrameworkException::forInvalidFile('trpview/driver....')
#1 C:\xampp\htdocs\trp\system\Common.php(1089): CodeIgniter\View\View->render('trpview/driver', Array, true)
#2 C:\xampp\htdocs\trp\app\Controllers\trpadmin\trpadmin.php(36): view('trpview/driver')
#3 C:\xampp\htdocs\trp\system\CodeIgniter.php(825): App\Controllers\trpadmin\trpadmin->driver()
#4 C:\xampp\htdocs\trp\system\CodeIgniter.php(412): CodeIgniter\CodeIgniter->runController(Object(App\Controllers\trpadmin\trpadmin))
#5 C:\xampp\htdocs\trp\system\CodeIgniter.php(320): CodeIgniter\CodeIgniter->handleRequest(NULL, Object(Config\Cache), false)
#6 C:\xampp\htdocs\trp\public\index.php(37): CodeIgniter\CodeIgniter->run()
#7 {main}
