ERROR - 2022-09-13 23:18:05 --> Unknown column 'consignor.nor_city' in 'on clause'
CRITICAL - 2022-09-13 23:18:05 --> Unknown column 'consignor.nor_city' in 'on clause'
#0 D:\XAMPP\htdocs\trp\system\Database\MySQLi\Connection.php(292): mysqli->query('SELECT *\nFROM `...', 0)
#1 D:\XAMPP\htdocs\trp\system\Database\BaseConnection.php(670): CodeIgniter\Database\MySQLi\Connection->execute('SELECT *\nFROM `...')
#2 D:\XAMPP\htdocs\trp\system\Database\BaseConnection.php(598): CodeIgniter\Database\BaseConnection->simpleQuery('SELECT *\nFROM `...')
#3 D:\XAMPP\htdocs\trp\system\Database\BaseBuilder.php(1455): CodeIgniter\Database\BaseConnection->query('SELECT *\nFROM `...', Array, false)
#4 D:\XAMPP\htdocs\trp\app\Models\itemmodel.php(267): CodeIgniter\Database\BaseBuilder->get()
#5 D:\XAMPP\htdocs\trp\app\Controllers\trpadmin\quotation.php(151): App\Models\itemmodel->getNeeData(NULL)
#6 D:\XAMPP\htdocs\trp\system\CodeIgniter.php(825): App\Controllers\trpadmin\quotation->neeData()
#7 D:\XAMPP\htdocs\trp\system\CodeIgniter.php(412): CodeIgniter\CodeIgniter->runController(Object(App\Controllers\trpadmin\quotation))
#8 D:\XAMPP\htdocs\trp\system\CodeIgniter.php(320): CodeIgniter\CodeIgniter->handleRequest(NULL, Object(Config\Cache), false)
#9 D:\XAMPP\htdocs\trp\public\index.php(37): CodeIgniter\CodeIgniter->run()
#10 {main}
ERROR - 2022-09-13 23:19:19 --> Unknown column 'consignor.nor_city' in 'on clause'
CRITICAL - 2022-09-13 23:19:19 --> Unknown column 'consignor.nor_city' in 'on clause'
#0 D:\XAMPP\htdocs\trp\system\Database\MySQLi\Connection.php(292): mysqli->query('SELECT *\nFROM `...', 0)
#1 D:\XAMPP\htdocs\trp\system\Database\BaseConnection.php(670): CodeIgniter\Database\MySQLi\Connection->execute('SELECT *\nFROM `...')
#2 D:\XAMPP\htdocs\trp\system\Database\BaseConnection.php(598): CodeIgniter\Database\BaseConnection->simpleQuery('SELECT *\nFROM `...')
#3 D:\XAMPP\htdocs\trp\system\Database\BaseBuilder.php(1455): CodeIgniter\Database\BaseConnection->query('SELECT *\nFROM `...', Array, false)
#4 D:\XAMPP\htdocs\trp\app\Models\itemmodel.php(267): CodeIgniter\Database\BaseBuilder->get()
#5 D:\XAMPP\htdocs\trp\app\Controllers\trpadmin\quotation.php(151): App\Models\itemmodel->getNeeData('8')
#6 D:\XAMPP\htdocs\trp\system\CodeIgniter.php(825): App\Controllers\trpadmin\quotation->neeData()
#7 D:\XAMPP\htdocs\trp\system\CodeIgniter.php(412): CodeIgniter\CodeIgniter->runController(Object(App\Controllers\trpadmin\quotation))
#8 D:\XAMPP\htdocs\trp\system\CodeIgniter.php(320): CodeIgniter\CodeIgniter->handleRequest(NULL, Object(Config\Cache), false)
#9 D:\XAMPP\htdocs\trp\public\index.php(37): CodeIgniter\CodeIgniter->run()
#10 {main}
ERROR - 2022-09-13 23:19:55 --> Unknown column 'consignor.nor_city' in 'on clause'
CRITICAL - 2022-09-13 23:19:55 --> Unknown column 'consignor.nor_city' in 'on clause'
#0 D:\XAMPP\htdocs\trp\system\Database\MySQLi\Connection.php(292): mysqli->query('SELECT *\nFROM `...', 0)
#1 D:\XAMPP\htdocs\trp\system\Database\BaseConnection.php(670): CodeIgniter\Database\MySQLi\Connection->execute('SELECT *\nFROM `...')
#2 D:\XAMPP\htdocs\trp\system\Database\BaseConnection.php(598): CodeIgniter\Database\BaseConnection->simpleQuery('SELECT *\nFROM `...')
#3 D:\XAMPP\htdocs\trp\system\Database\BaseBuilder.php(1455): CodeIgniter\Database\BaseConnection->query('SELECT *\nFROM `...', Array, false)
#4 D:\XAMPP\htdocs\trp\app\Models\itemmodel.php(267): CodeIgniter\Database\BaseBuilder->get()
#5 D:\XAMPP\htdocs\trp\app\Controllers\trpadmin\quotation.php(151): App\Models\itemmodel->getNeeData(NULL)
#6 D:\XAMPP\htdocs\trp\system\CodeIgniter.php(825): App\Controllers\trpadmin\quotation->neeData()
#7 D:\XAMPP\htdocs\trp\system\CodeIgniter.php(412): CodeIgniter\CodeIgniter->runController(Object(App\Controllers\trpadmin\quotation))
#8 D:\XAMPP\htdocs\trp\system\CodeIgniter.php(320): CodeIgniter\CodeIgniter->handleRequest(NULL, Object(Config\Cache), false)
#9 D:\XAMPP\htdocs\trp\public\index.php(37): CodeIgniter\CodeIgniter->run()
#10 {main}
ERROR - 2022-09-13 23:20:15 --> Unknown column 'consignee.nor_city' in 'on clause'
CRITICAL - 2022-09-13 23:20:15 --> Unknown column 'consignee.nor_city' in 'on clause'
#0 D:\XAMPP\htdocs\trp\system\Database\MySQLi\Connection.php(292): mysqli->query('SELECT *\nFROM `...', 0)
#1 D:\XAMPP\htdocs\trp\system\Database\BaseConnection.php(670): CodeIgniter\Database\MySQLi\Connection->execute('SELECT *\nFROM `...')
#2 D:\XAMPP\htdocs\trp\system\Database\BaseConnection.php(598): CodeIgniter\Database\BaseConnection->simpleQuery('SELECT *\nFROM `...')
#3 D:\XAMPP\htdocs\trp\system\Database\BaseBuilder.php(1455): CodeIgniter\Database\BaseConnection->query('SELECT *\nFROM `...', Array, false)
#4 D:\XAMPP\htdocs\trp\app\Models\itemmodel.php(267): CodeIgniter\Database\BaseBuilder->get()
#5 D:\XAMPP\htdocs\trp\app\Controllers\trpadmin\quotation.php(151): App\Models\itemmodel->getNeeData(NULL)
#6 D:\XAMPP\htdocs\trp\system\CodeIgniter.php(825): App\Controllers\trpadmin\quotation->neeData()
#7 D:\XAMPP\htdocs\trp\system\CodeIgniter.php(412): CodeIgniter\CodeIgniter->runController(Object(App\Controllers\trpadmin\quotation))
#8 D:\XAMPP\htdocs\trp\system\CodeIgniter.php(320): CodeIgniter\CodeIgniter->handleRequest(NULL, Object(Config\Cache), false)
#9 D:\XAMPP\htdocs\trp\public\index.php(37): CodeIgniter\CodeIgniter->run()
#10 {main}
